[2024-04-29T20:44:09.890+0000] {processor.py:161} INFO - Started process (PID=39) to work on /opt/airflow/dags/meltano_spotify_dag.py
[2024-04-29T20:44:09.890+0000] {processor.py:830} INFO - Processing file /opt/airflow/dags/meltano_spotify_dag.py for tasks to queue
[2024-04-29T20:44:09.892+0000] {logging_mixin.py:188} INFO - [2024-04-29T20:44:09.891+0000] {dagbag.py:540} INFO - Filling up the DagBag from /opt/airflow/dags/meltano_spotify_dag.py
[2024-04-29T20:44:09.934+0000] {processor.py:840} INFO - DAG(s) 'spotify_extract_dag' retrieved from /opt/airflow/dags/meltano_spotify_dag.py
[2024-04-29T20:44:10.117+0000] {logging_mixin.py:188} INFO - [2024-04-29T20:44:10.116+0000] {dag.py:3096} INFO - Sync 1 DAGs
[2024-04-29T20:44:10.137+0000] {logging_mixin.py:188} INFO - [2024-04-29T20:44:10.137+0000] {dag.py:3954} INFO - Setting next_dagrun for spotify_extract_dag to 2024-04-28 00:00:00+00:00, run_after=2024-04-29 00:00:00+00:00
[2024-04-29T20:44:10.153+0000] {processor.py:183} INFO - Processing /opt/airflow/dags/meltano_spotify_dag.py took 0.268 seconds
[2024-04-29T20:44:40.259+0000] {processor.py:161} INFO - Started process (PID=46) to work on /opt/airflow/dags/meltano_spotify_dag.py
[2024-04-29T20:44:40.260+0000] {processor.py:830} INFO - Processing file /opt/airflow/dags/meltano_spotify_dag.py for tasks to queue
[2024-04-29T20:44:40.261+0000] {logging_mixin.py:188} INFO - [2024-04-29T20:44:40.261+0000] {dagbag.py:540} INFO - Filling up the DagBag from /opt/airflow/dags/meltano_spotify_dag.py
[2024-04-29T20:44:40.282+0000] {processor.py:840} INFO - DAG(s) 'spotify_extract_dag' retrieved from /opt/airflow/dags/meltano_spotify_dag.py
[2024-04-29T20:44:40.295+0000] {logging_mixin.py:188} INFO - [2024-04-29T20:44:40.295+0000] {dag.py:3096} INFO - Sync 1 DAGs
[2024-04-29T20:44:40.310+0000] {logging_mixin.py:188} INFO - [2024-04-29T20:44:40.310+0000] {dag.py:3954} INFO - Setting next_dagrun for spotify_extract_dag to 2024-04-29 00:00:00+00:00, run_after=2024-04-30 00:00:00+00:00
[2024-04-29T20:44:40.323+0000] {processor.py:183} INFO - Processing /opt/airflow/dags/meltano_spotify_dag.py took 0.068 seconds
[2024-04-29T20:45:10.370+0000] {processor.py:161} INFO - Started process (PID=53) to work on /opt/airflow/dags/meltano_spotify_dag.py
[2024-04-29T20:45:10.371+0000] {processor.py:830} INFO - Processing file /opt/airflow/dags/meltano_spotify_dag.py for tasks to queue
[2024-04-29T20:45:10.372+0000] {logging_mixin.py:188} INFO - [2024-04-29T20:45:10.372+0000] {dagbag.py:540} INFO - Filling up the DagBag from /opt/airflow/dags/meltano_spotify_dag.py
[2024-04-29T20:45:10.394+0000] {processor.py:840} INFO - DAG(s) 'spotify_extract_dag' retrieved from /opt/airflow/dags/meltano_spotify_dag.py
[2024-04-29T20:45:10.406+0000] {logging_mixin.py:188} INFO - [2024-04-29T20:45:10.405+0000] {dag.py:3096} INFO - Sync 1 DAGs
[2024-04-29T20:45:10.421+0000] {logging_mixin.py:188} INFO - [2024-04-29T20:45:10.421+0000] {dag.py:3954} INFO - Setting next_dagrun for spotify_extract_dag to 2024-04-29 00:00:00+00:00, run_after=2024-04-30 00:00:00+00:00
[2024-04-29T20:45:10.432+0000] {processor.py:183} INFO - Processing /opt/airflow/dags/meltano_spotify_dag.py took 0.066 seconds
[2024-04-29T20:45:40.521+0000] {processor.py:161} INFO - Started process (PID=60) to work on /opt/airflow/dags/meltano_spotify_dag.py
[2024-04-29T20:45:40.521+0000] {processor.py:830} INFO - Processing file /opt/airflow/dags/meltano_spotify_dag.py for tasks to queue
[2024-04-29T20:45:40.523+0000] {logging_mixin.py:188} INFO - [2024-04-29T20:45:40.522+0000] {dagbag.py:540} INFO - Filling up the DagBag from /opt/airflow/dags/meltano_spotify_dag.py
[2024-04-29T20:45:40.543+0000] {processor.py:840} INFO - DAG(s) 'spotify_extract_dag' retrieved from /opt/airflow/dags/meltano_spotify_dag.py
[2024-04-29T20:45:40.553+0000] {logging_mixin.py:188} INFO - [2024-04-29T20:45:40.553+0000] {dag.py:3096} INFO - Sync 1 DAGs
[2024-04-29T20:45:40.568+0000] {logging_mixin.py:188} INFO - [2024-04-29T20:45:40.568+0000] {dag.py:3954} INFO - Setting next_dagrun for spotify_extract_dag to 2024-04-29 00:00:00+00:00, run_after=2024-04-30 00:00:00+00:00
[2024-04-29T20:45:40.579+0000] {processor.py:183} INFO - Processing /opt/airflow/dags/meltano_spotify_dag.py took 0.063 seconds
[2024-04-29T20:46:10.631+0000] {processor.py:161} INFO - Started process (PID=67) to work on /opt/airflow/dags/meltano_spotify_dag.py
[2024-04-29T20:46:10.632+0000] {processor.py:830} INFO - Processing file /opt/airflow/dags/meltano_spotify_dag.py for tasks to queue
[2024-04-29T20:46:10.633+0000] {logging_mixin.py:188} INFO - [2024-04-29T20:46:10.633+0000] {dagbag.py:540} INFO - Filling up the DagBag from /opt/airflow/dags/meltano_spotify_dag.py
[2024-04-29T20:46:10.655+0000] {processor.py:840} INFO - DAG(s) 'spotify_extract_dag' retrieved from /opt/airflow/dags/meltano_spotify_dag.py
[2024-04-29T20:46:10.666+0000] {logging_mixin.py:188} INFO - [2024-04-29T20:46:10.665+0000] {dag.py:3096} INFO - Sync 1 DAGs
[2024-04-29T20:46:10.680+0000] {logging_mixin.py:188} INFO - [2024-04-29T20:46:10.680+0000] {dag.py:3954} INFO - Setting next_dagrun for spotify_extract_dag to 2024-04-29 00:00:00+00:00, run_after=2024-04-30 00:00:00+00:00
[2024-04-29T20:46:10.692+0000] {processor.py:183} INFO - Processing /opt/airflow/dags/meltano_spotify_dag.py took 0.065 seconds
[2024-04-29T20:46:40.780+0000] {processor.py:161} INFO - Started process (PID=74) to work on /opt/airflow/dags/meltano_spotify_dag.py
[2024-04-29T20:46:40.781+0000] {processor.py:830} INFO - Processing file /opt/airflow/dags/meltano_spotify_dag.py for tasks to queue
[2024-04-29T20:46:40.782+0000] {logging_mixin.py:188} INFO - [2024-04-29T20:46:40.782+0000] {dagbag.py:540} INFO - Filling up the DagBag from /opt/airflow/dags/meltano_spotify_dag.py
[2024-04-29T20:46:40.802+0000] {processor.py:840} INFO - DAG(s) 'spotify_extract_dag' retrieved from /opt/airflow/dags/meltano_spotify_dag.py
[2024-04-29T20:46:40.813+0000] {logging_mixin.py:188} INFO - [2024-04-29T20:46:40.812+0000] {dag.py:3096} INFO - Sync 1 DAGs
[2024-04-29T20:46:40.828+0000] {logging_mixin.py:188} INFO - [2024-04-29T20:46:40.828+0000] {dag.py:3954} INFO - Setting next_dagrun for spotify_extract_dag to 2024-04-29 00:00:00+00:00, run_after=2024-04-30 00:00:00+00:00
[2024-04-29T20:46:40.838+0000] {processor.py:183} INFO - Processing /opt/airflow/dags/meltano_spotify_dag.py took 0.062 seconds
[2024-04-29T20:47:10.895+0000] {processor.py:161} INFO - Started process (PID=81) to work on /opt/airflow/dags/meltano_spotify_dag.py
[2024-04-29T20:47:10.896+0000] {processor.py:830} INFO - Processing file /opt/airflow/dags/meltano_spotify_dag.py for tasks to queue
[2024-04-29T20:47:10.897+0000] {logging_mixin.py:188} INFO - [2024-04-29T20:47:10.897+0000] {dagbag.py:540} INFO - Filling up the DagBag from /opt/airflow/dags/meltano_spotify_dag.py
[2024-04-29T20:47:10.917+0000] {processor.py:840} INFO - DAG(s) 'spotify_extract_dag' retrieved from /opt/airflow/dags/meltano_spotify_dag.py
[2024-04-29T20:47:10.928+0000] {logging_mixin.py:188} INFO - [2024-04-29T20:47:10.928+0000] {dag.py:3096} INFO - Sync 1 DAGs
[2024-04-29T20:47:10.943+0000] {logging_mixin.py:188} INFO - [2024-04-29T20:47:10.943+0000] {dag.py:3954} INFO - Setting next_dagrun for spotify_extract_dag to 2024-04-29 00:00:00+00:00, run_after=2024-04-30 00:00:00+00:00
[2024-04-29T20:47:10.954+0000] {processor.py:183} INFO - Processing /opt/airflow/dags/meltano_spotify_dag.py took 0.063 seconds
[2024-04-29T20:47:41.036+0000] {processor.py:161} INFO - Started process (PID=88) to work on /opt/airflow/dags/meltano_spotify_dag.py
[2024-04-29T20:47:41.036+0000] {processor.py:830} INFO - Processing file /opt/airflow/dags/meltano_spotify_dag.py for tasks to queue
[2024-04-29T20:47:41.038+0000] {logging_mixin.py:188} INFO - [2024-04-29T20:47:41.037+0000] {dagbag.py:540} INFO - Filling up the DagBag from /opt/airflow/dags/meltano_spotify_dag.py
[2024-04-29T20:47:41.059+0000] {processor.py:840} INFO - DAG(s) 'spotify_extract_dag' retrieved from /opt/airflow/dags/meltano_spotify_dag.py
[2024-04-29T20:47:41.071+0000] {logging_mixin.py:188} INFO - [2024-04-29T20:47:41.070+0000] {dag.py:3096} INFO - Sync 1 DAGs
[2024-04-29T20:47:41.087+0000] {logging_mixin.py:188} INFO - [2024-04-29T20:47:41.086+0000] {dag.py:3954} INFO - Setting next_dagrun for spotify_extract_dag to 2024-04-29 00:00:00+00:00, run_after=2024-04-30 00:00:00+00:00
[2024-04-29T20:47:41.098+0000] {processor.py:183} INFO - Processing /opt/airflow/dags/meltano_spotify_dag.py took 0.067 seconds
[2024-04-29T20:48:11.144+0000] {processor.py:161} INFO - Started process (PID=95) to work on /opt/airflow/dags/meltano_spotify_dag.py
[2024-04-29T20:48:11.145+0000] {processor.py:830} INFO - Processing file /opt/airflow/dags/meltano_spotify_dag.py for tasks to queue
[2024-04-29T20:48:11.146+0000] {logging_mixin.py:188} INFO - [2024-04-29T20:48:11.145+0000] {dagbag.py:540} INFO - Filling up the DagBag from /opt/airflow/dags/meltano_spotify_dag.py
[2024-04-29T20:48:11.166+0000] {processor.py:840} INFO - DAG(s) 'spotify_extract_dag' retrieved from /opt/airflow/dags/meltano_spotify_dag.py
[2024-04-29T20:48:11.177+0000] {logging_mixin.py:188} INFO - [2024-04-29T20:48:11.176+0000] {dag.py:3096} INFO - Sync 1 DAGs
[2024-04-29T20:48:11.192+0000] {logging_mixin.py:188} INFO - [2024-04-29T20:48:11.192+0000] {dag.py:3954} INFO - Setting next_dagrun for spotify_extract_dag to 2024-04-29 00:00:00+00:00, run_after=2024-04-30 00:00:00+00:00
[2024-04-29T20:48:11.204+0000] {processor.py:183} INFO - Processing /opt/airflow/dags/meltano_spotify_dag.py took 0.063 seconds
[2024-04-29T20:48:41.303+0000] {processor.py:161} INFO - Started process (PID=102) to work on /opt/airflow/dags/meltano_spotify_dag.py
[2024-04-29T20:48:41.304+0000] {processor.py:830} INFO - Processing file /opt/airflow/dags/meltano_spotify_dag.py for tasks to queue
[2024-04-29T20:48:41.305+0000] {logging_mixin.py:188} INFO - [2024-04-29T20:48:41.305+0000] {dagbag.py:540} INFO - Filling up the DagBag from /opt/airflow/dags/meltano_spotify_dag.py
[2024-04-29T20:48:41.326+0000] {processor.py:840} INFO - DAG(s) 'spotify_extract_dag' retrieved from /opt/airflow/dags/meltano_spotify_dag.py
[2024-04-29T20:48:41.336+0000] {logging_mixin.py:188} INFO - [2024-04-29T20:48:41.336+0000] {dag.py:3096} INFO - Sync 1 DAGs
[2024-04-29T20:48:41.352+0000] {logging_mixin.py:188} INFO - [2024-04-29T20:48:41.352+0000] {dag.py:3954} INFO - Setting next_dagrun for spotify_extract_dag to 2024-04-29 00:00:00+00:00, run_after=2024-04-30 00:00:00+00:00
[2024-04-29T20:48:41.363+0000] {processor.py:183} INFO - Processing /opt/airflow/dags/meltano_spotify_dag.py took 0.065 seconds
[2024-04-29T20:49:11.425+0000] {processor.py:161} INFO - Started process (PID=109) to work on /opt/airflow/dags/meltano_spotify_dag.py
[2024-04-29T20:49:11.425+0000] {processor.py:830} INFO - Processing file /opt/airflow/dags/meltano_spotify_dag.py for tasks to queue
[2024-04-29T20:49:11.427+0000] {logging_mixin.py:188} INFO - [2024-04-29T20:49:11.426+0000] {dagbag.py:540} INFO - Filling up the DagBag from /opt/airflow/dags/meltano_spotify_dag.py
[2024-04-29T20:49:11.447+0000] {processor.py:840} INFO - DAG(s) 'spotify_extract_dag' retrieved from /opt/airflow/dags/meltano_spotify_dag.py
[2024-04-29T20:49:11.457+0000] {logging_mixin.py:188} INFO - [2024-04-29T20:49:11.457+0000] {dag.py:3096} INFO - Sync 1 DAGs
[2024-04-29T20:49:11.473+0000] {logging_mixin.py:188} INFO - [2024-04-29T20:49:11.473+0000] {dag.py:3954} INFO - Setting next_dagrun for spotify_extract_dag to 2024-04-29 00:00:00+00:00, run_after=2024-04-30 00:00:00+00:00
[2024-04-29T20:49:11.485+0000] {processor.py:183} INFO - Processing /opt/airflow/dags/meltano_spotify_dag.py took 0.065 seconds
[2024-04-29T20:49:41.558+0000] {processor.py:161} INFO - Started process (PID=116) to work on /opt/airflow/dags/meltano_spotify_dag.py
[2024-04-29T20:49:41.559+0000] {processor.py:830} INFO - Processing file /opt/airflow/dags/meltano_spotify_dag.py for tasks to queue
[2024-04-29T20:49:41.560+0000] {logging_mixin.py:188} INFO - [2024-04-29T20:49:41.560+0000] {dagbag.py:540} INFO - Filling up the DagBag from /opt/airflow/dags/meltano_spotify_dag.py
[2024-04-29T20:49:41.580+0000] {processor.py:840} INFO - DAG(s) 'spotify_extract_dag' retrieved from /opt/airflow/dags/meltano_spotify_dag.py
[2024-04-29T20:49:41.591+0000] {logging_mixin.py:188} INFO - [2024-04-29T20:49:41.591+0000] {dag.py:3096} INFO - Sync 1 DAGs
[2024-04-29T20:49:41.607+0000] {logging_mixin.py:188} INFO - [2024-04-29T20:49:41.607+0000] {dag.py:3954} INFO - Setting next_dagrun for spotify_extract_dag to 2024-04-29 00:00:00+00:00, run_after=2024-04-30 00:00:00+00:00
[2024-04-29T20:49:41.618+0000] {processor.py:183} INFO - Processing /opt/airflow/dags/meltano_spotify_dag.py took 0.064 seconds
[2024-04-29T20:50:11.677+0000] {processor.py:161} INFO - Started process (PID=123) to work on /opt/airflow/dags/meltano_spotify_dag.py
[2024-04-29T20:50:11.677+0000] {processor.py:830} INFO - Processing file /opt/airflow/dags/meltano_spotify_dag.py for tasks to queue
[2024-04-29T20:50:11.679+0000] {logging_mixin.py:188} INFO - [2024-04-29T20:50:11.678+0000] {dagbag.py:540} INFO - Filling up the DagBag from /opt/airflow/dags/meltano_spotify_dag.py
[2024-04-29T20:50:11.699+0000] {processor.py:840} INFO - DAG(s) 'spotify_extract_dag' retrieved from /opt/airflow/dags/meltano_spotify_dag.py
[2024-04-29T20:50:11.709+0000] {logging_mixin.py:188} INFO - [2024-04-29T20:50:11.709+0000] {dag.py:3096} INFO - Sync 1 DAGs
[2024-04-29T20:50:11.724+0000] {logging_mixin.py:188} INFO - [2024-04-29T20:50:11.724+0000] {dag.py:3954} INFO - Setting next_dagrun for spotify_extract_dag to 2024-04-29 00:00:00+00:00, run_after=2024-04-30 00:00:00+00:00
[2024-04-29T20:50:11.735+0000] {processor.py:183} INFO - Processing /opt/airflow/dags/meltano_spotify_dag.py took 0.062 seconds
[2024-04-29T20:50:41.821+0000] {processor.py:161} INFO - Started process (PID=130) to work on /opt/airflow/dags/meltano_spotify_dag.py
[2024-04-29T20:50:41.821+0000] {processor.py:830} INFO - Processing file /opt/airflow/dags/meltano_spotify_dag.py for tasks to queue
[2024-04-29T20:50:41.822+0000] {logging_mixin.py:188} INFO - [2024-04-29T20:50:41.822+0000] {dagbag.py:540} INFO - Filling up the DagBag from /opt/airflow/dags/meltano_spotify_dag.py
[2024-04-29T20:50:41.841+0000] {processor.py:840} INFO - DAG(s) 'spotify_extract_dag' retrieved from /opt/airflow/dags/meltano_spotify_dag.py
[2024-04-29T20:50:41.852+0000] {logging_mixin.py:188} INFO - [2024-04-29T20:50:41.851+0000] {dag.py:3096} INFO - Sync 1 DAGs
[2024-04-29T20:50:41.867+0000] {logging_mixin.py:188} INFO - [2024-04-29T20:50:41.867+0000] {dag.py:3954} INFO - Setting next_dagrun for spotify_extract_dag to 2024-04-29 00:00:00+00:00, run_after=2024-04-30 00:00:00+00:00
[2024-04-29T20:50:41.880+0000] {processor.py:183} INFO - Processing /opt/airflow/dags/meltano_spotify_dag.py took 0.065 seconds
[2024-04-29T20:51:11.933+0000] {processor.py:161} INFO - Started process (PID=137) to work on /opt/airflow/dags/meltano_spotify_dag.py
[2024-04-29T20:51:11.934+0000] {processor.py:830} INFO - Processing file /opt/airflow/dags/meltano_spotify_dag.py for tasks to queue
[2024-04-29T20:51:11.935+0000] {logging_mixin.py:188} INFO - [2024-04-29T20:51:11.935+0000] {dagbag.py:540} INFO - Filling up the DagBag from /opt/airflow/dags/meltano_spotify_dag.py
[2024-04-29T20:51:11.955+0000] {processor.py:840} INFO - DAG(s) 'spotify_extract_dag' retrieved from /opt/airflow/dags/meltano_spotify_dag.py
[2024-04-29T20:51:11.966+0000] {logging_mixin.py:188} INFO - [2024-04-29T20:51:11.966+0000] {dag.py:3096} INFO - Sync 1 DAGs
[2024-04-29T20:51:11.982+0000] {logging_mixin.py:188} INFO - [2024-04-29T20:51:11.982+0000] {dag.py:3954} INFO - Setting next_dagrun for spotify_extract_dag to 2024-04-29 00:00:00+00:00, run_after=2024-04-30 00:00:00+00:00
[2024-04-29T20:51:11.993+0000] {processor.py:183} INFO - Processing /opt/airflow/dags/meltano_spotify_dag.py took 0.064 seconds
[2024-04-29T20:51:42.079+0000] {processor.py:161} INFO - Started process (PID=144) to work on /opt/airflow/dags/meltano_spotify_dag.py
[2024-04-29T20:51:42.080+0000] {processor.py:830} INFO - Processing file /opt/airflow/dags/meltano_spotify_dag.py for tasks to queue
[2024-04-29T20:51:42.081+0000] {logging_mixin.py:188} INFO - [2024-04-29T20:51:42.081+0000] {dagbag.py:540} INFO - Filling up the DagBag from /opt/airflow/dags/meltano_spotify_dag.py
[2024-04-29T20:51:42.101+0000] {processor.py:840} INFO - DAG(s) 'spotify_extract_dag' retrieved from /opt/airflow/dags/meltano_spotify_dag.py
[2024-04-29T20:51:42.111+0000] {logging_mixin.py:188} INFO - [2024-04-29T20:51:42.111+0000] {dag.py:3096} INFO - Sync 1 DAGs
[2024-04-29T20:51:42.126+0000] {logging_mixin.py:188} INFO - [2024-04-29T20:51:42.125+0000] {dag.py:3954} INFO - Setting next_dagrun for spotify_extract_dag to 2024-04-29 00:00:00+00:00, run_after=2024-04-30 00:00:00+00:00
[2024-04-29T20:51:42.136+0000] {processor.py:183} INFO - Processing /opt/airflow/dags/meltano_spotify_dag.py took 0.061 seconds
[2024-04-29T20:52:12.190+0000] {processor.py:161} INFO - Started process (PID=151) to work on /opt/airflow/dags/meltano_spotify_dag.py
[2024-04-29T20:52:12.190+0000] {processor.py:830} INFO - Processing file /opt/airflow/dags/meltano_spotify_dag.py for tasks to queue
[2024-04-29T20:52:12.192+0000] {logging_mixin.py:188} INFO - [2024-04-29T20:52:12.191+0000] {dagbag.py:540} INFO - Filling up the DagBag from /opt/airflow/dags/meltano_spotify_dag.py
[2024-04-29T20:52:12.211+0000] {processor.py:840} INFO - DAG(s) 'spotify_extract_dag' retrieved from /opt/airflow/dags/meltano_spotify_dag.py
[2024-04-29T20:52:12.221+0000] {logging_mixin.py:188} INFO - [2024-04-29T20:52:12.221+0000] {dag.py:3096} INFO - Sync 1 DAGs
[2024-04-29T20:52:12.236+0000] {logging_mixin.py:188} INFO - [2024-04-29T20:52:12.236+0000] {dag.py:3954} INFO - Setting next_dagrun for spotify_extract_dag to 2024-04-29 00:00:00+00:00, run_after=2024-04-30 00:00:00+00:00
[2024-04-29T20:52:12.247+0000] {processor.py:183} INFO - Processing /opt/airflow/dags/meltano_spotify_dag.py took 0.062 seconds
[2024-04-29T20:52:42.338+0000] {processor.py:161} INFO - Started process (PID=158) to work on /opt/airflow/dags/meltano_spotify_dag.py
[2024-04-29T20:52:42.338+0000] {processor.py:830} INFO - Processing file /opt/airflow/dags/meltano_spotify_dag.py for tasks to queue
[2024-04-29T20:52:42.340+0000] {logging_mixin.py:188} INFO - [2024-04-29T20:52:42.339+0000] {dagbag.py:540} INFO - Filling up the DagBag from /opt/airflow/dags/meltano_spotify_dag.py
[2024-04-29T20:52:42.360+0000] {processor.py:840} INFO - DAG(s) 'spotify_extract_dag' retrieved from /opt/airflow/dags/meltano_spotify_dag.py
[2024-04-29T20:52:42.371+0000] {logging_mixin.py:188} INFO - [2024-04-29T20:52:42.371+0000] {dag.py:3096} INFO - Sync 1 DAGs
[2024-04-29T20:52:42.387+0000] {logging_mixin.py:188} INFO - [2024-04-29T20:52:42.387+0000] {dag.py:3954} INFO - Setting next_dagrun for spotify_extract_dag to 2024-04-29 00:00:00+00:00, run_after=2024-04-30 00:00:00+00:00
[2024-04-29T20:52:42.397+0000] {processor.py:183} INFO - Processing /opt/airflow/dags/meltano_spotify_dag.py took 0.064 seconds
[2024-04-29T20:53:12.456+0000] {processor.py:161} INFO - Started process (PID=165) to work on /opt/airflow/dags/meltano_spotify_dag.py
[2024-04-29T20:53:12.457+0000] {processor.py:830} INFO - Processing file /opt/airflow/dags/meltano_spotify_dag.py for tasks to queue
[2024-04-29T20:53:12.458+0000] {logging_mixin.py:188} INFO - [2024-04-29T20:53:12.458+0000] {dagbag.py:540} INFO - Filling up the DagBag from /opt/airflow/dags/meltano_spotify_dag.py
[2024-04-29T20:53:12.478+0000] {processor.py:840} INFO - DAG(s) 'spotify_extract_dag' retrieved from /opt/airflow/dags/meltano_spotify_dag.py
[2024-04-29T20:53:12.489+0000] {logging_mixin.py:188} INFO - [2024-04-29T20:53:12.489+0000] {dag.py:3096} INFO - Sync 1 DAGs
[2024-04-29T20:53:12.504+0000] {logging_mixin.py:188} INFO - [2024-04-29T20:53:12.504+0000] {dag.py:3954} INFO - Setting next_dagrun for spotify_extract_dag to 2024-04-29 00:00:00+00:00, run_after=2024-04-30 00:00:00+00:00
[2024-04-29T20:53:12.515+0000] {processor.py:183} INFO - Processing /opt/airflow/dags/meltano_spotify_dag.py took 0.063 seconds
[2024-04-29T20:53:42.599+0000] {processor.py:161} INFO - Started process (PID=172) to work on /opt/airflow/dags/meltano_spotify_dag.py
[2024-04-29T20:53:42.600+0000] {processor.py:830} INFO - Processing file /opt/airflow/dags/meltano_spotify_dag.py for tasks to queue
[2024-04-29T20:53:42.601+0000] {logging_mixin.py:188} INFO - [2024-04-29T20:53:42.601+0000] {dagbag.py:540} INFO - Filling up the DagBag from /opt/airflow/dags/meltano_spotify_dag.py
[2024-04-29T20:53:42.620+0000] {processor.py:840} INFO - DAG(s) 'spotify_extract_dag' retrieved from /opt/airflow/dags/meltano_spotify_dag.py
[2024-04-29T20:53:42.631+0000] {logging_mixin.py:188} INFO - [2024-04-29T20:53:42.631+0000] {dag.py:3096} INFO - Sync 1 DAGs
[2024-04-29T20:53:42.645+0000] {logging_mixin.py:188} INFO - [2024-04-29T20:53:42.645+0000] {dag.py:3954} INFO - Setting next_dagrun for spotify_extract_dag to 2024-04-29 00:00:00+00:00, run_after=2024-04-30 00:00:00+00:00
[2024-04-29T20:53:42.656+0000] {processor.py:183} INFO - Processing /opt/airflow/dags/meltano_spotify_dag.py took 0.061 seconds
[2024-04-29T20:54:12.720+0000] {processor.py:161} INFO - Started process (PID=179) to work on /opt/airflow/dags/meltano_spotify_dag.py
[2024-04-29T20:54:12.721+0000] {processor.py:830} INFO - Processing file /opt/airflow/dags/meltano_spotify_dag.py for tasks to queue
[2024-04-29T20:54:12.722+0000] {logging_mixin.py:188} INFO - [2024-04-29T20:54:12.722+0000] {dagbag.py:540} INFO - Filling up the DagBag from /opt/airflow/dags/meltano_spotify_dag.py
[2024-04-29T20:54:12.742+0000] {processor.py:840} INFO - DAG(s) 'spotify_extract_dag' retrieved from /opt/airflow/dags/meltano_spotify_dag.py
[2024-04-29T20:54:12.753+0000] {logging_mixin.py:188} INFO - [2024-04-29T20:54:12.753+0000] {dag.py:3096} INFO - Sync 1 DAGs
[2024-04-29T20:54:12.767+0000] {logging_mixin.py:188} INFO - [2024-04-29T20:54:12.767+0000] {dag.py:3954} INFO - Setting next_dagrun for spotify_extract_dag to 2024-04-29 00:00:00+00:00, run_after=2024-04-30 00:00:00+00:00
[2024-04-29T20:54:12.779+0000] {processor.py:183} INFO - Processing /opt/airflow/dags/meltano_spotify_dag.py took 0.063 seconds
[2024-04-29T20:54:42.859+0000] {processor.py:161} INFO - Started process (PID=186) to work on /opt/airflow/dags/meltano_spotify_dag.py
[2024-04-29T20:54:42.859+0000] {processor.py:830} INFO - Processing file /opt/airflow/dags/meltano_spotify_dag.py for tasks to queue
[2024-04-29T20:54:42.861+0000] {logging_mixin.py:188} INFO - [2024-04-29T20:54:42.861+0000] {dagbag.py:540} INFO - Filling up the DagBag from /opt/airflow/dags/meltano_spotify_dag.py
[2024-04-29T20:54:42.881+0000] {processor.py:840} INFO - DAG(s) 'spotify_extract_dag' retrieved from /opt/airflow/dags/meltano_spotify_dag.py
[2024-04-29T20:54:42.891+0000] {logging_mixin.py:188} INFO - [2024-04-29T20:54:42.891+0000] {dag.py:3096} INFO - Sync 1 DAGs
[2024-04-29T20:54:42.906+0000] {logging_mixin.py:188} INFO - [2024-04-29T20:54:42.906+0000] {dag.py:3954} INFO - Setting next_dagrun for spotify_extract_dag to 2024-04-29 00:00:00+00:00, run_after=2024-04-30 00:00:00+00:00
[2024-04-29T20:54:42.916+0000] {processor.py:183} INFO - Processing /opt/airflow/dags/meltano_spotify_dag.py took 0.062 seconds
[2024-04-29T20:55:12.978+0000] {processor.py:161} INFO - Started process (PID=193) to work on /opt/airflow/dags/meltano_spotify_dag.py
[2024-04-29T20:55:12.978+0000] {processor.py:830} INFO - Processing file /opt/airflow/dags/meltano_spotify_dag.py for tasks to queue
[2024-04-29T20:55:12.979+0000] {logging_mixin.py:188} INFO - [2024-04-29T20:55:12.979+0000] {dagbag.py:540} INFO - Filling up the DagBag from /opt/airflow/dags/meltano_spotify_dag.py
[2024-04-29T20:55:13.000+0000] {processor.py:840} INFO - DAG(s) 'spotify_extract_dag' retrieved from /opt/airflow/dags/meltano_spotify_dag.py
[2024-04-29T20:55:13.011+0000] {logging_mixin.py:188} INFO - [2024-04-29T20:55:13.011+0000] {dag.py:3096} INFO - Sync 1 DAGs
[2024-04-29T20:55:13.026+0000] {logging_mixin.py:188} INFO - [2024-04-29T20:55:13.026+0000] {dag.py:3954} INFO - Setting next_dagrun for spotify_extract_dag to 2024-04-29 00:00:00+00:00, run_after=2024-04-30 00:00:00+00:00
[2024-04-29T20:55:13.039+0000] {processor.py:183} INFO - Processing /opt/airflow/dags/meltano_spotify_dag.py took 0.066 seconds
[2024-04-29T20:55:43.116+0000] {processor.py:161} INFO - Started process (PID=200) to work on /opt/airflow/dags/meltano_spotify_dag.py
[2024-04-29T20:55:43.117+0000] {processor.py:830} INFO - Processing file /opt/airflow/dags/meltano_spotify_dag.py for tasks to queue
[2024-04-29T20:55:43.118+0000] {logging_mixin.py:188} INFO - [2024-04-29T20:55:43.118+0000] {dagbag.py:540} INFO - Filling up the DagBag from /opt/airflow/dags/meltano_spotify_dag.py
[2024-04-29T20:55:43.138+0000] {processor.py:840} INFO - DAG(s) 'spotify_extract_dag' retrieved from /opt/airflow/dags/meltano_spotify_dag.py
[2024-04-29T20:55:43.148+0000] {logging_mixin.py:188} INFO - [2024-04-29T20:55:43.147+0000] {dag.py:3096} INFO - Sync 1 DAGs
[2024-04-29T20:55:43.163+0000] {logging_mixin.py:188} INFO - [2024-04-29T20:55:43.163+0000] {dag.py:3954} INFO - Setting next_dagrun for spotify_extract_dag to 2024-04-29 00:00:00+00:00, run_after=2024-04-30 00:00:00+00:00
[2024-04-29T20:55:43.173+0000] {processor.py:183} INFO - Processing /opt/airflow/dags/meltano_spotify_dag.py took 0.061 seconds
[2024-04-29T20:56:13.240+0000] {processor.py:161} INFO - Started process (PID=207) to work on /opt/airflow/dags/meltano_spotify_dag.py
[2024-04-29T20:56:13.240+0000] {processor.py:830} INFO - Processing file /opt/airflow/dags/meltano_spotify_dag.py for tasks to queue
[2024-04-29T20:56:13.241+0000] {logging_mixin.py:188} INFO - [2024-04-29T20:56:13.241+0000] {dagbag.py:540} INFO - Filling up the DagBag from /opt/airflow/dags/meltano_spotify_dag.py
[2024-04-29T20:56:13.262+0000] {processor.py:840} INFO - DAG(s) 'spotify_extract_dag' retrieved from /opt/airflow/dags/meltano_spotify_dag.py
[2024-04-29T20:56:13.272+0000] {logging_mixin.py:188} INFO - [2024-04-29T20:56:13.272+0000] {dag.py:3096} INFO - Sync 1 DAGs
[2024-04-29T20:56:13.287+0000] {logging_mixin.py:188} INFO - [2024-04-29T20:56:13.287+0000] {dag.py:3954} INFO - Setting next_dagrun for spotify_extract_dag to 2024-04-29 00:00:00+00:00, run_after=2024-04-30 00:00:00+00:00
[2024-04-29T20:56:13.299+0000] {processor.py:183} INFO - Processing /opt/airflow/dags/meltano_spotify_dag.py took 0.064 seconds
[2024-04-29T20:56:43.371+0000] {processor.py:161} INFO - Started process (PID=214) to work on /opt/airflow/dags/meltano_spotify_dag.py
[2024-04-29T20:56:43.372+0000] {processor.py:830} INFO - Processing file /opt/airflow/dags/meltano_spotify_dag.py for tasks to queue
[2024-04-29T20:56:43.373+0000] {logging_mixin.py:188} INFO - [2024-04-29T20:56:43.373+0000] {dagbag.py:540} INFO - Filling up the DagBag from /opt/airflow/dags/meltano_spotify_dag.py
[2024-04-29T20:56:43.395+0000] {processor.py:840} INFO - DAG(s) 'spotify_extract_dag' retrieved from /opt/airflow/dags/meltano_spotify_dag.py
[2024-04-29T20:56:43.407+0000] {logging_mixin.py:188} INFO - [2024-04-29T20:56:43.407+0000] {dag.py:3096} INFO - Sync 1 DAGs
[2024-04-29T20:56:43.424+0000] {logging_mixin.py:188} INFO - [2024-04-29T20:56:43.424+0000] {dag.py:3954} INFO - Setting next_dagrun for spotify_extract_dag to 2024-04-29 00:00:00+00:00, run_after=2024-04-30 00:00:00+00:00
[2024-04-29T20:56:43.437+0000] {processor.py:183} INFO - Processing /opt/airflow/dags/meltano_spotify_dag.py took 0.070 seconds
[2024-04-29T20:57:13.501+0000] {processor.py:161} INFO - Started process (PID=221) to work on /opt/airflow/dags/meltano_spotify_dag.py
[2024-04-29T20:57:13.502+0000] {processor.py:830} INFO - Processing file /opt/airflow/dags/meltano_spotify_dag.py for tasks to queue
[2024-04-29T20:57:13.503+0000] {logging_mixin.py:188} INFO - [2024-04-29T20:57:13.503+0000] {dagbag.py:540} INFO - Filling up the DagBag from /opt/airflow/dags/meltano_spotify_dag.py
[2024-04-29T20:57:13.522+0000] {processor.py:840} INFO - DAG(s) 'spotify_extract_dag' retrieved from /opt/airflow/dags/meltano_spotify_dag.py
[2024-04-29T20:57:13.532+0000] {logging_mixin.py:188} INFO - [2024-04-29T20:57:13.532+0000] {dag.py:3096} INFO - Sync 1 DAGs
[2024-04-29T20:57:13.547+0000] {logging_mixin.py:188} INFO - [2024-04-29T20:57:13.547+0000] {dag.py:3954} INFO - Setting next_dagrun for spotify_extract_dag to 2024-04-29 00:00:00+00:00, run_after=2024-04-30 00:00:00+00:00
[2024-04-29T20:57:13.557+0000] {processor.py:183} INFO - Processing /opt/airflow/dags/meltano_spotify_dag.py took 0.061 seconds
[2024-04-29T20:57:43.636+0000] {processor.py:161} INFO - Started process (PID=228) to work on /opt/airflow/dags/meltano_spotify_dag.py
[2024-04-29T20:57:43.636+0000] {processor.py:830} INFO - Processing file /opt/airflow/dags/meltano_spotify_dag.py for tasks to queue
[2024-04-29T20:57:43.638+0000] {logging_mixin.py:188} INFO - [2024-04-29T20:57:43.637+0000] {dagbag.py:540} INFO - Filling up the DagBag from /opt/airflow/dags/meltano_spotify_dag.py
[2024-04-29T20:57:43.657+0000] {processor.py:840} INFO - DAG(s) 'spotify_extract_dag' retrieved from /opt/airflow/dags/meltano_spotify_dag.py
[2024-04-29T20:57:43.667+0000] {logging_mixin.py:188} INFO - [2024-04-29T20:57:43.666+0000] {dag.py:3096} INFO - Sync 1 DAGs
[2024-04-29T20:57:43.681+0000] {logging_mixin.py:188} INFO - [2024-04-29T20:57:43.681+0000] {dag.py:3954} INFO - Setting next_dagrun for spotify_extract_dag to 2024-04-29 00:00:00+00:00, run_after=2024-04-30 00:00:00+00:00
[2024-04-29T20:57:43.691+0000] {processor.py:183} INFO - Processing /opt/airflow/dags/meltano_spotify_dag.py took 0.059 seconds
[2024-04-29T20:58:13.756+0000] {processor.py:161} INFO - Started process (PID=235) to work on /opt/airflow/dags/meltano_spotify_dag.py
[2024-04-29T20:58:13.756+0000] {processor.py:830} INFO - Processing file /opt/airflow/dags/meltano_spotify_dag.py for tasks to queue
[2024-04-29T20:58:13.758+0000] {logging_mixin.py:188} INFO - [2024-04-29T20:58:13.757+0000] {dagbag.py:540} INFO - Filling up the DagBag from /opt/airflow/dags/meltano_spotify_dag.py
[2024-04-29T20:58:13.777+0000] {processor.py:840} INFO - DAG(s) 'spotify_extract_dag' retrieved from /opt/airflow/dags/meltano_spotify_dag.py
[2024-04-29T20:58:13.788+0000] {logging_mixin.py:188} INFO - [2024-04-29T20:58:13.787+0000] {dag.py:3096} INFO - Sync 1 DAGs
[2024-04-29T20:58:13.802+0000] {logging_mixin.py:188} INFO - [2024-04-29T20:58:13.802+0000] {dag.py:3954} INFO - Setting next_dagrun for spotify_extract_dag to 2024-04-29 00:00:00+00:00, run_after=2024-04-30 00:00:00+00:00
[2024-04-29T20:58:13.815+0000] {processor.py:183} INFO - Processing /opt/airflow/dags/meltano_spotify_dag.py took 0.064 seconds
[2024-04-29T20:58:43.891+0000] {processor.py:161} INFO - Started process (PID=242) to work on /opt/airflow/dags/meltano_spotify_dag.py
[2024-04-29T20:58:43.892+0000] {processor.py:830} INFO - Processing file /opt/airflow/dags/meltano_spotify_dag.py for tasks to queue
[2024-04-29T20:58:43.893+0000] {logging_mixin.py:188} INFO - [2024-04-29T20:58:43.893+0000] {dagbag.py:540} INFO - Filling up the DagBag from /opt/airflow/dags/meltano_spotify_dag.py
[2024-04-29T20:58:43.912+0000] {processor.py:840} INFO - DAG(s) 'spotify_extract_dag' retrieved from /opt/airflow/dags/meltano_spotify_dag.py
[2024-04-29T20:58:43.922+0000] {logging_mixin.py:188} INFO - [2024-04-29T20:58:43.922+0000] {dag.py:3096} INFO - Sync 1 DAGs
[2024-04-29T20:58:43.937+0000] {logging_mixin.py:188} INFO - [2024-04-29T20:58:43.937+0000] {dag.py:3954} INFO - Setting next_dagrun for spotify_extract_dag to 2024-04-29 00:00:00+00:00, run_after=2024-04-30 00:00:00+00:00
[2024-04-29T20:58:43.949+0000] {processor.py:183} INFO - Processing /opt/airflow/dags/meltano_spotify_dag.py took 0.063 seconds
[2024-04-29T20:59:14.016+0000] {processor.py:161} INFO - Started process (PID=249) to work on /opt/airflow/dags/meltano_spotify_dag.py
[2024-04-29T20:59:14.016+0000] {processor.py:830} INFO - Processing file /opt/airflow/dags/meltano_spotify_dag.py for tasks to queue
[2024-04-29T20:59:14.018+0000] {logging_mixin.py:188} INFO - [2024-04-29T20:59:14.017+0000] {dagbag.py:540} INFO - Filling up the DagBag from /opt/airflow/dags/meltano_spotify_dag.py
[2024-04-29T20:59:14.038+0000] {processor.py:840} INFO - DAG(s) 'spotify_extract_dag' retrieved from /opt/airflow/dags/meltano_spotify_dag.py
[2024-04-29T20:59:14.048+0000] {logging_mixin.py:188} INFO - [2024-04-29T20:59:14.048+0000] {dag.py:3096} INFO - Sync 1 DAGs
[2024-04-29T20:59:14.063+0000] {logging_mixin.py:188} INFO - [2024-04-29T20:59:14.063+0000] {dag.py:3954} INFO - Setting next_dagrun for spotify_extract_dag to 2024-04-29 00:00:00+00:00, run_after=2024-04-30 00:00:00+00:00
[2024-04-29T20:59:14.075+0000] {processor.py:183} INFO - Processing /opt/airflow/dags/meltano_spotify_dag.py took 0.064 seconds
[2024-04-29T20:59:44.151+0000] {processor.py:161} INFO - Started process (PID=256) to work on /opt/airflow/dags/meltano_spotify_dag.py
[2024-04-29T20:59:44.152+0000] {processor.py:830} INFO - Processing file /opt/airflow/dags/meltano_spotify_dag.py for tasks to queue
[2024-04-29T20:59:44.153+0000] {logging_mixin.py:188} INFO - [2024-04-29T20:59:44.153+0000] {dagbag.py:540} INFO - Filling up the DagBag from /opt/airflow/dags/meltano_spotify_dag.py
[2024-04-29T20:59:44.173+0000] {processor.py:840} INFO - DAG(s) 'spotify_extract_dag' retrieved from /opt/airflow/dags/meltano_spotify_dag.py
[2024-04-29T20:59:44.183+0000] {logging_mixin.py:188} INFO - [2024-04-29T20:59:44.183+0000] {dag.py:3096} INFO - Sync 1 DAGs
[2024-04-29T20:59:44.198+0000] {logging_mixin.py:188} INFO - [2024-04-29T20:59:44.198+0000] {dag.py:3954} INFO - Setting next_dagrun for spotify_extract_dag to 2024-04-29 00:00:00+00:00, run_after=2024-04-30 00:00:00+00:00
[2024-04-29T20:59:44.210+0000] {processor.py:183} INFO - Processing /opt/airflow/dags/meltano_spotify_dag.py took 0.063 seconds
[2024-04-29T21:00:14.275+0000] {processor.py:161} INFO - Started process (PID=263) to work on /opt/airflow/dags/meltano_spotify_dag.py
[2024-04-29T21:00:14.276+0000] {processor.py:830} INFO - Processing file /opt/airflow/dags/meltano_spotify_dag.py for tasks to queue
[2024-04-29T21:00:14.277+0000] {logging_mixin.py:188} INFO - [2024-04-29T21:00:14.277+0000] {dagbag.py:540} INFO - Filling up the DagBag from /opt/airflow/dags/meltano_spotify_dag.py
[2024-04-29T21:00:14.298+0000] {processor.py:840} INFO - DAG(s) 'spotify_extract_dag' retrieved from /opt/airflow/dags/meltano_spotify_dag.py
[2024-04-29T21:00:14.309+0000] {logging_mixin.py:188} INFO - [2024-04-29T21:00:14.309+0000] {dag.py:3096} INFO - Sync 1 DAGs
[2024-04-29T21:00:14.324+0000] {logging_mixin.py:188} INFO - [2024-04-29T21:00:14.324+0000] {dag.py:3954} INFO - Setting next_dagrun for spotify_extract_dag to 2024-04-29 00:00:00+00:00, run_after=2024-04-30 00:00:00+00:00
[2024-04-29T21:00:14.335+0000] {processor.py:183} INFO - Processing /opt/airflow/dags/meltano_spotify_dag.py took 0.064 seconds
[2024-04-29T21:00:44.414+0000] {processor.py:161} INFO - Started process (PID=270) to work on /opt/airflow/dags/meltano_spotify_dag.py
[2024-04-29T21:00:44.415+0000] {processor.py:830} INFO - Processing file /opt/airflow/dags/meltano_spotify_dag.py for tasks to queue
[2024-04-29T21:00:44.417+0000] {logging_mixin.py:188} INFO - [2024-04-29T21:00:44.416+0000] {dagbag.py:540} INFO - Filling up the DagBag from /opt/airflow/dags/meltano_spotify_dag.py
[2024-04-29T21:00:44.437+0000] {processor.py:840} INFO - DAG(s) 'spotify_extract_dag' retrieved from /opt/airflow/dags/meltano_spotify_dag.py
[2024-04-29T21:00:44.449+0000] {logging_mixin.py:188} INFO - [2024-04-29T21:00:44.449+0000] {dag.py:3096} INFO - Sync 1 DAGs
[2024-04-29T21:00:44.465+0000] {logging_mixin.py:188} INFO - [2024-04-29T21:00:44.465+0000] {dag.py:3954} INFO - Setting next_dagrun for spotify_extract_dag to 2024-04-29 00:00:00+00:00, run_after=2024-04-30 00:00:00+00:00
[2024-04-29T21:00:44.476+0000] {processor.py:183} INFO - Processing /opt/airflow/dags/meltano_spotify_dag.py took 0.067 seconds
[2024-04-29T21:01:14.534+0000] {processor.py:161} INFO - Started process (PID=277) to work on /opt/airflow/dags/meltano_spotify_dag.py
[2024-04-29T21:01:14.535+0000] {processor.py:830} INFO - Processing file /opt/airflow/dags/meltano_spotify_dag.py for tasks to queue
[2024-04-29T21:01:14.536+0000] {logging_mixin.py:188} INFO - [2024-04-29T21:01:14.536+0000] {dagbag.py:540} INFO - Filling up the DagBag from /opt/airflow/dags/meltano_spotify_dag.py
[2024-04-29T21:01:14.557+0000] {processor.py:840} INFO - DAG(s) 'spotify_extract_dag' retrieved from /opt/airflow/dags/meltano_spotify_dag.py
[2024-04-29T21:01:14.568+0000] {logging_mixin.py:188} INFO - [2024-04-29T21:01:14.568+0000] {dag.py:3096} INFO - Sync 1 DAGs
[2024-04-29T21:01:14.583+0000] {logging_mixin.py:188} INFO - [2024-04-29T21:01:14.583+0000] {dag.py:3954} INFO - Setting next_dagrun for spotify_extract_dag to 2024-04-29 00:00:00+00:00, run_after=2024-04-30 00:00:00+00:00
[2024-04-29T21:01:14.595+0000] {processor.py:183} INFO - Processing /opt/airflow/dags/meltano_spotify_dag.py took 0.065 seconds
[2024-04-29T21:01:44.678+0000] {processor.py:161} INFO - Started process (PID=284) to work on /opt/airflow/dags/meltano_spotify_dag.py
[2024-04-29T21:01:44.678+0000] {processor.py:830} INFO - Processing file /opt/airflow/dags/meltano_spotify_dag.py for tasks to queue
[2024-04-29T21:01:44.680+0000] {logging_mixin.py:188} INFO - [2024-04-29T21:01:44.679+0000] {dagbag.py:540} INFO - Filling up the DagBag from /opt/airflow/dags/meltano_spotify_dag.py
[2024-04-29T21:01:44.699+0000] {processor.py:840} INFO - DAG(s) 'spotify_extract_dag' retrieved from /opt/airflow/dags/meltano_spotify_dag.py
[2024-04-29T21:01:44.710+0000] {logging_mixin.py:188} INFO - [2024-04-29T21:01:44.710+0000] {dag.py:3096} INFO - Sync 1 DAGs
[2024-04-29T21:01:44.725+0000] {logging_mixin.py:188} INFO - [2024-04-29T21:01:44.725+0000] {dag.py:3954} INFO - Setting next_dagrun for spotify_extract_dag to 2024-04-29 00:00:00+00:00, run_after=2024-04-30 00:00:00+00:00
[2024-04-29T21:01:44.737+0000] {processor.py:183} INFO - Processing /opt/airflow/dags/meltano_spotify_dag.py took 0.064 seconds
[2024-04-29T21:02:14.794+0000] {processor.py:161} INFO - Started process (PID=291) to work on /opt/airflow/dags/meltano_spotify_dag.py
[2024-04-29T21:02:14.794+0000] {processor.py:830} INFO - Processing file /opt/airflow/dags/meltano_spotify_dag.py for tasks to queue
[2024-04-29T21:02:14.795+0000] {logging_mixin.py:188} INFO - [2024-04-29T21:02:14.795+0000] {dagbag.py:540} INFO - Filling up the DagBag from /opt/airflow/dags/meltano_spotify_dag.py
[2024-04-29T21:02:14.817+0000] {processor.py:840} INFO - DAG(s) 'spotify_extract_dag' retrieved from /opt/airflow/dags/meltano_spotify_dag.py
[2024-04-29T21:02:14.828+0000] {logging_mixin.py:188} INFO - [2024-04-29T21:02:14.828+0000] {dag.py:3096} INFO - Sync 1 DAGs
[2024-04-29T21:02:14.843+0000] {logging_mixin.py:188} INFO - [2024-04-29T21:02:14.843+0000] {dag.py:3954} INFO - Setting next_dagrun for spotify_extract_dag to 2024-04-29 00:00:00+00:00, run_after=2024-04-30 00:00:00+00:00
[2024-04-29T21:02:14.855+0000] {processor.py:183} INFO - Processing /opt/airflow/dags/meltano_spotify_dag.py took 0.066 seconds
[2024-04-29T21:02:44.934+0000] {processor.py:161} INFO - Started process (PID=298) to work on /opt/airflow/dags/meltano_spotify_dag.py
[2024-04-29T21:02:44.935+0000] {processor.py:830} INFO - Processing file /opt/airflow/dags/meltano_spotify_dag.py for tasks to queue
[2024-04-29T21:02:44.936+0000] {logging_mixin.py:188} INFO - [2024-04-29T21:02:44.935+0000] {dagbag.py:540} INFO - Filling up the DagBag from /opt/airflow/dags/meltano_spotify_dag.py
[2024-04-29T21:02:44.956+0000] {processor.py:840} INFO - DAG(s) 'spotify_extract_dag' retrieved from /opt/airflow/dags/meltano_spotify_dag.py
[2024-04-29T21:02:44.967+0000] {logging_mixin.py:188} INFO - [2024-04-29T21:02:44.966+0000] {dag.py:3096} INFO - Sync 1 DAGs
[2024-04-29T21:02:44.982+0000] {logging_mixin.py:188} INFO - [2024-04-29T21:02:44.982+0000] {dag.py:3954} INFO - Setting next_dagrun for spotify_extract_dag to 2024-04-29 00:00:00+00:00, run_after=2024-04-30 00:00:00+00:00
[2024-04-29T21:02:44.993+0000] {processor.py:183} INFO - Processing /opt/airflow/dags/meltano_spotify_dag.py took 0.062 seconds
[2024-04-29T21:03:15.056+0000] {processor.py:161} INFO - Started process (PID=305) to work on /opt/airflow/dags/meltano_spotify_dag.py
[2024-04-29T21:03:15.057+0000] {processor.py:830} INFO - Processing file /opt/airflow/dags/meltano_spotify_dag.py for tasks to queue
[2024-04-29T21:03:15.058+0000] {logging_mixin.py:188} INFO - [2024-04-29T21:03:15.058+0000] {dagbag.py:540} INFO - Filling up the DagBag from /opt/airflow/dags/meltano_spotify_dag.py
[2024-04-29T21:03:15.079+0000] {processor.py:840} INFO - DAG(s) 'spotify_extract_dag' retrieved from /opt/airflow/dags/meltano_spotify_dag.py
[2024-04-29T21:03:15.090+0000] {logging_mixin.py:188} INFO - [2024-04-29T21:03:15.089+0000] {dag.py:3096} INFO - Sync 1 DAGs
[2024-04-29T21:03:15.104+0000] {logging_mixin.py:188} INFO - [2024-04-29T21:03:15.104+0000] {dag.py:3954} INFO - Setting next_dagrun for spotify_extract_dag to 2024-04-29 00:00:00+00:00, run_after=2024-04-30 00:00:00+00:00
[2024-04-29T21:03:15.115+0000] {processor.py:183} INFO - Processing /opt/airflow/dags/meltano_spotify_dag.py took 0.063 seconds
[2024-04-29T21:03:45.195+0000] {processor.py:161} INFO - Started process (PID=312) to work on /opt/airflow/dags/meltano_spotify_dag.py
[2024-04-29T21:03:45.195+0000] {processor.py:830} INFO - Processing file /opt/airflow/dags/meltano_spotify_dag.py for tasks to queue
[2024-04-29T21:03:45.197+0000] {logging_mixin.py:188} INFO - [2024-04-29T21:03:45.196+0000] {dagbag.py:540} INFO - Filling up the DagBag from /opt/airflow/dags/meltano_spotify_dag.py
[2024-04-29T21:03:45.216+0000] {processor.py:840} INFO - DAG(s) 'spotify_extract_dag' retrieved from /opt/airflow/dags/meltano_spotify_dag.py
[2024-04-29T21:03:45.226+0000] {logging_mixin.py:188} INFO - [2024-04-29T21:03:45.226+0000] {dag.py:3096} INFO - Sync 1 DAGs
[2024-04-29T21:03:45.241+0000] {logging_mixin.py:188} INFO - [2024-04-29T21:03:45.240+0000] {dag.py:3954} INFO - Setting next_dagrun for spotify_extract_dag to 2024-04-29 00:00:00+00:00, run_after=2024-04-30 00:00:00+00:00
[2024-04-29T21:03:45.251+0000] {processor.py:183} INFO - Processing /opt/airflow/dags/meltano_spotify_dag.py took 0.061 seconds
[2024-04-29T21:04:15.318+0000] {processor.py:161} INFO - Started process (PID=319) to work on /opt/airflow/dags/meltano_spotify_dag.py
[2024-04-29T21:04:15.318+0000] {processor.py:830} INFO - Processing file /opt/airflow/dags/meltano_spotify_dag.py for tasks to queue
[2024-04-29T21:04:15.320+0000] {logging_mixin.py:188} INFO - [2024-04-29T21:04:15.319+0000] {dagbag.py:540} INFO - Filling up the DagBag from /opt/airflow/dags/meltano_spotify_dag.py
[2024-04-29T21:04:15.340+0000] {processor.py:840} INFO - DAG(s) 'spotify_extract_dag' retrieved from /opt/airflow/dags/meltano_spotify_dag.py
[2024-04-29T21:04:15.350+0000] {logging_mixin.py:188} INFO - [2024-04-29T21:04:15.350+0000] {dag.py:3096} INFO - Sync 1 DAGs
[2024-04-29T21:04:15.366+0000] {logging_mixin.py:188} INFO - [2024-04-29T21:04:15.366+0000] {dag.py:3954} INFO - Setting next_dagrun for spotify_extract_dag to 2024-04-29 00:00:00+00:00, run_after=2024-04-30 00:00:00+00:00
[2024-04-29T21:04:15.380+0000] {processor.py:183} INFO - Processing /opt/airflow/dags/meltano_spotify_dag.py took 0.066 seconds
[2024-04-29T21:04:45.448+0000] {processor.py:161} INFO - Started process (PID=326) to work on /opt/airflow/dags/meltano_spotify_dag.py
[2024-04-29T21:04:45.449+0000] {processor.py:830} INFO - Processing file /opt/airflow/dags/meltano_spotify_dag.py for tasks to queue
[2024-04-29T21:04:45.450+0000] {logging_mixin.py:188} INFO - [2024-04-29T21:04:45.450+0000] {dagbag.py:540} INFO - Filling up the DagBag from /opt/airflow/dags/meltano_spotify_dag.py
[2024-04-29T21:04:45.471+0000] {processor.py:840} INFO - DAG(s) 'spotify_extract_dag' retrieved from /opt/airflow/dags/meltano_spotify_dag.py
[2024-04-29T21:04:45.481+0000] {logging_mixin.py:188} INFO - [2024-04-29T21:04:45.481+0000] {dag.py:3096} INFO - Sync 1 DAGs
[2024-04-29T21:04:45.496+0000] {logging_mixin.py:188} INFO - [2024-04-29T21:04:45.496+0000] {dag.py:3954} INFO - Setting next_dagrun for spotify_extract_dag to 2024-04-29 00:00:00+00:00, run_after=2024-04-30 00:00:00+00:00
[2024-04-29T21:04:45.508+0000] {processor.py:183} INFO - Processing /opt/airflow/dags/meltano_spotify_dag.py took 0.064 seconds
[2024-04-29T21:05:15.582+0000] {processor.py:161} INFO - Started process (PID=333) to work on /opt/airflow/dags/meltano_spotify_dag.py
[2024-04-29T21:05:15.583+0000] {processor.py:830} INFO - Processing file /opt/airflow/dags/meltano_spotify_dag.py for tasks to queue
[2024-04-29T21:05:15.584+0000] {logging_mixin.py:188} INFO - [2024-04-29T21:05:15.584+0000] {dagbag.py:540} INFO - Filling up the DagBag from /opt/airflow/dags/meltano_spotify_dag.py
[2024-04-29T21:05:15.604+0000] {processor.py:840} INFO - DAG(s) 'spotify_extract_dag' retrieved from /opt/airflow/dags/meltano_spotify_dag.py
[2024-04-29T21:05:15.615+0000] {logging_mixin.py:188} INFO - [2024-04-29T21:05:15.615+0000] {dag.py:3096} INFO - Sync 1 DAGs
[2024-04-29T21:05:15.631+0000] {logging_mixin.py:188} INFO - [2024-04-29T21:05:15.630+0000] {dag.py:3954} INFO - Setting next_dagrun for spotify_extract_dag to 2024-04-29 00:00:00+00:00, run_after=2024-04-30 00:00:00+00:00
[2024-04-29T21:05:15.641+0000] {processor.py:183} INFO - Processing /opt/airflow/dags/meltano_spotify_dag.py took 0.064 seconds
[2024-04-29T21:05:45.705+0000] {processor.py:161} INFO - Started process (PID=340) to work on /opt/airflow/dags/meltano_spotify_dag.py
[2024-04-29T21:05:45.706+0000] {processor.py:830} INFO - Processing file /opt/airflow/dags/meltano_spotify_dag.py for tasks to queue
[2024-04-29T21:05:45.707+0000] {logging_mixin.py:188} INFO - [2024-04-29T21:05:45.707+0000] {dagbag.py:540} INFO - Filling up the DagBag from /opt/airflow/dags/meltano_spotify_dag.py
[2024-04-29T21:05:45.727+0000] {processor.py:840} INFO - DAG(s) 'spotify_extract_dag' retrieved from /opt/airflow/dags/meltano_spotify_dag.py
[2024-04-29T21:05:45.738+0000] {logging_mixin.py:188} INFO - [2024-04-29T21:05:45.738+0000] {dag.py:3096} INFO - Sync 1 DAGs
[2024-04-29T21:05:45.753+0000] {logging_mixin.py:188} INFO - [2024-04-29T21:05:45.753+0000] {dag.py:3954} INFO - Setting next_dagrun for spotify_extract_dag to 2024-04-29 00:00:00+00:00, run_after=2024-04-30 00:00:00+00:00
[2024-04-29T21:05:45.764+0000] {processor.py:183} INFO - Processing /opt/airflow/dags/meltano_spotify_dag.py took 0.062 seconds
[2024-04-29T21:06:15.841+0000] {processor.py:161} INFO - Started process (PID=347) to work on /opt/airflow/dags/meltano_spotify_dag.py
[2024-04-29T21:06:15.842+0000] {processor.py:830} INFO - Processing file /opt/airflow/dags/meltano_spotify_dag.py for tasks to queue
[2024-04-29T21:06:15.843+0000] {logging_mixin.py:188} INFO - [2024-04-29T21:06:15.843+0000] {dagbag.py:540} INFO - Filling up the DagBag from /opt/airflow/dags/meltano_spotify_dag.py
[2024-04-29T21:06:15.863+0000] {processor.py:840} INFO - DAG(s) 'spotify_extract_dag' retrieved from /opt/airflow/dags/meltano_spotify_dag.py
[2024-04-29T21:06:15.873+0000] {logging_mixin.py:188} INFO - [2024-04-29T21:06:15.873+0000] {dag.py:3096} INFO - Sync 1 DAGs
[2024-04-29T21:06:15.887+0000] {logging_mixin.py:188} INFO - [2024-04-29T21:06:15.887+0000] {dag.py:3954} INFO - Setting next_dagrun for spotify_extract_dag to 2024-04-29 00:00:00+00:00, run_after=2024-04-30 00:00:00+00:00
[2024-04-29T21:06:15.897+0000] {processor.py:183} INFO - Processing /opt/airflow/dags/meltano_spotify_dag.py took 0.061 seconds
[2024-04-29T21:06:45.961+0000] {processor.py:161} INFO - Started process (PID=354) to work on /opt/airflow/dags/meltano_spotify_dag.py
[2024-04-29T21:06:45.962+0000] {processor.py:830} INFO - Processing file /opt/airflow/dags/meltano_spotify_dag.py for tasks to queue
[2024-04-29T21:06:45.963+0000] {logging_mixin.py:188} INFO - [2024-04-29T21:06:45.963+0000] {dagbag.py:540} INFO - Filling up the DagBag from /opt/airflow/dags/meltano_spotify_dag.py
[2024-04-29T21:06:45.983+0000] {processor.py:840} INFO - DAG(s) 'spotify_extract_dag' retrieved from /opt/airflow/dags/meltano_spotify_dag.py
[2024-04-29T21:06:45.994+0000] {logging_mixin.py:188} INFO - [2024-04-29T21:06:45.993+0000] {dag.py:3096} INFO - Sync 1 DAGs
[2024-04-29T21:06:46.008+0000] {logging_mixin.py:188} INFO - [2024-04-29T21:06:46.008+0000] {dag.py:3954} INFO - Setting next_dagrun for spotify_extract_dag to 2024-04-29 00:00:00+00:00, run_after=2024-04-30 00:00:00+00:00
[2024-04-29T21:06:46.019+0000] {processor.py:183} INFO - Processing /opt/airflow/dags/meltano_spotify_dag.py took 0.063 seconds
[2024-04-29T21:07:16.103+0000] {processor.py:161} INFO - Started process (PID=361) to work on /opt/airflow/dags/meltano_spotify_dag.py
[2024-04-29T21:07:16.103+0000] {processor.py:830} INFO - Processing file /opt/airflow/dags/meltano_spotify_dag.py for tasks to queue
[2024-04-29T21:07:16.105+0000] {logging_mixin.py:188} INFO - [2024-04-29T21:07:16.104+0000] {dagbag.py:540} INFO - Filling up the DagBag from /opt/airflow/dags/meltano_spotify_dag.py
[2024-04-29T21:07:16.124+0000] {processor.py:840} INFO - DAG(s) 'spotify_extract_dag' retrieved from /opt/airflow/dags/meltano_spotify_dag.py
[2024-04-29T21:07:16.134+0000] {logging_mixin.py:188} INFO - [2024-04-29T21:07:16.134+0000] {dag.py:3096} INFO - Sync 1 DAGs
[2024-04-29T21:07:16.149+0000] {logging_mixin.py:188} INFO - [2024-04-29T21:07:16.149+0000] {dag.py:3954} INFO - Setting next_dagrun for spotify_extract_dag to 2024-04-29 00:00:00+00:00, run_after=2024-04-30 00:00:00+00:00
[2024-04-29T21:07:16.160+0000] {processor.py:183} INFO - Processing /opt/airflow/dags/meltano_spotify_dag.py took 0.062 seconds
[2024-04-29T21:07:46.218+0000] {processor.py:161} INFO - Started process (PID=368) to work on /opt/airflow/dags/meltano_spotify_dag.py
[2024-04-29T21:07:46.219+0000] {processor.py:830} INFO - Processing file /opt/airflow/dags/meltano_spotify_dag.py for tasks to queue
[2024-04-29T21:07:46.220+0000] {logging_mixin.py:188} INFO - [2024-04-29T21:07:46.220+0000] {dagbag.py:540} INFO - Filling up the DagBag from /opt/airflow/dags/meltano_spotify_dag.py
[2024-04-29T21:07:46.240+0000] {processor.py:840} INFO - DAG(s) 'spotify_extract_dag' retrieved from /opt/airflow/dags/meltano_spotify_dag.py
[2024-04-29T21:07:46.251+0000] {logging_mixin.py:188} INFO - [2024-04-29T21:07:46.251+0000] {dag.py:3096} INFO - Sync 1 DAGs
[2024-04-29T21:07:46.266+0000] {logging_mixin.py:188} INFO - [2024-04-29T21:07:46.266+0000] {dag.py:3954} INFO - Setting next_dagrun for spotify_extract_dag to 2024-04-29 00:00:00+00:00, run_after=2024-04-30 00:00:00+00:00
[2024-04-29T21:07:46.279+0000] {processor.py:183} INFO - Processing /opt/airflow/dags/meltano_spotify_dag.py took 0.065 seconds
[2024-04-29T21:08:16.354+0000] {processor.py:161} INFO - Started process (PID=375) to work on /opt/airflow/dags/meltano_spotify_dag.py
[2024-04-29T21:08:16.355+0000] {processor.py:830} INFO - Processing file /opt/airflow/dags/meltano_spotify_dag.py for tasks to queue
[2024-04-29T21:08:16.356+0000] {logging_mixin.py:188} INFO - [2024-04-29T21:08:16.356+0000] {dagbag.py:540} INFO - Filling up the DagBag from /opt/airflow/dags/meltano_spotify_dag.py
[2024-04-29T21:08:16.376+0000] {processor.py:840} INFO - DAG(s) 'spotify_extract_dag' retrieved from /opt/airflow/dags/meltano_spotify_dag.py
[2024-04-29T21:08:16.386+0000] {logging_mixin.py:188} INFO - [2024-04-29T21:08:16.386+0000] {dag.py:3096} INFO - Sync 1 DAGs
[2024-04-29T21:08:16.402+0000] {logging_mixin.py:188} INFO - [2024-04-29T21:08:16.402+0000] {dag.py:3954} INFO - Setting next_dagrun for spotify_extract_dag to 2024-04-29 00:00:00+00:00, run_after=2024-04-30 00:00:00+00:00
[2024-04-29T21:08:16.413+0000] {processor.py:183} INFO - Processing /opt/airflow/dags/meltano_spotify_dag.py took 0.063 seconds
[2024-04-29T21:08:46.469+0000] {processor.py:161} INFO - Started process (PID=382) to work on /opt/airflow/dags/meltano_spotify_dag.py
[2024-04-29T21:08:46.470+0000] {processor.py:830} INFO - Processing file /opt/airflow/dags/meltano_spotify_dag.py for tasks to queue
[2024-04-29T21:08:46.471+0000] {logging_mixin.py:188} INFO - [2024-04-29T21:08:46.471+0000] {dagbag.py:540} INFO - Filling up the DagBag from /opt/airflow/dags/meltano_spotify_dag.py
[2024-04-29T21:08:46.491+0000] {processor.py:840} INFO - DAG(s) 'spotify_extract_dag' retrieved from /opt/airflow/dags/meltano_spotify_dag.py
[2024-04-29T21:08:46.502+0000] {logging_mixin.py:188} INFO - [2024-04-29T21:08:46.501+0000] {dag.py:3096} INFO - Sync 1 DAGs
[2024-04-29T21:08:46.516+0000] {logging_mixin.py:188} INFO - [2024-04-29T21:08:46.516+0000] {dag.py:3954} INFO - Setting next_dagrun for spotify_extract_dag to 2024-04-29 00:00:00+00:00, run_after=2024-04-30 00:00:00+00:00
[2024-04-29T21:08:46.528+0000] {processor.py:183} INFO - Processing /opt/airflow/dags/meltano_spotify_dag.py took 0.063 seconds
[2024-04-29T21:09:16.622+0000] {processor.py:161} INFO - Started process (PID=389) to work on /opt/airflow/dags/meltano_spotify_dag.py
[2024-04-29T21:09:16.623+0000] {processor.py:830} INFO - Processing file /opt/airflow/dags/meltano_spotify_dag.py for tasks to queue
[2024-04-29T21:09:16.624+0000] {logging_mixin.py:188} INFO - [2024-04-29T21:09:16.624+0000] {dagbag.py:540} INFO - Filling up the DagBag from /opt/airflow/dags/meltano_spotify_dag.py
[2024-04-29T21:09:16.643+0000] {processor.py:840} INFO - DAG(s) 'spotify_extract_dag' retrieved from /opt/airflow/dags/meltano_spotify_dag.py
[2024-04-29T21:09:16.653+0000] {logging_mixin.py:188} INFO - [2024-04-29T21:09:16.653+0000] {dag.py:3096} INFO - Sync 1 DAGs
[2024-04-29T21:09:16.668+0000] {logging_mixin.py:188} INFO - [2024-04-29T21:09:16.668+0000] {dag.py:3954} INFO - Setting next_dagrun for spotify_extract_dag to 2024-04-29 00:00:00+00:00, run_after=2024-04-30 00:00:00+00:00
[2024-04-29T21:09:16.680+0000] {processor.py:183} INFO - Processing /opt/airflow/dags/meltano_spotify_dag.py took 0.063 seconds
[2024-04-29T21:09:46.736+0000] {processor.py:161} INFO - Started process (PID=396) to work on /opt/airflow/dags/meltano_spotify_dag.py
[2024-04-29T21:09:46.737+0000] {processor.py:830} INFO - Processing file /opt/airflow/dags/meltano_spotify_dag.py for tasks to queue
[2024-04-29T21:09:46.738+0000] {logging_mixin.py:188} INFO - [2024-04-29T21:09:46.738+0000] {dagbag.py:540} INFO - Filling up the DagBag from /opt/airflow/dags/meltano_spotify_dag.py
[2024-04-29T21:09:46.758+0000] {processor.py:840} INFO - DAG(s) 'spotify_extract_dag' retrieved from /opt/airflow/dags/meltano_spotify_dag.py
[2024-04-29T21:09:46.769+0000] {logging_mixin.py:188} INFO - [2024-04-29T21:09:46.769+0000] {dag.py:3096} INFO - Sync 1 DAGs
[2024-04-29T21:09:46.784+0000] {logging_mixin.py:188} INFO - [2024-04-29T21:09:46.784+0000] {dag.py:3954} INFO - Setting next_dagrun for spotify_extract_dag to 2024-04-29 00:00:00+00:00, run_after=2024-04-30 00:00:00+00:00
[2024-04-29T21:09:46.794+0000] {processor.py:183} INFO - Processing /opt/airflow/dags/meltano_spotify_dag.py took 0.062 seconds
[2024-04-29T21:10:16.885+0000] {processor.py:161} INFO - Started process (PID=403) to work on /opt/airflow/dags/meltano_spotify_dag.py
[2024-04-29T21:10:16.886+0000] {processor.py:830} INFO - Processing file /opt/airflow/dags/meltano_spotify_dag.py for tasks to queue
[2024-04-29T21:10:16.887+0000] {logging_mixin.py:188} INFO - [2024-04-29T21:10:16.887+0000] {dagbag.py:540} INFO - Filling up the DagBag from /opt/airflow/dags/meltano_spotify_dag.py
[2024-04-29T21:10:16.906+0000] {processor.py:840} INFO - DAG(s) 'spotify_extract_dag' retrieved from /opt/airflow/dags/meltano_spotify_dag.py
[2024-04-29T21:10:16.917+0000] {logging_mixin.py:188} INFO - [2024-04-29T21:10:16.917+0000] {dag.py:3096} INFO - Sync 1 DAGs
[2024-04-29T21:10:16.931+0000] {logging_mixin.py:188} INFO - [2024-04-29T21:10:16.931+0000] {dag.py:3954} INFO - Setting next_dagrun for spotify_extract_dag to 2024-04-29 00:00:00+00:00, run_after=2024-04-30 00:00:00+00:00
[2024-04-29T21:10:16.943+0000] {processor.py:183} INFO - Processing /opt/airflow/dags/meltano_spotify_dag.py took 0.062 seconds
[2024-04-29T21:10:47.004+0000] {processor.py:161} INFO - Started process (PID=410) to work on /opt/airflow/dags/meltano_spotify_dag.py
[2024-04-29T21:10:47.005+0000] {processor.py:830} INFO - Processing file /opt/airflow/dags/meltano_spotify_dag.py for tasks to queue
[2024-04-29T21:10:47.006+0000] {logging_mixin.py:188} INFO - [2024-04-29T21:10:47.006+0000] {dagbag.py:540} INFO - Filling up the DagBag from /opt/airflow/dags/meltano_spotify_dag.py
[2024-04-29T21:10:47.026+0000] {processor.py:840} INFO - DAG(s) 'spotify_extract_dag' retrieved from /opt/airflow/dags/meltano_spotify_dag.py
[2024-04-29T21:10:47.039+0000] {logging_mixin.py:188} INFO - [2024-04-29T21:10:47.038+0000] {dag.py:3096} INFO - Sync 1 DAGs
[2024-04-29T21:10:47.054+0000] {logging_mixin.py:188} INFO - [2024-04-29T21:10:47.054+0000] {dag.py:3954} INFO - Setting next_dagrun for spotify_extract_dag to 2024-04-29 00:00:00+00:00, run_after=2024-04-30 00:00:00+00:00
[2024-04-29T21:10:47.066+0000] {processor.py:183} INFO - Processing /opt/airflow/dags/meltano_spotify_dag.py took 0.066 seconds
[2024-04-29T21:11:17.138+0000] {processor.py:161} INFO - Started process (PID=417) to work on /opt/airflow/dags/meltano_spotify_dag.py
[2024-04-29T21:11:17.138+0000] {processor.py:830} INFO - Processing file /opt/airflow/dags/meltano_spotify_dag.py for tasks to queue
[2024-04-29T21:11:17.140+0000] {logging_mixin.py:188} INFO - [2024-04-29T21:11:17.139+0000] {dagbag.py:540} INFO - Filling up the DagBag from /opt/airflow/dags/meltano_spotify_dag.py
[2024-04-29T21:11:17.159+0000] {processor.py:840} INFO - DAG(s) 'spotify_extract_dag' retrieved from /opt/airflow/dags/meltano_spotify_dag.py
[2024-04-29T21:11:17.169+0000] {logging_mixin.py:188} INFO - [2024-04-29T21:11:17.169+0000] {dag.py:3096} INFO - Sync 1 DAGs
[2024-04-29T21:11:17.184+0000] {logging_mixin.py:188} INFO - [2024-04-29T21:11:17.184+0000] {dag.py:3954} INFO - Setting next_dagrun for spotify_extract_dag to 2024-04-29 00:00:00+00:00, run_after=2024-04-30 00:00:00+00:00
[2024-04-29T21:11:17.194+0000] {processor.py:183} INFO - Processing /opt/airflow/dags/meltano_spotify_dag.py took 0.060 seconds
[2024-04-29T21:11:47.265+0000] {processor.py:161} INFO - Started process (PID=424) to work on /opt/airflow/dags/meltano_spotify_dag.py
[2024-04-29T21:11:47.266+0000] {processor.py:830} INFO - Processing file /opt/airflow/dags/meltano_spotify_dag.py for tasks to queue
[2024-04-29T21:11:47.267+0000] {logging_mixin.py:188} INFO - [2024-04-29T21:11:47.267+0000] {dagbag.py:540} INFO - Filling up the DagBag from /opt/airflow/dags/meltano_spotify_dag.py
[2024-04-29T21:11:47.287+0000] {processor.py:840} INFO - DAG(s) 'spotify_extract_dag' retrieved from /opt/airflow/dags/meltano_spotify_dag.py
[2024-04-29T21:11:47.297+0000] {logging_mixin.py:188} INFO - [2024-04-29T21:11:47.297+0000] {dag.py:3096} INFO - Sync 1 DAGs
[2024-04-29T21:11:47.312+0000] {logging_mixin.py:188} INFO - [2024-04-29T21:11:47.311+0000] {dag.py:3954} INFO - Setting next_dagrun for spotify_extract_dag to 2024-04-29 00:00:00+00:00, run_after=2024-04-30 00:00:00+00:00
[2024-04-29T21:11:47.324+0000] {processor.py:183} INFO - Processing /opt/airflow/dags/meltano_spotify_dag.py took 0.064 seconds
[2024-04-29T21:12:17.396+0000] {processor.py:161} INFO - Started process (PID=431) to work on /opt/airflow/dags/meltano_spotify_dag.py
[2024-04-29T21:12:17.397+0000] {processor.py:830} INFO - Processing file /opt/airflow/dags/meltano_spotify_dag.py for tasks to queue
[2024-04-29T21:12:17.398+0000] {logging_mixin.py:188} INFO - [2024-04-29T21:12:17.398+0000] {dagbag.py:540} INFO - Filling up the DagBag from /opt/airflow/dags/meltano_spotify_dag.py
[2024-04-29T21:12:17.418+0000] {processor.py:840} INFO - DAG(s) 'spotify_extract_dag' retrieved from /opt/airflow/dags/meltano_spotify_dag.py
[2024-04-29T21:12:17.430+0000] {logging_mixin.py:188} INFO - [2024-04-29T21:12:17.430+0000] {dag.py:3096} INFO - Sync 1 DAGs
[2024-04-29T21:12:17.446+0000] {logging_mixin.py:188} INFO - [2024-04-29T21:12:17.445+0000] {dag.py:3954} INFO - Setting next_dagrun for spotify_extract_dag to 2024-04-29 00:00:00+00:00, run_after=2024-04-30 00:00:00+00:00
[2024-04-29T21:12:17.456+0000] {processor.py:183} INFO - Processing /opt/airflow/dags/meltano_spotify_dag.py took 0.064 seconds
[2024-04-29T21:12:47.522+0000] {processor.py:161} INFO - Started process (PID=438) to work on /opt/airflow/dags/meltano_spotify_dag.py
[2024-04-29T21:12:47.522+0000] {processor.py:830} INFO - Processing file /opt/airflow/dags/meltano_spotify_dag.py for tasks to queue
[2024-04-29T21:12:47.524+0000] {logging_mixin.py:188} INFO - [2024-04-29T21:12:47.523+0000] {dagbag.py:540} INFO - Filling up the DagBag from /opt/airflow/dags/meltano_spotify_dag.py
[2024-04-29T21:12:47.545+0000] {processor.py:840} INFO - DAG(s) 'spotify_extract_dag' retrieved from /opt/airflow/dags/meltano_spotify_dag.py
[2024-04-29T21:12:47.556+0000] {logging_mixin.py:188} INFO - [2024-04-29T21:12:47.556+0000] {dag.py:3096} INFO - Sync 1 DAGs
[2024-04-29T21:12:47.572+0000] {logging_mixin.py:188} INFO - [2024-04-29T21:12:47.572+0000] {dag.py:3954} INFO - Setting next_dagrun for spotify_extract_dag to 2024-04-29 00:00:00+00:00, run_after=2024-04-30 00:00:00+00:00
[2024-04-29T21:12:47.584+0000] {processor.py:183} INFO - Processing /opt/airflow/dags/meltano_spotify_dag.py took 0.066 seconds
[2024-04-29T21:13:17.658+0000] {processor.py:161} INFO - Started process (PID=445) to work on /opt/airflow/dags/meltano_spotify_dag.py
[2024-04-29T21:13:17.658+0000] {processor.py:830} INFO - Processing file /opt/airflow/dags/meltano_spotify_dag.py for tasks to queue
[2024-04-29T21:13:17.660+0000] {logging_mixin.py:188} INFO - [2024-04-29T21:13:17.659+0000] {dagbag.py:540} INFO - Filling up the DagBag from /opt/airflow/dags/meltano_spotify_dag.py
[2024-04-29T21:13:17.680+0000] {processor.py:840} INFO - DAG(s) 'spotify_extract_dag' retrieved from /opt/airflow/dags/meltano_spotify_dag.py
[2024-04-29T21:13:17.690+0000] {logging_mixin.py:188} INFO - [2024-04-29T21:13:17.690+0000] {dag.py:3096} INFO - Sync 1 DAGs
[2024-04-29T21:13:17.704+0000] {logging_mixin.py:188} INFO - [2024-04-29T21:13:17.704+0000] {dag.py:3954} INFO - Setting next_dagrun for spotify_extract_dag to 2024-04-29 00:00:00+00:00, run_after=2024-04-30 00:00:00+00:00
[2024-04-29T21:13:17.717+0000] {processor.py:183} INFO - Processing /opt/airflow/dags/meltano_spotify_dag.py took 0.064 seconds
[2024-04-29T21:13:47.787+0000] {processor.py:161} INFO - Started process (PID=452) to work on /opt/airflow/dags/meltano_spotify_dag.py
[2024-04-29T21:13:47.787+0000] {processor.py:830} INFO - Processing file /opt/airflow/dags/meltano_spotify_dag.py for tasks to queue
[2024-04-29T21:13:47.789+0000] {logging_mixin.py:188} INFO - [2024-04-29T21:13:47.788+0000] {dagbag.py:540} INFO - Filling up the DagBag from /opt/airflow/dags/meltano_spotify_dag.py
[2024-04-29T21:13:47.808+0000] {processor.py:840} INFO - DAG(s) 'spotify_extract_dag' retrieved from /opt/airflow/dags/meltano_spotify_dag.py
[2024-04-29T21:13:47.820+0000] {logging_mixin.py:188} INFO - [2024-04-29T21:13:47.819+0000] {dag.py:3096} INFO - Sync 1 DAGs
[2024-04-29T21:13:47.835+0000] {logging_mixin.py:188} INFO - [2024-04-29T21:13:47.834+0000] {dag.py:3954} INFO - Setting next_dagrun for spotify_extract_dag to 2024-04-29 00:00:00+00:00, run_after=2024-04-30 00:00:00+00:00
[2024-04-29T21:13:47.844+0000] {processor.py:183} INFO - Processing /opt/airflow/dags/meltano_spotify_dag.py took 0.062 seconds
