[2024-04-24T23:38:42.140+0000] {local_task_job_runner.py:120} INFO - ::group::Pre task execution logs
[2024-04-24T23:38:42.158+0000] {taskinstance.py:2073} INFO - Dependencies all met for dep_context=non-requeueable deps ti=<TaskInstance: spotify_extract_dag.el_spotify manual__2024-04-24T23:29:09.935982+00:00 [queued]>
[2024-04-24T23:38:42.163+0000] {taskinstance.py:2073} INFO - Dependencies all met for dep_context=requeueable deps ti=<TaskInstance: spotify_extract_dag.el_spotify manual__2024-04-24T23:29:09.935982+00:00 [queued]>
[2024-04-24T23:38:42.164+0000] {taskinstance.py:2303} INFO - Starting attempt 4 of 6
[2024-04-24T23:38:42.174+0000] {taskinstance.py:2327} INFO - Executing <Task(DockerOperator): el_spotify> on 2024-04-24 23:29:09.935982+00:00
[2024-04-24T23:38:42.180+0000] {warnings.py:110} WARNING - /home/***/.local/lib/python3.12/site-packages/***/task/task_runner/standard_task_runner.py:61: DeprecationWarning: This process (pid=274) is multi-threaded, use of fork() may lead to deadlocks in the child.
  pid = os.fork()

[2024-04-24T23:38:42.181+0000] {standard_task_runner.py:63} INFO - Started process 275 to run task
[2024-04-24T23:38:42.181+0000] {standard_task_runner.py:90} INFO - Running: ['***', 'tasks', 'run', 'spotify_extract_dag', 'el_spotify', 'manual__2024-04-24T23:29:09.935982+00:00', '--job-id', '40', '--raw', '--subdir', 'DAGS_FOLDER/meltano_spotify_dag.py', '--cfg-path', '/tmp/tmpvc5pg_31']
[2024-04-24T23:38:42.182+0000] {standard_task_runner.py:91} INFO - Job 40: Subtask el_spotify
[2024-04-24T23:38:42.214+0000] {task_command.py:426} INFO - Running <TaskInstance: spotify_extract_dag.el_spotify manual__2024-04-24T23:29:09.935982+00:00 [running]> on host ba7bb483867c
[2024-04-24T23:38:42.277+0000] {taskinstance.py:2644} INFO - Exporting env vars: AIRFLOW_CTX_DAG_OWNER='***' AIRFLOW_CTX_DAG_ID='spotify_extract_dag' AIRFLOW_CTX_TASK_ID='el_spotify' AIRFLOW_CTX_EXECUTION_DATE='2024-04-24T23:29:09.935982+00:00' AIRFLOW_CTX_TRY_NUMBER='4' AIRFLOW_CTX_DAG_RUN_ID='manual__2024-04-24T23:29:09.935982+00:00'
[2024-04-24T23:38:42.277+0000] {taskinstance.py:430} INFO - ::endgroup::
[2024-04-24T23:38:42.298+0000] {docker.py:359} INFO - Starting docker container from image meltano
[2024-04-24T23:38:42.300+0000] {docker.py:367} WARNING - Using remote engine or docker-in-docker and mounting temporary volume from host is not supported. Falling back to `mount_tmp_dir=False` mode. You can set `mount_tmp_dir` parameter to False to disable mounting and remove the warning
[2024-04-24T23:38:43.181+0000] {docker.py:429} INFO - Usage: meltano [OPTIONS] COMMAND [ARGS]...

      Your CLI for ELT+

      Read more at https://docs.meltano.com/reference/command-line-interface
          

Options:
  --log-level [debug|info|warning|error|critical]
  --log-config TEXT               Path to a python logging yaml config file.
  --environment TEXT              Meltano environment name.
  --no-environment                Don't use any environment.
  --cwd DIRECTORY                 Run Meltano as if it had been started in the
                                  specified directory.
  --version                       Show the version and exit.
  --help                          Show this message and exit.

Commands:
  add          Add a plugin to your project.
  compile      Compile a Meltano manifest. (beta)
  config       Display Meltano or plugin configuration.
  docs         Open the Meltano docs in your browser.
  dragon       Summon a dragon!
  el           Run an EL pipeline to Extract and Load data.
  elt          Run an ELT pipeline to Extract, Load, and Transform data.
  environment  Manage environments.
  hub          Interact with Meltano Hub.
  init         Create a new Meltano project.
  install      Install project dependencies.
  invoke       Invoke a plugin.
  job          Manage jobs.
  lock         Lock plugin definitions.
  remove       Remove plugins from your project.
  run          Run a set of plugins in series.
  schedule     Manage pipeline schedules.
  schema       Manage system DB schema.
  select       Manage extractor selection patterns.
  state        Manage Singer state.
  test         Run validations using plugins' tests.
  upgrade      Upgrade Meltano and your entire project to the latest version.
[2024-04-24T23:38:43.414+0000] {taskinstance.py:441} INFO - ::group::Post task execution logs
[2024-04-24T23:38:43.431+0000] {taskinstance.py:1205} INFO - Marking task as SUCCESS. dag_id=spotify_extract_dag, task_id=el_spotify, execution_date=20240424T232909, start_date=20240424T233842, end_date=20240424T233843
[2024-04-24T23:38:43.477+0000] {local_task_job_runner.py:240} INFO - Task exited with return code 0
[2024-04-24T23:38:43.491+0000] {taskinstance.py:3482} INFO - 0 downstream tasks scheduled from follow-on schedule check
[2024-04-24T23:38:43.493+0000] {local_task_job_runner.py:222} INFO - ::endgroup::
