[2024-04-23 19:10:28,279] {scheduler_job.py:182} INFO - Started process (PID=60) to work on /home/airflow/.local/lib/python3.6/site-packages/airflow/example_dags/example_latest_only_with_trigger.py
[2024-04-23 19:10:28,279] {scheduler_job.py:629} INFO - Processing file /home/airflow/.local/lib/python3.6/site-packages/airflow/example_dags/example_latest_only_with_trigger.py for tasks to queue
[2024-04-23 19:10:28,280] {logging_mixin.py:104} INFO - [2024-04-23 19:10:28,280] {dagbag.py:451} INFO - Filling up the DagBag from /home/airflow/.local/lib/python3.6/site-packages/airflow/example_dags/example_latest_only_with_trigger.py
[2024-04-23 19:10:28,287] {scheduler_job.py:639} INFO - DAG(s) dict_keys(['latest_only_with_trigger']) retrieved from /home/airflow/.local/lib/python3.6/site-packages/airflow/example_dags/example_latest_only_with_trigger.py
[2024-04-23 19:10:28,302] {logging_mixin.py:104} INFO - [2024-04-23 19:10:28,302] {dag.py:1824} INFO - Sync 1 DAGs
[2024-04-23 19:10:28,310] {logging_mixin.py:104} INFO - [2024-04-23 19:10:28,310] {dag.py:1843} INFO - Creating ORM DAG for latest_only_with_trigger
[2024-04-23 19:10:28,313] {logging_mixin.py:104} INFO - [2024-04-23 19:10:28,313] {dag.py:2280} INFO - Setting next_dagrun for latest_only_with_trigger to 2024-04-21 00:00:00+00:00
[2024-04-23 19:10:28,322] {scheduler_job.py:190} INFO - Processing /home/airflow/.local/lib/python3.6/site-packages/airflow/example_dags/example_latest_only_with_trigger.py took 0.045 seconds
[2024-04-23 19:10:59,073] {scheduler_job.py:182} INFO - Started process (PID=86) to work on /home/airflow/.local/lib/python3.6/site-packages/airflow/example_dags/example_latest_only_with_trigger.py
[2024-04-23 19:10:59,073] {scheduler_job.py:629} INFO - Processing file /home/airflow/.local/lib/python3.6/site-packages/airflow/example_dags/example_latest_only_with_trigger.py for tasks to queue
[2024-04-23 19:10:59,074] {logging_mixin.py:104} INFO - [2024-04-23 19:10:59,074] {dagbag.py:451} INFO - Filling up the DagBag from /home/airflow/.local/lib/python3.6/site-packages/airflow/example_dags/example_latest_only_with_trigger.py
[2024-04-23 19:10:59,080] {scheduler_job.py:639} INFO - DAG(s) dict_keys(['latest_only_with_trigger']) retrieved from /home/airflow/.local/lib/python3.6/site-packages/airflow/example_dags/example_latest_only_with_trigger.py
[2024-04-23 19:10:59,093] {logging_mixin.py:104} INFO - [2024-04-23 19:10:59,093] {dag.py:1824} INFO - Sync 1 DAGs
[2024-04-23 19:10:59,102] {logging_mixin.py:104} INFO - [2024-04-23 19:10:59,102] {dag.py:2280} INFO - Setting next_dagrun for latest_only_with_trigger to 2024-04-21 00:00:00+00:00
[2024-04-23 19:10:59,108] {scheduler_job.py:190} INFO - Processing /home/airflow/.local/lib/python3.6/site-packages/airflow/example_dags/example_latest_only_with_trigger.py took 0.037 seconds
[2024-04-23 19:11:29,808] {scheduler_job.py:182} INFO - Started process (PID=112) to work on /home/airflow/.local/lib/python3.6/site-packages/airflow/example_dags/example_latest_only_with_trigger.py
[2024-04-23 19:11:29,809] {scheduler_job.py:629} INFO - Processing file /home/airflow/.local/lib/python3.6/site-packages/airflow/example_dags/example_latest_only_with_trigger.py for tasks to queue
[2024-04-23 19:11:29,809] {logging_mixin.py:104} INFO - [2024-04-23 19:11:29,809] {dagbag.py:451} INFO - Filling up the DagBag from /home/airflow/.local/lib/python3.6/site-packages/airflow/example_dags/example_latest_only_with_trigger.py
[2024-04-23 19:11:29,816] {scheduler_job.py:639} INFO - DAG(s) dict_keys(['latest_only_with_trigger']) retrieved from /home/airflow/.local/lib/python3.6/site-packages/airflow/example_dags/example_latest_only_with_trigger.py
[2024-04-23 19:11:29,828] {logging_mixin.py:104} INFO - [2024-04-23 19:11:29,828] {dag.py:1824} INFO - Sync 1 DAGs
[2024-04-23 19:11:29,838] {logging_mixin.py:104} INFO - [2024-04-23 19:11:29,838] {dag.py:2280} INFO - Setting next_dagrun for latest_only_with_trigger to 2024-04-21 00:00:00+00:00
[2024-04-23 19:11:29,843] {scheduler_job.py:190} INFO - Processing /home/airflow/.local/lib/python3.6/site-packages/airflow/example_dags/example_latest_only_with_trigger.py took 0.036 seconds
[2024-04-23 19:12:00,545] {scheduler_job.py:182} INFO - Started process (PID=138) to work on /home/airflow/.local/lib/python3.6/site-packages/airflow/example_dags/example_latest_only_with_trigger.py
[2024-04-23 19:12:00,545] {scheduler_job.py:629} INFO - Processing file /home/airflow/.local/lib/python3.6/site-packages/airflow/example_dags/example_latest_only_with_trigger.py for tasks to queue
[2024-04-23 19:12:00,546] {logging_mixin.py:104} INFO - [2024-04-23 19:12:00,546] {dagbag.py:451} INFO - Filling up the DagBag from /home/airflow/.local/lib/python3.6/site-packages/airflow/example_dags/example_latest_only_with_trigger.py
[2024-04-23 19:12:00,552] {scheduler_job.py:639} INFO - DAG(s) dict_keys(['latest_only_with_trigger']) retrieved from /home/airflow/.local/lib/python3.6/site-packages/airflow/example_dags/example_latest_only_with_trigger.py
[2024-04-23 19:12:00,564] {logging_mixin.py:104} INFO - [2024-04-23 19:12:00,564] {dag.py:1824} INFO - Sync 1 DAGs
[2024-04-23 19:12:00,574] {logging_mixin.py:104} INFO - [2024-04-23 19:12:00,574] {dag.py:2280} INFO - Setting next_dagrun for latest_only_with_trigger to 2024-04-21 00:00:00+00:00
[2024-04-23 19:12:00,581] {scheduler_job.py:190} INFO - Processing /home/airflow/.local/lib/python3.6/site-packages/airflow/example_dags/example_latest_only_with_trigger.py took 0.038 seconds
[2024-04-23 19:12:31,298] {scheduler_job.py:182} INFO - Started process (PID=164) to work on /home/airflow/.local/lib/python3.6/site-packages/airflow/example_dags/example_latest_only_with_trigger.py
[2024-04-23 19:12:31,299] {scheduler_job.py:629} INFO - Processing file /home/airflow/.local/lib/python3.6/site-packages/airflow/example_dags/example_latest_only_with_trigger.py for tasks to queue
[2024-04-23 19:12:31,299] {logging_mixin.py:104} INFO - [2024-04-23 19:12:31,299] {dagbag.py:451} INFO - Filling up the DagBag from /home/airflow/.local/lib/python3.6/site-packages/airflow/example_dags/example_latest_only_with_trigger.py
[2024-04-23 19:12:31,307] {scheduler_job.py:639} INFO - DAG(s) dict_keys(['latest_only_with_trigger']) retrieved from /home/airflow/.local/lib/python3.6/site-packages/airflow/example_dags/example_latest_only_with_trigger.py
[2024-04-23 19:12:31,320] {logging_mixin.py:104} INFO - [2024-04-23 19:12:31,319] {dag.py:1824} INFO - Sync 1 DAGs
[2024-04-23 19:12:31,330] {logging_mixin.py:104} INFO - [2024-04-23 19:12:31,330] {dag.py:2280} INFO - Setting next_dagrun for latest_only_with_trigger to 2024-04-21 00:00:00+00:00
[2024-04-23 19:12:31,334] {scheduler_job.py:190} INFO - Processing /home/airflow/.local/lib/python3.6/site-packages/airflow/example_dags/example_latest_only_with_trigger.py took 0.037 seconds
[2024-04-23 19:13:02,057] {scheduler_job.py:182} INFO - Started process (PID=190) to work on /home/airflow/.local/lib/python3.6/site-packages/airflow/example_dags/example_latest_only_with_trigger.py
[2024-04-23 19:13:02,057] {scheduler_job.py:629} INFO - Processing file /home/airflow/.local/lib/python3.6/site-packages/airflow/example_dags/example_latest_only_with_trigger.py for tasks to queue
[2024-04-23 19:13:02,058] {logging_mixin.py:104} INFO - [2024-04-23 19:13:02,058] {dagbag.py:451} INFO - Filling up the DagBag from /home/airflow/.local/lib/python3.6/site-packages/airflow/example_dags/example_latest_only_with_trigger.py
[2024-04-23 19:13:02,064] {scheduler_job.py:639} INFO - DAG(s) dict_keys(['latest_only_with_trigger']) retrieved from /home/airflow/.local/lib/python3.6/site-packages/airflow/example_dags/example_latest_only_with_trigger.py
[2024-04-23 19:13:02,076] {logging_mixin.py:104} INFO - [2024-04-23 19:13:02,076] {dag.py:1824} INFO - Sync 1 DAGs
[2024-04-23 19:13:02,085] {logging_mixin.py:104} INFO - [2024-04-23 19:13:02,085] {dag.py:2280} INFO - Setting next_dagrun for latest_only_with_trigger to 2024-04-21 00:00:00+00:00
[2024-04-23 19:13:02,090] {scheduler_job.py:190} INFO - Processing /home/airflow/.local/lib/python3.6/site-packages/airflow/example_dags/example_latest_only_with_trigger.py took 0.035 seconds
[2024-04-23 19:13:32,810] {scheduler_job.py:182} INFO - Started process (PID=216) to work on /home/airflow/.local/lib/python3.6/site-packages/airflow/example_dags/example_latest_only_with_trigger.py
[2024-04-23 19:13:32,811] {scheduler_job.py:629} INFO - Processing file /home/airflow/.local/lib/python3.6/site-packages/airflow/example_dags/example_latest_only_with_trigger.py for tasks to queue
[2024-04-23 19:13:32,811] {logging_mixin.py:104} INFO - [2024-04-23 19:13:32,811] {dagbag.py:451} INFO - Filling up the DagBag from /home/airflow/.local/lib/python3.6/site-packages/airflow/example_dags/example_latest_only_with_trigger.py
[2024-04-23 19:13:32,818] {scheduler_job.py:639} INFO - DAG(s) dict_keys(['latest_only_with_trigger']) retrieved from /home/airflow/.local/lib/python3.6/site-packages/airflow/example_dags/example_latest_only_with_trigger.py
[2024-04-23 19:13:32,833] {logging_mixin.py:104} INFO - [2024-04-23 19:13:32,833] {dag.py:1824} INFO - Sync 1 DAGs
[2024-04-23 19:13:32,841] {logging_mixin.py:104} INFO - [2024-04-23 19:13:32,840] {dag.py:2280} INFO - Setting next_dagrun for latest_only_with_trigger to 2024-04-21 00:00:00+00:00
[2024-04-23 19:13:32,847] {scheduler_job.py:190} INFO - Processing /home/airflow/.local/lib/python3.6/site-packages/airflow/example_dags/example_latest_only_with_trigger.py took 0.039 seconds
[2024-04-23 19:14:03,535] {scheduler_job.py:182} INFO - Started process (PID=242) to work on /home/airflow/.local/lib/python3.6/site-packages/airflow/example_dags/example_latest_only_with_trigger.py
[2024-04-23 19:14:03,535] {scheduler_job.py:629} INFO - Processing file /home/airflow/.local/lib/python3.6/site-packages/airflow/example_dags/example_latest_only_with_trigger.py for tasks to queue
[2024-04-23 19:14:03,536] {logging_mixin.py:104} INFO - [2024-04-23 19:14:03,536] {dagbag.py:451} INFO - Filling up the DagBag from /home/airflow/.local/lib/python3.6/site-packages/airflow/example_dags/example_latest_only_with_trigger.py
[2024-04-23 19:14:03,543] {scheduler_job.py:639} INFO - DAG(s) dict_keys(['latest_only_with_trigger']) retrieved from /home/airflow/.local/lib/python3.6/site-packages/airflow/example_dags/example_latest_only_with_trigger.py
[2024-04-23 19:14:03,557] {logging_mixin.py:104} INFO - [2024-04-23 19:14:03,557] {dag.py:1824} INFO - Sync 1 DAGs
[2024-04-23 19:14:03,566] {logging_mixin.py:104} INFO - [2024-04-23 19:14:03,566] {dag.py:2280} INFO - Setting next_dagrun for latest_only_with_trigger to 2024-04-21 00:00:00+00:00
[2024-04-23 19:14:03,573] {scheduler_job.py:190} INFO - Processing /home/airflow/.local/lib/python3.6/site-packages/airflow/example_dags/example_latest_only_with_trigger.py took 0.040 seconds
[2024-04-23 19:14:34,307] {scheduler_job.py:182} INFO - Started process (PID=268) to work on /home/airflow/.local/lib/python3.6/site-packages/airflow/example_dags/example_latest_only_with_trigger.py
[2024-04-23 19:14:34,308] {scheduler_job.py:629} INFO - Processing file /home/airflow/.local/lib/python3.6/site-packages/airflow/example_dags/example_latest_only_with_trigger.py for tasks to queue
[2024-04-23 19:14:34,308] {logging_mixin.py:104} INFO - [2024-04-23 19:14:34,308] {dagbag.py:451} INFO - Filling up the DagBag from /home/airflow/.local/lib/python3.6/site-packages/airflow/example_dags/example_latest_only_with_trigger.py
[2024-04-23 19:14:34,315] {scheduler_job.py:639} INFO - DAG(s) dict_keys(['latest_only_with_trigger']) retrieved from /home/airflow/.local/lib/python3.6/site-packages/airflow/example_dags/example_latest_only_with_trigger.py
[2024-04-23 19:14:34,331] {logging_mixin.py:104} INFO - [2024-04-23 19:14:34,331] {dag.py:1824} INFO - Sync 1 DAGs
[2024-04-23 19:14:34,339] {logging_mixin.py:104} INFO - [2024-04-23 19:14:34,339] {dag.py:2280} INFO - Setting next_dagrun for latest_only_with_trigger to 2024-04-21 00:00:00+00:00
[2024-04-23 19:14:34,346] {scheduler_job.py:190} INFO - Processing /home/airflow/.local/lib/python3.6/site-packages/airflow/example_dags/example_latest_only_with_trigger.py took 0.041 seconds
[2024-04-23 19:15:05,117] {scheduler_job.py:182} INFO - Started process (PID=294) to work on /home/airflow/.local/lib/python3.6/site-packages/airflow/example_dags/example_latest_only_with_trigger.py
[2024-04-23 19:15:05,118] {scheduler_job.py:629} INFO - Processing file /home/airflow/.local/lib/python3.6/site-packages/airflow/example_dags/example_latest_only_with_trigger.py for tasks to queue
[2024-04-23 19:15:05,118] {logging_mixin.py:104} INFO - [2024-04-23 19:15:05,118] {dagbag.py:451} INFO - Filling up the DagBag from /home/airflow/.local/lib/python3.6/site-packages/airflow/example_dags/example_latest_only_with_trigger.py
[2024-04-23 19:15:05,126] {scheduler_job.py:639} INFO - DAG(s) dict_keys(['latest_only_with_trigger']) retrieved from /home/airflow/.local/lib/python3.6/site-packages/airflow/example_dags/example_latest_only_with_trigger.py
[2024-04-23 19:15:05,142] {logging_mixin.py:104} INFO - [2024-04-23 19:15:05,142] {dag.py:1824} INFO - Sync 1 DAGs
[2024-04-23 19:15:05,150] {logging_mixin.py:104} INFO - [2024-04-23 19:15:05,150] {dag.py:2280} INFO - Setting next_dagrun for latest_only_with_trigger to 2024-04-21 00:00:00+00:00
[2024-04-23 19:15:05,156] {scheduler_job.py:190} INFO - Processing /home/airflow/.local/lib/python3.6/site-packages/airflow/example_dags/example_latest_only_with_trigger.py took 0.040 seconds
[2024-04-23 19:15:35,867] {scheduler_job.py:182} INFO - Started process (PID=320) to work on /home/airflow/.local/lib/python3.6/site-packages/airflow/example_dags/example_latest_only_with_trigger.py
[2024-04-23 19:15:35,867] {scheduler_job.py:629} INFO - Processing file /home/airflow/.local/lib/python3.6/site-packages/airflow/example_dags/example_latest_only_with_trigger.py for tasks to queue
[2024-04-23 19:15:35,868] {logging_mixin.py:104} INFO - [2024-04-23 19:15:35,867] {dagbag.py:451} INFO - Filling up the DagBag from /home/airflow/.local/lib/python3.6/site-packages/airflow/example_dags/example_latest_only_with_trigger.py
[2024-04-23 19:15:35,877] {scheduler_job.py:639} INFO - DAG(s) dict_keys(['latest_only_with_trigger']) retrieved from /home/airflow/.local/lib/python3.6/site-packages/airflow/example_dags/example_latest_only_with_trigger.py
[2024-04-23 19:15:35,890] {logging_mixin.py:104} INFO - [2024-04-23 19:15:35,890] {dag.py:1824} INFO - Sync 1 DAGs
[2024-04-23 19:15:35,898] {logging_mixin.py:104} INFO - [2024-04-23 19:15:35,898] {dag.py:2280} INFO - Setting next_dagrun for latest_only_with_trigger to 2024-04-21 00:00:00+00:00
[2024-04-23 19:15:35,904] {scheduler_job.py:190} INFO - Processing /home/airflow/.local/lib/python3.6/site-packages/airflow/example_dags/example_latest_only_with_trigger.py took 0.039 seconds
[2024-04-23 19:16:06,661] {scheduler_job.py:182} INFO - Started process (PID=346) to work on /home/airflow/.local/lib/python3.6/site-packages/airflow/example_dags/example_latest_only_with_trigger.py
[2024-04-23 19:16:06,661] {scheduler_job.py:629} INFO - Processing file /home/airflow/.local/lib/python3.6/site-packages/airflow/example_dags/example_latest_only_with_trigger.py for tasks to queue
[2024-04-23 19:16:06,662] {logging_mixin.py:104} INFO - [2024-04-23 19:16:06,662] {dagbag.py:451} INFO - Filling up the DagBag from /home/airflow/.local/lib/python3.6/site-packages/airflow/example_dags/example_latest_only_with_trigger.py
[2024-04-23 19:16:06,670] {scheduler_job.py:639} INFO - DAG(s) dict_keys(['latest_only_with_trigger']) retrieved from /home/airflow/.local/lib/python3.6/site-packages/airflow/example_dags/example_latest_only_with_trigger.py
[2024-04-23 19:16:06,682] {logging_mixin.py:104} INFO - [2024-04-23 19:16:06,682] {dag.py:1824} INFO - Sync 1 DAGs
[2024-04-23 19:16:06,690] {logging_mixin.py:104} INFO - [2024-04-23 19:16:06,689] {dag.py:2280} INFO - Setting next_dagrun for latest_only_with_trigger to 2024-04-21 00:00:00+00:00
[2024-04-23 19:16:06,695] {scheduler_job.py:190} INFO - Processing /home/airflow/.local/lib/python3.6/site-packages/airflow/example_dags/example_latest_only_with_trigger.py took 0.036 seconds
[2024-04-23 19:16:37,449] {scheduler_job.py:182} INFO - Started process (PID=372) to work on /home/airflow/.local/lib/python3.6/site-packages/airflow/example_dags/example_latest_only_with_trigger.py
[2024-04-23 19:16:37,449] {scheduler_job.py:629} INFO - Processing file /home/airflow/.local/lib/python3.6/site-packages/airflow/example_dags/example_latest_only_with_trigger.py for tasks to queue
[2024-04-23 19:16:37,450] {logging_mixin.py:104} INFO - [2024-04-23 19:16:37,450] {dagbag.py:451} INFO - Filling up the DagBag from /home/airflow/.local/lib/python3.6/site-packages/airflow/example_dags/example_latest_only_with_trigger.py
[2024-04-23 19:16:37,458] {scheduler_job.py:639} INFO - DAG(s) dict_keys(['latest_only_with_trigger']) retrieved from /home/airflow/.local/lib/python3.6/site-packages/airflow/example_dags/example_latest_only_with_trigger.py
[2024-04-23 19:16:37,470] {logging_mixin.py:104} INFO - [2024-04-23 19:16:37,470] {dag.py:1824} INFO - Sync 1 DAGs
[2024-04-23 19:16:37,477] {logging_mixin.py:104} INFO - [2024-04-23 19:16:37,477] {dag.py:2280} INFO - Setting next_dagrun for latest_only_with_trigger to 2024-04-21 00:00:00+00:00
[2024-04-23 19:16:37,482] {scheduler_job.py:190} INFO - Processing /home/airflow/.local/lib/python3.6/site-packages/airflow/example_dags/example_latest_only_with_trigger.py took 0.035 seconds
[2024-04-23 19:17:08,244] {scheduler_job.py:182} INFO - Started process (PID=398) to work on /home/airflow/.local/lib/python3.6/site-packages/airflow/example_dags/example_latest_only_with_trigger.py
[2024-04-23 19:17:08,244] {scheduler_job.py:629} INFO - Processing file /home/airflow/.local/lib/python3.6/site-packages/airflow/example_dags/example_latest_only_with_trigger.py for tasks to queue
[2024-04-23 19:17:08,245] {logging_mixin.py:104} INFO - [2024-04-23 19:17:08,245] {dagbag.py:451} INFO - Filling up the DagBag from /home/airflow/.local/lib/python3.6/site-packages/airflow/example_dags/example_latest_only_with_trigger.py
[2024-04-23 19:17:08,253] {scheduler_job.py:639} INFO - DAG(s) dict_keys(['latest_only_with_trigger']) retrieved from /home/airflow/.local/lib/python3.6/site-packages/airflow/example_dags/example_latest_only_with_trigger.py
[2024-04-23 19:17:08,266] {logging_mixin.py:104} INFO - [2024-04-23 19:17:08,266] {dag.py:1824} INFO - Sync 1 DAGs
[2024-04-23 19:17:08,273] {logging_mixin.py:104} INFO - [2024-04-23 19:17:08,273] {dag.py:2280} INFO - Setting next_dagrun for latest_only_with_trigger to 2024-04-21 00:00:00+00:00
[2024-04-23 19:17:08,278] {scheduler_job.py:190} INFO - Processing /home/airflow/.local/lib/python3.6/site-packages/airflow/example_dags/example_latest_only_with_trigger.py took 0.036 seconds
[2024-04-23 19:17:39,019] {scheduler_job.py:182} INFO - Started process (PID=424) to work on /home/airflow/.local/lib/python3.6/site-packages/airflow/example_dags/example_latest_only_with_trigger.py
[2024-04-23 19:17:39,022] {scheduler_job.py:629} INFO - Processing file /home/airflow/.local/lib/python3.6/site-packages/airflow/example_dags/example_latest_only_with_trigger.py for tasks to queue
[2024-04-23 19:17:39,022] {logging_mixin.py:104} INFO - [2024-04-23 19:17:39,022] {dagbag.py:451} INFO - Filling up the DagBag from /home/airflow/.local/lib/python3.6/site-packages/airflow/example_dags/example_latest_only_with_trigger.py
[2024-04-23 19:17:39,028] {scheduler_job.py:639} INFO - DAG(s) dict_keys(['latest_only_with_trigger']) retrieved from /home/airflow/.local/lib/python3.6/site-packages/airflow/example_dags/example_latest_only_with_trigger.py
[2024-04-23 19:17:39,040] {logging_mixin.py:104} INFO - [2024-04-23 19:17:39,040] {dag.py:1824} INFO - Sync 1 DAGs
[2024-04-23 19:17:39,048] {logging_mixin.py:104} INFO - [2024-04-23 19:17:39,048] {dag.py:2280} INFO - Setting next_dagrun for latest_only_with_trigger to 2024-04-21 00:00:00+00:00
[2024-04-23 19:17:39,053] {scheduler_job.py:190} INFO - Processing /home/airflow/.local/lib/python3.6/site-packages/airflow/example_dags/example_latest_only_with_trigger.py took 0.036 seconds
[2024-04-23 19:18:09,802] {scheduler_job.py:182} INFO - Started process (PID=450) to work on /home/airflow/.local/lib/python3.6/site-packages/airflow/example_dags/example_latest_only_with_trigger.py
[2024-04-23 19:18:09,802] {scheduler_job.py:629} INFO - Processing file /home/airflow/.local/lib/python3.6/site-packages/airflow/example_dags/example_latest_only_with_trigger.py for tasks to queue
[2024-04-23 19:18:09,802] {logging_mixin.py:104} INFO - [2024-04-23 19:18:09,802] {dagbag.py:451} INFO - Filling up the DagBag from /home/airflow/.local/lib/python3.6/site-packages/airflow/example_dags/example_latest_only_with_trigger.py
[2024-04-23 19:18:09,809] {scheduler_job.py:639} INFO - DAG(s) dict_keys(['latest_only_with_trigger']) retrieved from /home/airflow/.local/lib/python3.6/site-packages/airflow/example_dags/example_latest_only_with_trigger.py
[2024-04-23 19:18:09,822] {logging_mixin.py:104} INFO - [2024-04-23 19:18:09,821] {dag.py:1824} INFO - Sync 1 DAGs
[2024-04-23 19:18:09,830] {logging_mixin.py:104} INFO - [2024-04-23 19:18:09,830] {dag.py:2280} INFO - Setting next_dagrun for latest_only_with_trigger to 2024-04-21 00:00:00+00:00
[2024-04-23 19:18:09,836] {scheduler_job.py:190} INFO - Processing /home/airflow/.local/lib/python3.6/site-packages/airflow/example_dags/example_latest_only_with_trigger.py took 0.036 seconds
[2024-04-23 19:18:40,538] {scheduler_job.py:182} INFO - Started process (PID=476) to work on /home/airflow/.local/lib/python3.6/site-packages/airflow/example_dags/example_latest_only_with_trigger.py
[2024-04-23 19:18:40,539] {scheduler_job.py:629} INFO - Processing file /home/airflow/.local/lib/python3.6/site-packages/airflow/example_dags/example_latest_only_with_trigger.py for tasks to queue
[2024-04-23 19:18:40,539] {logging_mixin.py:104} INFO - [2024-04-23 19:18:40,539] {dagbag.py:451} INFO - Filling up the DagBag from /home/airflow/.local/lib/python3.6/site-packages/airflow/example_dags/example_latest_only_with_trigger.py
[2024-04-23 19:18:40,546] {scheduler_job.py:639} INFO - DAG(s) dict_keys(['latest_only_with_trigger']) retrieved from /home/airflow/.local/lib/python3.6/site-packages/airflow/example_dags/example_latest_only_with_trigger.py
[2024-04-23 19:18:40,558] {logging_mixin.py:104} INFO - [2024-04-23 19:18:40,558] {dag.py:1824} INFO - Sync 1 DAGs
[2024-04-23 19:18:40,566] {logging_mixin.py:104} INFO - [2024-04-23 19:18:40,565] {dag.py:2280} INFO - Setting next_dagrun for latest_only_with_trigger to 2024-04-21 00:00:00+00:00
[2024-04-23 19:18:40,572] {scheduler_job.py:190} INFO - Processing /home/airflow/.local/lib/python3.6/site-packages/airflow/example_dags/example_latest_only_with_trigger.py took 0.035 seconds
