[2024-04-23 19:10:27,969] {scheduler_job.py:182} INFO - Started process (PID=49) to work on /home/airflow/.local/lib/python3.6/site-packages/airflow/example_dags/example_kubernetes_executor.py
[2024-04-23 19:10:27,970] {scheduler_job.py:629} INFO - Processing file /home/airflow/.local/lib/python3.6/site-packages/airflow/example_dags/example_kubernetes_executor.py for tasks to queue
[2024-04-23 19:10:27,970] {logging_mixin.py:104} INFO - [2024-04-23 19:10:27,970] {dagbag.py:451} INFO - Filling up the DagBag from /home/airflow/.local/lib/python3.6/site-packages/airflow/example_dags/example_kubernetes_executor.py
[2024-04-23 19:10:27,979] {scheduler_job.py:639} INFO - DAG(s) dict_keys(['example_kubernetes_executor']) retrieved from /home/airflow/.local/lib/python3.6/site-packages/airflow/example_dags/example_kubernetes_executor.py
[2024-04-23 19:10:27,994] {logging_mixin.py:104} INFO - [2024-04-23 19:10:27,994] {dag.py:1824} INFO - Sync 1 DAGs
[2024-04-23 19:10:28,001] {logging_mixin.py:104} INFO - [2024-04-23 19:10:28,001] {dag.py:1843} INFO - Creating ORM DAG for example_kubernetes_executor
[2024-04-23 19:10:28,004] {logging_mixin.py:104} INFO - [2024-04-23 19:10:28,004] {dag.py:2280} INFO - Setting next_dagrun for example_kubernetes_executor to None
[2024-04-23 19:10:28,014] {scheduler_job.py:190} INFO - Processing /home/airflow/.local/lib/python3.6/site-packages/airflow/example_dags/example_kubernetes_executor.py took 0.047 seconds
[2024-04-23 19:10:58,804] {scheduler_job.py:182} INFO - Started process (PID=75) to work on /home/airflow/.local/lib/python3.6/site-packages/airflow/example_dags/example_kubernetes_executor.py
[2024-04-23 19:10:58,804] {scheduler_job.py:629} INFO - Processing file /home/airflow/.local/lib/python3.6/site-packages/airflow/example_dags/example_kubernetes_executor.py for tasks to queue
[2024-04-23 19:10:58,804] {logging_mixin.py:104} INFO - [2024-04-23 19:10:58,804] {dagbag.py:451} INFO - Filling up the DagBag from /home/airflow/.local/lib/python3.6/site-packages/airflow/example_dags/example_kubernetes_executor.py
[2024-04-23 19:10:58,811] {scheduler_job.py:639} INFO - DAG(s) dict_keys(['example_kubernetes_executor']) retrieved from /home/airflow/.local/lib/python3.6/site-packages/airflow/example_dags/example_kubernetes_executor.py
[2024-04-23 19:10:58,823] {logging_mixin.py:104} INFO - [2024-04-23 19:10:58,823] {dag.py:1824} INFO - Sync 1 DAGs
[2024-04-23 19:10:58,832] {logging_mixin.py:104} INFO - [2024-04-23 19:10:58,832] {dag.py:2280} INFO - Setting next_dagrun for example_kubernetes_executor to None
[2024-04-23 19:10:58,838] {scheduler_job.py:190} INFO - Processing /home/airflow/.local/lib/python3.6/site-packages/airflow/example_dags/example_kubernetes_executor.py took 0.036 seconds
[2024-04-23 19:11:29,533] {scheduler_job.py:182} INFO - Started process (PID=101) to work on /home/airflow/.local/lib/python3.6/site-packages/airflow/example_dags/example_kubernetes_executor.py
[2024-04-23 19:11:29,534] {scheduler_job.py:629} INFO - Processing file /home/airflow/.local/lib/python3.6/site-packages/airflow/example_dags/example_kubernetes_executor.py for tasks to queue
[2024-04-23 19:11:29,534] {logging_mixin.py:104} INFO - [2024-04-23 19:11:29,534] {dagbag.py:451} INFO - Filling up the DagBag from /home/airflow/.local/lib/python3.6/site-packages/airflow/example_dags/example_kubernetes_executor.py
[2024-04-23 19:11:29,541] {scheduler_job.py:639} INFO - DAG(s) dict_keys(['example_kubernetes_executor']) retrieved from /home/airflow/.local/lib/python3.6/site-packages/airflow/example_dags/example_kubernetes_executor.py
[2024-04-23 19:11:29,554] {logging_mixin.py:104} INFO - [2024-04-23 19:11:29,554] {dag.py:1824} INFO - Sync 1 DAGs
[2024-04-23 19:11:29,563] {logging_mixin.py:104} INFO - [2024-04-23 19:11:29,563] {dag.py:2280} INFO - Setting next_dagrun for example_kubernetes_executor to None
[2024-04-23 19:11:29,569] {scheduler_job.py:190} INFO - Processing /home/airflow/.local/lib/python3.6/site-packages/airflow/example_dags/example_kubernetes_executor.py took 0.038 seconds
[2024-04-23 19:12:00,267] {scheduler_job.py:182} INFO - Started process (PID=127) to work on /home/airflow/.local/lib/python3.6/site-packages/airflow/example_dags/example_kubernetes_executor.py
[2024-04-23 19:12:00,267] {scheduler_job.py:629} INFO - Processing file /home/airflow/.local/lib/python3.6/site-packages/airflow/example_dags/example_kubernetes_executor.py for tasks to queue
[2024-04-23 19:12:00,268] {logging_mixin.py:104} INFO - [2024-04-23 19:12:00,268] {dagbag.py:451} INFO - Filling up the DagBag from /home/airflow/.local/lib/python3.6/site-packages/airflow/example_dags/example_kubernetes_executor.py
[2024-04-23 19:12:00,275] {scheduler_job.py:639} INFO - DAG(s) dict_keys(['example_kubernetes_executor']) retrieved from /home/airflow/.local/lib/python3.6/site-packages/airflow/example_dags/example_kubernetes_executor.py
[2024-04-23 19:12:00,287] {logging_mixin.py:104} INFO - [2024-04-23 19:12:00,287] {dag.py:1824} INFO - Sync 1 DAGs
[2024-04-23 19:12:00,296] {logging_mixin.py:104} INFO - [2024-04-23 19:12:00,296] {dag.py:2280} INFO - Setting next_dagrun for example_kubernetes_executor to None
[2024-04-23 19:12:00,302] {scheduler_job.py:190} INFO - Processing /home/airflow/.local/lib/python3.6/site-packages/airflow/example_dags/example_kubernetes_executor.py took 0.037 seconds
[2024-04-23 19:12:30,985] {scheduler_job.py:182} INFO - Started process (PID=153) to work on /home/airflow/.local/lib/python3.6/site-packages/airflow/example_dags/example_kubernetes_executor.py
[2024-04-23 19:12:30,985] {scheduler_job.py:629} INFO - Processing file /home/airflow/.local/lib/python3.6/site-packages/airflow/example_dags/example_kubernetes_executor.py for tasks to queue
[2024-04-23 19:12:30,986] {logging_mixin.py:104} INFO - [2024-04-23 19:12:30,986] {dagbag.py:451} INFO - Filling up the DagBag from /home/airflow/.local/lib/python3.6/site-packages/airflow/example_dags/example_kubernetes_executor.py
[2024-04-23 19:12:30,993] {scheduler_job.py:639} INFO - DAG(s) dict_keys(['example_kubernetes_executor']) retrieved from /home/airflow/.local/lib/python3.6/site-packages/airflow/example_dags/example_kubernetes_executor.py
[2024-04-23 19:12:31,005] {logging_mixin.py:104} INFO - [2024-04-23 19:12:31,005] {dag.py:1824} INFO - Sync 1 DAGs
[2024-04-23 19:12:31,015] {logging_mixin.py:104} INFO - [2024-04-23 19:12:31,015] {dag.py:2280} INFO - Setting next_dagrun for example_kubernetes_executor to None
[2024-04-23 19:12:31,021] {scheduler_job.py:190} INFO - Processing /home/airflow/.local/lib/python3.6/site-packages/airflow/example_dags/example_kubernetes_executor.py took 0.038 seconds
[2024-04-23 19:13:01,748] {scheduler_job.py:182} INFO - Started process (PID=179) to work on /home/airflow/.local/lib/python3.6/site-packages/airflow/example_dags/example_kubernetes_executor.py
[2024-04-23 19:13:01,749] {scheduler_job.py:629} INFO - Processing file /home/airflow/.local/lib/python3.6/site-packages/airflow/example_dags/example_kubernetes_executor.py for tasks to queue
[2024-04-23 19:13:01,749] {logging_mixin.py:104} INFO - [2024-04-23 19:13:01,749] {dagbag.py:451} INFO - Filling up the DagBag from /home/airflow/.local/lib/python3.6/site-packages/airflow/example_dags/example_kubernetes_executor.py
[2024-04-23 19:13:01,756] {scheduler_job.py:639} INFO - DAG(s) dict_keys(['example_kubernetes_executor']) retrieved from /home/airflow/.local/lib/python3.6/site-packages/airflow/example_dags/example_kubernetes_executor.py
[2024-04-23 19:13:01,771] {logging_mixin.py:104} INFO - [2024-04-23 19:13:01,771] {dag.py:1824} INFO - Sync 1 DAGs
[2024-04-23 19:13:01,778] {logging_mixin.py:104} INFO - [2024-04-23 19:13:01,778] {dag.py:2280} INFO - Setting next_dagrun for example_kubernetes_executor to None
[2024-04-23 19:13:01,784] {scheduler_job.py:190} INFO - Processing /home/airflow/.local/lib/python3.6/site-packages/airflow/example_dags/example_kubernetes_executor.py took 0.038 seconds
[2024-04-23 19:13:32,504] {scheduler_job.py:182} INFO - Started process (PID=205) to work on /home/airflow/.local/lib/python3.6/site-packages/airflow/example_dags/example_kubernetes_executor.py
[2024-04-23 19:13:32,505] {scheduler_job.py:629} INFO - Processing file /home/airflow/.local/lib/python3.6/site-packages/airflow/example_dags/example_kubernetes_executor.py for tasks to queue
[2024-04-23 19:13:32,505] {logging_mixin.py:104} INFO - [2024-04-23 19:13:32,505] {dagbag.py:451} INFO - Filling up the DagBag from /home/airflow/.local/lib/python3.6/site-packages/airflow/example_dags/example_kubernetes_executor.py
[2024-04-23 19:13:32,513] {scheduler_job.py:639} INFO - DAG(s) dict_keys(['example_kubernetes_executor']) retrieved from /home/airflow/.local/lib/python3.6/site-packages/airflow/example_dags/example_kubernetes_executor.py
[2024-04-23 19:13:32,528] {logging_mixin.py:104} INFO - [2024-04-23 19:13:32,528] {dag.py:1824} INFO - Sync 1 DAGs
[2024-04-23 19:13:32,537] {logging_mixin.py:104} INFO - [2024-04-23 19:13:32,537] {dag.py:2280} INFO - Setting next_dagrun for example_kubernetes_executor to None
[2024-04-23 19:13:32,545] {scheduler_job.py:190} INFO - Processing /home/airflow/.local/lib/python3.6/site-packages/airflow/example_dags/example_kubernetes_executor.py took 0.043 seconds
[2024-04-23 19:14:03,253] {scheduler_job.py:182} INFO - Started process (PID=231) to work on /home/airflow/.local/lib/python3.6/site-packages/airflow/example_dags/example_kubernetes_executor.py
[2024-04-23 19:14:03,254] {scheduler_job.py:629} INFO - Processing file /home/airflow/.local/lib/python3.6/site-packages/airflow/example_dags/example_kubernetes_executor.py for tasks to queue
[2024-04-23 19:14:03,254] {logging_mixin.py:104} INFO - [2024-04-23 19:14:03,254] {dagbag.py:451} INFO - Filling up the DagBag from /home/airflow/.local/lib/python3.6/site-packages/airflow/example_dags/example_kubernetes_executor.py
[2024-04-23 19:14:03,262] {scheduler_job.py:639} INFO - DAG(s) dict_keys(['example_kubernetes_executor']) retrieved from /home/airflow/.local/lib/python3.6/site-packages/airflow/example_dags/example_kubernetes_executor.py
[2024-04-23 19:14:03,275] {logging_mixin.py:104} INFO - [2024-04-23 19:14:03,275] {dag.py:1824} INFO - Sync 1 DAGs
[2024-04-23 19:14:03,283] {logging_mixin.py:104} INFO - [2024-04-23 19:14:03,283] {dag.py:2280} INFO - Setting next_dagrun for example_kubernetes_executor to None
[2024-04-23 19:14:03,289] {scheduler_job.py:190} INFO - Processing /home/airflow/.local/lib/python3.6/site-packages/airflow/example_dags/example_kubernetes_executor.py took 0.038 seconds
[2024-04-23 19:14:34,004] {scheduler_job.py:182} INFO - Started process (PID=257) to work on /home/airflow/.local/lib/python3.6/site-packages/airflow/example_dags/example_kubernetes_executor.py
[2024-04-23 19:14:34,005] {scheduler_job.py:629} INFO - Processing file /home/airflow/.local/lib/python3.6/site-packages/airflow/example_dags/example_kubernetes_executor.py for tasks to queue
[2024-04-23 19:14:34,005] {logging_mixin.py:104} INFO - [2024-04-23 19:14:34,005] {dagbag.py:451} INFO - Filling up the DagBag from /home/airflow/.local/lib/python3.6/site-packages/airflow/example_dags/example_kubernetes_executor.py
[2024-04-23 19:14:34,014] {scheduler_job.py:639} INFO - DAG(s) dict_keys(['example_kubernetes_executor']) retrieved from /home/airflow/.local/lib/python3.6/site-packages/airflow/example_dags/example_kubernetes_executor.py
[2024-04-23 19:14:34,030] {logging_mixin.py:104} INFO - [2024-04-23 19:14:34,030] {dag.py:1824} INFO - Sync 1 DAGs
[2024-04-23 19:14:34,039] {logging_mixin.py:104} INFO - [2024-04-23 19:14:34,039] {dag.py:2280} INFO - Setting next_dagrun for example_kubernetes_executor to None
[2024-04-23 19:14:34,045] {scheduler_job.py:190} INFO - Processing /home/airflow/.local/lib/python3.6/site-packages/airflow/example_dags/example_kubernetes_executor.py took 0.043 seconds
[2024-04-23 19:15:04,772] {scheduler_job.py:182} INFO - Started process (PID=283) to work on /home/airflow/.local/lib/python3.6/site-packages/airflow/example_dags/example_kubernetes_executor.py
[2024-04-23 19:15:04,773] {scheduler_job.py:629} INFO - Processing file /home/airflow/.local/lib/python3.6/site-packages/airflow/example_dags/example_kubernetes_executor.py for tasks to queue
[2024-04-23 19:15:04,774] {logging_mixin.py:104} INFO - [2024-04-23 19:15:04,774] {dagbag.py:451} INFO - Filling up the DagBag from /home/airflow/.local/lib/python3.6/site-packages/airflow/example_dags/example_kubernetes_executor.py
[2024-04-23 19:15:04,784] {scheduler_job.py:639} INFO - DAG(s) dict_keys(['example_kubernetes_executor']) retrieved from /home/airflow/.local/lib/python3.6/site-packages/airflow/example_dags/example_kubernetes_executor.py
[2024-04-23 19:15:04,796] {logging_mixin.py:104} INFO - [2024-04-23 19:15:04,796] {dag.py:1824} INFO - Sync 1 DAGs
[2024-04-23 19:15:04,804] {logging_mixin.py:104} INFO - [2024-04-23 19:15:04,804] {dag.py:2280} INFO - Setting next_dagrun for example_kubernetes_executor to None
[2024-04-23 19:15:04,810] {scheduler_job.py:190} INFO - Processing /home/airflow/.local/lib/python3.6/site-packages/airflow/example_dags/example_kubernetes_executor.py took 0.040 seconds
[2024-04-23 19:15:35,577] {scheduler_job.py:182} INFO - Started process (PID=309) to work on /home/airflow/.local/lib/python3.6/site-packages/airflow/example_dags/example_kubernetes_executor.py
[2024-04-23 19:15:35,578] {scheduler_job.py:629} INFO - Processing file /home/airflow/.local/lib/python3.6/site-packages/airflow/example_dags/example_kubernetes_executor.py for tasks to queue
[2024-04-23 19:15:35,578] {logging_mixin.py:104} INFO - [2024-04-23 19:15:35,578] {dagbag.py:451} INFO - Filling up the DagBag from /home/airflow/.local/lib/python3.6/site-packages/airflow/example_dags/example_kubernetes_executor.py
[2024-04-23 19:15:35,588] {scheduler_job.py:639} INFO - DAG(s) dict_keys(['example_kubernetes_executor']) retrieved from /home/airflow/.local/lib/python3.6/site-packages/airflow/example_dags/example_kubernetes_executor.py
[2024-04-23 19:15:35,600] {logging_mixin.py:104} INFO - [2024-04-23 19:15:35,600] {dag.py:1824} INFO - Sync 1 DAGs
[2024-04-23 19:15:35,608] {logging_mixin.py:104} INFO - [2024-04-23 19:15:35,608] {dag.py:2280} INFO - Setting next_dagrun for example_kubernetes_executor to None
[2024-04-23 19:15:35,613] {scheduler_job.py:190} INFO - Processing /home/airflow/.local/lib/python3.6/site-packages/airflow/example_dags/example_kubernetes_executor.py took 0.039 seconds
[2024-04-23 19:16:06,327] {scheduler_job.py:182} INFO - Started process (PID=335) to work on /home/airflow/.local/lib/python3.6/site-packages/airflow/example_dags/example_kubernetes_executor.py
[2024-04-23 19:16:06,327] {scheduler_job.py:629} INFO - Processing file /home/airflow/.local/lib/python3.6/site-packages/airflow/example_dags/example_kubernetes_executor.py for tasks to queue
[2024-04-23 19:16:06,328] {logging_mixin.py:104} INFO - [2024-04-23 19:16:06,328] {dagbag.py:451} INFO - Filling up the DagBag from /home/airflow/.local/lib/python3.6/site-packages/airflow/example_dags/example_kubernetes_executor.py
[2024-04-23 19:16:06,337] {scheduler_job.py:639} INFO - DAG(s) dict_keys(['example_kubernetes_executor']) retrieved from /home/airflow/.local/lib/python3.6/site-packages/airflow/example_dags/example_kubernetes_executor.py
[2024-04-23 19:16:06,350] {logging_mixin.py:104} INFO - [2024-04-23 19:16:06,350] {dag.py:1824} INFO - Sync 1 DAGs
[2024-04-23 19:16:06,358] {logging_mixin.py:104} INFO - [2024-04-23 19:16:06,358] {dag.py:2280} INFO - Setting next_dagrun for example_kubernetes_executor to None
[2024-04-23 19:16:06,365] {scheduler_job.py:190} INFO - Processing /home/airflow/.local/lib/python3.6/site-packages/airflow/example_dags/example_kubernetes_executor.py took 0.040 seconds
[2024-04-23 19:16:37,167] {scheduler_job.py:182} INFO - Started process (PID=361) to work on /home/airflow/.local/lib/python3.6/site-packages/airflow/example_dags/example_kubernetes_executor.py
[2024-04-23 19:16:37,167] {scheduler_job.py:629} INFO - Processing file /home/airflow/.local/lib/python3.6/site-packages/airflow/example_dags/example_kubernetes_executor.py for tasks to queue
[2024-04-23 19:16:37,167] {logging_mixin.py:104} INFO - [2024-04-23 19:16:37,167] {dagbag.py:451} INFO - Filling up the DagBag from /home/airflow/.local/lib/python3.6/site-packages/airflow/example_dags/example_kubernetes_executor.py
[2024-04-23 19:16:37,177] {scheduler_job.py:639} INFO - DAG(s) dict_keys(['example_kubernetes_executor']) retrieved from /home/airflow/.local/lib/python3.6/site-packages/airflow/example_dags/example_kubernetes_executor.py
[2024-04-23 19:16:37,189] {logging_mixin.py:104} INFO - [2024-04-23 19:16:37,189] {dag.py:1824} INFO - Sync 1 DAGs
[2024-04-23 19:16:37,197] {logging_mixin.py:104} INFO - [2024-04-23 19:16:37,197] {dag.py:2280} INFO - Setting next_dagrun for example_kubernetes_executor to None
[2024-04-23 19:16:37,203] {scheduler_job.py:190} INFO - Processing /home/airflow/.local/lib/python3.6/site-packages/airflow/example_dags/example_kubernetes_executor.py took 0.039 seconds
[2024-04-23 19:17:07,925] {scheduler_job.py:182} INFO - Started process (PID=387) to work on /home/airflow/.local/lib/python3.6/site-packages/airflow/example_dags/example_kubernetes_executor.py
[2024-04-23 19:17:07,925] {scheduler_job.py:629} INFO - Processing file /home/airflow/.local/lib/python3.6/site-packages/airflow/example_dags/example_kubernetes_executor.py for tasks to queue
[2024-04-23 19:17:07,926] {logging_mixin.py:104} INFO - [2024-04-23 19:17:07,926] {dagbag.py:451} INFO - Filling up the DagBag from /home/airflow/.local/lib/python3.6/site-packages/airflow/example_dags/example_kubernetes_executor.py
[2024-04-23 19:17:07,936] {scheduler_job.py:639} INFO - DAG(s) dict_keys(['example_kubernetes_executor']) retrieved from /home/airflow/.local/lib/python3.6/site-packages/airflow/example_dags/example_kubernetes_executor.py
[2024-04-23 19:17:07,948] {logging_mixin.py:104} INFO - [2024-04-23 19:17:07,948] {dag.py:1824} INFO - Sync 1 DAGs
[2024-04-23 19:17:07,956] {logging_mixin.py:104} INFO - [2024-04-23 19:17:07,956] {dag.py:2280} INFO - Setting next_dagrun for example_kubernetes_executor to None
[2024-04-23 19:17:07,962] {scheduler_job.py:190} INFO - Processing /home/airflow/.local/lib/python3.6/site-packages/airflow/example_dags/example_kubernetes_executor.py took 0.039 seconds
[2024-04-23 19:17:38,701] {scheduler_job.py:182} INFO - Started process (PID=413) to work on /home/airflow/.local/lib/python3.6/site-packages/airflow/example_dags/example_kubernetes_executor.py
[2024-04-23 19:17:38,704] {scheduler_job.py:629} INFO - Processing file /home/airflow/.local/lib/python3.6/site-packages/airflow/example_dags/example_kubernetes_executor.py for tasks to queue
[2024-04-23 19:17:38,705] {logging_mixin.py:104} INFO - [2024-04-23 19:17:38,705] {dagbag.py:451} INFO - Filling up the DagBag from /home/airflow/.local/lib/python3.6/site-packages/airflow/example_dags/example_kubernetes_executor.py
[2024-04-23 19:17:38,712] {scheduler_job.py:639} INFO - DAG(s) dict_keys(['example_kubernetes_executor']) retrieved from /home/airflow/.local/lib/python3.6/site-packages/airflow/example_dags/example_kubernetes_executor.py
[2024-04-23 19:17:38,723] {logging_mixin.py:104} INFO - [2024-04-23 19:17:38,723] {dag.py:1824} INFO - Sync 1 DAGs
[2024-04-23 19:17:38,730] {logging_mixin.py:104} INFO - [2024-04-23 19:17:38,730] {dag.py:2280} INFO - Setting next_dagrun for example_kubernetes_executor to None
[2024-04-23 19:17:38,735] {scheduler_job.py:190} INFO - Processing /home/airflow/.local/lib/python3.6/site-packages/airflow/example_dags/example_kubernetes_executor.py took 0.036 seconds
[2024-04-23 19:18:09,502] {scheduler_job.py:182} INFO - Started process (PID=439) to work on /home/airflow/.local/lib/python3.6/site-packages/airflow/example_dags/example_kubernetes_executor.py
[2024-04-23 19:18:09,502] {scheduler_job.py:629} INFO - Processing file /home/airflow/.local/lib/python3.6/site-packages/airflow/example_dags/example_kubernetes_executor.py for tasks to queue
[2024-04-23 19:18:09,502] {logging_mixin.py:104} INFO - [2024-04-23 19:18:09,502] {dagbag.py:451} INFO - Filling up the DagBag from /home/airflow/.local/lib/python3.6/site-packages/airflow/example_dags/example_kubernetes_executor.py
[2024-04-23 19:18:09,510] {scheduler_job.py:639} INFO - DAG(s) dict_keys(['example_kubernetes_executor']) retrieved from /home/airflow/.local/lib/python3.6/site-packages/airflow/example_dags/example_kubernetes_executor.py
[2024-04-23 19:18:09,522] {logging_mixin.py:104} INFO - [2024-04-23 19:18:09,522] {dag.py:1824} INFO - Sync 1 DAGs
[2024-04-23 19:18:09,530] {logging_mixin.py:104} INFO - [2024-04-23 19:18:09,530] {dag.py:2280} INFO - Setting next_dagrun for example_kubernetes_executor to None
[2024-04-23 19:18:09,535] {scheduler_job.py:190} INFO - Processing /home/airflow/.local/lib/python3.6/site-packages/airflow/example_dags/example_kubernetes_executor.py took 0.036 seconds
[2024-04-23 19:18:40,234] {scheduler_job.py:182} INFO - Started process (PID=465) to work on /home/airflow/.local/lib/python3.6/site-packages/airflow/example_dags/example_kubernetes_executor.py
[2024-04-23 19:18:40,235] {scheduler_job.py:629} INFO - Processing file /home/airflow/.local/lib/python3.6/site-packages/airflow/example_dags/example_kubernetes_executor.py for tasks to queue
[2024-04-23 19:18:40,235] {logging_mixin.py:104} INFO - [2024-04-23 19:18:40,235] {dagbag.py:451} INFO - Filling up the DagBag from /home/airflow/.local/lib/python3.6/site-packages/airflow/example_dags/example_kubernetes_executor.py
[2024-04-23 19:18:40,242] {scheduler_job.py:639} INFO - DAG(s) dict_keys(['example_kubernetes_executor']) retrieved from /home/airflow/.local/lib/python3.6/site-packages/airflow/example_dags/example_kubernetes_executor.py
[2024-04-23 19:18:40,254] {logging_mixin.py:104} INFO - [2024-04-23 19:18:40,254] {dag.py:1824} INFO - Sync 1 DAGs
[2024-04-23 19:18:40,262] {logging_mixin.py:104} INFO - [2024-04-23 19:18:40,262] {dag.py:2280} INFO - Setting next_dagrun for example_kubernetes_executor to None
[2024-04-23 19:18:40,268] {scheduler_job.py:190} INFO - Processing /home/airflow/.local/lib/python3.6/site-packages/airflow/example_dags/example_kubernetes_executor.py took 0.036 seconds
