[2024-04-23 19:10:27,856] {scheduler_job.py:182} INFO - Started process (PID=46) to work on /home/airflow/.local/lib/python3.6/site-packages/airflow/example_dags/example_trigger_controller_dag.py
[2024-04-23 19:10:27,857] {scheduler_job.py:629} INFO - Processing file /home/airflow/.local/lib/python3.6/site-packages/airflow/example_dags/example_trigger_controller_dag.py for tasks to queue
[2024-04-23 19:10:27,857] {logging_mixin.py:104} INFO - [2024-04-23 19:10:27,857] {dagbag.py:451} INFO - Filling up the DagBag from /home/airflow/.local/lib/python3.6/site-packages/airflow/example_dags/example_trigger_controller_dag.py
[2024-04-23 19:10:27,865] {scheduler_job.py:639} INFO - DAG(s) dict_keys(['example_trigger_controller_dag']) retrieved from /home/airflow/.local/lib/python3.6/site-packages/airflow/example_dags/example_trigger_controller_dag.py
[2024-04-23 19:10:27,883] {logging_mixin.py:104} INFO - [2024-04-23 19:10:27,883] {dag.py:1824} INFO - Sync 1 DAGs
[2024-04-23 19:10:27,893] {logging_mixin.py:104} INFO - [2024-04-23 19:10:27,893] {dag.py:1843} INFO - Creating ORM DAG for example_trigger_controller_dag
[2024-04-23 19:10:27,897] {logging_mixin.py:104} INFO - [2024-04-23 19:10:27,897] {dag.py:2280} INFO - Setting next_dagrun for example_trigger_controller_dag to 2024-04-21 00:00:00+00:00
[2024-04-23 19:10:27,907] {scheduler_job.py:190} INFO - Processing /home/airflow/.local/lib/python3.6/site-packages/airflow/example_dags/example_trigger_controller_dag.py took 0.053 seconds
[2024-04-23 19:10:58,708] {scheduler_job.py:182} INFO - Started process (PID=72) to work on /home/airflow/.local/lib/python3.6/site-packages/airflow/example_dags/example_trigger_controller_dag.py
[2024-04-23 19:10:58,709] {scheduler_job.py:629} INFO - Processing file /home/airflow/.local/lib/python3.6/site-packages/airflow/example_dags/example_trigger_controller_dag.py for tasks to queue
[2024-04-23 19:10:58,709] {logging_mixin.py:104} INFO - [2024-04-23 19:10:58,709] {dagbag.py:451} INFO - Filling up the DagBag from /home/airflow/.local/lib/python3.6/site-packages/airflow/example_dags/example_trigger_controller_dag.py
[2024-04-23 19:10:58,715] {scheduler_job.py:639} INFO - DAG(s) dict_keys(['example_trigger_controller_dag']) retrieved from /home/airflow/.local/lib/python3.6/site-packages/airflow/example_dags/example_trigger_controller_dag.py
[2024-04-23 19:10:58,727] {logging_mixin.py:104} INFO - [2024-04-23 19:10:58,726] {dag.py:1824} INFO - Sync 1 DAGs
[2024-04-23 19:10:58,738] {logging_mixin.py:104} INFO - [2024-04-23 19:10:58,738] {dag.py:2280} INFO - Setting next_dagrun for example_trigger_controller_dag to 2024-04-21 00:00:00+00:00
[2024-04-23 19:10:58,742] {scheduler_job.py:190} INFO - Processing /home/airflow/.local/lib/python3.6/site-packages/airflow/example_dags/example_trigger_controller_dag.py took 0.036 seconds
[2024-04-23 19:11:29,436] {scheduler_job.py:182} INFO - Started process (PID=98) to work on /home/airflow/.local/lib/python3.6/site-packages/airflow/example_dags/example_trigger_controller_dag.py
[2024-04-23 19:11:29,437] {scheduler_job.py:629} INFO - Processing file /home/airflow/.local/lib/python3.6/site-packages/airflow/example_dags/example_trigger_controller_dag.py for tasks to queue
[2024-04-23 19:11:29,437] {logging_mixin.py:104} INFO - [2024-04-23 19:11:29,437] {dagbag.py:451} INFO - Filling up the DagBag from /home/airflow/.local/lib/python3.6/site-packages/airflow/example_dags/example_trigger_controller_dag.py
[2024-04-23 19:11:29,443] {scheduler_job.py:639} INFO - DAG(s) dict_keys(['example_trigger_controller_dag']) retrieved from /home/airflow/.local/lib/python3.6/site-packages/airflow/example_dags/example_trigger_controller_dag.py
[2024-04-23 19:11:29,455] {logging_mixin.py:104} INFO - [2024-04-23 19:11:29,455] {dag.py:1824} INFO - Sync 1 DAGs
[2024-04-23 19:11:29,465] {logging_mixin.py:104} INFO - [2024-04-23 19:11:29,465] {dag.py:2280} INFO - Setting next_dagrun for example_trigger_controller_dag to 2024-04-21 00:00:00+00:00
[2024-04-23 19:11:29,471] {scheduler_job.py:190} INFO - Processing /home/airflow/.local/lib/python3.6/site-packages/airflow/example_dags/example_trigger_controller_dag.py took 0.037 seconds
[2024-04-23 19:12:00,170] {scheduler_job.py:182} INFO - Started process (PID=124) to work on /home/airflow/.local/lib/python3.6/site-packages/airflow/example_dags/example_trigger_controller_dag.py
[2024-04-23 19:12:00,171] {scheduler_job.py:629} INFO - Processing file /home/airflow/.local/lib/python3.6/site-packages/airflow/example_dags/example_trigger_controller_dag.py for tasks to queue
[2024-04-23 19:12:00,171] {logging_mixin.py:104} INFO - [2024-04-23 19:12:00,171] {dagbag.py:451} INFO - Filling up the DagBag from /home/airflow/.local/lib/python3.6/site-packages/airflow/example_dags/example_trigger_controller_dag.py
[2024-04-23 19:12:00,177] {scheduler_job.py:639} INFO - DAG(s) dict_keys(['example_trigger_controller_dag']) retrieved from /home/airflow/.local/lib/python3.6/site-packages/airflow/example_dags/example_trigger_controller_dag.py
[2024-04-23 19:12:00,190] {logging_mixin.py:104} INFO - [2024-04-23 19:12:00,190] {dag.py:1824} INFO - Sync 1 DAGs
[2024-04-23 19:12:00,199] {logging_mixin.py:104} INFO - [2024-04-23 19:12:00,199] {dag.py:2280} INFO - Setting next_dagrun for example_trigger_controller_dag to 2024-04-21 00:00:00+00:00
[2024-04-23 19:12:00,204] {scheduler_job.py:190} INFO - Processing /home/airflow/.local/lib/python3.6/site-packages/airflow/example_dags/example_trigger_controller_dag.py took 0.036 seconds
[2024-04-23 19:12:30,916] {scheduler_job.py:182} INFO - Started process (PID=150) to work on /home/airflow/.local/lib/python3.6/site-packages/airflow/example_dags/example_trigger_controller_dag.py
[2024-04-23 19:12:30,917] {scheduler_job.py:629} INFO - Processing file /home/airflow/.local/lib/python3.6/site-packages/airflow/example_dags/example_trigger_controller_dag.py for tasks to queue
[2024-04-23 19:12:30,917] {logging_mixin.py:104} INFO - [2024-04-23 19:12:30,917] {dagbag.py:451} INFO - Filling up the DagBag from /home/airflow/.local/lib/python3.6/site-packages/airflow/example_dags/example_trigger_controller_dag.py
[2024-04-23 19:12:30,924] {scheduler_job.py:639} INFO - DAG(s) dict_keys(['example_trigger_controller_dag']) retrieved from /home/airflow/.local/lib/python3.6/site-packages/airflow/example_dags/example_trigger_controller_dag.py
[2024-04-23 19:12:30,936] {logging_mixin.py:104} INFO - [2024-04-23 19:12:30,935] {dag.py:1824} INFO - Sync 1 DAGs
[2024-04-23 19:12:30,945] {logging_mixin.py:104} INFO - [2024-04-23 19:12:30,945] {dag.py:2280} INFO - Setting next_dagrun for example_trigger_controller_dag to 2024-04-21 00:00:00+00:00
[2024-04-23 19:12:30,951] {scheduler_job.py:190} INFO - Processing /home/airflow/.local/lib/python3.6/site-packages/airflow/example_dags/example_trigger_controller_dag.py took 0.036 seconds
[2024-04-23 19:13:01,677] {scheduler_job.py:182} INFO - Started process (PID=176) to work on /home/airflow/.local/lib/python3.6/site-packages/airflow/example_dags/example_trigger_controller_dag.py
[2024-04-23 19:13:01,678] {scheduler_job.py:629} INFO - Processing file /home/airflow/.local/lib/python3.6/site-packages/airflow/example_dags/example_trigger_controller_dag.py for tasks to queue
[2024-04-23 19:13:01,678] {logging_mixin.py:104} INFO - [2024-04-23 19:13:01,678] {dagbag.py:451} INFO - Filling up the DagBag from /home/airflow/.local/lib/python3.6/site-packages/airflow/example_dags/example_trigger_controller_dag.py
[2024-04-23 19:13:01,684] {scheduler_job.py:639} INFO - DAG(s) dict_keys(['example_trigger_controller_dag']) retrieved from /home/airflow/.local/lib/python3.6/site-packages/airflow/example_dags/example_trigger_controller_dag.py
[2024-04-23 19:13:01,696] {logging_mixin.py:104} INFO - [2024-04-23 19:13:01,696] {dag.py:1824} INFO - Sync 1 DAGs
[2024-04-23 19:13:01,706] {logging_mixin.py:104} INFO - [2024-04-23 19:13:01,706] {dag.py:2280} INFO - Setting next_dagrun for example_trigger_controller_dag to 2024-04-21 00:00:00+00:00
[2024-04-23 19:13:01,712] {scheduler_job.py:190} INFO - Processing /home/airflow/.local/lib/python3.6/site-packages/airflow/example_dags/example_trigger_controller_dag.py took 0.037 seconds
[2024-04-23 19:13:32,429] {scheduler_job.py:182} INFO - Started process (PID=202) to work on /home/airflow/.local/lib/python3.6/site-packages/airflow/example_dags/example_trigger_controller_dag.py
[2024-04-23 19:13:32,430] {scheduler_job.py:629} INFO - Processing file /home/airflow/.local/lib/python3.6/site-packages/airflow/example_dags/example_trigger_controller_dag.py for tasks to queue
[2024-04-23 19:13:32,430] {logging_mixin.py:104} INFO - [2024-04-23 19:13:32,430] {dagbag.py:451} INFO - Filling up the DagBag from /home/airflow/.local/lib/python3.6/site-packages/airflow/example_dags/example_trigger_controller_dag.py
[2024-04-23 19:13:32,438] {scheduler_job.py:639} INFO - DAG(s) dict_keys(['example_trigger_controller_dag']) retrieved from /home/airflow/.local/lib/python3.6/site-packages/airflow/example_dags/example_trigger_controller_dag.py
[2024-04-23 19:13:32,454] {logging_mixin.py:104} INFO - [2024-04-23 19:13:32,453] {dag.py:1824} INFO - Sync 1 DAGs
[2024-04-23 19:13:32,464] {logging_mixin.py:104} INFO - [2024-04-23 19:13:32,464] {dag.py:2280} INFO - Setting next_dagrun for example_trigger_controller_dag to 2024-04-21 00:00:00+00:00
[2024-04-23 19:13:32,472] {scheduler_job.py:190} INFO - Processing /home/airflow/.local/lib/python3.6/site-packages/airflow/example_dags/example_trigger_controller_dag.py took 0.045 seconds
[2024-04-23 19:14:03,186] {scheduler_job.py:182} INFO - Started process (PID=228) to work on /home/airflow/.local/lib/python3.6/site-packages/airflow/example_dags/example_trigger_controller_dag.py
[2024-04-23 19:14:03,187] {scheduler_job.py:629} INFO - Processing file /home/airflow/.local/lib/python3.6/site-packages/airflow/example_dags/example_trigger_controller_dag.py for tasks to queue
[2024-04-23 19:14:03,187] {logging_mixin.py:104} INFO - [2024-04-23 19:14:03,187] {dagbag.py:451} INFO - Filling up the DagBag from /home/airflow/.local/lib/python3.6/site-packages/airflow/example_dags/example_trigger_controller_dag.py
[2024-04-23 19:14:03,193] {scheduler_job.py:639} INFO - DAG(s) dict_keys(['example_trigger_controller_dag']) retrieved from /home/airflow/.local/lib/python3.6/site-packages/airflow/example_dags/example_trigger_controller_dag.py
[2024-04-23 19:14:03,208] {logging_mixin.py:104} INFO - [2024-04-23 19:14:03,208] {dag.py:1824} INFO - Sync 1 DAGs
[2024-04-23 19:14:03,217] {logging_mixin.py:104} INFO - [2024-04-23 19:14:03,216] {dag.py:2280} INFO - Setting next_dagrun for example_trigger_controller_dag to 2024-04-21 00:00:00+00:00
[2024-04-23 19:14:03,223] {scheduler_job.py:190} INFO - Processing /home/airflow/.local/lib/python3.6/site-packages/airflow/example_dags/example_trigger_controller_dag.py took 0.039 seconds
[2024-04-23 19:14:33,930] {scheduler_job.py:182} INFO - Started process (PID=254) to work on /home/airflow/.local/lib/python3.6/site-packages/airflow/example_dags/example_trigger_controller_dag.py
[2024-04-23 19:14:33,930] {scheduler_job.py:629} INFO - Processing file /home/airflow/.local/lib/python3.6/site-packages/airflow/example_dags/example_trigger_controller_dag.py for tasks to queue
[2024-04-23 19:14:33,931] {logging_mixin.py:104} INFO - [2024-04-23 19:14:33,931] {dagbag.py:451} INFO - Filling up the DagBag from /home/airflow/.local/lib/python3.6/site-packages/airflow/example_dags/example_trigger_controller_dag.py
[2024-04-23 19:14:33,939] {scheduler_job.py:639} INFO - DAG(s) dict_keys(['example_trigger_controller_dag']) retrieved from /home/airflow/.local/lib/python3.6/site-packages/airflow/example_dags/example_trigger_controller_dag.py
[2024-04-23 19:14:33,959] {logging_mixin.py:104} INFO - [2024-04-23 19:14:33,959] {dag.py:1824} INFO - Sync 1 DAGs
[2024-04-23 19:14:33,970] {logging_mixin.py:104} INFO - [2024-04-23 19:14:33,970] {dag.py:2280} INFO - Setting next_dagrun for example_trigger_controller_dag to 2024-04-21 00:00:00+00:00
[2024-04-23 19:14:33,978] {scheduler_job.py:190} INFO - Processing /home/airflow/.local/lib/python3.6/site-packages/airflow/example_dags/example_trigger_controller_dag.py took 0.051 seconds
[2024-04-23 19:15:04,700] {scheduler_job.py:182} INFO - Started process (PID=280) to work on /home/airflow/.local/lib/python3.6/site-packages/airflow/example_dags/example_trigger_controller_dag.py
[2024-04-23 19:15:04,700] {scheduler_job.py:629} INFO - Processing file /home/airflow/.local/lib/python3.6/site-packages/airflow/example_dags/example_trigger_controller_dag.py for tasks to queue
[2024-04-23 19:15:04,701] {logging_mixin.py:104} INFO - [2024-04-23 19:15:04,701] {dagbag.py:451} INFO - Filling up the DagBag from /home/airflow/.local/lib/python3.6/site-packages/airflow/example_dags/example_trigger_controller_dag.py
[2024-04-23 19:15:04,707] {scheduler_job.py:639} INFO - DAG(s) dict_keys(['example_trigger_controller_dag']) retrieved from /home/airflow/.local/lib/python3.6/site-packages/airflow/example_dags/example_trigger_controller_dag.py
[2024-04-23 19:15:04,723] {logging_mixin.py:104} INFO - [2024-04-23 19:15:04,722] {dag.py:1824} INFO - Sync 1 DAGs
[2024-04-23 19:15:04,731] {logging_mixin.py:104} INFO - [2024-04-23 19:15:04,731] {dag.py:2280} INFO - Setting next_dagrun for example_trigger_controller_dag to 2024-04-21 00:00:00+00:00
[2024-04-23 19:15:04,736] {scheduler_job.py:190} INFO - Processing /home/airflow/.local/lib/python3.6/site-packages/airflow/example_dags/example_trigger_controller_dag.py took 0.038 seconds
[2024-04-23 19:15:35,504] {scheduler_job.py:182} INFO - Started process (PID=306) to work on /home/airflow/.local/lib/python3.6/site-packages/airflow/example_dags/example_trigger_controller_dag.py
[2024-04-23 19:15:35,505] {scheduler_job.py:629} INFO - Processing file /home/airflow/.local/lib/python3.6/site-packages/airflow/example_dags/example_trigger_controller_dag.py for tasks to queue
[2024-04-23 19:15:35,505] {logging_mixin.py:104} INFO - [2024-04-23 19:15:35,505] {dagbag.py:451} INFO - Filling up the DagBag from /home/airflow/.local/lib/python3.6/site-packages/airflow/example_dags/example_trigger_controller_dag.py
[2024-04-23 19:15:35,513] {scheduler_job.py:639} INFO - DAG(s) dict_keys(['example_trigger_controller_dag']) retrieved from /home/airflow/.local/lib/python3.6/site-packages/airflow/example_dags/example_trigger_controller_dag.py
[2024-04-23 19:15:35,526] {logging_mixin.py:104} INFO - [2024-04-23 19:15:35,526] {dag.py:1824} INFO - Sync 1 DAGs
[2024-04-23 19:15:35,537] {logging_mixin.py:104} INFO - [2024-04-23 19:15:35,537] {dag.py:2280} INFO - Setting next_dagrun for example_trigger_controller_dag to 2024-04-21 00:00:00+00:00
[2024-04-23 19:15:35,545] {scheduler_job.py:190} INFO - Processing /home/airflow/.local/lib/python3.6/site-packages/airflow/example_dags/example_trigger_controller_dag.py took 0.042 seconds
[2024-04-23 19:16:06,258] {scheduler_job.py:182} INFO - Started process (PID=332) to work on /home/airflow/.local/lib/python3.6/site-packages/airflow/example_dags/example_trigger_controller_dag.py
[2024-04-23 19:16:06,258] {scheduler_job.py:629} INFO - Processing file /home/airflow/.local/lib/python3.6/site-packages/airflow/example_dags/example_trigger_controller_dag.py for tasks to queue
[2024-04-23 19:16:06,259] {logging_mixin.py:104} INFO - [2024-04-23 19:16:06,259] {dagbag.py:451} INFO - Filling up the DagBag from /home/airflow/.local/lib/python3.6/site-packages/airflow/example_dags/example_trigger_controller_dag.py
[2024-04-23 19:16:06,268] {scheduler_job.py:639} INFO - DAG(s) dict_keys(['example_trigger_controller_dag']) retrieved from /home/airflow/.local/lib/python3.6/site-packages/airflow/example_dags/example_trigger_controller_dag.py
[2024-04-23 19:16:06,280] {logging_mixin.py:104} INFO - [2024-04-23 19:16:06,280] {dag.py:1824} INFO - Sync 1 DAGs
[2024-04-23 19:16:06,289] {logging_mixin.py:104} INFO - [2024-04-23 19:16:06,288] {dag.py:2280} INFO - Setting next_dagrun for example_trigger_controller_dag to 2024-04-21 00:00:00+00:00
[2024-04-23 19:16:06,295] {scheduler_job.py:190} INFO - Processing /home/airflow/.local/lib/python3.6/site-packages/airflow/example_dags/example_trigger_controller_dag.py took 0.039 seconds
[2024-04-23 19:16:37,105] {scheduler_job.py:182} INFO - Started process (PID=358) to work on /home/airflow/.local/lib/python3.6/site-packages/airflow/example_dags/example_trigger_controller_dag.py
[2024-04-23 19:16:37,106] {scheduler_job.py:629} INFO - Processing file /home/airflow/.local/lib/python3.6/site-packages/airflow/example_dags/example_trigger_controller_dag.py for tasks to queue
[2024-04-23 19:16:37,106] {logging_mixin.py:104} INFO - [2024-04-23 19:16:37,106] {dagbag.py:451} INFO - Filling up the DagBag from /home/airflow/.local/lib/python3.6/site-packages/airflow/example_dags/example_trigger_controller_dag.py
[2024-04-23 19:16:37,115] {scheduler_job.py:639} INFO - DAG(s) dict_keys(['example_trigger_controller_dag']) retrieved from /home/airflow/.local/lib/python3.6/site-packages/airflow/example_dags/example_trigger_controller_dag.py
[2024-04-23 19:16:37,127] {logging_mixin.py:104} INFO - [2024-04-23 19:16:37,127] {dag.py:1824} INFO - Sync 1 DAGs
[2024-04-23 19:16:37,135] {logging_mixin.py:104} INFO - [2024-04-23 19:16:37,135] {dag.py:2280} INFO - Setting next_dagrun for example_trigger_controller_dag to 2024-04-21 00:00:00+00:00
[2024-04-23 19:16:37,140] {scheduler_job.py:190} INFO - Processing /home/airflow/.local/lib/python3.6/site-packages/airflow/example_dags/example_trigger_controller_dag.py took 0.037 seconds
[2024-04-23 19:17:07,852] {scheduler_job.py:182} INFO - Started process (PID=384) to work on /home/airflow/.local/lib/python3.6/site-packages/airflow/example_dags/example_trigger_controller_dag.py
[2024-04-23 19:17:07,853] {scheduler_job.py:629} INFO - Processing file /home/airflow/.local/lib/python3.6/site-packages/airflow/example_dags/example_trigger_controller_dag.py for tasks to queue
[2024-04-23 19:17:07,853] {logging_mixin.py:104} INFO - [2024-04-23 19:17:07,853] {dagbag.py:451} INFO - Filling up the DagBag from /home/airflow/.local/lib/python3.6/site-packages/airflow/example_dags/example_trigger_controller_dag.py
[2024-04-23 19:17:07,866] {scheduler_job.py:639} INFO - DAG(s) dict_keys(['example_trigger_controller_dag']) retrieved from /home/airflow/.local/lib/python3.6/site-packages/airflow/example_dags/example_trigger_controller_dag.py
[2024-04-23 19:17:07,879] {logging_mixin.py:104} INFO - [2024-04-23 19:17:07,879] {dag.py:1824} INFO - Sync 1 DAGs
[2024-04-23 19:17:07,888] {logging_mixin.py:104} INFO - [2024-04-23 19:17:07,888] {dag.py:2280} INFO - Setting next_dagrun for example_trigger_controller_dag to 2024-04-21 00:00:00+00:00
[2024-04-23 19:17:07,893] {scheduler_job.py:190} INFO - Processing /home/airflow/.local/lib/python3.6/site-packages/airflow/example_dags/example_trigger_controller_dag.py took 0.043 seconds
[2024-04-23 19:17:38,629] {scheduler_job.py:182} INFO - Started process (PID=410) to work on /home/airflow/.local/lib/python3.6/site-packages/airflow/example_dags/example_trigger_controller_dag.py
[2024-04-23 19:17:38,632] {scheduler_job.py:629} INFO - Processing file /home/airflow/.local/lib/python3.6/site-packages/airflow/example_dags/example_trigger_controller_dag.py for tasks to queue
[2024-04-23 19:17:38,633] {logging_mixin.py:104} INFO - [2024-04-23 19:17:38,633] {dagbag.py:451} INFO - Filling up the DagBag from /home/airflow/.local/lib/python3.6/site-packages/airflow/example_dags/example_trigger_controller_dag.py
[2024-04-23 19:17:38,639] {scheduler_job.py:639} INFO - DAG(s) dict_keys(['example_trigger_controller_dag']) retrieved from /home/airflow/.local/lib/python3.6/site-packages/airflow/example_dags/example_trigger_controller_dag.py
[2024-04-23 19:17:38,652] {logging_mixin.py:104} INFO - [2024-04-23 19:17:38,652] {dag.py:1824} INFO - Sync 1 DAGs
[2024-04-23 19:17:38,660] {logging_mixin.py:104} INFO - [2024-04-23 19:17:38,660] {dag.py:2280} INFO - Setting next_dagrun for example_trigger_controller_dag to 2024-04-21 00:00:00+00:00
[2024-04-23 19:17:38,667] {scheduler_job.py:190} INFO - Processing /home/airflow/.local/lib/python3.6/site-packages/airflow/example_dags/example_trigger_controller_dag.py took 0.040 seconds
[2024-04-23 19:18:09,427] {scheduler_job.py:182} INFO - Started process (PID=436) to work on /home/airflow/.local/lib/python3.6/site-packages/airflow/example_dags/example_trigger_controller_dag.py
[2024-04-23 19:18:09,428] {scheduler_job.py:629} INFO - Processing file /home/airflow/.local/lib/python3.6/site-packages/airflow/example_dags/example_trigger_controller_dag.py for tasks to queue
[2024-04-23 19:18:09,428] {logging_mixin.py:104} INFO - [2024-04-23 19:18:09,428] {dagbag.py:451} INFO - Filling up the DagBag from /home/airflow/.local/lib/python3.6/site-packages/airflow/example_dags/example_trigger_controller_dag.py
[2024-04-23 19:18:09,434] {scheduler_job.py:639} INFO - DAG(s) dict_keys(['example_trigger_controller_dag']) retrieved from /home/airflow/.local/lib/python3.6/site-packages/airflow/example_dags/example_trigger_controller_dag.py
[2024-04-23 19:18:09,447] {logging_mixin.py:104} INFO - [2024-04-23 19:18:09,447] {dag.py:1824} INFO - Sync 1 DAGs
[2024-04-23 19:18:09,455] {logging_mixin.py:104} INFO - [2024-04-23 19:18:09,455] {dag.py:2280} INFO - Setting next_dagrun for example_trigger_controller_dag to 2024-04-21 00:00:00+00:00
[2024-04-23 19:18:09,461] {scheduler_job.py:190} INFO - Processing /home/airflow/.local/lib/python3.6/site-packages/airflow/example_dags/example_trigger_controller_dag.py took 0.036 seconds
[2024-04-23 19:18:40,167] {scheduler_job.py:182} INFO - Started process (PID=462) to work on /home/airflow/.local/lib/python3.6/site-packages/airflow/example_dags/example_trigger_controller_dag.py
[2024-04-23 19:18:40,167] {scheduler_job.py:629} INFO - Processing file /home/airflow/.local/lib/python3.6/site-packages/airflow/example_dags/example_trigger_controller_dag.py for tasks to queue
[2024-04-23 19:18:40,168] {logging_mixin.py:104} INFO - [2024-04-23 19:18:40,168] {dagbag.py:451} INFO - Filling up the DagBag from /home/airflow/.local/lib/python3.6/site-packages/airflow/example_dags/example_trigger_controller_dag.py
[2024-04-23 19:18:40,174] {scheduler_job.py:639} INFO - DAG(s) dict_keys(['example_trigger_controller_dag']) retrieved from /home/airflow/.local/lib/python3.6/site-packages/airflow/example_dags/example_trigger_controller_dag.py
[2024-04-23 19:18:40,187] {logging_mixin.py:104} INFO - [2024-04-23 19:18:40,186] {dag.py:1824} INFO - Sync 1 DAGs
[2024-04-23 19:18:40,195] {logging_mixin.py:104} INFO - [2024-04-23 19:18:40,195] {dag.py:2280} INFO - Setting next_dagrun for example_trigger_controller_dag to 2024-04-21 00:00:00+00:00
[2024-04-23 19:18:40,200] {scheduler_job.py:190} INFO - Processing /home/airflow/.local/lib/python3.6/site-packages/airflow/example_dags/example_trigger_controller_dag.py took 0.035 seconds
