[2024-04-23 19:10:27,599] {scheduler_job.py:182} INFO - Started process (PID=41) to work on /home/airflow/.local/lib/python3.6/site-packages/airflow/example_dags/example_complex.py
[2024-04-23 19:10:27,600] {scheduler_job.py:629} INFO - Processing file /home/airflow/.local/lib/python3.6/site-packages/airflow/example_dags/example_complex.py for tasks to queue
[2024-04-23 19:10:27,600] {logging_mixin.py:104} INFO - [2024-04-23 19:10:27,600] {dagbag.py:451} INFO - Filling up the DagBag from /home/airflow/.local/lib/python3.6/site-packages/airflow/example_dags/example_complex.py
[2024-04-23 19:10:27,614] {scheduler_job.py:639} INFO - DAG(s) dict_keys(['example_complex']) retrieved from /home/airflow/.local/lib/python3.6/site-packages/airflow/example_dags/example_complex.py
[2024-04-23 19:10:27,633] {logging_mixin.py:104} INFO - [2024-04-23 19:10:27,633] {dag.py:1824} INFO - Sync 1 DAGs
[2024-04-23 19:10:27,643] {logging_mixin.py:104} INFO - [2024-04-23 19:10:27,643] {dag.py:1843} INFO - Creating ORM DAG for example_complex
[2024-04-23 19:10:27,646] {logging_mixin.py:104} INFO - [2024-04-23 19:10:27,646] {dag.py:2280} INFO - Setting next_dagrun for example_complex to None
[2024-04-23 19:10:27,662] {scheduler_job.py:190} INFO - Processing /home/airflow/.local/lib/python3.6/site-packages/airflow/example_dags/example_complex.py took 0.065 seconds
[2024-04-23 19:10:58,553] {scheduler_job.py:182} INFO - Started process (PID=67) to work on /home/airflow/.local/lib/python3.6/site-packages/airflow/example_dags/example_complex.py
[2024-04-23 19:10:58,553] {scheduler_job.py:629} INFO - Processing file /home/airflow/.local/lib/python3.6/site-packages/airflow/example_dags/example_complex.py for tasks to queue
[2024-04-23 19:10:58,554] {logging_mixin.py:104} INFO - [2024-04-23 19:10:58,554] {dagbag.py:451} INFO - Filling up the DagBag from /home/airflow/.local/lib/python3.6/site-packages/airflow/example_dags/example_complex.py
[2024-04-23 19:10:58,563] {scheduler_job.py:639} INFO - DAG(s) dict_keys(['example_complex']) retrieved from /home/airflow/.local/lib/python3.6/site-packages/airflow/example_dags/example_complex.py
[2024-04-23 19:10:58,579] {logging_mixin.py:104} INFO - [2024-04-23 19:10:58,579] {dag.py:1824} INFO - Sync 1 DAGs
[2024-04-23 19:10:58,586] {logging_mixin.py:104} INFO - [2024-04-23 19:10:58,586] {dag.py:2280} INFO - Setting next_dagrun for example_complex to None
[2024-04-23 19:10:58,593] {scheduler_job.py:190} INFO - Processing /home/airflow/.local/lib/python3.6/site-packages/airflow/example_dags/example_complex.py took 0.042 seconds
[2024-04-23 19:11:29,290] {scheduler_job.py:182} INFO - Started process (PID=93) to work on /home/airflow/.local/lib/python3.6/site-packages/airflow/example_dags/example_complex.py
[2024-04-23 19:11:29,291] {scheduler_job.py:629} INFO - Processing file /home/airflow/.local/lib/python3.6/site-packages/airflow/example_dags/example_complex.py for tasks to queue
[2024-04-23 19:11:29,291] {logging_mixin.py:104} INFO - [2024-04-23 19:11:29,291] {dagbag.py:451} INFO - Filling up the DagBag from /home/airflow/.local/lib/python3.6/site-packages/airflow/example_dags/example_complex.py
[2024-04-23 19:11:29,301] {scheduler_job.py:639} INFO - DAG(s) dict_keys(['example_complex']) retrieved from /home/airflow/.local/lib/python3.6/site-packages/airflow/example_dags/example_complex.py
[2024-04-23 19:11:29,316] {logging_mixin.py:104} INFO - [2024-04-23 19:11:29,316] {dag.py:1824} INFO - Sync 1 DAGs
[2024-04-23 19:11:29,323] {logging_mixin.py:104} INFO - [2024-04-23 19:11:29,323] {dag.py:2280} INFO - Setting next_dagrun for example_complex to None
[2024-04-23 19:11:29,329] {scheduler_job.py:190} INFO - Processing /home/airflow/.local/lib/python3.6/site-packages/airflow/example_dags/example_complex.py took 0.041 seconds
[2024-04-23 19:12:00,027] {scheduler_job.py:182} INFO - Started process (PID=119) to work on /home/airflow/.local/lib/python3.6/site-packages/airflow/example_dags/example_complex.py
[2024-04-23 19:12:00,028] {scheduler_job.py:629} INFO - Processing file /home/airflow/.local/lib/python3.6/site-packages/airflow/example_dags/example_complex.py for tasks to queue
[2024-04-23 19:12:00,028] {logging_mixin.py:104} INFO - [2024-04-23 19:12:00,028] {dagbag.py:451} INFO - Filling up the DagBag from /home/airflow/.local/lib/python3.6/site-packages/airflow/example_dags/example_complex.py
[2024-04-23 19:12:00,038] {scheduler_job.py:639} INFO - DAG(s) dict_keys(['example_complex']) retrieved from /home/airflow/.local/lib/python3.6/site-packages/airflow/example_dags/example_complex.py
[2024-04-23 19:12:00,053] {logging_mixin.py:104} INFO - [2024-04-23 19:12:00,053] {dag.py:1824} INFO - Sync 1 DAGs
[2024-04-23 19:12:00,060] {logging_mixin.py:104} INFO - [2024-04-23 19:12:00,060] {dag.py:2280} INFO - Setting next_dagrun for example_complex to None
[2024-04-23 19:12:00,065] {scheduler_job.py:190} INFO - Processing /home/airflow/.local/lib/python3.6/site-packages/airflow/example_dags/example_complex.py took 0.040 seconds
[2024-04-23 19:12:30,762] {scheduler_job.py:182} INFO - Started process (PID=145) to work on /home/airflow/.local/lib/python3.6/site-packages/airflow/example_dags/example_complex.py
[2024-04-23 19:12:30,762] {scheduler_job.py:629} INFO - Processing file /home/airflow/.local/lib/python3.6/site-packages/airflow/example_dags/example_complex.py for tasks to queue
[2024-04-23 19:12:30,762] {logging_mixin.py:104} INFO - [2024-04-23 19:12:30,762] {dagbag.py:451} INFO - Filling up the DagBag from /home/airflow/.local/lib/python3.6/site-packages/airflow/example_dags/example_complex.py
[2024-04-23 19:12:30,772] {scheduler_job.py:639} INFO - DAG(s) dict_keys(['example_complex']) retrieved from /home/airflow/.local/lib/python3.6/site-packages/airflow/example_dags/example_complex.py
[2024-04-23 19:12:30,788] {logging_mixin.py:104} INFO - [2024-04-23 19:12:30,788] {dag.py:1824} INFO - Sync 1 DAGs
[2024-04-23 19:12:30,795] {logging_mixin.py:104} INFO - [2024-04-23 19:12:30,795] {dag.py:2280} INFO - Setting next_dagrun for example_complex to None
[2024-04-23 19:12:30,802] {scheduler_job.py:190} INFO - Processing /home/airflow/.local/lib/python3.6/site-packages/airflow/example_dags/example_complex.py took 0.042 seconds
[2024-04-23 19:13:01,534] {scheduler_job.py:182} INFO - Started process (PID=171) to work on /home/airflow/.local/lib/python3.6/site-packages/airflow/example_dags/example_complex.py
[2024-04-23 19:13:01,535] {scheduler_job.py:629} INFO - Processing file /home/airflow/.local/lib/python3.6/site-packages/airflow/example_dags/example_complex.py for tasks to queue
[2024-04-23 19:13:01,535] {logging_mixin.py:104} INFO - [2024-04-23 19:13:01,535] {dagbag.py:451} INFO - Filling up the DagBag from /home/airflow/.local/lib/python3.6/site-packages/airflow/example_dags/example_complex.py
[2024-04-23 19:13:01,545] {scheduler_job.py:639} INFO - DAG(s) dict_keys(['example_complex']) retrieved from /home/airflow/.local/lib/python3.6/site-packages/airflow/example_dags/example_complex.py
[2024-04-23 19:13:01,561] {logging_mixin.py:104} INFO - [2024-04-23 19:13:01,561] {dag.py:1824} INFO - Sync 1 DAGs
[2024-04-23 19:13:01,568] {logging_mixin.py:104} INFO - [2024-04-23 19:13:01,568] {dag.py:2280} INFO - Setting next_dagrun for example_complex to None
[2024-04-23 19:13:01,574] {scheduler_job.py:190} INFO - Processing /home/airflow/.local/lib/python3.6/site-packages/airflow/example_dags/example_complex.py took 0.042 seconds
[2024-04-23 19:13:32,261] {scheduler_job.py:182} INFO - Started process (PID=197) to work on /home/airflow/.local/lib/python3.6/site-packages/airflow/example_dags/example_complex.py
[2024-04-23 19:13:32,261] {scheduler_job.py:629} INFO - Processing file /home/airflow/.local/lib/python3.6/site-packages/airflow/example_dags/example_complex.py for tasks to queue
[2024-04-23 19:13:32,262] {logging_mixin.py:104} INFO - [2024-04-23 19:13:32,262] {dagbag.py:451} INFO - Filling up the DagBag from /home/airflow/.local/lib/python3.6/site-packages/airflow/example_dags/example_complex.py
[2024-04-23 19:13:32,275] {scheduler_job.py:639} INFO - DAG(s) dict_keys(['example_complex']) retrieved from /home/airflow/.local/lib/python3.6/site-packages/airflow/example_dags/example_complex.py
[2024-04-23 19:13:32,289] {logging_mixin.py:104} INFO - [2024-04-23 19:13:32,289] {dag.py:1824} INFO - Sync 1 DAGs
[2024-04-23 19:13:32,297] {logging_mixin.py:104} INFO - [2024-04-23 19:13:32,297] {dag.py:2280} INFO - Setting next_dagrun for example_complex to None
[2024-04-23 19:13:32,304] {scheduler_job.py:190} INFO - Processing /home/airflow/.local/lib/python3.6/site-packages/airflow/example_dags/example_complex.py took 0.045 seconds
[2024-04-23 19:14:03,041] {scheduler_job.py:182} INFO - Started process (PID=223) to work on /home/airflow/.local/lib/python3.6/site-packages/airflow/example_dags/example_complex.py
[2024-04-23 19:14:03,042] {scheduler_job.py:629} INFO - Processing file /home/airflow/.local/lib/python3.6/site-packages/airflow/example_dags/example_complex.py for tasks to queue
[2024-04-23 19:14:03,042] {logging_mixin.py:104} INFO - [2024-04-23 19:14:03,042] {dagbag.py:451} INFO - Filling up the DagBag from /home/airflow/.local/lib/python3.6/site-packages/airflow/example_dags/example_complex.py
[2024-04-23 19:14:03,054] {scheduler_job.py:639} INFO - DAG(s) dict_keys(['example_complex']) retrieved from /home/airflow/.local/lib/python3.6/site-packages/airflow/example_dags/example_complex.py
[2024-04-23 19:14:03,068] {logging_mixin.py:104} INFO - [2024-04-23 19:14:03,068] {dag.py:1824} INFO - Sync 1 DAGs
[2024-04-23 19:14:03,076] {logging_mixin.py:104} INFO - [2024-04-23 19:14:03,076] {dag.py:2280} INFO - Setting next_dagrun for example_complex to None
[2024-04-23 19:14:03,081] {scheduler_job.py:190} INFO - Processing /home/airflow/.local/lib/python3.6/site-packages/airflow/example_dags/example_complex.py took 0.041 seconds
[2024-04-23 19:14:33,777] {scheduler_job.py:182} INFO - Started process (PID=249) to work on /home/airflow/.local/lib/python3.6/site-packages/airflow/example_dags/example_complex.py
[2024-04-23 19:14:33,777] {scheduler_job.py:629} INFO - Processing file /home/airflow/.local/lib/python3.6/site-packages/airflow/example_dags/example_complex.py for tasks to queue
[2024-04-23 19:14:33,777] {logging_mixin.py:104} INFO - [2024-04-23 19:14:33,777] {dagbag.py:451} INFO - Filling up the DagBag from /home/airflow/.local/lib/python3.6/site-packages/airflow/example_dags/example_complex.py
[2024-04-23 19:14:33,789] {scheduler_job.py:639} INFO - DAG(s) dict_keys(['example_complex']) retrieved from /home/airflow/.local/lib/python3.6/site-packages/airflow/example_dags/example_complex.py
[2024-04-23 19:14:33,803] {logging_mixin.py:104} INFO - [2024-04-23 19:14:33,803] {dag.py:1824} INFO - Sync 1 DAGs
[2024-04-23 19:14:33,811] {logging_mixin.py:104} INFO - [2024-04-23 19:14:33,811] {dag.py:2280} INFO - Setting next_dagrun for example_complex to None
[2024-04-23 19:14:33,816] {scheduler_job.py:190} INFO - Processing /home/airflow/.local/lib/python3.6/site-packages/airflow/example_dags/example_complex.py took 0.041 seconds
[2024-04-23 19:15:04,547] {scheduler_job.py:182} INFO - Started process (PID=275) to work on /home/airflow/.local/lib/python3.6/site-packages/airflow/example_dags/example_complex.py
[2024-04-23 19:15:04,548] {scheduler_job.py:629} INFO - Processing file /home/airflow/.local/lib/python3.6/site-packages/airflow/example_dags/example_complex.py for tasks to queue
[2024-04-23 19:15:04,548] {logging_mixin.py:104} INFO - [2024-04-23 19:15:04,548] {dagbag.py:451} INFO - Filling up the DagBag from /home/airflow/.local/lib/python3.6/site-packages/airflow/example_dags/example_complex.py
[2024-04-23 19:15:04,560] {scheduler_job.py:639} INFO - DAG(s) dict_keys(['example_complex']) retrieved from /home/airflow/.local/lib/python3.6/site-packages/airflow/example_dags/example_complex.py
[2024-04-23 19:15:04,574] {logging_mixin.py:104} INFO - [2024-04-23 19:15:04,574] {dag.py:1824} INFO - Sync 1 DAGs
[2024-04-23 19:15:04,582] {logging_mixin.py:104} INFO - [2024-04-23 19:15:04,582] {dag.py:2280} INFO - Setting next_dagrun for example_complex to None
[2024-04-23 19:15:04,589] {scheduler_job.py:190} INFO - Processing /home/airflow/.local/lib/python3.6/site-packages/airflow/example_dags/example_complex.py took 0.044 seconds
[2024-04-23 19:15:35,359] {scheduler_job.py:182} INFO - Started process (PID=301) to work on /home/airflow/.local/lib/python3.6/site-packages/airflow/example_dags/example_complex.py
[2024-04-23 19:15:35,359] {scheduler_job.py:629} INFO - Processing file /home/airflow/.local/lib/python3.6/site-packages/airflow/example_dags/example_complex.py for tasks to queue
[2024-04-23 19:15:35,360] {logging_mixin.py:104} INFO - [2024-04-23 19:15:35,360] {dagbag.py:451} INFO - Filling up the DagBag from /home/airflow/.local/lib/python3.6/site-packages/airflow/example_dags/example_complex.py
[2024-04-23 19:15:35,372] {scheduler_job.py:639} INFO - DAG(s) dict_keys(['example_complex']) retrieved from /home/airflow/.local/lib/python3.6/site-packages/airflow/example_dags/example_complex.py
[2024-04-23 19:15:35,387] {logging_mixin.py:104} INFO - [2024-04-23 19:15:35,387] {dag.py:1824} INFO - Sync 1 DAGs
[2024-04-23 19:15:35,394] {logging_mixin.py:104} INFO - [2024-04-23 19:15:35,394] {dag.py:2280} INFO - Setting next_dagrun for example_complex to None
[2024-04-23 19:15:35,399] {scheduler_job.py:190} INFO - Processing /home/airflow/.local/lib/python3.6/site-packages/airflow/example_dags/example_complex.py took 0.041 seconds
[2024-04-23 19:16:06,111] {scheduler_job.py:182} INFO - Started process (PID=327) to work on /home/airflow/.local/lib/python3.6/site-packages/airflow/example_dags/example_complex.py
[2024-04-23 19:16:06,112] {scheduler_job.py:629} INFO - Processing file /home/airflow/.local/lib/python3.6/site-packages/airflow/example_dags/example_complex.py for tasks to queue
[2024-04-23 19:16:06,112] {logging_mixin.py:104} INFO - [2024-04-23 19:16:06,112] {dagbag.py:451} INFO - Filling up the DagBag from /home/airflow/.local/lib/python3.6/site-packages/airflow/example_dags/example_complex.py
[2024-04-23 19:16:06,124] {scheduler_job.py:639} INFO - DAG(s) dict_keys(['example_complex']) retrieved from /home/airflow/.local/lib/python3.6/site-packages/airflow/example_dags/example_complex.py
[2024-04-23 19:16:06,138] {logging_mixin.py:104} INFO - [2024-04-23 19:16:06,138] {dag.py:1824} INFO - Sync 1 DAGs
[2024-04-23 19:16:06,145] {logging_mixin.py:104} INFO - [2024-04-23 19:16:06,145] {dag.py:2280} INFO - Setting next_dagrun for example_complex to None
[2024-04-23 19:16:06,150] {scheduler_job.py:190} INFO - Processing /home/airflow/.local/lib/python3.6/site-packages/airflow/example_dags/example_complex.py took 0.041 seconds
[2024-04-23 19:16:36,891] {scheduler_job.py:182} INFO - Started process (PID=353) to work on /home/airflow/.local/lib/python3.6/site-packages/airflow/example_dags/example_complex.py
[2024-04-23 19:16:36,891] {scheduler_job.py:629} INFO - Processing file /home/airflow/.local/lib/python3.6/site-packages/airflow/example_dags/example_complex.py for tasks to queue
[2024-04-23 19:16:36,892] {logging_mixin.py:104} INFO - [2024-04-23 19:16:36,892] {dagbag.py:451} INFO - Filling up the DagBag from /home/airflow/.local/lib/python3.6/site-packages/airflow/example_dags/example_complex.py
[2024-04-23 19:16:36,905] {scheduler_job.py:639} INFO - DAG(s) dict_keys(['example_complex']) retrieved from /home/airflow/.local/lib/python3.6/site-packages/airflow/example_dags/example_complex.py
[2024-04-23 19:16:36,920] {logging_mixin.py:104} INFO - [2024-04-23 19:16:36,920] {dag.py:1824} INFO - Sync 1 DAGs
[2024-04-23 19:16:36,928] {logging_mixin.py:104} INFO - [2024-04-23 19:16:36,928] {dag.py:2280} INFO - Setting next_dagrun for example_complex to None
[2024-04-23 19:16:36,934] {scheduler_job.py:190} INFO - Processing /home/airflow/.local/lib/python3.6/site-packages/airflow/example_dags/example_complex.py took 0.046 seconds
[2024-04-23 19:17:07,701] {scheduler_job.py:182} INFO - Started process (PID=379) to work on /home/airflow/.local/lib/python3.6/site-packages/airflow/example_dags/example_complex.py
[2024-04-23 19:17:07,701] {scheduler_job.py:629} INFO - Processing file /home/airflow/.local/lib/python3.6/site-packages/airflow/example_dags/example_complex.py for tasks to queue
[2024-04-23 19:17:07,701] {logging_mixin.py:104} INFO - [2024-04-23 19:17:07,701] {dagbag.py:451} INFO - Filling up the DagBag from /home/airflow/.local/lib/python3.6/site-packages/airflow/example_dags/example_complex.py
[2024-04-23 19:17:07,713] {scheduler_job.py:639} INFO - DAG(s) dict_keys(['example_complex']) retrieved from /home/airflow/.local/lib/python3.6/site-packages/airflow/example_dags/example_complex.py
[2024-04-23 19:17:07,729] {logging_mixin.py:104} INFO - [2024-04-23 19:17:07,729] {dag.py:1824} INFO - Sync 1 DAGs
[2024-04-23 19:17:07,737] {logging_mixin.py:104} INFO - [2024-04-23 19:17:07,737] {dag.py:2280} INFO - Setting next_dagrun for example_complex to None
[2024-04-23 19:17:07,744] {scheduler_job.py:190} INFO - Processing /home/airflow/.local/lib/python3.6/site-packages/airflow/example_dags/example_complex.py took 0.045 seconds
[2024-04-23 19:17:38,480] {scheduler_job.py:182} INFO - Started process (PID=405) to work on /home/airflow/.local/lib/python3.6/site-packages/airflow/example_dags/example_complex.py
[2024-04-23 19:17:38,483] {scheduler_job.py:629} INFO - Processing file /home/airflow/.local/lib/python3.6/site-packages/airflow/example_dags/example_complex.py for tasks to queue
[2024-04-23 19:17:38,484] {logging_mixin.py:104} INFO - [2024-04-23 19:17:38,484] {dagbag.py:451} INFO - Filling up the DagBag from /home/airflow/.local/lib/python3.6/site-packages/airflow/example_dags/example_complex.py
[2024-04-23 19:17:38,494] {scheduler_job.py:639} INFO - DAG(s) dict_keys(['example_complex']) retrieved from /home/airflow/.local/lib/python3.6/site-packages/airflow/example_dags/example_complex.py
[2024-04-23 19:17:38,509] {logging_mixin.py:104} INFO - [2024-04-23 19:17:38,509] {dag.py:1824} INFO - Sync 1 DAGs
[2024-04-23 19:17:38,517] {logging_mixin.py:104} INFO - [2024-04-23 19:17:38,516] {dag.py:2280} INFO - Setting next_dagrun for example_complex to None
[2024-04-23 19:17:38,524] {scheduler_job.py:190} INFO - Processing /home/airflow/.local/lib/python3.6/site-packages/airflow/example_dags/example_complex.py took 0.046 seconds
[2024-04-23 19:18:09,283] {scheduler_job.py:182} INFO - Started process (PID=431) to work on /home/airflow/.local/lib/python3.6/site-packages/airflow/example_dags/example_complex.py
[2024-04-23 19:18:09,284] {scheduler_job.py:629} INFO - Processing file /home/airflow/.local/lib/python3.6/site-packages/airflow/example_dags/example_complex.py for tasks to queue
[2024-04-23 19:18:09,284] {logging_mixin.py:104} INFO - [2024-04-23 19:18:09,284] {dagbag.py:451} INFO - Filling up the DagBag from /home/airflow/.local/lib/python3.6/site-packages/airflow/example_dags/example_complex.py
[2024-04-23 19:18:09,295] {scheduler_job.py:639} INFO - DAG(s) dict_keys(['example_complex']) retrieved from /home/airflow/.local/lib/python3.6/site-packages/airflow/example_dags/example_complex.py
[2024-04-23 19:18:09,310] {logging_mixin.py:104} INFO - [2024-04-23 19:18:09,310] {dag.py:1824} INFO - Sync 1 DAGs
[2024-04-23 19:18:09,319] {logging_mixin.py:104} INFO - [2024-04-23 19:18:09,319] {dag.py:2280} INFO - Setting next_dagrun for example_complex to None
[2024-04-23 19:18:09,326] {scheduler_job.py:190} INFO - Processing /home/airflow/.local/lib/python3.6/site-packages/airflow/example_dags/example_complex.py took 0.044 seconds
[2024-04-23 19:18:40,028] {scheduler_job.py:182} INFO - Started process (PID=457) to work on /home/airflow/.local/lib/python3.6/site-packages/airflow/example_dags/example_complex.py
[2024-04-23 19:18:40,028] {scheduler_job.py:629} INFO - Processing file /home/airflow/.local/lib/python3.6/site-packages/airflow/example_dags/example_complex.py for tasks to queue
[2024-04-23 19:18:40,029] {logging_mixin.py:104} INFO - [2024-04-23 19:18:40,029] {dagbag.py:451} INFO - Filling up the DagBag from /home/airflow/.local/lib/python3.6/site-packages/airflow/example_dags/example_complex.py
[2024-04-23 19:18:40,038] {scheduler_job.py:639} INFO - DAG(s) dict_keys(['example_complex']) retrieved from /home/airflow/.local/lib/python3.6/site-packages/airflow/example_dags/example_complex.py
[2024-04-23 19:18:40,052] {logging_mixin.py:104} INFO - [2024-04-23 19:18:40,052] {dag.py:1824} INFO - Sync 1 DAGs
[2024-04-23 19:18:40,060] {logging_mixin.py:104} INFO - [2024-04-23 19:18:40,060] {dag.py:2280} INFO - Setting next_dagrun for example_complex to None
[2024-04-23 19:18:40,066] {scheduler_job.py:190} INFO - Processing /home/airflow/.local/lib/python3.6/site-packages/airflow/example_dags/example_complex.py took 0.040 seconds
