[2024-04-23 19:10:28,286] {scheduler_job.py:182} INFO - Started process (PID=61) to work on /home/airflow/.local/lib/python3.6/site-packages/airflow/example_dags/example_latest_only.py
[2024-04-23 19:10:28,286] {scheduler_job.py:629} INFO - Processing file /home/airflow/.local/lib/python3.6/site-packages/airflow/example_dags/example_latest_only.py for tasks to queue
[2024-04-23 19:10:28,287] {logging_mixin.py:104} INFO - [2024-04-23 19:10:28,287] {dagbag.py:451} INFO - Filling up the DagBag from /home/airflow/.local/lib/python3.6/site-packages/airflow/example_dags/example_latest_only.py
[2024-04-23 19:10:28,294] {scheduler_job.py:639} INFO - DAG(s) dict_keys(['latest_only']) retrieved from /home/airflow/.local/lib/python3.6/site-packages/airflow/example_dags/example_latest_only.py
[2024-04-23 19:10:28,308] {logging_mixin.py:104} INFO - [2024-04-23 19:10:28,308] {dag.py:1824} INFO - Sync 1 DAGs
[2024-04-23 19:10:28,315] {logging_mixin.py:104} INFO - [2024-04-23 19:10:28,315] {dag.py:1843} INFO - Creating ORM DAG for latest_only
[2024-04-23 19:10:28,318] {logging_mixin.py:104} INFO - [2024-04-23 19:10:28,318] {dag.py:2280} INFO - Setting next_dagrun for latest_only to 2024-04-21 00:00:00+00:00
[2024-04-23 19:10:28,326] {scheduler_job.py:190} INFO - Processing /home/airflow/.local/lib/python3.6/site-packages/airflow/example_dags/example_latest_only.py took 0.042 seconds
[2024-04-23 19:10:59,091] {scheduler_job.py:182} INFO - Started process (PID=87) to work on /home/airflow/.local/lib/python3.6/site-packages/airflow/example_dags/example_latest_only.py
[2024-04-23 19:10:59,091] {scheduler_job.py:629} INFO - Processing file /home/airflow/.local/lib/python3.6/site-packages/airflow/example_dags/example_latest_only.py for tasks to queue
[2024-04-23 19:10:59,091] {logging_mixin.py:104} INFO - [2024-04-23 19:10:59,091] {dagbag.py:451} INFO - Filling up the DagBag from /home/airflow/.local/lib/python3.6/site-packages/airflow/example_dags/example_latest_only.py
[2024-04-23 19:10:59,097] {scheduler_job.py:639} INFO - DAG(s) dict_keys(['latest_only']) retrieved from /home/airflow/.local/lib/python3.6/site-packages/airflow/example_dags/example_latest_only.py
[2024-04-23 19:10:59,109] {logging_mixin.py:104} INFO - [2024-04-23 19:10:59,109] {dag.py:1824} INFO - Sync 1 DAGs
[2024-04-23 19:10:59,119] {logging_mixin.py:104} INFO - [2024-04-23 19:10:59,119] {dag.py:2280} INFO - Setting next_dagrun for latest_only to 2024-04-21 00:00:00+00:00
[2024-04-23 19:10:59,123] {scheduler_job.py:190} INFO - Processing /home/airflow/.local/lib/python3.6/site-packages/airflow/example_dags/example_latest_only.py took 0.035 seconds
[2024-04-23 19:11:29,832] {scheduler_job.py:182} INFO - Started process (PID=113) to work on /home/airflow/.local/lib/python3.6/site-packages/airflow/example_dags/example_latest_only.py
[2024-04-23 19:11:29,833] {scheduler_job.py:629} INFO - Processing file /home/airflow/.local/lib/python3.6/site-packages/airflow/example_dags/example_latest_only.py for tasks to queue
[2024-04-23 19:11:29,833] {logging_mixin.py:104} INFO - [2024-04-23 19:11:29,833] {dagbag.py:451} INFO - Filling up the DagBag from /home/airflow/.local/lib/python3.6/site-packages/airflow/example_dags/example_latest_only.py
[2024-04-23 19:11:29,839] {scheduler_job.py:639} INFO - DAG(s) dict_keys(['latest_only']) retrieved from /home/airflow/.local/lib/python3.6/site-packages/airflow/example_dags/example_latest_only.py
[2024-04-23 19:11:29,851] {logging_mixin.py:104} INFO - [2024-04-23 19:11:29,851] {dag.py:1824} INFO - Sync 1 DAGs
[2024-04-23 19:11:29,861] {logging_mixin.py:104} INFO - [2024-04-23 19:11:29,861] {dag.py:2280} INFO - Setting next_dagrun for latest_only to 2024-04-21 00:00:00+00:00
[2024-04-23 19:11:29,867] {scheduler_job.py:190} INFO - Processing /home/airflow/.local/lib/python3.6/site-packages/airflow/example_dags/example_latest_only.py took 0.037 seconds
[2024-04-23 19:12:00,559] {scheduler_job.py:182} INFO - Started process (PID=139) to work on /home/airflow/.local/lib/python3.6/site-packages/airflow/example_dags/example_latest_only.py
[2024-04-23 19:12:00,560] {scheduler_job.py:629} INFO - Processing file /home/airflow/.local/lib/python3.6/site-packages/airflow/example_dags/example_latest_only.py for tasks to queue
[2024-04-23 19:12:00,560] {logging_mixin.py:104} INFO - [2024-04-23 19:12:00,560] {dagbag.py:451} INFO - Filling up the DagBag from /home/airflow/.local/lib/python3.6/site-packages/airflow/example_dags/example_latest_only.py
[2024-04-23 19:12:00,566] {scheduler_job.py:639} INFO - DAG(s) dict_keys(['latest_only']) retrieved from /home/airflow/.local/lib/python3.6/site-packages/airflow/example_dags/example_latest_only.py
[2024-04-23 19:12:00,579] {logging_mixin.py:104} INFO - [2024-04-23 19:12:00,578] {dag.py:1824} INFO - Sync 1 DAGs
[2024-04-23 19:12:00,588] {logging_mixin.py:104} INFO - [2024-04-23 19:12:00,588] {dag.py:2280} INFO - Setting next_dagrun for latest_only to 2024-04-21 00:00:00+00:00
[2024-04-23 19:12:00,595] {scheduler_job.py:190} INFO - Processing /home/airflow/.local/lib/python3.6/site-packages/airflow/example_dags/example_latest_only.py took 0.038 seconds
[2024-04-23 19:12:31,303] {scheduler_job.py:182} INFO - Started process (PID=165) to work on /home/airflow/.local/lib/python3.6/site-packages/airflow/example_dags/example_latest_only.py
[2024-04-23 19:12:31,303] {scheduler_job.py:629} INFO - Processing file /home/airflow/.local/lib/python3.6/site-packages/airflow/example_dags/example_latest_only.py for tasks to queue
[2024-04-23 19:12:31,304] {logging_mixin.py:104} INFO - [2024-04-23 19:12:31,304] {dagbag.py:451} INFO - Filling up the DagBag from /home/airflow/.local/lib/python3.6/site-packages/airflow/example_dags/example_latest_only.py
[2024-04-23 19:12:31,310] {scheduler_job.py:639} INFO - DAG(s) dict_keys(['latest_only']) retrieved from /home/airflow/.local/lib/python3.6/site-packages/airflow/example_dags/example_latest_only.py
[2024-04-23 19:12:31,321] {logging_mixin.py:104} INFO - [2024-04-23 19:12:31,320] {dag.py:1824} INFO - Sync 1 DAGs
[2024-04-23 19:12:31,330] {logging_mixin.py:104} INFO - [2024-04-23 19:12:31,330] {dag.py:2280} INFO - Setting next_dagrun for latest_only to 2024-04-21 00:00:00+00:00
[2024-04-23 19:12:31,336] {scheduler_job.py:190} INFO - Processing /home/airflow/.local/lib/python3.6/site-packages/airflow/example_dags/example_latest_only.py took 0.035 seconds
[2024-04-23 19:13:02,062] {scheduler_job.py:182} INFO - Started process (PID=191) to work on /home/airflow/.local/lib/python3.6/site-packages/airflow/example_dags/example_latest_only.py
[2024-04-23 19:13:02,063] {scheduler_job.py:629} INFO - Processing file /home/airflow/.local/lib/python3.6/site-packages/airflow/example_dags/example_latest_only.py for tasks to queue
[2024-04-23 19:13:02,063] {logging_mixin.py:104} INFO - [2024-04-23 19:13:02,063] {dagbag.py:451} INFO - Filling up the DagBag from /home/airflow/.local/lib/python3.6/site-packages/airflow/example_dags/example_latest_only.py
[2024-04-23 19:13:02,069] {scheduler_job.py:639} INFO - DAG(s) dict_keys(['latest_only']) retrieved from /home/airflow/.local/lib/python3.6/site-packages/airflow/example_dags/example_latest_only.py
[2024-04-23 19:13:02,081] {logging_mixin.py:104} INFO - [2024-04-23 19:13:02,081] {dag.py:1824} INFO - Sync 1 DAGs
[2024-04-23 19:13:02,090] {logging_mixin.py:104} INFO - [2024-04-23 19:13:02,089] {dag.py:2280} INFO - Setting next_dagrun for latest_only to 2024-04-21 00:00:00+00:00
[2024-04-23 19:13:02,095] {scheduler_job.py:190} INFO - Processing /home/airflow/.local/lib/python3.6/site-packages/airflow/example_dags/example_latest_only.py took 0.035 seconds
[2024-04-23 19:13:32,858] {scheduler_job.py:182} INFO - Started process (PID=217) to work on /home/airflow/.local/lib/python3.6/site-packages/airflow/example_dags/example_latest_only.py
[2024-04-23 19:13:32,859] {scheduler_job.py:629} INFO - Processing file /home/airflow/.local/lib/python3.6/site-packages/airflow/example_dags/example_latest_only.py for tasks to queue
[2024-04-23 19:13:32,859] {logging_mixin.py:104} INFO - [2024-04-23 19:13:32,859] {dagbag.py:451} INFO - Filling up the DagBag from /home/airflow/.local/lib/python3.6/site-packages/airflow/example_dags/example_latest_only.py
[2024-04-23 19:13:32,866] {scheduler_job.py:639} INFO - DAG(s) dict_keys(['latest_only']) retrieved from /home/airflow/.local/lib/python3.6/site-packages/airflow/example_dags/example_latest_only.py
[2024-04-23 19:13:32,881] {logging_mixin.py:104} INFO - [2024-04-23 19:13:32,881] {dag.py:1824} INFO - Sync 1 DAGs
[2024-04-23 19:13:32,889] {logging_mixin.py:104} INFO - [2024-04-23 19:13:32,889] {dag.py:2280} INFO - Setting next_dagrun for latest_only to 2024-04-21 00:00:00+00:00
[2024-04-23 19:13:32,895] {scheduler_job.py:190} INFO - Processing /home/airflow/.local/lib/python3.6/site-packages/airflow/example_dags/example_latest_only.py took 0.039 seconds
[2024-04-23 19:14:03,568] {scheduler_job.py:182} INFO - Started process (PID=243) to work on /home/airflow/.local/lib/python3.6/site-packages/airflow/example_dags/example_latest_only.py
[2024-04-23 19:14:03,569] {scheduler_job.py:629} INFO - Processing file /home/airflow/.local/lib/python3.6/site-packages/airflow/example_dags/example_latest_only.py for tasks to queue
[2024-04-23 19:14:03,569] {logging_mixin.py:104} INFO - [2024-04-23 19:14:03,569] {dagbag.py:451} INFO - Filling up the DagBag from /home/airflow/.local/lib/python3.6/site-packages/airflow/example_dags/example_latest_only.py
[2024-04-23 19:14:03,576] {scheduler_job.py:639} INFO - DAG(s) dict_keys(['latest_only']) retrieved from /home/airflow/.local/lib/python3.6/site-packages/airflow/example_dags/example_latest_only.py
[2024-04-23 19:14:03,593] {logging_mixin.py:104} INFO - [2024-04-23 19:14:03,593] {dag.py:1824} INFO - Sync 1 DAGs
[2024-04-23 19:14:03,604] {logging_mixin.py:104} INFO - [2024-04-23 19:14:03,604] {dag.py:2280} INFO - Setting next_dagrun for latest_only to 2024-04-21 00:00:00+00:00
[2024-04-23 19:14:03,611] {scheduler_job.py:190} INFO - Processing /home/airflow/.local/lib/python3.6/site-packages/airflow/example_dags/example_latest_only.py took 0.045 seconds
[2024-04-23 19:14:34,359] {scheduler_job.py:182} INFO - Started process (PID=269) to work on /home/airflow/.local/lib/python3.6/site-packages/airflow/example_dags/example_latest_only.py
[2024-04-23 19:14:34,359] {scheduler_job.py:629} INFO - Processing file /home/airflow/.local/lib/python3.6/site-packages/airflow/example_dags/example_latest_only.py for tasks to queue
[2024-04-23 19:14:34,360] {logging_mixin.py:104} INFO - [2024-04-23 19:14:34,360] {dagbag.py:451} INFO - Filling up the DagBag from /home/airflow/.local/lib/python3.6/site-packages/airflow/example_dags/example_latest_only.py
[2024-04-23 19:14:34,366] {scheduler_job.py:639} INFO - DAG(s) dict_keys(['latest_only']) retrieved from /home/airflow/.local/lib/python3.6/site-packages/airflow/example_dags/example_latest_only.py
[2024-04-23 19:14:34,382] {logging_mixin.py:104} INFO - [2024-04-23 19:14:34,382] {dag.py:1824} INFO - Sync 1 DAGs
[2024-04-23 19:14:34,390] {logging_mixin.py:104} INFO - [2024-04-23 19:14:34,390] {dag.py:2280} INFO - Setting next_dagrun for latest_only to 2024-04-21 00:00:00+00:00
[2024-04-23 19:14:34,395] {scheduler_job.py:190} INFO - Processing /home/airflow/.local/lib/python3.6/site-packages/airflow/example_dags/example_latest_only.py took 0.038 seconds
[2024-04-23 19:15:05,127] {scheduler_job.py:182} INFO - Started process (PID=295) to work on /home/airflow/.local/lib/python3.6/site-packages/airflow/example_dags/example_latest_only.py
[2024-04-23 19:15:05,127] {scheduler_job.py:629} INFO - Processing file /home/airflow/.local/lib/python3.6/site-packages/airflow/example_dags/example_latest_only.py for tasks to queue
[2024-04-23 19:15:05,128] {logging_mixin.py:104} INFO - [2024-04-23 19:15:05,128] {dagbag.py:451} INFO - Filling up the DagBag from /home/airflow/.local/lib/python3.6/site-packages/airflow/example_dags/example_latest_only.py
[2024-04-23 19:15:05,135] {scheduler_job.py:639} INFO - DAG(s) dict_keys(['latest_only']) retrieved from /home/airflow/.local/lib/python3.6/site-packages/airflow/example_dags/example_latest_only.py
[2024-04-23 19:15:05,150] {logging_mixin.py:104} INFO - [2024-04-23 19:15:05,149] {dag.py:1824} INFO - Sync 1 DAGs
[2024-04-23 19:15:05,159] {logging_mixin.py:104} INFO - [2024-04-23 19:15:05,159] {dag.py:2280} INFO - Setting next_dagrun for latest_only to 2024-04-21 00:00:00+00:00
[2024-04-23 19:15:05,166] {scheduler_job.py:190} INFO - Processing /home/airflow/.local/lib/python3.6/site-packages/airflow/example_dags/example_latest_only.py took 0.041 seconds
[2024-04-23 19:15:35,872] {scheduler_job.py:182} INFO - Started process (PID=321) to work on /home/airflow/.local/lib/python3.6/site-packages/airflow/example_dags/example_latest_only.py
[2024-04-23 19:15:35,873] {scheduler_job.py:629} INFO - Processing file /home/airflow/.local/lib/python3.6/site-packages/airflow/example_dags/example_latest_only.py for tasks to queue
[2024-04-23 19:15:35,873] {logging_mixin.py:104} INFO - [2024-04-23 19:15:35,873] {dagbag.py:451} INFO - Filling up the DagBag from /home/airflow/.local/lib/python3.6/site-packages/airflow/example_dags/example_latest_only.py
[2024-04-23 19:15:35,882] {scheduler_job.py:639} INFO - DAG(s) dict_keys(['latest_only']) retrieved from /home/airflow/.local/lib/python3.6/site-packages/airflow/example_dags/example_latest_only.py
[2024-04-23 19:15:35,894] {logging_mixin.py:104} INFO - [2024-04-23 19:15:35,894] {dag.py:1824} INFO - Sync 1 DAGs
[2024-04-23 19:15:35,902] {logging_mixin.py:104} INFO - [2024-04-23 19:15:35,902] {dag.py:2280} INFO - Setting next_dagrun for latest_only to 2024-04-21 00:00:00+00:00
[2024-04-23 19:15:35,908] {scheduler_job.py:190} INFO - Processing /home/airflow/.local/lib/python3.6/site-packages/airflow/example_dags/example_latest_only.py took 0.037 seconds
[2024-04-23 19:16:06,706] {scheduler_job.py:182} INFO - Started process (PID=347) to work on /home/airflow/.local/lib/python3.6/site-packages/airflow/example_dags/example_latest_only.py
[2024-04-23 19:16:06,707] {scheduler_job.py:629} INFO - Processing file /home/airflow/.local/lib/python3.6/site-packages/airflow/example_dags/example_latest_only.py for tasks to queue
[2024-04-23 19:16:06,707] {logging_mixin.py:104} INFO - [2024-04-23 19:16:06,707] {dagbag.py:451} INFO - Filling up the DagBag from /home/airflow/.local/lib/python3.6/site-packages/airflow/example_dags/example_latest_only.py
[2024-04-23 19:16:06,716] {scheduler_job.py:639} INFO - DAG(s) dict_keys(['latest_only']) retrieved from /home/airflow/.local/lib/python3.6/site-packages/airflow/example_dags/example_latest_only.py
[2024-04-23 19:16:06,728] {logging_mixin.py:104} INFO - [2024-04-23 19:16:06,728] {dag.py:1824} INFO - Sync 1 DAGs
[2024-04-23 19:16:06,736] {logging_mixin.py:104} INFO - [2024-04-23 19:16:06,736] {dag.py:2280} INFO - Setting next_dagrun for latest_only to 2024-04-21 00:00:00+00:00
[2024-04-23 19:16:06,741] {scheduler_job.py:190} INFO - Processing /home/airflow/.local/lib/python3.6/site-packages/airflow/example_dags/example_latest_only.py took 0.036 seconds
[2024-04-23 19:16:37,490] {scheduler_job.py:182} INFO - Started process (PID=373) to work on /home/airflow/.local/lib/python3.6/site-packages/airflow/example_dags/example_latest_only.py
[2024-04-23 19:16:37,491] {scheduler_job.py:629} INFO - Processing file /home/airflow/.local/lib/python3.6/site-packages/airflow/example_dags/example_latest_only.py for tasks to queue
[2024-04-23 19:16:37,491] {logging_mixin.py:104} INFO - [2024-04-23 19:16:37,491] {dagbag.py:451} INFO - Filling up the DagBag from /home/airflow/.local/lib/python3.6/site-packages/airflow/example_dags/example_latest_only.py
[2024-04-23 19:16:37,499] {scheduler_job.py:639} INFO - DAG(s) dict_keys(['latest_only']) retrieved from /home/airflow/.local/lib/python3.6/site-packages/airflow/example_dags/example_latest_only.py
[2024-04-23 19:16:37,513] {logging_mixin.py:104} INFO - [2024-04-23 19:16:37,512] {dag.py:1824} INFO - Sync 1 DAGs
[2024-04-23 19:16:37,520] {logging_mixin.py:104} INFO - [2024-04-23 19:16:37,520] {dag.py:2280} INFO - Setting next_dagrun for latest_only to 2024-04-21 00:00:00+00:00
[2024-04-23 19:16:37,525] {scheduler_job.py:190} INFO - Processing /home/airflow/.local/lib/python3.6/site-packages/airflow/example_dags/example_latest_only.py took 0.037 seconds
[2024-04-23 19:17:08,289] {scheduler_job.py:182} INFO - Started process (PID=399) to work on /home/airflow/.local/lib/python3.6/site-packages/airflow/example_dags/example_latest_only.py
[2024-04-23 19:17:08,289] {scheduler_job.py:629} INFO - Processing file /home/airflow/.local/lib/python3.6/site-packages/airflow/example_dags/example_latest_only.py for tasks to queue
[2024-04-23 19:17:08,290] {logging_mixin.py:104} INFO - [2024-04-23 19:17:08,290] {dagbag.py:451} INFO - Filling up the DagBag from /home/airflow/.local/lib/python3.6/site-packages/airflow/example_dags/example_latest_only.py
[2024-04-23 19:17:08,298] {scheduler_job.py:639} INFO - DAG(s) dict_keys(['latest_only']) retrieved from /home/airflow/.local/lib/python3.6/site-packages/airflow/example_dags/example_latest_only.py
[2024-04-23 19:17:08,310] {logging_mixin.py:104} INFO - [2024-04-23 19:17:08,310] {dag.py:1824} INFO - Sync 1 DAGs
[2024-04-23 19:17:08,318] {logging_mixin.py:104} INFO - [2024-04-23 19:17:08,318] {dag.py:2280} INFO - Setting next_dagrun for latest_only to 2024-04-21 00:00:00+00:00
[2024-04-23 19:17:08,324] {scheduler_job.py:190} INFO - Processing /home/airflow/.local/lib/python3.6/site-packages/airflow/example_dags/example_latest_only.py took 0.037 seconds
[2024-04-23 19:17:39,064] {scheduler_job.py:182} INFO - Started process (PID=425) to work on /home/airflow/.local/lib/python3.6/site-packages/airflow/example_dags/example_latest_only.py
[2024-04-23 19:17:39,067] {scheduler_job.py:629} INFO - Processing file /home/airflow/.local/lib/python3.6/site-packages/airflow/example_dags/example_latest_only.py for tasks to queue
[2024-04-23 19:17:39,068] {logging_mixin.py:104} INFO - [2024-04-23 19:17:39,068] {dagbag.py:451} INFO - Filling up the DagBag from /home/airflow/.local/lib/python3.6/site-packages/airflow/example_dags/example_latest_only.py
[2024-04-23 19:17:39,073] {scheduler_job.py:639} INFO - DAG(s) dict_keys(['latest_only']) retrieved from /home/airflow/.local/lib/python3.6/site-packages/airflow/example_dags/example_latest_only.py
[2024-04-23 19:17:39,085] {logging_mixin.py:104} INFO - [2024-04-23 19:17:39,085] {dag.py:1824} INFO - Sync 1 DAGs
[2024-04-23 19:17:39,092] {logging_mixin.py:104} INFO - [2024-04-23 19:17:39,092] {dag.py:2280} INFO - Setting next_dagrun for latest_only to 2024-04-21 00:00:00+00:00
[2024-04-23 19:17:39,097] {scheduler_job.py:190} INFO - Processing /home/airflow/.local/lib/python3.6/site-packages/airflow/example_dags/example_latest_only.py took 0.034 seconds
[2024-04-23 19:18:09,847] {scheduler_job.py:182} INFO - Started process (PID=451) to work on /home/airflow/.local/lib/python3.6/site-packages/airflow/example_dags/example_latest_only.py
[2024-04-23 19:18:09,848] {scheduler_job.py:629} INFO - Processing file /home/airflow/.local/lib/python3.6/site-packages/airflow/example_dags/example_latest_only.py for tasks to queue
[2024-04-23 19:18:09,848] {logging_mixin.py:104} INFO - [2024-04-23 19:18:09,848] {dagbag.py:451} INFO - Filling up the DagBag from /home/airflow/.local/lib/python3.6/site-packages/airflow/example_dags/example_latest_only.py
[2024-04-23 19:18:09,855] {scheduler_job.py:639} INFO - DAG(s) dict_keys(['latest_only']) retrieved from /home/airflow/.local/lib/python3.6/site-packages/airflow/example_dags/example_latest_only.py
[2024-04-23 19:18:09,867] {logging_mixin.py:104} INFO - [2024-04-23 19:18:09,867] {dag.py:1824} INFO - Sync 1 DAGs
[2024-04-23 19:18:09,875] {logging_mixin.py:104} INFO - [2024-04-23 19:18:09,875] {dag.py:2280} INFO - Setting next_dagrun for latest_only to 2024-04-21 00:00:00+00:00
[2024-04-23 19:18:09,880] {scheduler_job.py:190} INFO - Processing /home/airflow/.local/lib/python3.6/site-packages/airflow/example_dags/example_latest_only.py took 0.035 seconds
[2024-04-23 19:18:40,583] {scheduler_job.py:182} INFO - Started process (PID=477) to work on /home/airflow/.local/lib/python3.6/site-packages/airflow/example_dags/example_latest_only.py
[2024-04-23 19:18:40,584] {scheduler_job.py:629} INFO - Processing file /home/airflow/.local/lib/python3.6/site-packages/airflow/example_dags/example_latest_only.py for tasks to queue
[2024-04-23 19:18:40,584] {logging_mixin.py:104} INFO - [2024-04-23 19:18:40,584] {dagbag.py:451} INFO - Filling up the DagBag from /home/airflow/.local/lib/python3.6/site-packages/airflow/example_dags/example_latest_only.py
[2024-04-23 19:18:40,590] {scheduler_job.py:639} INFO - DAG(s) dict_keys(['latest_only']) retrieved from /home/airflow/.local/lib/python3.6/site-packages/airflow/example_dags/example_latest_only.py
[2024-04-23 19:18:40,603] {logging_mixin.py:104} INFO - [2024-04-23 19:18:40,603] {dag.py:1824} INFO - Sync 1 DAGs
[2024-04-23 19:18:40,611] {logging_mixin.py:104} INFO - [2024-04-23 19:18:40,611] {dag.py:2280} INFO - Setting next_dagrun for latest_only to 2024-04-21 00:00:00+00:00
[2024-04-23 19:18:40,616] {scheduler_job.py:190} INFO - Processing /home/airflow/.local/lib/python3.6/site-packages/airflow/example_dags/example_latest_only.py took 0.034 seconds
