[2024-04-23 19:10:28,455] {scheduler_job.py:182} INFO - Started process (PID=65) to work on /home/airflow/.local/lib/python3.6/site-packages/airflow/example_dags/example_python_operator.py
[2024-04-23 19:10:28,456] {scheduler_job.py:629} INFO - Processing file /home/airflow/.local/lib/python3.6/site-packages/airflow/example_dags/example_python_operator.py for tasks to queue
[2024-04-23 19:10:28,456] {logging_mixin.py:104} INFO - [2024-04-23 19:10:28,456] {dagbag.py:451} INFO - Filling up the DagBag from /home/airflow/.local/lib/python3.6/site-packages/airflow/example_dags/example_python_operator.py
[2024-04-23 19:10:28,466] {scheduler_job.py:639} INFO - DAG(s) dict_keys(['example_python_operator']) retrieved from /home/airflow/.local/lib/python3.6/site-packages/airflow/example_dags/example_python_operator.py
[2024-04-23 19:10:28,483] {logging_mixin.py:104} INFO - [2024-04-23 19:10:28,483] {dag.py:1824} INFO - Sync 1 DAGs
[2024-04-23 19:10:28,491] {logging_mixin.py:104} INFO - [2024-04-23 19:10:28,490] {dag.py:1843} INFO - Creating ORM DAG for example_python_operator
[2024-04-23 19:10:28,493] {logging_mixin.py:104} INFO - [2024-04-23 19:10:28,493] {dag.py:2280} INFO - Setting next_dagrun for example_python_operator to None
[2024-04-23 19:10:28,501] {scheduler_job.py:190} INFO - Processing /home/airflow/.local/lib/python3.6/site-packages/airflow/example_dags/example_python_operator.py took 0.048 seconds
[2024-04-23 19:10:59,190] {scheduler_job.py:182} INFO - Started process (PID=91) to work on /home/airflow/.local/lib/python3.6/site-packages/airflow/example_dags/example_python_operator.py
[2024-04-23 19:10:59,191] {scheduler_job.py:629} INFO - Processing file /home/airflow/.local/lib/python3.6/site-packages/airflow/example_dags/example_python_operator.py for tasks to queue
[2024-04-23 19:10:59,191] {logging_mixin.py:104} INFO - [2024-04-23 19:10:59,191] {dagbag.py:451} INFO - Filling up the DagBag from /home/airflow/.local/lib/python3.6/site-packages/airflow/example_dags/example_python_operator.py
[2024-04-23 19:10:59,198] {scheduler_job.py:639} INFO - DAG(s) dict_keys(['example_python_operator']) retrieved from /home/airflow/.local/lib/python3.6/site-packages/airflow/example_dags/example_python_operator.py
[2024-04-23 19:10:59,211] {logging_mixin.py:104} INFO - [2024-04-23 19:10:59,211] {dag.py:1824} INFO - Sync 1 DAGs
[2024-04-23 19:10:59,220] {logging_mixin.py:104} INFO - [2024-04-23 19:10:59,220] {dag.py:2280} INFO - Setting next_dagrun for example_python_operator to None
[2024-04-23 19:10:59,226] {scheduler_job.py:190} INFO - Processing /home/airflow/.local/lib/python3.6/site-packages/airflow/example_dags/example_python_operator.py took 0.037 seconds
[2024-04-23 19:11:29,936] {scheduler_job.py:182} INFO - Started process (PID=117) to work on /home/airflow/.local/lib/python3.6/site-packages/airflow/example_dags/example_python_operator.py
[2024-04-23 19:11:29,937] {scheduler_job.py:629} INFO - Processing file /home/airflow/.local/lib/python3.6/site-packages/airflow/example_dags/example_python_operator.py for tasks to queue
[2024-04-23 19:11:29,937] {logging_mixin.py:104} INFO - [2024-04-23 19:11:29,937] {dagbag.py:451} INFO - Filling up the DagBag from /home/airflow/.local/lib/python3.6/site-packages/airflow/example_dags/example_python_operator.py
[2024-04-23 19:11:29,945] {scheduler_job.py:639} INFO - DAG(s) dict_keys(['example_python_operator']) retrieved from /home/airflow/.local/lib/python3.6/site-packages/airflow/example_dags/example_python_operator.py
[2024-04-23 19:11:29,957] {logging_mixin.py:104} INFO - [2024-04-23 19:11:29,957] {dag.py:1824} INFO - Sync 1 DAGs
[2024-04-23 19:11:29,965] {logging_mixin.py:104} INFO - [2024-04-23 19:11:29,965] {dag.py:2280} INFO - Setting next_dagrun for example_python_operator to None
[2024-04-23 19:11:29,971] {scheduler_job.py:190} INFO - Processing /home/airflow/.local/lib/python3.6/site-packages/airflow/example_dags/example_python_operator.py took 0.037 seconds
[2024-04-23 19:12:00,663] {scheduler_job.py:182} INFO - Started process (PID=143) to work on /home/airflow/.local/lib/python3.6/site-packages/airflow/example_dags/example_python_operator.py
[2024-04-23 19:12:00,663] {scheduler_job.py:629} INFO - Processing file /home/airflow/.local/lib/python3.6/site-packages/airflow/example_dags/example_python_operator.py for tasks to queue
[2024-04-23 19:12:00,664] {logging_mixin.py:104} INFO - [2024-04-23 19:12:00,664] {dagbag.py:451} INFO - Filling up the DagBag from /home/airflow/.local/lib/python3.6/site-packages/airflow/example_dags/example_python_operator.py
[2024-04-23 19:12:00,671] {scheduler_job.py:639} INFO - DAG(s) dict_keys(['example_python_operator']) retrieved from /home/airflow/.local/lib/python3.6/site-packages/airflow/example_dags/example_python_operator.py
[2024-04-23 19:12:00,684] {logging_mixin.py:104} INFO - [2024-04-23 19:12:00,684] {dag.py:1824} INFO - Sync 1 DAGs
[2024-04-23 19:12:00,693] {logging_mixin.py:104} INFO - [2024-04-23 19:12:00,693] {dag.py:2280} INFO - Setting next_dagrun for example_python_operator to None
[2024-04-23 19:12:00,697] {scheduler_job.py:190} INFO - Processing /home/airflow/.local/lib/python3.6/site-packages/airflow/example_dags/example_python_operator.py took 0.036 seconds
[2024-04-23 19:12:31,446] {scheduler_job.py:182} INFO - Started process (PID=169) to work on /home/airflow/.local/lib/python3.6/site-packages/airflow/example_dags/example_python_operator.py
[2024-04-23 19:12:31,447] {scheduler_job.py:629} INFO - Processing file /home/airflow/.local/lib/python3.6/site-packages/airflow/example_dags/example_python_operator.py for tasks to queue
[2024-04-23 19:12:31,447] {logging_mixin.py:104} INFO - [2024-04-23 19:12:31,447] {dagbag.py:451} INFO - Filling up the DagBag from /home/airflow/.local/lib/python3.6/site-packages/airflow/example_dags/example_python_operator.py
[2024-04-23 19:12:31,456] {scheduler_job.py:639} INFO - DAG(s) dict_keys(['example_python_operator']) retrieved from /home/airflow/.local/lib/python3.6/site-packages/airflow/example_dags/example_python_operator.py
[2024-04-23 19:12:31,468] {logging_mixin.py:104} INFO - [2024-04-23 19:12:31,468] {dag.py:1824} INFO - Sync 1 DAGs
[2024-04-23 19:12:31,479] {logging_mixin.py:104} INFO - [2024-04-23 19:12:31,479] {dag.py:2280} INFO - Setting next_dagrun for example_python_operator to None
[2024-04-23 19:12:31,485] {scheduler_job.py:190} INFO - Processing /home/airflow/.local/lib/python3.6/site-packages/airflow/example_dags/example_python_operator.py took 0.040 seconds
[2024-04-23 19:13:02,161] {scheduler_job.py:182} INFO - Started process (PID=195) to work on /home/airflow/.local/lib/python3.6/site-packages/airflow/example_dags/example_python_operator.py
[2024-04-23 19:13:02,162] {scheduler_job.py:629} INFO - Processing file /home/airflow/.local/lib/python3.6/site-packages/airflow/example_dags/example_python_operator.py for tasks to queue
[2024-04-23 19:13:02,162] {logging_mixin.py:104} INFO - [2024-04-23 19:13:02,162] {dagbag.py:451} INFO - Filling up the DagBag from /home/airflow/.local/lib/python3.6/site-packages/airflow/example_dags/example_python_operator.py
[2024-04-23 19:13:02,169] {scheduler_job.py:639} INFO - DAG(s) dict_keys(['example_python_operator']) retrieved from /home/airflow/.local/lib/python3.6/site-packages/airflow/example_dags/example_python_operator.py
[2024-04-23 19:13:02,183] {logging_mixin.py:104} INFO - [2024-04-23 19:13:02,183] {dag.py:1824} INFO - Sync 1 DAGs
[2024-04-23 19:13:02,190] {logging_mixin.py:104} INFO - [2024-04-23 19:13:02,190] {dag.py:2280} INFO - Setting next_dagrun for example_python_operator to None
[2024-04-23 19:13:02,194] {scheduler_job.py:190} INFO - Processing /home/airflow/.local/lib/python3.6/site-packages/airflow/example_dags/example_python_operator.py took 0.036 seconds
[2024-04-23 19:13:32,963] {scheduler_job.py:182} INFO - Started process (PID=221) to work on /home/airflow/.local/lib/python3.6/site-packages/airflow/example_dags/example_python_operator.py
[2024-04-23 19:13:32,964] {scheduler_job.py:629} INFO - Processing file /home/airflow/.local/lib/python3.6/site-packages/airflow/example_dags/example_python_operator.py for tasks to queue
[2024-04-23 19:13:32,964] {logging_mixin.py:104} INFO - [2024-04-23 19:13:32,964] {dagbag.py:451} INFO - Filling up the DagBag from /home/airflow/.local/lib/python3.6/site-packages/airflow/example_dags/example_python_operator.py
[2024-04-23 19:13:32,972] {scheduler_job.py:639} INFO - DAG(s) dict_keys(['example_python_operator']) retrieved from /home/airflow/.local/lib/python3.6/site-packages/airflow/example_dags/example_python_operator.py
[2024-04-23 19:13:32,987] {logging_mixin.py:104} INFO - [2024-04-23 19:13:32,987] {dag.py:1824} INFO - Sync 1 DAGs
[2024-04-23 19:13:32,996] {logging_mixin.py:104} INFO - [2024-04-23 19:13:32,996] {dag.py:2280} INFO - Setting next_dagrun for example_python_operator to None
[2024-04-23 19:13:33,002] {scheduler_job.py:190} INFO - Processing /home/airflow/.local/lib/python3.6/site-packages/airflow/example_dags/example_python_operator.py took 0.041 seconds
[2024-04-23 19:14:03,693] {scheduler_job.py:182} INFO - Started process (PID=247) to work on /home/airflow/.local/lib/python3.6/site-packages/airflow/example_dags/example_python_operator.py
[2024-04-23 19:14:03,693] {scheduler_job.py:629} INFO - Processing file /home/airflow/.local/lib/python3.6/site-packages/airflow/example_dags/example_python_operator.py for tasks to queue
[2024-04-23 19:14:03,694] {logging_mixin.py:104} INFO - [2024-04-23 19:14:03,694] {dagbag.py:451} INFO - Filling up the DagBag from /home/airflow/.local/lib/python3.6/site-packages/airflow/example_dags/example_python_operator.py
[2024-04-23 19:14:03,703] {scheduler_job.py:639} INFO - DAG(s) dict_keys(['example_python_operator']) retrieved from /home/airflow/.local/lib/python3.6/site-packages/airflow/example_dags/example_python_operator.py
[2024-04-23 19:14:03,718] {logging_mixin.py:104} INFO - [2024-04-23 19:14:03,718] {dag.py:1824} INFO - Sync 1 DAGs
[2024-04-23 19:14:03,727] {logging_mixin.py:104} INFO - [2024-04-23 19:14:03,727] {dag.py:2280} INFO - Setting next_dagrun for example_python_operator to None
[2024-04-23 19:14:03,732] {scheduler_job.py:190} INFO - Processing /home/airflow/.local/lib/python3.6/site-packages/airflow/example_dags/example_python_operator.py took 0.042 seconds
[2024-04-23 19:14:34,467] {scheduler_job.py:182} INFO - Started process (PID=273) to work on /home/airflow/.local/lib/python3.6/site-packages/airflow/example_dags/example_python_operator.py
[2024-04-23 19:14:34,467] {scheduler_job.py:629} INFO - Processing file /home/airflow/.local/lib/python3.6/site-packages/airflow/example_dags/example_python_operator.py for tasks to queue
[2024-04-23 19:14:34,468] {logging_mixin.py:104} INFO - [2024-04-23 19:14:34,468] {dagbag.py:451} INFO - Filling up the DagBag from /home/airflow/.local/lib/python3.6/site-packages/airflow/example_dags/example_python_operator.py
[2024-04-23 19:14:34,475] {scheduler_job.py:639} INFO - DAG(s) dict_keys(['example_python_operator']) retrieved from /home/airflow/.local/lib/python3.6/site-packages/airflow/example_dags/example_python_operator.py
[2024-04-23 19:14:34,490] {logging_mixin.py:104} INFO - [2024-04-23 19:14:34,490] {dag.py:1824} INFO - Sync 1 DAGs
[2024-04-23 19:14:34,499] {logging_mixin.py:104} INFO - [2024-04-23 19:14:34,499] {dag.py:2280} INFO - Setting next_dagrun for example_python_operator to None
[2024-04-23 19:14:34,505] {scheduler_job.py:190} INFO - Processing /home/airflow/.local/lib/python3.6/site-packages/airflow/example_dags/example_python_operator.py took 0.040 seconds
[2024-04-23 19:15:05,241] {scheduler_job.py:182} INFO - Started process (PID=299) to work on /home/airflow/.local/lib/python3.6/site-packages/airflow/example_dags/example_python_operator.py
[2024-04-23 19:15:05,242] {scheduler_job.py:629} INFO - Processing file /home/airflow/.local/lib/python3.6/site-packages/airflow/example_dags/example_python_operator.py for tasks to queue
[2024-04-23 19:15:05,243] {logging_mixin.py:104} INFO - [2024-04-23 19:15:05,243] {dagbag.py:451} INFO - Filling up the DagBag from /home/airflow/.local/lib/python3.6/site-packages/airflow/example_dags/example_python_operator.py
[2024-04-23 19:15:05,254] {scheduler_job.py:639} INFO - DAG(s) dict_keys(['example_python_operator']) retrieved from /home/airflow/.local/lib/python3.6/site-packages/airflow/example_dags/example_python_operator.py
[2024-04-23 19:15:05,266] {logging_mixin.py:104} INFO - [2024-04-23 19:15:05,266] {dag.py:1824} INFO - Sync 1 DAGs
[2024-04-23 19:15:05,277] {logging_mixin.py:104} INFO - [2024-04-23 19:15:05,277] {dag.py:2280} INFO - Setting next_dagrun for example_python_operator to None
[2024-04-23 19:15:05,284] {scheduler_job.py:190} INFO - Processing /home/airflow/.local/lib/python3.6/site-packages/airflow/example_dags/example_python_operator.py took 0.045 seconds
[2024-04-23 19:15:36,023] {scheduler_job.py:182} INFO - Started process (PID=325) to work on /home/airflow/.local/lib/python3.6/site-packages/airflow/example_dags/example_python_operator.py
[2024-04-23 19:15:36,023] {scheduler_job.py:629} INFO - Processing file /home/airflow/.local/lib/python3.6/site-packages/airflow/example_dags/example_python_operator.py for tasks to queue
[2024-04-23 19:15:36,024] {logging_mixin.py:104} INFO - [2024-04-23 19:15:36,024] {dagbag.py:451} INFO - Filling up the DagBag from /home/airflow/.local/lib/python3.6/site-packages/airflow/example_dags/example_python_operator.py
[2024-04-23 19:15:36,033] {scheduler_job.py:639} INFO - DAG(s) dict_keys(['example_python_operator']) retrieved from /home/airflow/.local/lib/python3.6/site-packages/airflow/example_dags/example_python_operator.py
[2024-04-23 19:15:36,045] {logging_mixin.py:104} INFO - [2024-04-23 19:15:36,045] {dag.py:1824} INFO - Sync 1 DAGs
[2024-04-23 19:15:36,052] {logging_mixin.py:104} INFO - [2024-04-23 19:15:36,052] {dag.py:2280} INFO - Setting next_dagrun for example_python_operator to None
[2024-04-23 19:15:36,057] {scheduler_job.py:190} INFO - Processing /home/airflow/.local/lib/python3.6/site-packages/airflow/example_dags/example_python_operator.py took 0.036 seconds
[2024-04-23 19:16:06,811] {scheduler_job.py:182} INFO - Started process (PID=351) to work on /home/airflow/.local/lib/python3.6/site-packages/airflow/example_dags/example_python_operator.py
[2024-04-23 19:16:06,812] {scheduler_job.py:629} INFO - Processing file /home/airflow/.local/lib/python3.6/site-packages/airflow/example_dags/example_python_operator.py for tasks to queue
[2024-04-23 19:16:06,812] {logging_mixin.py:104} INFO - [2024-04-23 19:16:06,812] {dagbag.py:451} INFO - Filling up the DagBag from /home/airflow/.local/lib/python3.6/site-packages/airflow/example_dags/example_python_operator.py
[2024-04-23 19:16:06,822] {scheduler_job.py:639} INFO - DAG(s) dict_keys(['example_python_operator']) retrieved from /home/airflow/.local/lib/python3.6/site-packages/airflow/example_dags/example_python_operator.py
[2024-04-23 19:16:06,836] {logging_mixin.py:104} INFO - [2024-04-23 19:16:06,836] {dag.py:1824} INFO - Sync 1 DAGs
[2024-04-23 19:16:06,844] {logging_mixin.py:104} INFO - [2024-04-23 19:16:06,844] {dag.py:2280} INFO - Setting next_dagrun for example_python_operator to None
[2024-04-23 19:16:06,849] {scheduler_job.py:190} INFO - Processing /home/airflow/.local/lib/python3.6/site-packages/airflow/example_dags/example_python_operator.py took 0.040 seconds
[2024-04-23 19:16:37,595] {scheduler_job.py:182} INFO - Started process (PID=377) to work on /home/airflow/.local/lib/python3.6/site-packages/airflow/example_dags/example_python_operator.py
[2024-04-23 19:16:37,596] {scheduler_job.py:629} INFO - Processing file /home/airflow/.local/lib/python3.6/site-packages/airflow/example_dags/example_python_operator.py for tasks to queue
[2024-04-23 19:16:37,596] {logging_mixin.py:104} INFO - [2024-04-23 19:16:37,596] {dagbag.py:451} INFO - Filling up the DagBag from /home/airflow/.local/lib/python3.6/site-packages/airflow/example_dags/example_python_operator.py
[2024-04-23 19:16:37,605] {scheduler_job.py:639} INFO - DAG(s) dict_keys(['example_python_operator']) retrieved from /home/airflow/.local/lib/python3.6/site-packages/airflow/example_dags/example_python_operator.py
[2024-04-23 19:16:37,617] {logging_mixin.py:104} INFO - [2024-04-23 19:16:37,617] {dag.py:1824} INFO - Sync 1 DAGs
[2024-04-23 19:16:37,624] {logging_mixin.py:104} INFO - [2024-04-23 19:16:37,624] {dag.py:2280} INFO - Setting next_dagrun for example_python_operator to None
[2024-04-23 19:16:37,631] {scheduler_job.py:190} INFO - Processing /home/airflow/.local/lib/python3.6/site-packages/airflow/example_dags/example_python_operator.py took 0.038 seconds
[2024-04-23 19:17:08,391] {scheduler_job.py:182} INFO - Started process (PID=403) to work on /home/airflow/.local/lib/python3.6/site-packages/airflow/example_dags/example_python_operator.py
[2024-04-23 19:17:08,391] {scheduler_job.py:629} INFO - Processing file /home/airflow/.local/lib/python3.6/site-packages/airflow/example_dags/example_python_operator.py for tasks to queue
[2024-04-23 19:17:08,391] {logging_mixin.py:104} INFO - [2024-04-23 19:17:08,391] {dagbag.py:451} INFO - Filling up the DagBag from /home/airflow/.local/lib/python3.6/site-packages/airflow/example_dags/example_python_operator.py
[2024-04-23 19:17:08,401] {scheduler_job.py:639} INFO - DAG(s) dict_keys(['example_python_operator']) retrieved from /home/airflow/.local/lib/python3.6/site-packages/airflow/example_dags/example_python_operator.py
[2024-04-23 19:17:08,413] {logging_mixin.py:104} INFO - [2024-04-23 19:17:08,413] {dag.py:1824} INFO - Sync 1 DAGs
[2024-04-23 19:17:08,421] {logging_mixin.py:104} INFO - [2024-04-23 19:17:08,420] {dag.py:2280} INFO - Setting next_dagrun for example_python_operator to None
[2024-04-23 19:17:08,426] {scheduler_job.py:190} INFO - Processing /home/airflow/.local/lib/python3.6/site-packages/airflow/example_dags/example_python_operator.py took 0.038 seconds
[2024-04-23 19:17:39,169] {scheduler_job.py:182} INFO - Started process (PID=429) to work on /home/airflow/.local/lib/python3.6/site-packages/airflow/example_dags/example_python_operator.py
[2024-04-23 19:17:39,173] {scheduler_job.py:629} INFO - Processing file /home/airflow/.local/lib/python3.6/site-packages/airflow/example_dags/example_python_operator.py for tasks to queue
[2024-04-23 19:17:39,173] {logging_mixin.py:104} INFO - [2024-04-23 19:17:39,173] {dagbag.py:451} INFO - Filling up the DagBag from /home/airflow/.local/lib/python3.6/site-packages/airflow/example_dags/example_python_operator.py
[2024-04-23 19:17:39,180] {scheduler_job.py:639} INFO - DAG(s) dict_keys(['example_python_operator']) retrieved from /home/airflow/.local/lib/python3.6/site-packages/airflow/example_dags/example_python_operator.py
[2024-04-23 19:17:39,193] {logging_mixin.py:104} INFO - [2024-04-23 19:17:39,193] {dag.py:1824} INFO - Sync 1 DAGs
[2024-04-23 19:17:39,200] {logging_mixin.py:104} INFO - [2024-04-23 19:17:39,200] {dag.py:2280} INFO - Setting next_dagrun for example_python_operator to None
[2024-04-23 19:17:39,206] {scheduler_job.py:190} INFO - Processing /home/airflow/.local/lib/python3.6/site-packages/airflow/example_dags/example_python_operator.py took 0.039 seconds
[2024-04-23 19:18:09,947] {scheduler_job.py:182} INFO - Started process (PID=455) to work on /home/airflow/.local/lib/python3.6/site-packages/airflow/example_dags/example_python_operator.py
[2024-04-23 19:18:09,947] {scheduler_job.py:629} INFO - Processing file /home/airflow/.local/lib/python3.6/site-packages/airflow/example_dags/example_python_operator.py for tasks to queue
[2024-04-23 19:18:09,948] {logging_mixin.py:104} INFO - [2024-04-23 19:18:09,948] {dagbag.py:451} INFO - Filling up the DagBag from /home/airflow/.local/lib/python3.6/site-packages/airflow/example_dags/example_python_operator.py
[2024-04-23 19:18:09,955] {scheduler_job.py:639} INFO - DAG(s) dict_keys(['example_python_operator']) retrieved from /home/airflow/.local/lib/python3.6/site-packages/airflow/example_dags/example_python_operator.py
[2024-04-23 19:18:09,968] {logging_mixin.py:104} INFO - [2024-04-23 19:18:09,968] {dag.py:1824} INFO - Sync 1 DAGs
[2024-04-23 19:18:09,976] {logging_mixin.py:104} INFO - [2024-04-23 19:18:09,976] {dag.py:2280} INFO - Setting next_dagrun for example_python_operator to None
[2024-04-23 19:18:09,983] {scheduler_job.py:190} INFO - Processing /home/airflow/.local/lib/python3.6/site-packages/airflow/example_dags/example_python_operator.py took 0.038 seconds
[2024-04-23 19:18:40,682] {scheduler_job.py:182} INFO - Started process (PID=481) to work on /home/airflow/.local/lib/python3.6/site-packages/airflow/example_dags/example_python_operator.py
[2024-04-23 19:18:40,682] {scheduler_job.py:629} INFO - Processing file /home/airflow/.local/lib/python3.6/site-packages/airflow/example_dags/example_python_operator.py for tasks to queue
[2024-04-23 19:18:40,682] {logging_mixin.py:104} INFO - [2024-04-23 19:18:40,682] {dagbag.py:451} INFO - Filling up the DagBag from /home/airflow/.local/lib/python3.6/site-packages/airflow/example_dags/example_python_operator.py
[2024-04-23 19:18:40,690] {scheduler_job.py:639} INFO - DAG(s) dict_keys(['example_python_operator']) retrieved from /home/airflow/.local/lib/python3.6/site-packages/airflow/example_dags/example_python_operator.py
[2024-04-23 19:18:40,702] {logging_mixin.py:104} INFO - [2024-04-23 19:18:40,702] {dag.py:1824} INFO - Sync 1 DAGs
[2024-04-23 19:18:40,710] {logging_mixin.py:104} INFO - [2024-04-23 19:18:40,710] {dag.py:2280} INFO - Setting next_dagrun for example_python_operator to None
[2024-04-23 19:18:40,716] {scheduler_job.py:190} INFO - Processing /home/airflow/.local/lib/python3.6/site-packages/airflow/example_dags/example_python_operator.py took 0.036 seconds
