[2024-04-23 19:10:27,677] {scheduler_job.py:182} INFO - Started process (PID=42) to work on /home/airflow/.local/lib/python3.6/site-packages/airflow/example_dags/example_xcomargs.py
[2024-04-23 19:10:27,678] {scheduler_job.py:629} INFO - Processing file /home/airflow/.local/lib/python3.6/site-packages/airflow/example_dags/example_xcomargs.py for tasks to queue
[2024-04-23 19:10:27,678] {logging_mixin.py:104} INFO - [2024-04-23 19:10:27,678] {dagbag.py:451} INFO - Filling up the DagBag from /home/airflow/.local/lib/python3.6/site-packages/airflow/example_dags/example_xcomargs.py
[2024-04-23 19:10:27,689] {scheduler_job.py:639} INFO - DAG(s) dict_keys(['example_xcom_args', 'example_xcom_args_with_operators']) retrieved from /home/airflow/.local/lib/python3.6/site-packages/airflow/example_dags/example_xcomargs.py
[2024-04-23 19:10:27,709] {logging_mixin.py:104} INFO - [2024-04-23 19:10:27,709] {dag.py:1824} INFO - Sync 2 DAGs
[2024-04-23 19:10:27,714] {logging_mixin.py:104} INFO - [2024-04-23 19:10:27,714] {dag.py:1843} INFO - Creating ORM DAG for example_xcom_args
[2024-04-23 19:10:27,715] {logging_mixin.py:104} INFO - [2024-04-23 19:10:27,715] {dag.py:1843} INFO - Creating ORM DAG for example_xcom_args_with_operators
[2024-04-23 19:10:27,718] {logging_mixin.py:104} INFO - [2024-04-23 19:10:27,717] {dag.py:2280} INFO - Setting next_dagrun for example_xcom_args to None
[2024-04-23 19:10:27,718] {logging_mixin.py:104} INFO - [2024-04-23 19:10:27,718] {dag.py:2280} INFO - Setting next_dagrun for example_xcom_args_with_operators to None
[2024-04-23 19:10:27,725] {scheduler_job.py:190} INFO - Processing /home/airflow/.local/lib/python3.6/site-packages/airflow/example_dags/example_xcomargs.py took 0.051 seconds
[2024-04-23 19:10:58,595] {scheduler_job.py:182} INFO - Started process (PID=68) to work on /home/airflow/.local/lib/python3.6/site-packages/airflow/example_dags/example_xcomargs.py
[2024-04-23 19:10:58,596] {scheduler_job.py:629} INFO - Processing file /home/airflow/.local/lib/python3.6/site-packages/airflow/example_dags/example_xcomargs.py for tasks to queue
[2024-04-23 19:10:58,596] {logging_mixin.py:104} INFO - [2024-04-23 19:10:58,596] {dagbag.py:451} INFO - Filling up the DagBag from /home/airflow/.local/lib/python3.6/site-packages/airflow/example_dags/example_xcomargs.py
[2024-04-23 19:10:58,604] {scheduler_job.py:639} INFO - DAG(s) dict_keys(['example_xcom_args', 'example_xcom_args_with_operators']) retrieved from /home/airflow/.local/lib/python3.6/site-packages/airflow/example_dags/example_xcomargs.py
[2024-04-23 19:10:58,626] {logging_mixin.py:104} INFO - [2024-04-23 19:10:58,626] {dag.py:1824} INFO - Sync 2 DAGs
[2024-04-23 19:10:58,636] {logging_mixin.py:104} INFO - [2024-04-23 19:10:58,635] {dag.py:2280} INFO - Setting next_dagrun for example_xcom_args to None
[2024-04-23 19:10:58,636] {logging_mixin.py:104} INFO - [2024-04-23 19:10:58,636] {dag.py:2280} INFO - Setting next_dagrun for example_xcom_args_with_operators to None
[2024-04-23 19:10:58,646] {scheduler_job.py:190} INFO - Processing /home/airflow/.local/lib/python3.6/site-packages/airflow/example_dags/example_xcomargs.py took 0.052 seconds
[2024-04-23 19:11:29,334] {scheduler_job.py:182} INFO - Started process (PID=94) to work on /home/airflow/.local/lib/python3.6/site-packages/airflow/example_dags/example_xcomargs.py
[2024-04-23 19:11:29,335] {scheduler_job.py:629} INFO - Processing file /home/airflow/.local/lib/python3.6/site-packages/airflow/example_dags/example_xcomargs.py for tasks to queue
[2024-04-23 19:11:29,335] {logging_mixin.py:104} INFO - [2024-04-23 19:11:29,335] {dagbag.py:451} INFO - Filling up the DagBag from /home/airflow/.local/lib/python3.6/site-packages/airflow/example_dags/example_xcomargs.py
[2024-04-23 19:11:29,344] {scheduler_job.py:639} INFO - DAG(s) dict_keys(['example_xcom_args', 'example_xcom_args_with_operators']) retrieved from /home/airflow/.local/lib/python3.6/site-packages/airflow/example_dags/example_xcomargs.py
[2024-04-23 19:11:29,362] {logging_mixin.py:104} INFO - [2024-04-23 19:11:29,362] {dag.py:1824} INFO - Sync 2 DAGs
[2024-04-23 19:11:29,370] {logging_mixin.py:104} INFO - [2024-04-23 19:11:29,370] {dag.py:2280} INFO - Setting next_dagrun for example_xcom_args to None
[2024-04-23 19:11:29,371] {logging_mixin.py:104} INFO - [2024-04-23 19:11:29,371] {dag.py:2280} INFO - Setting next_dagrun for example_xcom_args_with_operators to None
[2024-04-23 19:11:29,377] {scheduler_job.py:190} INFO - Processing /home/airflow/.local/lib/python3.6/site-packages/airflow/example_dags/example_xcomargs.py took 0.045 seconds
[2024-04-23 19:12:00,071] {scheduler_job.py:182} INFO - Started process (PID=120) to work on /home/airflow/.local/lib/python3.6/site-packages/airflow/example_dags/example_xcomargs.py
[2024-04-23 19:12:00,072] {scheduler_job.py:629} INFO - Processing file /home/airflow/.local/lib/python3.6/site-packages/airflow/example_dags/example_xcomargs.py for tasks to queue
[2024-04-23 19:12:00,072] {logging_mixin.py:104} INFO - [2024-04-23 19:12:00,072] {dagbag.py:451} INFO - Filling up the DagBag from /home/airflow/.local/lib/python3.6/site-packages/airflow/example_dags/example_xcomargs.py
[2024-04-23 19:12:00,080] {scheduler_job.py:639} INFO - DAG(s) dict_keys(['example_xcom_args', 'example_xcom_args_with_operators']) retrieved from /home/airflow/.local/lib/python3.6/site-packages/airflow/example_dags/example_xcomargs.py
[2024-04-23 19:12:00,096] {logging_mixin.py:104} INFO - [2024-04-23 19:12:00,096] {dag.py:1824} INFO - Sync 2 DAGs
[2024-04-23 19:12:00,104] {logging_mixin.py:104} INFO - [2024-04-23 19:12:00,104] {dag.py:2280} INFO - Setting next_dagrun for example_xcom_args to None
[2024-04-23 19:12:00,104] {logging_mixin.py:104} INFO - [2024-04-23 19:12:00,104] {dag.py:2280} INFO - Setting next_dagrun for example_xcom_args_with_operators to None
[2024-04-23 19:12:00,110] {scheduler_job.py:190} INFO - Processing /home/airflow/.local/lib/python3.6/site-packages/airflow/example_dags/example_xcomargs.py took 0.040 seconds
[2024-04-23 19:12:30,805] {scheduler_job.py:182} INFO - Started process (PID=146) to work on /home/airflow/.local/lib/python3.6/site-packages/airflow/example_dags/example_xcomargs.py
[2024-04-23 19:12:30,805] {scheduler_job.py:629} INFO - Processing file /home/airflow/.local/lib/python3.6/site-packages/airflow/example_dags/example_xcomargs.py for tasks to queue
[2024-04-23 19:12:30,805] {logging_mixin.py:104} INFO - [2024-04-23 19:12:30,805] {dagbag.py:451} INFO - Filling up the DagBag from /home/airflow/.local/lib/python3.6/site-packages/airflow/example_dags/example_xcomargs.py
[2024-04-23 19:12:30,814] {scheduler_job.py:639} INFO - DAG(s) dict_keys(['example_xcom_args', 'example_xcom_args_with_operators']) retrieved from /home/airflow/.local/lib/python3.6/site-packages/airflow/example_dags/example_xcomargs.py
[2024-04-23 19:12:30,831] {logging_mixin.py:104} INFO - [2024-04-23 19:12:30,831] {dag.py:1824} INFO - Sync 2 DAGs
[2024-04-23 19:12:30,839] {logging_mixin.py:104} INFO - [2024-04-23 19:12:30,839] {dag.py:2280} INFO - Setting next_dagrun for example_xcom_args to None
[2024-04-23 19:12:30,840] {logging_mixin.py:104} INFO - [2024-04-23 19:12:30,840] {dag.py:2280} INFO - Setting next_dagrun for example_xcom_args_with_operators to None
[2024-04-23 19:12:30,845] {scheduler_job.py:190} INFO - Processing /home/airflow/.local/lib/python3.6/site-packages/airflow/example_dags/example_xcomargs.py took 0.043 seconds
[2024-04-23 19:13:01,577] {scheduler_job.py:182} INFO - Started process (PID=172) to work on /home/airflow/.local/lib/python3.6/site-packages/airflow/example_dags/example_xcomargs.py
[2024-04-23 19:13:01,578] {scheduler_job.py:629} INFO - Processing file /home/airflow/.local/lib/python3.6/site-packages/airflow/example_dags/example_xcomargs.py for tasks to queue
[2024-04-23 19:13:01,578] {logging_mixin.py:104} INFO - [2024-04-23 19:13:01,578] {dagbag.py:451} INFO - Filling up the DagBag from /home/airflow/.local/lib/python3.6/site-packages/airflow/example_dags/example_xcomargs.py
[2024-04-23 19:13:01,586] {scheduler_job.py:639} INFO - DAG(s) dict_keys(['example_xcom_args', 'example_xcom_args_with_operators']) retrieved from /home/airflow/.local/lib/python3.6/site-packages/airflow/example_dags/example_xcomargs.py
[2024-04-23 19:13:01,603] {logging_mixin.py:104} INFO - [2024-04-23 19:13:01,603] {dag.py:1824} INFO - Sync 2 DAGs
[2024-04-23 19:13:01,610] {logging_mixin.py:104} INFO - [2024-04-23 19:13:01,610] {dag.py:2280} INFO - Setting next_dagrun for example_xcom_args to None
[2024-04-23 19:13:01,611] {logging_mixin.py:104} INFO - [2024-04-23 19:13:01,611] {dag.py:2280} INFO - Setting next_dagrun for example_xcom_args_with_operators to None
[2024-04-23 19:13:01,616] {scheduler_job.py:190} INFO - Processing /home/airflow/.local/lib/python3.6/site-packages/airflow/example_dags/example_xcomargs.py took 0.041 seconds
[2024-04-23 19:13:32,308] {scheduler_job.py:182} INFO - Started process (PID=198) to work on /home/airflow/.local/lib/python3.6/site-packages/airflow/example_dags/example_xcomargs.py
[2024-04-23 19:13:32,309] {scheduler_job.py:629} INFO - Processing file /home/airflow/.local/lib/python3.6/site-packages/airflow/example_dags/example_xcomargs.py for tasks to queue
[2024-04-23 19:13:32,309] {logging_mixin.py:104} INFO - [2024-04-23 19:13:32,309] {dagbag.py:451} INFO - Filling up the DagBag from /home/airflow/.local/lib/python3.6/site-packages/airflow/example_dags/example_xcomargs.py
[2024-04-23 19:13:32,319] {scheduler_job.py:639} INFO - DAG(s) dict_keys(['example_xcom_args', 'example_xcom_args_with_operators']) retrieved from /home/airflow/.local/lib/python3.6/site-packages/airflow/example_dags/example_xcomargs.py
[2024-04-23 19:13:32,338] {logging_mixin.py:104} INFO - [2024-04-23 19:13:32,338] {dag.py:1824} INFO - Sync 2 DAGs
[2024-04-23 19:13:32,349] {logging_mixin.py:104} INFO - [2024-04-23 19:13:32,349] {dag.py:2280} INFO - Setting next_dagrun for example_xcom_args to None
[2024-04-23 19:13:32,350] {logging_mixin.py:104} INFO - [2024-04-23 19:13:32,350] {dag.py:2280} INFO - Setting next_dagrun for example_xcom_args_with_operators to None
[2024-04-23 19:13:32,357] {scheduler_job.py:190} INFO - Processing /home/airflow/.local/lib/python3.6/site-packages/airflow/example_dags/example_xcomargs.py took 0.051 seconds
[2024-04-23 19:14:03,085] {scheduler_job.py:182} INFO - Started process (PID=224) to work on /home/airflow/.local/lib/python3.6/site-packages/airflow/example_dags/example_xcomargs.py
[2024-04-23 19:14:03,085] {scheduler_job.py:629} INFO - Processing file /home/airflow/.local/lib/python3.6/site-packages/airflow/example_dags/example_xcomargs.py for tasks to queue
[2024-04-23 19:14:03,085] {logging_mixin.py:104} INFO - [2024-04-23 19:14:03,085] {dagbag.py:451} INFO - Filling up the DagBag from /home/airflow/.local/lib/python3.6/site-packages/airflow/example_dags/example_xcomargs.py
[2024-04-23 19:14:03,096] {scheduler_job.py:639} INFO - DAG(s) dict_keys(['example_xcom_args', 'example_xcom_args_with_operators']) retrieved from /home/airflow/.local/lib/python3.6/site-packages/airflow/example_dags/example_xcomargs.py
[2024-04-23 19:14:03,111] {logging_mixin.py:104} INFO - [2024-04-23 19:14:03,111] {dag.py:1824} INFO - Sync 2 DAGs
[2024-04-23 19:14:03,119] {logging_mixin.py:104} INFO - [2024-04-23 19:14:03,118] {dag.py:2280} INFO - Setting next_dagrun for example_xcom_args to None
[2024-04-23 19:14:03,119] {logging_mixin.py:104} INFO - [2024-04-23 19:14:03,119] {dag.py:2280} INFO - Setting next_dagrun for example_xcom_args_with_operators to None
[2024-04-23 19:14:03,126] {scheduler_job.py:190} INFO - Processing /home/airflow/.local/lib/python3.6/site-packages/airflow/example_dags/example_xcomargs.py took 0.043 seconds
[2024-04-23 19:14:33,822] {scheduler_job.py:182} INFO - Started process (PID=250) to work on /home/airflow/.local/lib/python3.6/site-packages/airflow/example_dags/example_xcomargs.py
[2024-04-23 19:14:33,823] {scheduler_job.py:629} INFO - Processing file /home/airflow/.local/lib/python3.6/site-packages/airflow/example_dags/example_xcomargs.py for tasks to queue
[2024-04-23 19:14:33,823] {logging_mixin.py:104} INFO - [2024-04-23 19:14:33,823] {dagbag.py:451} INFO - Filling up the DagBag from /home/airflow/.local/lib/python3.6/site-packages/airflow/example_dags/example_xcomargs.py
[2024-04-23 19:14:33,834] {scheduler_job.py:639} INFO - DAG(s) dict_keys(['example_xcom_args', 'example_xcom_args_with_operators']) retrieved from /home/airflow/.local/lib/python3.6/site-packages/airflow/example_dags/example_xcomargs.py
[2024-04-23 19:14:33,850] {logging_mixin.py:104} INFO - [2024-04-23 19:14:33,850] {dag.py:1824} INFO - Sync 2 DAGs
[2024-04-23 19:14:33,858] {logging_mixin.py:104} INFO - [2024-04-23 19:14:33,858] {dag.py:2280} INFO - Setting next_dagrun for example_xcom_args to None
[2024-04-23 19:14:33,858] {logging_mixin.py:104} INFO - [2024-04-23 19:14:33,858] {dag.py:2280} INFO - Setting next_dagrun for example_xcom_args_with_operators to None
[2024-04-23 19:14:33,866] {scheduler_job.py:190} INFO - Processing /home/airflow/.local/lib/python3.6/site-packages/airflow/example_dags/example_xcomargs.py took 0.045 seconds
[2024-04-23 19:15:04,593] {scheduler_job.py:182} INFO - Started process (PID=276) to work on /home/airflow/.local/lib/python3.6/site-packages/airflow/example_dags/example_xcomargs.py
[2024-04-23 19:15:04,593] {scheduler_job.py:629} INFO - Processing file /home/airflow/.local/lib/python3.6/site-packages/airflow/example_dags/example_xcomargs.py for tasks to queue
[2024-04-23 19:15:04,594] {logging_mixin.py:104} INFO - [2024-04-23 19:15:04,594] {dagbag.py:451} INFO - Filling up the DagBag from /home/airflow/.local/lib/python3.6/site-packages/airflow/example_dags/example_xcomargs.py
[2024-04-23 19:15:04,605] {scheduler_job.py:639} INFO - DAG(s) dict_keys(['example_xcom_args', 'example_xcom_args_with_operators']) retrieved from /home/airflow/.local/lib/python3.6/site-packages/airflow/example_dags/example_xcomargs.py
[2024-04-23 19:15:04,621] {logging_mixin.py:104} INFO - [2024-04-23 19:15:04,621] {dag.py:1824} INFO - Sync 2 DAGs
[2024-04-23 19:15:04,629] {logging_mixin.py:104} INFO - [2024-04-23 19:15:04,629] {dag.py:2280} INFO - Setting next_dagrun for example_xcom_args to None
[2024-04-23 19:15:04,629] {logging_mixin.py:104} INFO - [2024-04-23 19:15:04,629] {dag.py:2280} INFO - Setting next_dagrun for example_xcom_args_with_operators to None
[2024-04-23 19:15:04,635] {scheduler_job.py:190} INFO - Processing /home/airflow/.local/lib/python3.6/site-packages/airflow/example_dags/example_xcomargs.py took 0.044 seconds
[2024-04-23 19:15:35,403] {scheduler_job.py:182} INFO - Started process (PID=302) to work on /home/airflow/.local/lib/python3.6/site-packages/airflow/example_dags/example_xcomargs.py
[2024-04-23 19:15:35,404] {scheduler_job.py:629} INFO - Processing file /home/airflow/.local/lib/python3.6/site-packages/airflow/example_dags/example_xcomargs.py for tasks to queue
[2024-04-23 19:15:35,404] {logging_mixin.py:104} INFO - [2024-04-23 19:15:35,404] {dagbag.py:451} INFO - Filling up the DagBag from /home/airflow/.local/lib/python3.6/site-packages/airflow/example_dags/example_xcomargs.py
[2024-04-23 19:15:35,415] {scheduler_job.py:639} INFO - DAG(s) dict_keys(['example_xcom_args', 'example_xcom_args_with_operators']) retrieved from /home/airflow/.local/lib/python3.6/site-packages/airflow/example_dags/example_xcomargs.py
[2024-04-23 19:15:35,430] {logging_mixin.py:104} INFO - [2024-04-23 19:15:35,430] {dag.py:1824} INFO - Sync 2 DAGs
[2024-04-23 19:15:35,437] {logging_mixin.py:104} INFO - [2024-04-23 19:15:35,437] {dag.py:2280} INFO - Setting next_dagrun for example_xcom_args to None
[2024-04-23 19:15:35,438] {logging_mixin.py:104} INFO - [2024-04-23 19:15:35,438] {dag.py:2280} INFO - Setting next_dagrun for example_xcom_args_with_operators to None
[2024-04-23 19:15:35,444] {scheduler_job.py:190} INFO - Processing /home/airflow/.local/lib/python3.6/site-packages/airflow/example_dags/example_xcomargs.py took 0.042 seconds
[2024-04-23 19:16:06,153] {scheduler_job.py:182} INFO - Started process (PID=328) to work on /home/airflow/.local/lib/python3.6/site-packages/airflow/example_dags/example_xcomargs.py
[2024-04-23 19:16:06,154] {scheduler_job.py:629} INFO - Processing file /home/airflow/.local/lib/python3.6/site-packages/airflow/example_dags/example_xcomargs.py for tasks to queue
[2024-04-23 19:16:06,154] {logging_mixin.py:104} INFO - [2024-04-23 19:16:06,154] {dagbag.py:451} INFO - Filling up the DagBag from /home/airflow/.local/lib/python3.6/site-packages/airflow/example_dags/example_xcomargs.py
[2024-04-23 19:16:06,164] {scheduler_job.py:639} INFO - DAG(s) dict_keys(['example_xcom_args', 'example_xcom_args_with_operators']) retrieved from /home/airflow/.local/lib/python3.6/site-packages/airflow/example_dags/example_xcomargs.py
[2024-04-23 19:16:06,180] {logging_mixin.py:104} INFO - [2024-04-23 19:16:06,180] {dag.py:1824} INFO - Sync 2 DAGs
[2024-04-23 19:16:06,187] {logging_mixin.py:104} INFO - [2024-04-23 19:16:06,187] {dag.py:2280} INFO - Setting next_dagrun for example_xcom_args to None
[2024-04-23 19:16:06,187] {logging_mixin.py:104} INFO - [2024-04-23 19:16:06,187] {dag.py:2280} INFO - Setting next_dagrun for example_xcom_args_with_operators to None
[2024-04-23 19:16:06,194] {scheduler_job.py:190} INFO - Processing /home/airflow/.local/lib/python3.6/site-packages/airflow/example_dags/example_xcomargs.py took 0.042 seconds
[2024-04-23 19:16:36,946] {scheduler_job.py:182} INFO - Started process (PID=354) to work on /home/airflow/.local/lib/python3.6/site-packages/airflow/example_dags/example_xcomargs.py
[2024-04-23 19:16:36,946] {scheduler_job.py:629} INFO - Processing file /home/airflow/.local/lib/python3.6/site-packages/airflow/example_dags/example_xcomargs.py for tasks to queue
[2024-04-23 19:16:36,947] {logging_mixin.py:104} INFO - [2024-04-23 19:16:36,946] {dagbag.py:451} INFO - Filling up the DagBag from /home/airflow/.local/lib/python3.6/site-packages/airflow/example_dags/example_xcomargs.py
[2024-04-23 19:16:36,958] {scheduler_job.py:639} INFO - DAG(s) dict_keys(['example_xcom_args', 'example_xcom_args_with_operators']) retrieved from /home/airflow/.local/lib/python3.6/site-packages/airflow/example_dags/example_xcomargs.py
[2024-04-23 19:16:36,973] {logging_mixin.py:104} INFO - [2024-04-23 19:16:36,972] {dag.py:1824} INFO - Sync 2 DAGs
[2024-04-23 19:16:36,980] {logging_mixin.py:104} INFO - [2024-04-23 19:16:36,980] {dag.py:2280} INFO - Setting next_dagrun for example_xcom_args to None
[2024-04-23 19:16:36,981] {logging_mixin.py:104} INFO - [2024-04-23 19:16:36,981] {dag.py:2280} INFO - Setting next_dagrun for example_xcom_args_with_operators to None
[2024-04-23 19:16:36,986] {scheduler_job.py:190} INFO - Processing /home/airflow/.local/lib/python3.6/site-packages/airflow/example_dags/example_xcomargs.py took 0.043 seconds
[2024-04-23 19:17:07,747] {scheduler_job.py:182} INFO - Started process (PID=380) to work on /home/airflow/.local/lib/python3.6/site-packages/airflow/example_dags/example_xcomargs.py
[2024-04-23 19:17:07,748] {scheduler_job.py:629} INFO - Processing file /home/airflow/.local/lib/python3.6/site-packages/airflow/example_dags/example_xcomargs.py for tasks to queue
[2024-04-23 19:17:07,748] {logging_mixin.py:104} INFO - [2024-04-23 19:17:07,748] {dagbag.py:451} INFO - Filling up the DagBag from /home/airflow/.local/lib/python3.6/site-packages/airflow/example_dags/example_xcomargs.py
[2024-04-23 19:17:07,759] {scheduler_job.py:639} INFO - DAG(s) dict_keys(['example_xcom_args', 'example_xcom_args_with_operators']) retrieved from /home/airflow/.local/lib/python3.6/site-packages/airflow/example_dags/example_xcomargs.py
[2024-04-23 19:17:07,775] {logging_mixin.py:104} INFO - [2024-04-23 19:17:07,774] {dag.py:1824} INFO - Sync 2 DAGs
[2024-04-23 19:17:07,782] {logging_mixin.py:104} INFO - [2024-04-23 19:17:07,782] {dag.py:2280} INFO - Setting next_dagrun for example_xcom_args to None
[2024-04-23 19:17:07,782] {logging_mixin.py:104} INFO - [2024-04-23 19:17:07,782] {dag.py:2280} INFO - Setting next_dagrun for example_xcom_args_with_operators to None
[2024-04-23 19:17:07,788] {scheduler_job.py:190} INFO - Processing /home/airflow/.local/lib/python3.6/site-packages/airflow/example_dags/example_xcomargs.py took 0.043 seconds
[2024-04-23 19:17:38,526] {scheduler_job.py:182} INFO - Started process (PID=406) to work on /home/airflow/.local/lib/python3.6/site-packages/airflow/example_dags/example_xcomargs.py
[2024-04-23 19:17:38,529] {scheduler_job.py:629} INFO - Processing file /home/airflow/.local/lib/python3.6/site-packages/airflow/example_dags/example_xcomargs.py for tasks to queue
[2024-04-23 19:17:38,529] {logging_mixin.py:104} INFO - [2024-04-23 19:17:38,529] {dagbag.py:451} INFO - Filling up the DagBag from /home/airflow/.local/lib/python3.6/site-packages/airflow/example_dags/example_xcomargs.py
[2024-04-23 19:17:38,537] {scheduler_job.py:639} INFO - DAG(s) dict_keys(['example_xcom_args', 'example_xcom_args_with_operators']) retrieved from /home/airflow/.local/lib/python3.6/site-packages/airflow/example_dags/example_xcomargs.py
[2024-04-23 19:17:38,553] {logging_mixin.py:104} INFO - [2024-04-23 19:17:38,553] {dag.py:1824} INFO - Sync 2 DAGs
[2024-04-23 19:17:38,560] {logging_mixin.py:104} INFO - [2024-04-23 19:17:38,560] {dag.py:2280} INFO - Setting next_dagrun for example_xcom_args to None
[2024-04-23 19:17:38,561] {logging_mixin.py:104} INFO - [2024-04-23 19:17:38,561] {dag.py:2280} INFO - Setting next_dagrun for example_xcom_args_with_operators to None
[2024-04-23 19:17:38,567] {scheduler_job.py:190} INFO - Processing /home/airflow/.local/lib/python3.6/site-packages/airflow/example_dags/example_xcomargs.py took 0.043 seconds
[2024-04-23 19:18:09,328] {scheduler_job.py:182} INFO - Started process (PID=432) to work on /home/airflow/.local/lib/python3.6/site-packages/airflow/example_dags/example_xcomargs.py
[2024-04-23 19:18:09,328] {scheduler_job.py:629} INFO - Processing file /home/airflow/.local/lib/python3.6/site-packages/airflow/example_dags/example_xcomargs.py for tasks to queue
[2024-04-23 19:18:09,329] {logging_mixin.py:104} INFO - [2024-04-23 19:18:09,329] {dagbag.py:451} INFO - Filling up the DagBag from /home/airflow/.local/lib/python3.6/site-packages/airflow/example_dags/example_xcomargs.py
[2024-04-23 19:18:09,337] {scheduler_job.py:639} INFO - DAG(s) dict_keys(['example_xcom_args', 'example_xcom_args_with_operators']) retrieved from /home/airflow/.local/lib/python3.6/site-packages/airflow/example_dags/example_xcomargs.py
[2024-04-23 19:18:09,354] {logging_mixin.py:104} INFO - [2024-04-23 19:18:09,354] {dag.py:1824} INFO - Sync 2 DAGs
[2024-04-23 19:18:09,362] {logging_mixin.py:104} INFO - [2024-04-23 19:18:09,362] {dag.py:2280} INFO - Setting next_dagrun for example_xcom_args to None
[2024-04-23 19:18:09,362] {logging_mixin.py:104} INFO - [2024-04-23 19:18:09,362] {dag.py:2280} INFO - Setting next_dagrun for example_xcom_args_with_operators to None
[2024-04-23 19:18:09,368] {scheduler_job.py:190} INFO - Processing /home/airflow/.local/lib/python3.6/site-packages/airflow/example_dags/example_xcomargs.py took 0.042 seconds
[2024-04-23 19:18:40,071] {scheduler_job.py:182} INFO - Started process (PID=458) to work on /home/airflow/.local/lib/python3.6/site-packages/airflow/example_dags/example_xcomargs.py
[2024-04-23 19:18:40,072] {scheduler_job.py:629} INFO - Processing file /home/airflow/.local/lib/python3.6/site-packages/airflow/example_dags/example_xcomargs.py for tasks to queue
[2024-04-23 19:18:40,072] {logging_mixin.py:104} INFO - [2024-04-23 19:18:40,072] {dagbag.py:451} INFO - Filling up the DagBag from /home/airflow/.local/lib/python3.6/site-packages/airflow/example_dags/example_xcomargs.py
[2024-04-23 19:18:40,080] {scheduler_job.py:639} INFO - DAG(s) dict_keys(['example_xcom_args', 'example_xcom_args_with_operators']) retrieved from /home/airflow/.local/lib/python3.6/site-packages/airflow/example_dags/example_xcomargs.py
[2024-04-23 19:18:40,096] {logging_mixin.py:104} INFO - [2024-04-23 19:18:40,096] {dag.py:1824} INFO - Sync 2 DAGs
[2024-04-23 19:18:40,104] {logging_mixin.py:104} INFO - [2024-04-23 19:18:40,104] {dag.py:2280} INFO - Setting next_dagrun for example_xcom_args to None
[2024-04-23 19:18:40,104] {logging_mixin.py:104} INFO - [2024-04-23 19:18:40,104] {dag.py:2280} INFO - Setting next_dagrun for example_xcom_args_with_operators to None
[2024-04-23 19:18:40,110] {scheduler_job.py:190} INFO - Processing /home/airflow/.local/lib/python3.6/site-packages/airflow/example_dags/example_xcomargs.py took 0.040 seconds
