[2024-04-23 19:10:28,227] {scheduler_job.py:182} INFO - Started process (PID=59) to work on /home/airflow/.local/lib/python3.6/site-packages/airflow/example_dags/example_external_task_marker_dag.py
[2024-04-23 19:10:28,228] {scheduler_job.py:629} INFO - Processing file /home/airflow/.local/lib/python3.6/site-packages/airflow/example_dags/example_external_task_marker_dag.py for tasks to queue
[2024-04-23 19:10:28,228] {logging_mixin.py:104} INFO - [2024-04-23 19:10:28,228] {dagbag.py:451} INFO - Filling up the DagBag from /home/airflow/.local/lib/python3.6/site-packages/airflow/example_dags/example_external_task_marker_dag.py
[2024-04-23 19:10:28,237] {scheduler_job.py:639} INFO - DAG(s) dict_keys(['example_external_task_marker_parent', 'example_external_task_marker_child']) retrieved from /home/airflow/.local/lib/python3.6/site-packages/airflow/example_dags/example_external_task_marker_dag.py
[2024-04-23 19:10:28,253] {logging_mixin.py:104} INFO - [2024-04-23 19:10:28,253] {dag.py:1824} INFO - Sync 2 DAGs
[2024-04-23 19:10:28,261] {logging_mixin.py:104} INFO - [2024-04-23 19:10:28,260] {dag.py:1843} INFO - Creating ORM DAG for example_external_task_marker_child
[2024-04-23 19:10:28,261] {logging_mixin.py:104} INFO - [2024-04-23 19:10:28,261] {dag.py:1843} INFO - Creating ORM DAG for example_external_task_marker_parent
[2024-04-23 19:10:28,263] {logging_mixin.py:104} INFO - [2024-04-23 19:10:28,263] {dag.py:2280} INFO - Setting next_dagrun for example_external_task_marker_child to None
[2024-04-23 19:10:28,264] {logging_mixin.py:104} INFO - [2024-04-23 19:10:28,264] {dag.py:2280} INFO - Setting next_dagrun for example_external_task_marker_parent to None
[2024-04-23 19:10:28,273] {scheduler_job.py:190} INFO - Processing /home/airflow/.local/lib/python3.6/site-packages/airflow/example_dags/example_external_task_marker_dag.py took 0.048 seconds
[2024-04-23 19:10:59,039] {scheduler_job.py:182} INFO - Started process (PID=85) to work on /home/airflow/.local/lib/python3.6/site-packages/airflow/example_dags/example_external_task_marker_dag.py
[2024-04-23 19:10:59,040] {scheduler_job.py:629} INFO - Processing file /home/airflow/.local/lib/python3.6/site-packages/airflow/example_dags/example_external_task_marker_dag.py for tasks to queue
[2024-04-23 19:10:59,040] {logging_mixin.py:104} INFO - [2024-04-23 19:10:59,040] {dagbag.py:451} INFO - Filling up the DagBag from /home/airflow/.local/lib/python3.6/site-packages/airflow/example_dags/example_external_task_marker_dag.py
[2024-04-23 19:10:59,047] {scheduler_job.py:639} INFO - DAG(s) dict_keys(['example_external_task_marker_parent', 'example_external_task_marker_child']) retrieved from /home/airflow/.local/lib/python3.6/site-packages/airflow/example_dags/example_external_task_marker_dag.py
[2024-04-23 19:10:59,061] {logging_mixin.py:104} INFO - [2024-04-23 19:10:59,061] {dag.py:1824} INFO - Sync 2 DAGs
[2024-04-23 19:10:59,071] {logging_mixin.py:104} INFO - [2024-04-23 19:10:59,071] {dag.py:2280} INFO - Setting next_dagrun for example_external_task_marker_child to None
[2024-04-23 19:10:59,071] {logging_mixin.py:104} INFO - [2024-04-23 19:10:59,071] {dag.py:2280} INFO - Setting next_dagrun for example_external_task_marker_parent to None
[2024-04-23 19:10:59,079] {scheduler_job.py:190} INFO - Processing /home/airflow/.local/lib/python3.6/site-packages/airflow/example_dags/example_external_task_marker_dag.py took 0.041 seconds
[2024-04-23 19:11:29,780] {scheduler_job.py:182} INFO - Started process (PID=111) to work on /home/airflow/.local/lib/python3.6/site-packages/airflow/example_dags/example_external_task_marker_dag.py
[2024-04-23 19:11:29,781] {scheduler_job.py:629} INFO - Processing file /home/airflow/.local/lib/python3.6/site-packages/airflow/example_dags/example_external_task_marker_dag.py for tasks to queue
[2024-04-23 19:11:29,781] {logging_mixin.py:104} INFO - [2024-04-23 19:11:29,781] {dagbag.py:451} INFO - Filling up the DagBag from /home/airflow/.local/lib/python3.6/site-packages/airflow/example_dags/example_external_task_marker_dag.py
[2024-04-23 19:11:29,788] {scheduler_job.py:639} INFO - DAG(s) dict_keys(['example_external_task_marker_parent', 'example_external_task_marker_child']) retrieved from /home/airflow/.local/lib/python3.6/site-packages/airflow/example_dags/example_external_task_marker_dag.py
[2024-04-23 19:11:29,803] {logging_mixin.py:104} INFO - [2024-04-23 19:11:29,803] {dag.py:1824} INFO - Sync 2 DAGs
[2024-04-23 19:11:29,813] {logging_mixin.py:104} INFO - [2024-04-23 19:11:29,813] {dag.py:2280} INFO - Setting next_dagrun for example_external_task_marker_child to None
[2024-04-23 19:11:29,813] {logging_mixin.py:104} INFO - [2024-04-23 19:11:29,813] {dag.py:2280} INFO - Setting next_dagrun for example_external_task_marker_parent to None
[2024-04-23 19:11:29,820] {scheduler_job.py:190} INFO - Processing /home/airflow/.local/lib/python3.6/site-packages/airflow/example_dags/example_external_task_marker_dag.py took 0.042 seconds
[2024-04-23 19:12:00,510] {scheduler_job.py:182} INFO - Started process (PID=137) to work on /home/airflow/.local/lib/python3.6/site-packages/airflow/example_dags/example_external_task_marker_dag.py
[2024-04-23 19:12:00,510] {scheduler_job.py:629} INFO - Processing file /home/airflow/.local/lib/python3.6/site-packages/airflow/example_dags/example_external_task_marker_dag.py for tasks to queue
[2024-04-23 19:12:00,511] {logging_mixin.py:104} INFO - [2024-04-23 19:12:00,511] {dagbag.py:451} INFO - Filling up the DagBag from /home/airflow/.local/lib/python3.6/site-packages/airflow/example_dags/example_external_task_marker_dag.py
[2024-04-23 19:12:00,517] {scheduler_job.py:639} INFO - DAG(s) dict_keys(['example_external_task_marker_parent', 'example_external_task_marker_child']) retrieved from /home/airflow/.local/lib/python3.6/site-packages/airflow/example_dags/example_external_task_marker_dag.py
[2024-04-23 19:12:00,531] {logging_mixin.py:104} INFO - [2024-04-23 19:12:00,531] {dag.py:1824} INFO - Sync 2 DAGs
[2024-04-23 19:12:00,541] {logging_mixin.py:104} INFO - [2024-04-23 19:12:00,541] {dag.py:2280} INFO - Setting next_dagrun for example_external_task_marker_child to None
[2024-04-23 19:12:00,542] {logging_mixin.py:104} INFO - [2024-04-23 19:12:00,542] {dag.py:2280} INFO - Setting next_dagrun for example_external_task_marker_parent to None
[2024-04-23 19:12:00,547] {scheduler_job.py:190} INFO - Processing /home/airflow/.local/lib/python3.6/site-packages/airflow/example_dags/example_external_task_marker_dag.py took 0.039 seconds
[2024-04-23 19:12:31,249] {scheduler_job.py:182} INFO - Started process (PID=163) to work on /home/airflow/.local/lib/python3.6/site-packages/airflow/example_dags/example_external_task_marker_dag.py
[2024-04-23 19:12:31,250] {scheduler_job.py:629} INFO - Processing file /home/airflow/.local/lib/python3.6/site-packages/airflow/example_dags/example_external_task_marker_dag.py for tasks to queue
[2024-04-23 19:12:31,250] {logging_mixin.py:104} INFO - [2024-04-23 19:12:31,250] {dagbag.py:451} INFO - Filling up the DagBag from /home/airflow/.local/lib/python3.6/site-packages/airflow/example_dags/example_external_task_marker_dag.py
[2024-04-23 19:12:31,258] {scheduler_job.py:639} INFO - DAG(s) dict_keys(['example_external_task_marker_parent', 'example_external_task_marker_child']) retrieved from /home/airflow/.local/lib/python3.6/site-packages/airflow/example_dags/example_external_task_marker_dag.py
[2024-04-23 19:12:31,271] {logging_mixin.py:104} INFO - [2024-04-23 19:12:31,271] {dag.py:1824} INFO - Sync 2 DAGs
[2024-04-23 19:12:31,280] {logging_mixin.py:104} INFO - [2024-04-23 19:12:31,280] {dag.py:2280} INFO - Setting next_dagrun for example_external_task_marker_child to None
[2024-04-23 19:12:31,281] {logging_mixin.py:104} INFO - [2024-04-23 19:12:31,281] {dag.py:2280} INFO - Setting next_dagrun for example_external_task_marker_parent to None
[2024-04-23 19:12:31,287] {scheduler_job.py:190} INFO - Processing /home/airflow/.local/lib/python3.6/site-packages/airflow/example_dags/example_external_task_marker_dag.py took 0.040 seconds
[2024-04-23 19:13:02,008] {scheduler_job.py:182} INFO - Started process (PID=189) to work on /home/airflow/.local/lib/python3.6/site-packages/airflow/example_dags/example_external_task_marker_dag.py
[2024-04-23 19:13:02,009] {scheduler_job.py:629} INFO - Processing file /home/airflow/.local/lib/python3.6/site-packages/airflow/example_dags/example_external_task_marker_dag.py for tasks to queue
[2024-04-23 19:13:02,009] {logging_mixin.py:104} INFO - [2024-04-23 19:13:02,009] {dagbag.py:451} INFO - Filling up the DagBag from /home/airflow/.local/lib/python3.6/site-packages/airflow/example_dags/example_external_task_marker_dag.py
[2024-04-23 19:13:02,016] {scheduler_job.py:639} INFO - DAG(s) dict_keys(['example_external_task_marker_parent', 'example_external_task_marker_child']) retrieved from /home/airflow/.local/lib/python3.6/site-packages/airflow/example_dags/example_external_task_marker_dag.py
[2024-04-23 19:13:02,032] {logging_mixin.py:104} INFO - [2024-04-23 19:13:02,032] {dag.py:1824} INFO - Sync 2 DAGs
[2024-04-23 19:13:02,039] {logging_mixin.py:104} INFO - [2024-04-23 19:13:02,039] {dag.py:2280} INFO - Setting next_dagrun for example_external_task_marker_child to None
[2024-04-23 19:13:02,039] {logging_mixin.py:104} INFO - [2024-04-23 19:13:02,039] {dag.py:2280} INFO - Setting next_dagrun for example_external_task_marker_parent to None
[2024-04-23 19:13:02,045] {scheduler_job.py:190} INFO - Processing /home/airflow/.local/lib/python3.6/site-packages/airflow/example_dags/example_external_task_marker_dag.py took 0.039 seconds
[2024-04-23 19:13:32,758] {scheduler_job.py:182} INFO - Started process (PID=215) to work on /home/airflow/.local/lib/python3.6/site-packages/airflow/example_dags/example_external_task_marker_dag.py
[2024-04-23 19:13:32,758] {scheduler_job.py:629} INFO - Processing file /home/airflow/.local/lib/python3.6/site-packages/airflow/example_dags/example_external_task_marker_dag.py for tasks to queue
[2024-04-23 19:13:32,759] {logging_mixin.py:104} INFO - [2024-04-23 19:13:32,759] {dagbag.py:451} INFO - Filling up the DagBag from /home/airflow/.local/lib/python3.6/site-packages/airflow/example_dags/example_external_task_marker_dag.py
[2024-04-23 19:13:32,767] {scheduler_job.py:639} INFO - DAG(s) dict_keys(['example_external_task_marker_parent', 'example_external_task_marker_child']) retrieved from /home/airflow/.local/lib/python3.6/site-packages/airflow/example_dags/example_external_task_marker_dag.py
[2024-04-23 19:13:32,785] {logging_mixin.py:104} INFO - [2024-04-23 19:13:32,785] {dag.py:1824} INFO - Sync 2 DAGs
[2024-04-23 19:13:32,793] {logging_mixin.py:104} INFO - [2024-04-23 19:13:32,793] {dag.py:2280} INFO - Setting next_dagrun for example_external_task_marker_child to None
[2024-04-23 19:13:32,794] {logging_mixin.py:104} INFO - [2024-04-23 19:13:32,794] {dag.py:2280} INFO - Setting next_dagrun for example_external_task_marker_parent to None
[2024-04-23 19:13:32,801] {scheduler_job.py:190} INFO - Processing /home/airflow/.local/lib/python3.6/site-packages/airflow/example_dags/example_external_task_marker_dag.py took 0.046 seconds
[2024-04-23 19:14:03,514] {scheduler_job.py:182} INFO - Started process (PID=241) to work on /home/airflow/.local/lib/python3.6/site-packages/airflow/example_dags/example_external_task_marker_dag.py
[2024-04-23 19:14:03,514] {scheduler_job.py:629} INFO - Processing file /home/airflow/.local/lib/python3.6/site-packages/airflow/example_dags/example_external_task_marker_dag.py for tasks to queue
[2024-04-23 19:14:03,515] {logging_mixin.py:104} INFO - [2024-04-23 19:14:03,515] {dagbag.py:451} INFO - Filling up the DagBag from /home/airflow/.local/lib/python3.6/site-packages/airflow/example_dags/example_external_task_marker_dag.py
[2024-04-23 19:14:03,522] {scheduler_job.py:639} INFO - DAG(s) dict_keys(['example_external_task_marker_parent', 'example_external_task_marker_child']) retrieved from /home/airflow/.local/lib/python3.6/site-packages/airflow/example_dags/example_external_task_marker_dag.py
[2024-04-23 19:14:03,541] {logging_mixin.py:104} INFO - [2024-04-23 19:14:03,541] {dag.py:1824} INFO - Sync 2 DAGs
[2024-04-23 19:14:03,549] {logging_mixin.py:104} INFO - [2024-04-23 19:14:03,549] {dag.py:2280} INFO - Setting next_dagrun for example_external_task_marker_child to None
[2024-04-23 19:14:03,550] {logging_mixin.py:104} INFO - [2024-04-23 19:14:03,550] {dag.py:2280} INFO - Setting next_dagrun for example_external_task_marker_parent to None
[2024-04-23 19:14:03,556] {scheduler_job.py:190} INFO - Processing /home/airflow/.local/lib/python3.6/site-packages/airflow/example_dags/example_external_task_marker_dag.py took 0.044 seconds
[2024-04-23 19:14:34,252] {scheduler_job.py:182} INFO - Started process (PID=267) to work on /home/airflow/.local/lib/python3.6/site-packages/airflow/example_dags/example_external_task_marker_dag.py
[2024-04-23 19:14:34,253] {scheduler_job.py:629} INFO - Processing file /home/airflow/.local/lib/python3.6/site-packages/airflow/example_dags/example_external_task_marker_dag.py for tasks to queue
[2024-04-23 19:14:34,253] {logging_mixin.py:104} INFO - [2024-04-23 19:14:34,253] {dagbag.py:451} INFO - Filling up the DagBag from /home/airflow/.local/lib/python3.6/site-packages/airflow/example_dags/example_external_task_marker_dag.py
[2024-04-23 19:14:34,261] {scheduler_job.py:639} INFO - DAG(s) dict_keys(['example_external_task_marker_parent', 'example_external_task_marker_child']) retrieved from /home/airflow/.local/lib/python3.6/site-packages/airflow/example_dags/example_external_task_marker_dag.py
[2024-04-23 19:14:34,278] {logging_mixin.py:104} INFO - [2024-04-23 19:14:34,278] {dag.py:1824} INFO - Sync 2 DAGs
[2024-04-23 19:14:34,286] {logging_mixin.py:104} INFO - [2024-04-23 19:14:34,286] {dag.py:2280} INFO - Setting next_dagrun for example_external_task_marker_child to None
[2024-04-23 19:14:34,286] {logging_mixin.py:104} INFO - [2024-04-23 19:14:34,286] {dag.py:2280} INFO - Setting next_dagrun for example_external_task_marker_parent to None
[2024-04-23 19:14:34,293] {scheduler_job.py:190} INFO - Processing /home/airflow/.local/lib/python3.6/site-packages/airflow/example_dags/example_external_task_marker_dag.py took 0.043 seconds
[2024-04-23 19:15:05,063] {scheduler_job.py:182} INFO - Started process (PID=293) to work on /home/airflow/.local/lib/python3.6/site-packages/airflow/example_dags/example_external_task_marker_dag.py
[2024-04-23 19:15:05,063] {scheduler_job.py:629} INFO - Processing file /home/airflow/.local/lib/python3.6/site-packages/airflow/example_dags/example_external_task_marker_dag.py for tasks to queue
[2024-04-23 19:15:05,064] {logging_mixin.py:104} INFO - [2024-04-23 19:15:05,064] {dagbag.py:451} INFO - Filling up the DagBag from /home/airflow/.local/lib/python3.6/site-packages/airflow/example_dags/example_external_task_marker_dag.py
[2024-04-23 19:15:05,071] {scheduler_job.py:639} INFO - DAG(s) dict_keys(['example_external_task_marker_parent', 'example_external_task_marker_child']) retrieved from /home/airflow/.local/lib/python3.6/site-packages/airflow/example_dags/example_external_task_marker_dag.py
[2024-04-23 19:15:05,089] {logging_mixin.py:104} INFO - [2024-04-23 19:15:05,089] {dag.py:1824} INFO - Sync 2 DAGs
[2024-04-23 19:15:05,097] {logging_mixin.py:104} INFO - [2024-04-23 19:15:05,097] {dag.py:2280} INFO - Setting next_dagrun for example_external_task_marker_child to None
[2024-04-23 19:15:05,097] {logging_mixin.py:104} INFO - [2024-04-23 19:15:05,097] {dag.py:2280} INFO - Setting next_dagrun for example_external_task_marker_parent to None
[2024-04-23 19:15:05,105] {scheduler_job.py:190} INFO - Processing /home/airflow/.local/lib/python3.6/site-packages/airflow/example_dags/example_external_task_marker_dag.py took 0.044 seconds
[2024-04-23 19:15:35,823] {scheduler_job.py:182} INFO - Started process (PID=319) to work on /home/airflow/.local/lib/python3.6/site-packages/airflow/example_dags/example_external_task_marker_dag.py
[2024-04-23 19:15:35,823] {scheduler_job.py:629} INFO - Processing file /home/airflow/.local/lib/python3.6/site-packages/airflow/example_dags/example_external_task_marker_dag.py for tasks to queue
[2024-04-23 19:15:35,823] {logging_mixin.py:104} INFO - [2024-04-23 19:15:35,823] {dagbag.py:451} INFO - Filling up the DagBag from /home/airflow/.local/lib/python3.6/site-packages/airflow/example_dags/example_external_task_marker_dag.py
[2024-04-23 19:15:35,832] {scheduler_job.py:639} INFO - DAG(s) dict_keys(['example_external_task_marker_parent', 'example_external_task_marker_child']) retrieved from /home/airflow/.local/lib/python3.6/site-packages/airflow/example_dags/example_external_task_marker_dag.py
[2024-04-23 19:15:35,846] {logging_mixin.py:104} INFO - [2024-04-23 19:15:35,846] {dag.py:1824} INFO - Sync 2 DAGs
[2024-04-23 19:15:35,854] {logging_mixin.py:104} INFO - [2024-04-23 19:15:35,854] {dag.py:2280} INFO - Setting next_dagrun for example_external_task_marker_child to None
[2024-04-23 19:15:35,854] {logging_mixin.py:104} INFO - [2024-04-23 19:15:35,854] {dag.py:2280} INFO - Setting next_dagrun for example_external_task_marker_parent to None
[2024-04-23 19:15:35,859] {scheduler_job.py:190} INFO - Processing /home/airflow/.local/lib/python3.6/site-packages/airflow/example_dags/example_external_task_marker_dag.py took 0.039 seconds
[2024-04-23 19:16:06,607] {scheduler_job.py:182} INFO - Started process (PID=345) to work on /home/airflow/.local/lib/python3.6/site-packages/airflow/example_dags/example_external_task_marker_dag.py
[2024-04-23 19:16:06,608] {scheduler_job.py:629} INFO - Processing file /home/airflow/.local/lib/python3.6/site-packages/airflow/example_dags/example_external_task_marker_dag.py for tasks to queue
[2024-04-23 19:16:06,608] {logging_mixin.py:104} INFO - [2024-04-23 19:16:06,608] {dagbag.py:451} INFO - Filling up the DagBag from /home/airflow/.local/lib/python3.6/site-packages/airflow/example_dags/example_external_task_marker_dag.py
[2024-04-23 19:16:06,618] {scheduler_job.py:639} INFO - DAG(s) dict_keys(['example_external_task_marker_parent', 'example_external_task_marker_child']) retrieved from /home/airflow/.local/lib/python3.6/site-packages/airflow/example_dags/example_external_task_marker_dag.py
[2024-04-23 19:16:06,633] {logging_mixin.py:104} INFO - [2024-04-23 19:16:06,633] {dag.py:1824} INFO - Sync 2 DAGs
[2024-04-23 19:16:06,641] {logging_mixin.py:104} INFO - [2024-04-23 19:16:06,640] {dag.py:2280} INFO - Setting next_dagrun for example_external_task_marker_child to None
[2024-04-23 19:16:06,641] {logging_mixin.py:104} INFO - [2024-04-23 19:16:06,641] {dag.py:2280} INFO - Setting next_dagrun for example_external_task_marker_parent to None
[2024-04-23 19:16:06,648] {scheduler_job.py:190} INFO - Processing /home/airflow/.local/lib/python3.6/site-packages/airflow/example_dags/example_external_task_marker_dag.py took 0.043 seconds
[2024-04-23 19:16:37,440] {scheduler_job.py:182} INFO - Started process (PID=371) to work on /home/airflow/.local/lib/python3.6/site-packages/airflow/example_dags/example_external_task_marker_dag.py
[2024-04-23 19:16:37,441] {scheduler_job.py:629} INFO - Processing file /home/airflow/.local/lib/python3.6/site-packages/airflow/example_dags/example_external_task_marker_dag.py for tasks to queue
[2024-04-23 19:16:37,441] {logging_mixin.py:104} INFO - [2024-04-23 19:16:37,441] {dagbag.py:451} INFO - Filling up the DagBag from /home/airflow/.local/lib/python3.6/site-packages/airflow/example_dags/example_external_task_marker_dag.py
[2024-04-23 19:16:37,450] {scheduler_job.py:639} INFO - DAG(s) dict_keys(['example_external_task_marker_parent', 'example_external_task_marker_child']) retrieved from /home/airflow/.local/lib/python3.6/site-packages/airflow/example_dags/example_external_task_marker_dag.py
[2024-04-23 19:16:37,464] {logging_mixin.py:104} INFO - [2024-04-23 19:16:37,464] {dag.py:1824} INFO - Sync 2 DAGs
[2024-04-23 19:16:37,471] {logging_mixin.py:104} INFO - [2024-04-23 19:16:37,471] {dag.py:2280} INFO - Setting next_dagrun for example_external_task_marker_child to None
[2024-04-23 19:16:37,472] {logging_mixin.py:104} INFO - [2024-04-23 19:16:37,472] {dag.py:2280} INFO - Setting next_dagrun for example_external_task_marker_parent to None
[2024-04-23 19:16:37,478] {scheduler_job.py:190} INFO - Processing /home/airflow/.local/lib/python3.6/site-packages/airflow/example_dags/example_external_task_marker_dag.py took 0.040 seconds
[2024-04-23 19:17:08,193] {scheduler_job.py:182} INFO - Started process (PID=397) to work on /home/airflow/.local/lib/python3.6/site-packages/airflow/example_dags/example_external_task_marker_dag.py
[2024-04-23 19:17:08,193] {scheduler_job.py:629} INFO - Processing file /home/airflow/.local/lib/python3.6/site-packages/airflow/example_dags/example_external_task_marker_dag.py for tasks to queue
[2024-04-23 19:17:08,194] {logging_mixin.py:104} INFO - [2024-04-23 19:17:08,194] {dagbag.py:451} INFO - Filling up the DagBag from /home/airflow/.local/lib/python3.6/site-packages/airflow/example_dags/example_external_task_marker_dag.py
[2024-04-23 19:17:08,203] {scheduler_job.py:639} INFO - DAG(s) dict_keys(['example_external_task_marker_parent', 'example_external_task_marker_child']) retrieved from /home/airflow/.local/lib/python3.6/site-packages/airflow/example_dags/example_external_task_marker_dag.py
[2024-04-23 19:17:08,217] {logging_mixin.py:104} INFO - [2024-04-23 19:17:08,217] {dag.py:1824} INFO - Sync 2 DAGs
[2024-04-23 19:17:08,225] {logging_mixin.py:104} INFO - [2024-04-23 19:17:08,225] {dag.py:2280} INFO - Setting next_dagrun for example_external_task_marker_child to None
[2024-04-23 19:17:08,226] {logging_mixin.py:104} INFO - [2024-04-23 19:17:08,226] {dag.py:2280} INFO - Setting next_dagrun for example_external_task_marker_parent to None
[2024-04-23 19:17:08,232] {scheduler_job.py:190} INFO - Processing /home/airflow/.local/lib/python3.6/site-packages/airflow/example_dags/example_external_task_marker_dag.py took 0.042 seconds
[2024-04-23 19:17:39,015] {scheduler_job.py:182} INFO - Started process (PID=423) to work on /home/airflow/.local/lib/python3.6/site-packages/airflow/example_dags/example_external_task_marker_dag.py
[2024-04-23 19:17:39,018] {scheduler_job.py:629} INFO - Processing file /home/airflow/.local/lib/python3.6/site-packages/airflow/example_dags/example_external_task_marker_dag.py for tasks to queue
[2024-04-23 19:17:39,019] {logging_mixin.py:104} INFO - [2024-04-23 19:17:39,019] {dagbag.py:451} INFO - Filling up the DagBag from /home/airflow/.local/lib/python3.6/site-packages/airflow/example_dags/example_external_task_marker_dag.py
[2024-04-23 19:17:39,025] {scheduler_job.py:639} INFO - DAG(s) dict_keys(['example_external_task_marker_parent', 'example_external_task_marker_child']) retrieved from /home/airflow/.local/lib/python3.6/site-packages/airflow/example_dags/example_external_task_marker_dag.py
[2024-04-23 19:17:39,041] {logging_mixin.py:104} INFO - [2024-04-23 19:17:39,041] {dag.py:1824} INFO - Sync 2 DAGs
[2024-04-23 19:17:39,048] {logging_mixin.py:104} INFO - [2024-04-23 19:17:39,048] {dag.py:2280} INFO - Setting next_dagrun for example_external_task_marker_child to None
[2024-04-23 19:17:39,049] {logging_mixin.py:104} INFO - [2024-04-23 19:17:39,049] {dag.py:2280} INFO - Setting next_dagrun for example_external_task_marker_parent to None
[2024-04-23 19:17:39,055] {scheduler_job.py:190} INFO - Processing /home/airflow/.local/lib/python3.6/site-packages/airflow/example_dags/example_external_task_marker_dag.py took 0.042 seconds
[2024-04-23 19:18:09,753] {scheduler_job.py:182} INFO - Started process (PID=449) to work on /home/airflow/.local/lib/python3.6/site-packages/airflow/example_dags/example_external_task_marker_dag.py
[2024-04-23 19:18:09,754] {scheduler_job.py:629} INFO - Processing file /home/airflow/.local/lib/python3.6/site-packages/airflow/example_dags/example_external_task_marker_dag.py for tasks to queue
[2024-04-23 19:18:09,754] {logging_mixin.py:104} INFO - [2024-04-23 19:18:09,754] {dagbag.py:451} INFO - Filling up the DagBag from /home/airflow/.local/lib/python3.6/site-packages/airflow/example_dags/example_external_task_marker_dag.py
[2024-04-23 19:18:09,761] {scheduler_job.py:639} INFO - DAG(s) dict_keys(['example_external_task_marker_parent', 'example_external_task_marker_child']) retrieved from /home/airflow/.local/lib/python3.6/site-packages/airflow/example_dags/example_external_task_marker_dag.py
[2024-04-23 19:18:09,775] {logging_mixin.py:104} INFO - [2024-04-23 19:18:09,775] {dag.py:1824} INFO - Sync 2 DAGs
[2024-04-23 19:18:09,783] {logging_mixin.py:104} INFO - [2024-04-23 19:18:09,783] {dag.py:2280} INFO - Setting next_dagrun for example_external_task_marker_child to None
[2024-04-23 19:18:09,783] {logging_mixin.py:104} INFO - [2024-04-23 19:18:09,783] {dag.py:2280} INFO - Setting next_dagrun for example_external_task_marker_parent to None
[2024-04-23 19:18:09,790] {scheduler_job.py:190} INFO - Processing /home/airflow/.local/lib/python3.6/site-packages/airflow/example_dags/example_external_task_marker_dag.py took 0.038 seconds
[2024-04-23 19:18:40,490] {scheduler_job.py:182} INFO - Started process (PID=475) to work on /home/airflow/.local/lib/python3.6/site-packages/airflow/example_dags/example_external_task_marker_dag.py
[2024-04-23 19:18:40,490] {scheduler_job.py:629} INFO - Processing file /home/airflow/.local/lib/python3.6/site-packages/airflow/example_dags/example_external_task_marker_dag.py for tasks to queue
[2024-04-23 19:18:40,491] {logging_mixin.py:104} INFO - [2024-04-23 19:18:40,491] {dagbag.py:451} INFO - Filling up the DagBag from /home/airflow/.local/lib/python3.6/site-packages/airflow/example_dags/example_external_task_marker_dag.py
[2024-04-23 19:18:40,498] {scheduler_job.py:639} INFO - DAG(s) dict_keys(['example_external_task_marker_parent', 'example_external_task_marker_child']) retrieved from /home/airflow/.local/lib/python3.6/site-packages/airflow/example_dags/example_external_task_marker_dag.py
[2024-04-23 19:18:40,512] {logging_mixin.py:104} INFO - [2024-04-23 19:18:40,512] {dag.py:1824} INFO - Sync 2 DAGs
[2024-04-23 19:18:40,520] {logging_mixin.py:104} INFO - [2024-04-23 19:18:40,520] {dag.py:2280} INFO - Setting next_dagrun for example_external_task_marker_child to None
[2024-04-23 19:18:40,520] {logging_mixin.py:104} INFO - [2024-04-23 19:18:40,520] {dag.py:2280} INFO - Setting next_dagrun for example_external_task_marker_parent to None
[2024-04-23 19:18:40,527] {scheduler_job.py:190} INFO - Processing /home/airflow/.local/lib/python3.6/site-packages/airflow/example_dags/example_external_task_marker_dag.py took 0.039 seconds
