[2024-04-23 19:10:28,157] {scheduler_job.py:182} INFO - Started process (PID=56) to work on /home/airflow/.local/lib/python3.6/site-packages/airflow/example_dags/example_xcom.py
[2024-04-23 19:10:28,158] {scheduler_job.py:629} INFO - Processing file /home/airflow/.local/lib/python3.6/site-packages/airflow/example_dags/example_xcom.py for tasks to queue
[2024-04-23 19:10:28,158] {logging_mixin.py:104} INFO - [2024-04-23 19:10:28,158] {dagbag.py:451} INFO - Filling up the DagBag from /home/airflow/.local/lib/python3.6/site-packages/airflow/example_dags/example_xcom.py
[2024-04-23 19:10:28,166] {scheduler_job.py:639} INFO - DAG(s) dict_keys(['example_xcom']) retrieved from /home/airflow/.local/lib/python3.6/site-packages/airflow/example_dags/example_xcom.py
[2024-04-23 19:10:28,180] {logging_mixin.py:104} INFO - [2024-04-23 19:10:28,180] {dag.py:1824} INFO - Sync 1 DAGs
[2024-04-23 19:10:28,188] {logging_mixin.py:104} INFO - [2024-04-23 19:10:28,187] {dag.py:1843} INFO - Creating ORM DAG for example_xcom
[2024-04-23 19:10:28,190] {logging_mixin.py:104} INFO - [2024-04-23 19:10:28,190] {dag.py:2280} INFO - Setting next_dagrun for example_xcom to 2024-04-21 00:00:00+00:00
[2024-04-23 19:10:28,198] {scheduler_job.py:190} INFO - Processing /home/airflow/.local/lib/python3.6/site-packages/airflow/example_dags/example_xcom.py took 0.044 seconds
[2024-04-23 19:10:58,969] {scheduler_job.py:182} INFO - Started process (PID=82) to work on /home/airflow/.local/lib/python3.6/site-packages/airflow/example_dags/example_xcom.py
[2024-04-23 19:10:58,970] {scheduler_job.py:629} INFO - Processing file /home/airflow/.local/lib/python3.6/site-packages/airflow/example_dags/example_xcom.py for tasks to queue
[2024-04-23 19:10:58,970] {logging_mixin.py:104} INFO - [2024-04-23 19:10:58,970] {dagbag.py:451} INFO - Filling up the DagBag from /home/airflow/.local/lib/python3.6/site-packages/airflow/example_dags/example_xcom.py
[2024-04-23 19:10:58,977] {scheduler_job.py:639} INFO - DAG(s) dict_keys(['example_xcom']) retrieved from /home/airflow/.local/lib/python3.6/site-packages/airflow/example_dags/example_xcom.py
[2024-04-23 19:10:58,989] {logging_mixin.py:104} INFO - [2024-04-23 19:10:58,989] {dag.py:1824} INFO - Sync 1 DAGs
[2024-04-23 19:10:58,998] {logging_mixin.py:104} INFO - [2024-04-23 19:10:58,998] {dag.py:2280} INFO - Setting next_dagrun for example_xcom to 2024-04-21 00:00:00+00:00
[2024-04-23 19:10:59,004] {scheduler_job.py:190} INFO - Processing /home/airflow/.local/lib/python3.6/site-packages/airflow/example_dags/example_xcom.py took 0.037 seconds
[2024-04-23 19:11:29,703] {scheduler_job.py:182} INFO - Started process (PID=108) to work on /home/airflow/.local/lib/python3.6/site-packages/airflow/example_dags/example_xcom.py
[2024-04-23 19:11:29,703] {scheduler_job.py:629} INFO - Processing file /home/airflow/.local/lib/python3.6/site-packages/airflow/example_dags/example_xcom.py for tasks to queue
[2024-04-23 19:11:29,704] {logging_mixin.py:104} INFO - [2024-04-23 19:11:29,704] {dagbag.py:451} INFO - Filling up the DagBag from /home/airflow/.local/lib/python3.6/site-packages/airflow/example_dags/example_xcom.py
[2024-04-23 19:11:29,711] {scheduler_job.py:639} INFO - DAG(s) dict_keys(['example_xcom']) retrieved from /home/airflow/.local/lib/python3.6/site-packages/airflow/example_dags/example_xcom.py
[2024-04-23 19:11:29,723] {logging_mixin.py:104} INFO - [2024-04-23 19:11:29,723] {dag.py:1824} INFO - Sync 1 DAGs
[2024-04-23 19:11:29,732] {logging_mixin.py:104} INFO - [2024-04-23 19:11:29,732] {dag.py:2280} INFO - Setting next_dagrun for example_xcom to 2024-04-21 00:00:00+00:00
[2024-04-23 19:11:29,738] {scheduler_job.py:190} INFO - Processing /home/airflow/.local/lib/python3.6/site-packages/airflow/example_dags/example_xcom.py took 0.037 seconds
[2024-04-23 19:12:00,438] {scheduler_job.py:182} INFO - Started process (PID=134) to work on /home/airflow/.local/lib/python3.6/site-packages/airflow/example_dags/example_xcom.py
[2024-04-23 19:12:00,439] {scheduler_job.py:629} INFO - Processing file /home/airflow/.local/lib/python3.6/site-packages/airflow/example_dags/example_xcom.py for tasks to queue
[2024-04-23 19:12:00,439] {logging_mixin.py:104} INFO - [2024-04-23 19:12:00,439] {dagbag.py:451} INFO - Filling up the DagBag from /home/airflow/.local/lib/python3.6/site-packages/airflow/example_dags/example_xcom.py
[2024-04-23 19:12:00,447] {scheduler_job.py:639} INFO - DAG(s) dict_keys(['example_xcom']) retrieved from /home/airflow/.local/lib/python3.6/site-packages/airflow/example_dags/example_xcom.py
[2024-04-23 19:12:00,458] {logging_mixin.py:104} INFO - [2024-04-23 19:12:00,458] {dag.py:1824} INFO - Sync 1 DAGs
[2024-04-23 19:12:00,468] {logging_mixin.py:104} INFO - [2024-04-23 19:12:00,468] {dag.py:2280} INFO - Setting next_dagrun for example_xcom to 2024-04-21 00:00:00+00:00
[2024-04-23 19:12:00,474] {scheduler_job.py:190} INFO - Processing /home/airflow/.local/lib/python3.6/site-packages/airflow/example_dags/example_xcom.py took 0.038 seconds
[2024-04-23 19:12:31,152] {scheduler_job.py:182} INFO - Started process (PID=160) to work on /home/airflow/.local/lib/python3.6/site-packages/airflow/example_dags/example_xcom.py
[2024-04-23 19:12:31,153] {scheduler_job.py:629} INFO - Processing file /home/airflow/.local/lib/python3.6/site-packages/airflow/example_dags/example_xcom.py for tasks to queue
[2024-04-23 19:12:31,153] {logging_mixin.py:104} INFO - [2024-04-23 19:12:31,153] {dagbag.py:451} INFO - Filling up the DagBag from /home/airflow/.local/lib/python3.6/site-packages/airflow/example_dags/example_xcom.py
[2024-04-23 19:12:31,160] {scheduler_job.py:639} INFO - DAG(s) dict_keys(['example_xcom']) retrieved from /home/airflow/.local/lib/python3.6/site-packages/airflow/example_dags/example_xcom.py
[2024-04-23 19:12:31,171] {logging_mixin.py:104} INFO - [2024-04-23 19:12:31,171] {dag.py:1824} INFO - Sync 1 DAGs
[2024-04-23 19:12:31,180] {logging_mixin.py:104} INFO - [2024-04-23 19:12:31,180] {dag.py:2280} INFO - Setting next_dagrun for example_xcom to 2024-04-21 00:00:00+00:00
[2024-04-23 19:12:31,185] {scheduler_job.py:190} INFO - Processing /home/airflow/.local/lib/python3.6/site-packages/airflow/example_dags/example_xcom.py took 0.034 seconds
[2024-04-23 19:13:01,912] {scheduler_job.py:182} INFO - Started process (PID=186) to work on /home/airflow/.local/lib/python3.6/site-packages/airflow/example_dags/example_xcom.py
[2024-04-23 19:13:01,913] {scheduler_job.py:629} INFO - Processing file /home/airflow/.local/lib/python3.6/site-packages/airflow/example_dags/example_xcom.py for tasks to queue
[2024-04-23 19:13:01,914] {logging_mixin.py:104} INFO - [2024-04-23 19:13:01,913] {dagbag.py:451} INFO - Filling up the DagBag from /home/airflow/.local/lib/python3.6/site-packages/airflow/example_dags/example_xcom.py
[2024-04-23 19:13:01,920] {scheduler_job.py:639} INFO - DAG(s) dict_keys(['example_xcom']) retrieved from /home/airflow/.local/lib/python3.6/site-packages/airflow/example_dags/example_xcom.py
[2024-04-23 19:13:01,933] {logging_mixin.py:104} INFO - [2024-04-23 19:13:01,933] {dag.py:1824} INFO - Sync 1 DAGs
[2024-04-23 19:13:01,940] {logging_mixin.py:104} INFO - [2024-04-23 19:13:01,940] {dag.py:2280} INFO - Setting next_dagrun for example_xcom to 2024-04-21 00:00:00+00:00
[2024-04-23 19:13:01,946] {scheduler_job.py:190} INFO - Processing /home/airflow/.local/lib/python3.6/site-packages/airflow/example_dags/example_xcom.py took 0.035 seconds
[2024-04-23 19:13:32,688] {scheduler_job.py:182} INFO - Started process (PID=212) to work on /home/airflow/.local/lib/python3.6/site-packages/airflow/example_dags/example_xcom.py
[2024-04-23 19:13:32,689] {scheduler_job.py:629} INFO - Processing file /home/airflow/.local/lib/python3.6/site-packages/airflow/example_dags/example_xcom.py for tasks to queue
[2024-04-23 19:13:32,689] {logging_mixin.py:104} INFO - [2024-04-23 19:13:32,689] {dagbag.py:451} INFO - Filling up the DagBag from /home/airflow/.local/lib/python3.6/site-packages/airflow/example_dags/example_xcom.py
[2024-04-23 19:13:32,697] {scheduler_job.py:639} INFO - DAG(s) dict_keys(['example_xcom']) retrieved from /home/airflow/.local/lib/python3.6/site-packages/airflow/example_dags/example_xcom.py
[2024-04-23 19:13:32,713] {logging_mixin.py:104} INFO - [2024-04-23 19:13:32,713] {dag.py:1824} INFO - Sync 1 DAGs
[2024-04-23 19:13:32,722] {logging_mixin.py:104} INFO - [2024-04-23 19:13:32,722] {dag.py:2280} INFO - Setting next_dagrun for example_xcom to 2024-04-21 00:00:00+00:00
[2024-04-23 19:13:32,729] {scheduler_job.py:190} INFO - Processing /home/airflow/.local/lib/python3.6/site-packages/airflow/example_dags/example_xcom.py took 0.042 seconds
[2024-04-23 19:14:03,417] {scheduler_job.py:182} INFO - Started process (PID=238) to work on /home/airflow/.local/lib/python3.6/site-packages/airflow/example_dags/example_xcom.py
[2024-04-23 19:14:03,417] {scheduler_job.py:629} INFO - Processing file /home/airflow/.local/lib/python3.6/site-packages/airflow/example_dags/example_xcom.py for tasks to queue
[2024-04-23 19:14:03,418] {logging_mixin.py:104} INFO - [2024-04-23 19:14:03,418] {dagbag.py:451} INFO - Filling up the DagBag from /home/airflow/.local/lib/python3.6/site-packages/airflow/example_dags/example_xcom.py
[2024-04-23 19:14:03,424] {scheduler_job.py:639} INFO - DAG(s) dict_keys(['example_xcom']) retrieved from /home/airflow/.local/lib/python3.6/site-packages/airflow/example_dags/example_xcom.py
[2024-04-23 19:14:03,439] {logging_mixin.py:104} INFO - [2024-04-23 19:14:03,438] {dag.py:1824} INFO - Sync 1 DAGs
[2024-04-23 19:14:03,446] {logging_mixin.py:104} INFO - [2024-04-23 19:14:03,445] {dag.py:2280} INFO - Setting next_dagrun for example_xcom to 2024-04-21 00:00:00+00:00
[2024-04-23 19:14:03,450] {scheduler_job.py:190} INFO - Processing /home/airflow/.local/lib/python3.6/site-packages/airflow/example_dags/example_xcom.py took 0.035 seconds
[2024-04-23 19:14:34,188] {scheduler_job.py:182} INFO - Started process (PID=264) to work on /home/airflow/.local/lib/python3.6/site-packages/airflow/example_dags/example_xcom.py
[2024-04-23 19:14:34,189] {scheduler_job.py:629} INFO - Processing file /home/airflow/.local/lib/python3.6/site-packages/airflow/example_dags/example_xcom.py for tasks to queue
[2024-04-23 19:14:34,189] {logging_mixin.py:104} INFO - [2024-04-23 19:14:34,189] {dagbag.py:451} INFO - Filling up the DagBag from /home/airflow/.local/lib/python3.6/site-packages/airflow/example_dags/example_xcom.py
[2024-04-23 19:14:34,199] {scheduler_job.py:639} INFO - DAG(s) dict_keys(['example_xcom']) retrieved from /home/airflow/.local/lib/python3.6/site-packages/airflow/example_dags/example_xcom.py
[2024-04-23 19:14:34,216] {logging_mixin.py:104} INFO - [2024-04-23 19:14:34,216] {dag.py:1824} INFO - Sync 1 DAGs
[2024-04-23 19:14:34,224] {logging_mixin.py:104} INFO - [2024-04-23 19:14:34,224] {dag.py:2280} INFO - Setting next_dagrun for example_xcom to 2024-04-21 00:00:00+00:00
[2024-04-23 19:14:34,232] {scheduler_job.py:190} INFO - Processing /home/airflow/.local/lib/python3.6/site-packages/airflow/example_dags/example_xcom.py took 0.045 seconds
[2024-04-23 19:15:04,959] {scheduler_job.py:182} INFO - Started process (PID=290) to work on /home/airflow/.local/lib/python3.6/site-packages/airflow/example_dags/example_xcom.py
[2024-04-23 19:15:04,960] {scheduler_job.py:629} INFO - Processing file /home/airflow/.local/lib/python3.6/site-packages/airflow/example_dags/example_xcom.py for tasks to queue
[2024-04-23 19:15:04,960] {logging_mixin.py:104} INFO - [2024-04-23 19:15:04,960] {dagbag.py:451} INFO - Filling up the DagBag from /home/airflow/.local/lib/python3.6/site-packages/airflow/example_dags/example_xcom.py
[2024-04-23 19:15:04,967] {scheduler_job.py:639} INFO - DAG(s) dict_keys(['example_xcom']) retrieved from /home/airflow/.local/lib/python3.6/site-packages/airflow/example_dags/example_xcom.py
[2024-04-23 19:15:04,982] {logging_mixin.py:104} INFO - [2024-04-23 19:15:04,982] {dag.py:1824} INFO - Sync 1 DAGs
[2024-04-23 19:15:04,991] {logging_mixin.py:104} INFO - [2024-04-23 19:15:04,991] {dag.py:2280} INFO - Setting next_dagrun for example_xcom to 2024-04-21 00:00:00+00:00
[2024-04-23 19:15:04,996] {scheduler_job.py:190} INFO - Processing /home/airflow/.local/lib/python3.6/site-packages/airflow/example_dags/example_xcom.py took 0.038 seconds
[2024-04-23 19:15:35,753] {scheduler_job.py:182} INFO - Started process (PID=316) to work on /home/airflow/.local/lib/python3.6/site-packages/airflow/example_dags/example_xcom.py
[2024-04-23 19:15:35,754] {scheduler_job.py:629} INFO - Processing file /home/airflow/.local/lib/python3.6/site-packages/airflow/example_dags/example_xcom.py for tasks to queue
[2024-04-23 19:15:35,754] {logging_mixin.py:104} INFO - [2024-04-23 19:15:35,754] {dagbag.py:451} INFO - Filling up the DagBag from /home/airflow/.local/lib/python3.6/site-packages/airflow/example_dags/example_xcom.py
[2024-04-23 19:15:35,764] {scheduler_job.py:639} INFO - DAG(s) dict_keys(['example_xcom']) retrieved from /home/airflow/.local/lib/python3.6/site-packages/airflow/example_dags/example_xcom.py
[2024-04-23 19:15:35,777] {logging_mixin.py:104} INFO - [2024-04-23 19:15:35,777] {dag.py:1824} INFO - Sync 1 DAGs
[2024-04-23 19:15:35,785] {logging_mixin.py:104} INFO - [2024-04-23 19:15:35,785] {dag.py:2280} INFO - Setting next_dagrun for example_xcom to 2024-04-21 00:00:00+00:00
[2024-04-23 19:15:35,793] {scheduler_job.py:190} INFO - Processing /home/airflow/.local/lib/python3.6/site-packages/airflow/example_dags/example_xcom.py took 0.041 seconds
[2024-04-23 19:16:06,551] {scheduler_job.py:182} INFO - Started process (PID=342) to work on /home/airflow/.local/lib/python3.6/site-packages/airflow/example_dags/example_xcom.py
[2024-04-23 19:16:06,551] {scheduler_job.py:629} INFO - Processing file /home/airflow/.local/lib/python3.6/site-packages/airflow/example_dags/example_xcom.py for tasks to queue
[2024-04-23 19:16:06,552] {logging_mixin.py:104} INFO - [2024-04-23 19:16:06,552] {dagbag.py:451} INFO - Filling up the DagBag from /home/airflow/.local/lib/python3.6/site-packages/airflow/example_dags/example_xcom.py
[2024-04-23 19:16:06,561] {scheduler_job.py:639} INFO - DAG(s) dict_keys(['example_xcom']) retrieved from /home/airflow/.local/lib/python3.6/site-packages/airflow/example_dags/example_xcom.py
[2024-04-23 19:16:06,574] {logging_mixin.py:104} INFO - [2024-04-23 19:16:06,574] {dag.py:1824} INFO - Sync 1 DAGs
[2024-04-23 19:16:06,583] {logging_mixin.py:104} INFO - [2024-04-23 19:16:06,583] {dag.py:2280} INFO - Setting next_dagrun for example_xcom to 2024-04-21 00:00:00+00:00
[2024-04-23 19:16:06,589] {scheduler_job.py:190} INFO - Processing /home/airflow/.local/lib/python3.6/site-packages/airflow/example_dags/example_xcom.py took 0.041 seconds
[2024-04-23 19:16:37,343] {scheduler_job.py:182} INFO - Started process (PID=368) to work on /home/airflow/.local/lib/python3.6/site-packages/airflow/example_dags/example_xcom.py
[2024-04-23 19:16:37,344] {scheduler_job.py:629} INFO - Processing file /home/airflow/.local/lib/python3.6/site-packages/airflow/example_dags/example_xcom.py for tasks to queue
[2024-04-23 19:16:37,344] {logging_mixin.py:104} INFO - [2024-04-23 19:16:37,344] {dagbag.py:451} INFO - Filling up the DagBag from /home/airflow/.local/lib/python3.6/site-packages/airflow/example_dags/example_xcom.py
[2024-04-23 19:16:37,353] {scheduler_job.py:639} INFO - DAG(s) dict_keys(['example_xcom']) retrieved from /home/airflow/.local/lib/python3.6/site-packages/airflow/example_dags/example_xcom.py
[2024-04-23 19:16:37,365] {logging_mixin.py:104} INFO - [2024-04-23 19:16:37,365] {dag.py:1824} INFO - Sync 1 DAGs
[2024-04-23 19:16:37,372] {logging_mixin.py:104} INFO - [2024-04-23 19:16:37,372] {dag.py:2280} INFO - Setting next_dagrun for example_xcom to 2024-04-21 00:00:00+00:00
[2024-04-23 19:16:37,377] {scheduler_job.py:190} INFO - Processing /home/airflow/.local/lib/python3.6/site-packages/airflow/example_dags/example_xcom.py took 0.036 seconds
[2024-04-23 19:17:08,141] {scheduler_job.py:182} INFO - Started process (PID=394) to work on /home/airflow/.local/lib/python3.6/site-packages/airflow/example_dags/example_xcom.py
[2024-04-23 19:17:08,141] {scheduler_job.py:629} INFO - Processing file /home/airflow/.local/lib/python3.6/site-packages/airflow/example_dags/example_xcom.py for tasks to queue
[2024-04-23 19:17:08,142] {logging_mixin.py:104} INFO - [2024-04-23 19:17:08,142] {dagbag.py:451} INFO - Filling up the DagBag from /home/airflow/.local/lib/python3.6/site-packages/airflow/example_dags/example_xcom.py
[2024-04-23 19:17:08,151] {scheduler_job.py:639} INFO - DAG(s) dict_keys(['example_xcom']) retrieved from /home/airflow/.local/lib/python3.6/site-packages/airflow/example_dags/example_xcom.py
[2024-04-23 19:17:08,163] {logging_mixin.py:104} INFO - [2024-04-23 19:17:08,163] {dag.py:1824} INFO - Sync 1 DAGs
[2024-04-23 19:17:08,170] {logging_mixin.py:104} INFO - [2024-04-23 19:17:08,170] {dag.py:2280} INFO - Setting next_dagrun for example_xcom to 2024-04-21 00:00:00+00:00
[2024-04-23 19:17:08,176] {scheduler_job.py:190} INFO - Processing /home/airflow/.local/lib/python3.6/site-packages/airflow/example_dags/example_xcom.py took 0.037 seconds
[2024-04-23 19:17:38,912] {scheduler_job.py:182} INFO - Started process (PID=420) to work on /home/airflow/.local/lib/python3.6/site-packages/airflow/example_dags/example_xcom.py
[2024-04-23 19:17:38,916] {scheduler_job.py:629} INFO - Processing file /home/airflow/.local/lib/python3.6/site-packages/airflow/example_dags/example_xcom.py for tasks to queue
[2024-04-23 19:17:38,916] {logging_mixin.py:104} INFO - [2024-04-23 19:17:38,916] {dagbag.py:451} INFO - Filling up the DagBag from /home/airflow/.local/lib/python3.6/site-packages/airflow/example_dags/example_xcom.py
[2024-04-23 19:17:38,922] {scheduler_job.py:639} INFO - DAG(s) dict_keys(['example_xcom']) retrieved from /home/airflow/.local/lib/python3.6/site-packages/airflow/example_dags/example_xcom.py
[2024-04-23 19:17:38,935] {logging_mixin.py:104} INFO - [2024-04-23 19:17:38,935] {dag.py:1824} INFO - Sync 1 DAGs
[2024-04-23 19:17:38,942] {logging_mixin.py:104} INFO - [2024-04-23 19:17:38,942] {dag.py:2280} INFO - Setting next_dagrun for example_xcom to 2024-04-21 00:00:00+00:00
[2024-04-23 19:17:38,948] {scheduler_job.py:190} INFO - Processing /home/airflow/.local/lib/python3.6/site-packages/airflow/example_dags/example_xcom.py took 0.038 seconds
[2024-04-23 19:18:09,702] {scheduler_job.py:182} INFO - Started process (PID=446) to work on /home/airflow/.local/lib/python3.6/site-packages/airflow/example_dags/example_xcom.py
[2024-04-23 19:18:09,703] {scheduler_job.py:629} INFO - Processing file /home/airflow/.local/lib/python3.6/site-packages/airflow/example_dags/example_xcom.py for tasks to queue
[2024-04-23 19:18:09,703] {logging_mixin.py:104} INFO - [2024-04-23 19:18:09,703] {dagbag.py:451} INFO - Filling up the DagBag from /home/airflow/.local/lib/python3.6/site-packages/airflow/example_dags/example_xcom.py
[2024-04-23 19:18:09,710] {scheduler_job.py:639} INFO - DAG(s) dict_keys(['example_xcom']) retrieved from /home/airflow/.local/lib/python3.6/site-packages/airflow/example_dags/example_xcom.py
[2024-04-23 19:18:09,723] {logging_mixin.py:104} INFO - [2024-04-23 19:18:09,722] {dag.py:1824} INFO - Sync 1 DAGs
[2024-04-23 19:18:09,730] {logging_mixin.py:104} INFO - [2024-04-23 19:18:09,730] {dag.py:2280} INFO - Setting next_dagrun for example_xcom to 2024-04-21 00:00:00+00:00
[2024-04-23 19:18:09,735] {scheduler_job.py:190} INFO - Processing /home/airflow/.local/lib/python3.6/site-packages/airflow/example_dags/example_xcom.py took 0.035 seconds
[2024-04-23 19:18:40,439] {scheduler_job.py:182} INFO - Started process (PID=472) to work on /home/airflow/.local/lib/python3.6/site-packages/airflow/example_dags/example_xcom.py
[2024-04-23 19:18:40,440] {scheduler_job.py:629} INFO - Processing file /home/airflow/.local/lib/python3.6/site-packages/airflow/example_dags/example_xcom.py for tasks to queue
[2024-04-23 19:18:40,440] {logging_mixin.py:104} INFO - [2024-04-23 19:18:40,440] {dagbag.py:451} INFO - Filling up the DagBag from /home/airflow/.local/lib/python3.6/site-packages/airflow/example_dags/example_xcom.py
[2024-04-23 19:18:40,447] {scheduler_job.py:639} INFO - DAG(s) dict_keys(['example_xcom']) retrieved from /home/airflow/.local/lib/python3.6/site-packages/airflow/example_dags/example_xcom.py
[2024-04-23 19:18:40,460] {logging_mixin.py:104} INFO - [2024-04-23 19:18:40,460] {dag.py:1824} INFO - Sync 1 DAGs
[2024-04-23 19:18:40,467] {logging_mixin.py:104} INFO - [2024-04-23 19:18:40,467] {dag.py:2280} INFO - Setting next_dagrun for example_xcom to 2024-04-21 00:00:00+00:00
[2024-04-23 19:18:40,472] {scheduler_job.py:190} INFO - Processing /home/airflow/.local/lib/python3.6/site-packages/airflow/example_dags/example_xcom.py took 0.035 seconds
