[2024-04-23 19:10:28,167] {scheduler_job.py:182} INFO - Started process (PID=57) to work on /home/airflow/.local/lib/python3.6/site-packages/airflow/example_dags/example_dag_decorator.py
[2024-04-23 19:10:28,168] {scheduler_job.py:629} INFO - Processing file /home/airflow/.local/lib/python3.6/site-packages/airflow/example_dags/example_dag_decorator.py for tasks to queue
[2024-04-23 19:10:28,168] {logging_mixin.py:104} INFO - [2024-04-23 19:10:28,168] {dagbag.py:451} INFO - Filling up the DagBag from /home/airflow/.local/lib/python3.6/site-packages/airflow/example_dags/example_dag_decorator.py
[2024-04-23 19:10:28,182] {scheduler_job.py:639} INFO - DAG(s) dict_keys(['example_dag_decorator']) retrieved from /home/airflow/.local/lib/python3.6/site-packages/airflow/example_dags/example_dag_decorator.py
[2024-04-23 19:10:28,197] {logging_mixin.py:104} INFO - [2024-04-23 19:10:28,197] {dag.py:1824} INFO - Sync 1 DAGs
[2024-04-23 19:10:28,202] {logging_mixin.py:104} INFO - [2024-04-23 19:10:28,202] {dag.py:1843} INFO - Creating ORM DAG for example_dag_decorator
[2024-04-23 19:10:28,205] {logging_mixin.py:104} INFO - [2024-04-23 19:10:28,205] {dag.py:2280} INFO - Setting next_dagrun for example_dag_decorator to None
[2024-04-23 19:10:28,213] {scheduler_job.py:190} INFO - Processing /home/airflow/.local/lib/python3.6/site-packages/airflow/example_dags/example_dag_decorator.py took 0.048 seconds
[2024-04-23 19:10:58,990] {scheduler_job.py:182} INFO - Started process (PID=83) to work on /home/airflow/.local/lib/python3.6/site-packages/airflow/example_dags/example_dag_decorator.py
[2024-04-23 19:10:58,990] {scheduler_job.py:629} INFO - Processing file /home/airflow/.local/lib/python3.6/site-packages/airflow/example_dags/example_dag_decorator.py for tasks to queue
[2024-04-23 19:10:58,990] {logging_mixin.py:104} INFO - [2024-04-23 19:10:58,990] {dagbag.py:451} INFO - Filling up the DagBag from /home/airflow/.local/lib/python3.6/site-packages/airflow/example_dags/example_dag_decorator.py
[2024-04-23 19:10:58,999] {scheduler_job.py:639} INFO - DAG(s) dict_keys(['example_dag_decorator']) retrieved from /home/airflow/.local/lib/python3.6/site-packages/airflow/example_dags/example_dag_decorator.py
[2024-04-23 19:10:59,014] {logging_mixin.py:104} INFO - [2024-04-23 19:10:59,014] {dag.py:1824} INFO - Sync 1 DAGs
[2024-04-23 19:10:59,022] {logging_mixin.py:104} INFO - [2024-04-23 19:10:59,022] {dag.py:2280} INFO - Setting next_dagrun for example_dag_decorator to None
[2024-04-23 19:10:59,027] {scheduler_job.py:190} INFO - Processing /home/airflow/.local/lib/python3.6/site-packages/airflow/example_dags/example_dag_decorator.py took 0.040 seconds
[2024-04-23 19:11:29,727] {scheduler_job.py:182} INFO - Started process (PID=109) to work on /home/airflow/.local/lib/python3.6/site-packages/airflow/example_dags/example_dag_decorator.py
[2024-04-23 19:11:29,728] {scheduler_job.py:629} INFO - Processing file /home/airflow/.local/lib/python3.6/site-packages/airflow/example_dags/example_dag_decorator.py for tasks to queue
[2024-04-23 19:11:29,728] {logging_mixin.py:104} INFO - [2024-04-23 19:11:29,728] {dagbag.py:451} INFO - Filling up the DagBag from /home/airflow/.local/lib/python3.6/site-packages/airflow/example_dags/example_dag_decorator.py
[2024-04-23 19:11:29,738] {scheduler_job.py:639} INFO - DAG(s) dict_keys(['example_dag_decorator']) retrieved from /home/airflow/.local/lib/python3.6/site-packages/airflow/example_dags/example_dag_decorator.py
[2024-04-23 19:11:29,754] {logging_mixin.py:104} INFO - [2024-04-23 19:11:29,754] {dag.py:1824} INFO - Sync 1 DAGs
[2024-04-23 19:11:29,762] {logging_mixin.py:104} INFO - [2024-04-23 19:11:29,761] {dag.py:2280} INFO - Setting next_dagrun for example_dag_decorator to None
[2024-04-23 19:11:29,768] {scheduler_job.py:190} INFO - Processing /home/airflow/.local/lib/python3.6/site-packages/airflow/example_dags/example_dag_decorator.py took 0.043 seconds
[2024-04-23 19:12:00,456] {scheduler_job.py:182} INFO - Started process (PID=135) to work on /home/airflow/.local/lib/python3.6/site-packages/airflow/example_dags/example_dag_decorator.py
[2024-04-23 19:12:00,456] {scheduler_job.py:629} INFO - Processing file /home/airflow/.local/lib/python3.6/site-packages/airflow/example_dags/example_dag_decorator.py for tasks to queue
[2024-04-23 19:12:00,456] {logging_mixin.py:104} INFO - [2024-04-23 19:12:00,456] {dagbag.py:451} INFO - Filling up the DagBag from /home/airflow/.local/lib/python3.6/site-packages/airflow/example_dags/example_dag_decorator.py
[2024-04-23 19:12:00,468] {scheduler_job.py:639} INFO - DAG(s) dict_keys(['example_dag_decorator']) retrieved from /home/airflow/.local/lib/python3.6/site-packages/airflow/example_dags/example_dag_decorator.py
[2024-04-23 19:12:00,484] {logging_mixin.py:104} INFO - [2024-04-23 19:12:00,484] {dag.py:1824} INFO - Sync 1 DAGs
[2024-04-23 19:12:00,491] {logging_mixin.py:104} INFO - [2024-04-23 19:12:00,491] {dag.py:2280} INFO - Setting next_dagrun for example_dag_decorator to None
[2024-04-23 19:12:00,498] {scheduler_job.py:190} INFO - Processing /home/airflow/.local/lib/python3.6/site-packages/airflow/example_dags/example_dag_decorator.py took 0.044 seconds
[2024-04-23 19:12:31,196] {scheduler_job.py:182} INFO - Started process (PID=161) to work on /home/airflow/.local/lib/python3.6/site-packages/airflow/example_dags/example_dag_decorator.py
[2024-04-23 19:12:31,196] {scheduler_job.py:629} INFO - Processing file /home/airflow/.local/lib/python3.6/site-packages/airflow/example_dags/example_dag_decorator.py for tasks to queue
[2024-04-23 19:12:31,197] {logging_mixin.py:104} INFO - [2024-04-23 19:12:31,197] {dagbag.py:451} INFO - Filling up the DagBag from /home/airflow/.local/lib/python3.6/site-packages/airflow/example_dags/example_dag_decorator.py
[2024-04-23 19:12:31,206] {scheduler_job.py:639} INFO - DAG(s) dict_keys(['example_dag_decorator']) retrieved from /home/airflow/.local/lib/python3.6/site-packages/airflow/example_dags/example_dag_decorator.py
[2024-04-23 19:12:31,221] {logging_mixin.py:104} INFO - [2024-04-23 19:12:31,221] {dag.py:1824} INFO - Sync 1 DAGs
[2024-04-23 19:12:31,227] {logging_mixin.py:104} INFO - [2024-04-23 19:12:31,227] {dag.py:2280} INFO - Setting next_dagrun for example_dag_decorator to None
[2024-04-23 19:12:31,234] {scheduler_job.py:190} INFO - Processing /home/airflow/.local/lib/python3.6/site-packages/airflow/example_dags/example_dag_decorator.py took 0.040 seconds
[2024-04-23 19:13:01,955] {scheduler_job.py:182} INFO - Started process (PID=187) to work on /home/airflow/.local/lib/python3.6/site-packages/airflow/example_dags/example_dag_decorator.py
[2024-04-23 19:13:01,956] {scheduler_job.py:629} INFO - Processing file /home/airflow/.local/lib/python3.6/site-packages/airflow/example_dags/example_dag_decorator.py for tasks to queue
[2024-04-23 19:13:01,956] {logging_mixin.py:104} INFO - [2024-04-23 19:13:01,956] {dagbag.py:451} INFO - Filling up the DagBag from /home/airflow/.local/lib/python3.6/site-packages/airflow/example_dags/example_dag_decorator.py
[2024-04-23 19:13:01,965] {scheduler_job.py:639} INFO - DAG(s) dict_keys(['example_dag_decorator']) retrieved from /home/airflow/.local/lib/python3.6/site-packages/airflow/example_dags/example_dag_decorator.py
[2024-04-23 19:13:01,981] {logging_mixin.py:104} INFO - [2024-04-23 19:13:01,981] {dag.py:1824} INFO - Sync 1 DAGs
[2024-04-23 19:13:01,987] {logging_mixin.py:104} INFO - [2024-04-23 19:13:01,987] {dag.py:2280} INFO - Setting next_dagrun for example_dag_decorator to None
[2024-04-23 19:13:01,993] {scheduler_job.py:190} INFO - Processing /home/airflow/.local/lib/python3.6/site-packages/airflow/example_dags/example_dag_decorator.py took 0.040 seconds
[2024-04-23 19:13:32,701] {scheduler_job.py:182} INFO - Started process (PID=213) to work on /home/airflow/.local/lib/python3.6/site-packages/airflow/example_dags/example_dag_decorator.py
[2024-04-23 19:13:32,701] {scheduler_job.py:629} INFO - Processing file /home/airflow/.local/lib/python3.6/site-packages/airflow/example_dags/example_dag_decorator.py for tasks to queue
[2024-04-23 19:13:32,701] {logging_mixin.py:104} INFO - [2024-04-23 19:13:32,701] {dagbag.py:451} INFO - Filling up the DagBag from /home/airflow/.local/lib/python3.6/site-packages/airflow/example_dags/example_dag_decorator.py
[2024-04-23 19:13:32,714] {scheduler_job.py:639} INFO - DAG(s) dict_keys(['example_dag_decorator']) retrieved from /home/airflow/.local/lib/python3.6/site-packages/airflow/example_dags/example_dag_decorator.py
[2024-04-23 19:13:32,729] {logging_mixin.py:104} INFO - [2024-04-23 19:13:32,729] {dag.py:1824} INFO - Sync 1 DAGs
[2024-04-23 19:13:32,737] {logging_mixin.py:104} INFO - [2024-04-23 19:13:32,737] {dag.py:2280} INFO - Setting next_dagrun for example_dag_decorator to None
[2024-04-23 19:13:32,744] {scheduler_job.py:190} INFO - Processing /home/airflow/.local/lib/python3.6/site-packages/airflow/example_dags/example_dag_decorator.py took 0.046 seconds
[2024-04-23 19:14:03,461] {scheduler_job.py:182} INFO - Started process (PID=239) to work on /home/airflow/.local/lib/python3.6/site-packages/airflow/example_dags/example_dag_decorator.py
[2024-04-23 19:14:03,462] {scheduler_job.py:629} INFO - Processing file /home/airflow/.local/lib/python3.6/site-packages/airflow/example_dags/example_dag_decorator.py for tasks to queue
[2024-04-23 19:14:03,462] {logging_mixin.py:104} INFO - [2024-04-23 19:14:03,462] {dagbag.py:451} INFO - Filling up the DagBag from /home/airflow/.local/lib/python3.6/site-packages/airflow/example_dags/example_dag_decorator.py
[2024-04-23 19:14:03,474] {scheduler_job.py:639} INFO - DAG(s) dict_keys(['example_dag_decorator']) retrieved from /home/airflow/.local/lib/python3.6/site-packages/airflow/example_dags/example_dag_decorator.py
[2024-04-23 19:14:03,486] {logging_mixin.py:104} INFO - [2024-04-23 19:14:03,486] {dag.py:1824} INFO - Sync 1 DAGs
[2024-04-23 19:14:03,493] {logging_mixin.py:104} INFO - [2024-04-23 19:14:03,493] {dag.py:2280} INFO - Setting next_dagrun for example_dag_decorator to None
[2024-04-23 19:14:03,502] {scheduler_job.py:190} INFO - Processing /home/airflow/.local/lib/python3.6/site-packages/airflow/example_dags/example_dag_decorator.py took 0.042 seconds
[2024-04-23 19:14:34,195] {scheduler_job.py:182} INFO - Started process (PID=265) to work on /home/airflow/.local/lib/python3.6/site-packages/airflow/example_dags/example_dag_decorator.py
[2024-04-23 19:14:34,196] {scheduler_job.py:629} INFO - Processing file /home/airflow/.local/lib/python3.6/site-packages/airflow/example_dags/example_dag_decorator.py for tasks to queue
[2024-04-23 19:14:34,196] {logging_mixin.py:104} INFO - [2024-04-23 19:14:34,196] {dagbag.py:451} INFO - Filling up the DagBag from /home/airflow/.local/lib/python3.6/site-packages/airflow/example_dags/example_dag_decorator.py
[2024-04-23 19:14:34,209] {scheduler_job.py:639} INFO - DAG(s) dict_keys(['example_dag_decorator']) retrieved from /home/airflow/.local/lib/python3.6/site-packages/airflow/example_dags/example_dag_decorator.py
[2024-04-23 19:14:34,224] {logging_mixin.py:104} INFO - [2024-04-23 19:14:34,224] {dag.py:1824} INFO - Sync 1 DAGs
[2024-04-23 19:14:34,232] {logging_mixin.py:104} INFO - [2024-04-23 19:14:34,232] {dag.py:2280} INFO - Setting next_dagrun for example_dag_decorator to None
[2024-04-23 19:14:34,239] {scheduler_job.py:190} INFO - Processing /home/airflow/.local/lib/python3.6/site-packages/airflow/example_dags/example_dag_decorator.py took 0.046 seconds
[2024-04-23 19:15:05,005] {scheduler_job.py:182} INFO - Started process (PID=291) to work on /home/airflow/.local/lib/python3.6/site-packages/airflow/example_dags/example_dag_decorator.py
[2024-04-23 19:15:05,006] {scheduler_job.py:629} INFO - Processing file /home/airflow/.local/lib/python3.6/site-packages/airflow/example_dags/example_dag_decorator.py for tasks to queue
[2024-04-23 19:15:05,006] {logging_mixin.py:104} INFO - [2024-04-23 19:15:05,006] {dagbag.py:451} INFO - Filling up the DagBag from /home/airflow/.local/lib/python3.6/site-packages/airflow/example_dags/example_dag_decorator.py
[2024-04-23 19:15:05,018] {scheduler_job.py:639} INFO - DAG(s) dict_keys(['example_dag_decorator']) retrieved from /home/airflow/.local/lib/python3.6/site-packages/airflow/example_dags/example_dag_decorator.py
[2024-04-23 19:15:05,033] {logging_mixin.py:104} INFO - [2024-04-23 19:15:05,032] {dag.py:1824} INFO - Sync 1 DAGs
[2024-04-23 19:15:05,041] {logging_mixin.py:104} INFO - [2024-04-23 19:15:05,041] {dag.py:2280} INFO - Setting next_dagrun for example_dag_decorator to None
[2024-04-23 19:15:05,048] {scheduler_job.py:190} INFO - Processing /home/airflow/.local/lib/python3.6/site-packages/airflow/example_dags/example_dag_decorator.py took 0.045 seconds
[2024-04-23 19:15:35,767] {scheduler_job.py:182} INFO - Started process (PID=317) to work on /home/airflow/.local/lib/python3.6/site-packages/airflow/example_dags/example_dag_decorator.py
[2024-04-23 19:15:35,767] {scheduler_job.py:629} INFO - Processing file /home/airflow/.local/lib/python3.6/site-packages/airflow/example_dags/example_dag_decorator.py for tasks to queue
[2024-04-23 19:15:35,768] {logging_mixin.py:104} INFO - [2024-04-23 19:15:35,768] {dagbag.py:451} INFO - Filling up the DagBag from /home/airflow/.local/lib/python3.6/site-packages/airflow/example_dags/example_dag_decorator.py
[2024-04-23 19:15:35,779] {scheduler_job.py:639} INFO - DAG(s) dict_keys(['example_dag_decorator']) retrieved from /home/airflow/.local/lib/python3.6/site-packages/airflow/example_dags/example_dag_decorator.py
[2024-04-23 19:15:35,793] {logging_mixin.py:104} INFO - [2024-04-23 19:15:35,793] {dag.py:1824} INFO - Sync 1 DAGs
[2024-04-23 19:15:35,802] {logging_mixin.py:104} INFO - [2024-04-23 19:15:35,802] {dag.py:2280} INFO - Setting next_dagrun for example_dag_decorator to None
[2024-04-23 19:15:35,810] {scheduler_job.py:190} INFO - Processing /home/airflow/.local/lib/python3.6/site-packages/airflow/example_dags/example_dag_decorator.py took 0.045 seconds
[2024-04-23 19:16:06,554] {scheduler_job.py:182} INFO - Started process (PID=343) to work on /home/airflow/.local/lib/python3.6/site-packages/airflow/example_dags/example_dag_decorator.py
[2024-04-23 19:16:06,555] {scheduler_job.py:629} INFO - Processing file /home/airflow/.local/lib/python3.6/site-packages/airflow/example_dags/example_dag_decorator.py for tasks to queue
[2024-04-23 19:16:06,555] {logging_mixin.py:104} INFO - [2024-04-23 19:16:06,555] {dagbag.py:451} INFO - Filling up the DagBag from /home/airflow/.local/lib/python3.6/site-packages/airflow/example_dags/example_dag_decorator.py
[2024-04-23 19:16:06,567] {scheduler_job.py:639} INFO - DAG(s) dict_keys(['example_dag_decorator']) retrieved from /home/airflow/.local/lib/python3.6/site-packages/airflow/example_dags/example_dag_decorator.py
[2024-04-23 19:16:06,582] {logging_mixin.py:104} INFO - [2024-04-23 19:16:06,582] {dag.py:1824} INFO - Sync 1 DAGs
[2024-04-23 19:16:06,589] {logging_mixin.py:104} INFO - [2024-04-23 19:16:06,589] {dag.py:2280} INFO - Setting next_dagrun for example_dag_decorator to None
[2024-04-23 19:16:06,595] {scheduler_job.py:190} INFO - Processing /home/airflow/.local/lib/python3.6/site-packages/airflow/example_dags/example_dag_decorator.py took 0.043 seconds
[2024-04-23 19:16:37,388] {scheduler_job.py:182} INFO - Started process (PID=369) to work on /home/airflow/.local/lib/python3.6/site-packages/airflow/example_dags/example_dag_decorator.py
[2024-04-23 19:16:37,389] {scheduler_job.py:629} INFO - Processing file /home/airflow/.local/lib/python3.6/site-packages/airflow/example_dags/example_dag_decorator.py for tasks to queue
[2024-04-23 19:16:37,389] {logging_mixin.py:104} INFO - [2024-04-23 19:16:37,389] {dagbag.py:451} INFO - Filling up the DagBag from /home/airflow/.local/lib/python3.6/site-packages/airflow/example_dags/example_dag_decorator.py
[2024-04-23 19:16:37,400] {scheduler_job.py:639} INFO - DAG(s) dict_keys(['example_dag_decorator']) retrieved from /home/airflow/.local/lib/python3.6/site-packages/airflow/example_dags/example_dag_decorator.py
[2024-04-23 19:16:37,413] {logging_mixin.py:104} INFO - [2024-04-23 19:16:37,413] {dag.py:1824} INFO - Sync 1 DAGs
[2024-04-23 19:16:37,420] {logging_mixin.py:104} INFO - [2024-04-23 19:16:37,420] {dag.py:2280} INFO - Setting next_dagrun for example_dag_decorator to None
[2024-04-23 19:16:37,428] {scheduler_job.py:190} INFO - Processing /home/airflow/.local/lib/python3.6/site-packages/airflow/example_dags/example_dag_decorator.py took 0.041 seconds
[2024-04-23 19:17:08,144] {scheduler_job.py:182} INFO - Started process (PID=395) to work on /home/airflow/.local/lib/python3.6/site-packages/airflow/example_dags/example_dag_decorator.py
[2024-04-23 19:17:08,145] {scheduler_job.py:629} INFO - Processing file /home/airflow/.local/lib/python3.6/site-packages/airflow/example_dags/example_dag_decorator.py for tasks to queue
[2024-04-23 19:17:08,145] {logging_mixin.py:104} INFO - [2024-04-23 19:17:08,145] {dagbag.py:451} INFO - Filling up the DagBag from /home/airflow/.local/lib/python3.6/site-packages/airflow/example_dags/example_dag_decorator.py
[2024-04-23 19:17:08,156] {scheduler_job.py:639} INFO - DAG(s) dict_keys(['example_dag_decorator']) retrieved from /home/airflow/.local/lib/python3.6/site-packages/airflow/example_dags/example_dag_decorator.py
[2024-04-23 19:17:08,169] {logging_mixin.py:104} INFO - [2024-04-23 19:17:08,168] {dag.py:1824} INFO - Sync 1 DAGs
[2024-04-23 19:17:08,175] {logging_mixin.py:104} INFO - [2024-04-23 19:17:08,175] {dag.py:2280} INFO - Setting next_dagrun for example_dag_decorator to None
[2024-04-23 19:17:08,181] {scheduler_job.py:190} INFO - Processing /home/airflow/.local/lib/python3.6/site-packages/airflow/example_dags/example_dag_decorator.py took 0.038 seconds
[2024-04-23 19:17:38,915] {scheduler_job.py:182} INFO - Started process (PID=421) to work on /home/airflow/.local/lib/python3.6/site-packages/airflow/example_dags/example_dag_decorator.py
[2024-04-23 19:17:38,919] {scheduler_job.py:629} INFO - Processing file /home/airflow/.local/lib/python3.6/site-packages/airflow/example_dags/example_dag_decorator.py for tasks to queue
[2024-04-23 19:17:38,919] {logging_mixin.py:104} INFO - [2024-04-23 19:17:38,919] {dagbag.py:451} INFO - Filling up the DagBag from /home/airflow/.local/lib/python3.6/site-packages/airflow/example_dags/example_dag_decorator.py
[2024-04-23 19:17:38,927] {scheduler_job.py:639} INFO - DAG(s) dict_keys(['example_dag_decorator']) retrieved from /home/airflow/.local/lib/python3.6/site-packages/airflow/example_dags/example_dag_decorator.py
[2024-04-23 19:17:38,940] {logging_mixin.py:104} INFO - [2024-04-23 19:17:38,940] {dag.py:1824} INFO - Sync 1 DAGs
[2024-04-23 19:17:38,946] {logging_mixin.py:104} INFO - [2024-04-23 19:17:38,946] {dag.py:2280} INFO - Setting next_dagrun for example_dag_decorator to None
[2024-04-23 19:17:38,952] {scheduler_job.py:190} INFO - Processing /home/airflow/.local/lib/python3.6/site-packages/airflow/example_dags/example_dag_decorator.py took 0.038 seconds
[2024-04-23 19:18:09,705] {scheduler_job.py:182} INFO - Started process (PID=447) to work on /home/airflow/.local/lib/python3.6/site-packages/airflow/example_dags/example_dag_decorator.py
[2024-04-23 19:18:09,705] {scheduler_job.py:629} INFO - Processing file /home/airflow/.local/lib/python3.6/site-packages/airflow/example_dags/example_dag_decorator.py for tasks to queue
[2024-04-23 19:18:09,705] {logging_mixin.py:104} INFO - [2024-04-23 19:18:09,705] {dagbag.py:451} INFO - Filling up the DagBag from /home/airflow/.local/lib/python3.6/site-packages/airflow/example_dags/example_dag_decorator.py
[2024-04-23 19:18:09,714] {scheduler_job.py:639} INFO - DAG(s) dict_keys(['example_dag_decorator']) retrieved from /home/airflow/.local/lib/python3.6/site-packages/airflow/example_dags/example_dag_decorator.py
[2024-04-23 19:18:09,728] {logging_mixin.py:104} INFO - [2024-04-23 19:18:09,728] {dag.py:1824} INFO - Sync 1 DAGs
[2024-04-23 19:18:09,735] {logging_mixin.py:104} INFO - [2024-04-23 19:18:09,735] {dag.py:2280} INFO - Setting next_dagrun for example_dag_decorator to None
[2024-04-23 19:18:09,742] {scheduler_job.py:190} INFO - Processing /home/airflow/.local/lib/python3.6/site-packages/airflow/example_dags/example_dag_decorator.py took 0.039 seconds
[2024-04-23 19:18:40,442] {scheduler_job.py:182} INFO - Started process (PID=473) to work on /home/airflow/.local/lib/python3.6/site-packages/airflow/example_dags/example_dag_decorator.py
[2024-04-23 19:18:40,442] {scheduler_job.py:629} INFO - Processing file /home/airflow/.local/lib/python3.6/site-packages/airflow/example_dags/example_dag_decorator.py for tasks to queue
[2024-04-23 19:18:40,443] {logging_mixin.py:104} INFO - [2024-04-23 19:18:40,442] {dagbag.py:451} INFO - Filling up the DagBag from /home/airflow/.local/lib/python3.6/site-packages/airflow/example_dags/example_dag_decorator.py
[2024-04-23 19:18:40,451] {scheduler_job.py:639} INFO - DAG(s) dict_keys(['example_dag_decorator']) retrieved from /home/airflow/.local/lib/python3.6/site-packages/airflow/example_dags/example_dag_decorator.py
[2024-04-23 19:18:40,464] {logging_mixin.py:104} INFO - [2024-04-23 19:18:40,464] {dag.py:1824} INFO - Sync 1 DAGs
[2024-04-23 19:18:40,472] {logging_mixin.py:104} INFO - [2024-04-23 19:18:40,472] {dag.py:2280} INFO - Setting next_dagrun for example_dag_decorator to None
[2024-04-23 19:18:40,478] {scheduler_job.py:190} INFO - Processing /home/airflow/.local/lib/python3.6/site-packages/airflow/example_dags/example_dag_decorator.py took 0.039 seconds
