[2024-04-23 19:10:27,741] {scheduler_job.py:182} INFO - Started process (PID=44) to work on /home/airflow/.local/lib/python3.6/site-packages/airflow/example_dags/example_short_circuit_operator.py
[2024-04-23 19:10:27,741] {scheduler_job.py:629} INFO - Processing file /home/airflow/.local/lib/python3.6/site-packages/airflow/example_dags/example_short_circuit_operator.py for tasks to queue
[2024-04-23 19:10:27,742] {logging_mixin.py:104} INFO - [2024-04-23 19:10:27,742] {dagbag.py:451} INFO - Filling up the DagBag from /home/airflow/.local/lib/python3.6/site-packages/airflow/example_dags/example_short_circuit_operator.py
[2024-04-23 19:10:27,750] {scheduler_job.py:639} INFO - DAG(s) dict_keys(['example_short_circuit_operator']) retrieved from /home/airflow/.local/lib/python3.6/site-packages/airflow/example_dags/example_short_circuit_operator.py
[2024-04-23 19:10:27,763] {logging_mixin.py:104} INFO - [2024-04-23 19:10:27,763] {dag.py:1824} INFO - Sync 1 DAGs
[2024-04-23 19:10:27,770] {logging_mixin.py:104} INFO - [2024-04-23 19:10:27,770] {dag.py:1843} INFO - Creating ORM DAG for example_short_circuit_operator
[2024-04-23 19:10:27,773] {logging_mixin.py:104} INFO - [2024-04-23 19:10:27,773] {dag.py:2280} INFO - Setting next_dagrun for example_short_circuit_operator to 2024-04-21 00:00:00+00:00
[2024-04-23 19:10:27,782] {scheduler_job.py:190} INFO - Processing /home/airflow/.local/lib/python3.6/site-packages/airflow/example_dags/example_short_circuit_operator.py took 0.043 seconds
[2024-04-23 19:10:58,659] {scheduler_job.py:182} INFO - Started process (PID=70) to work on /home/airflow/.local/lib/python3.6/site-packages/airflow/example_dags/example_short_circuit_operator.py
[2024-04-23 19:10:58,660] {scheduler_job.py:629} INFO - Processing file /home/airflow/.local/lib/python3.6/site-packages/airflow/example_dags/example_short_circuit_operator.py for tasks to queue
[2024-04-23 19:10:58,660] {logging_mixin.py:104} INFO - [2024-04-23 19:10:58,660] {dagbag.py:451} INFO - Filling up the DagBag from /home/airflow/.local/lib/python3.6/site-packages/airflow/example_dags/example_short_circuit_operator.py
[2024-04-23 19:10:58,668] {scheduler_job.py:639} INFO - DAG(s) dict_keys(['example_short_circuit_operator']) retrieved from /home/airflow/.local/lib/python3.6/site-packages/airflow/example_dags/example_short_circuit_operator.py
[2024-04-23 19:10:58,679] {logging_mixin.py:104} INFO - [2024-04-23 19:10:58,679] {dag.py:1824} INFO - Sync 1 DAGs
[2024-04-23 19:10:58,687] {logging_mixin.py:104} INFO - [2024-04-23 19:10:58,687] {dag.py:2280} INFO - Setting next_dagrun for example_short_circuit_operator to 2024-04-21 00:00:00+00:00
[2024-04-23 19:10:58,693] {scheduler_job.py:190} INFO - Processing /home/airflow/.local/lib/python3.6/site-packages/airflow/example_dags/example_short_circuit_operator.py took 0.036 seconds
[2024-04-23 19:11:29,388] {scheduler_job.py:182} INFO - Started process (PID=96) to work on /home/airflow/.local/lib/python3.6/site-packages/airflow/example_dags/example_short_circuit_operator.py
[2024-04-23 19:11:29,389] {scheduler_job.py:629} INFO - Processing file /home/airflow/.local/lib/python3.6/site-packages/airflow/example_dags/example_short_circuit_operator.py for tasks to queue
[2024-04-23 19:11:29,389] {logging_mixin.py:104} INFO - [2024-04-23 19:11:29,389] {dagbag.py:451} INFO - Filling up the DagBag from /home/airflow/.local/lib/python3.6/site-packages/airflow/example_dags/example_short_circuit_operator.py
[2024-04-23 19:11:29,397] {scheduler_job.py:639} INFO - DAG(s) dict_keys(['example_short_circuit_operator']) retrieved from /home/airflow/.local/lib/python3.6/site-packages/airflow/example_dags/example_short_circuit_operator.py
[2024-04-23 19:11:29,408] {logging_mixin.py:104} INFO - [2024-04-23 19:11:29,408] {dag.py:1824} INFO - Sync 1 DAGs
[2024-04-23 19:11:29,417] {logging_mixin.py:104} INFO - [2024-04-23 19:11:29,417] {dag.py:2280} INFO - Setting next_dagrun for example_short_circuit_operator to 2024-04-21 00:00:00+00:00
[2024-04-23 19:11:29,422] {scheduler_job.py:190} INFO - Processing /home/airflow/.local/lib/python3.6/site-packages/airflow/example_dags/example_short_circuit_operator.py took 0.035 seconds
[2024-04-23 19:12:00,121] {scheduler_job.py:182} INFO - Started process (PID=122) to work on /home/airflow/.local/lib/python3.6/site-packages/airflow/example_dags/example_short_circuit_operator.py
[2024-04-23 19:12:00,121] {scheduler_job.py:629} INFO - Processing file /home/airflow/.local/lib/python3.6/site-packages/airflow/example_dags/example_short_circuit_operator.py for tasks to queue
[2024-04-23 19:12:00,122] {logging_mixin.py:104} INFO - [2024-04-23 19:12:00,122] {dagbag.py:451} INFO - Filling up the DagBag from /home/airflow/.local/lib/python3.6/site-packages/airflow/example_dags/example_short_circuit_operator.py
[2024-04-23 19:12:00,129] {scheduler_job.py:639} INFO - DAG(s) dict_keys(['example_short_circuit_operator']) retrieved from /home/airflow/.local/lib/python3.6/site-packages/airflow/example_dags/example_short_circuit_operator.py
[2024-04-23 19:12:00,141] {logging_mixin.py:104} INFO - [2024-04-23 19:12:00,141] {dag.py:1824} INFO - Sync 1 DAGs
[2024-04-23 19:12:00,150] {logging_mixin.py:104} INFO - [2024-04-23 19:12:00,150] {dag.py:2280} INFO - Setting next_dagrun for example_short_circuit_operator to 2024-04-21 00:00:00+00:00
[2024-04-23 19:12:00,156] {scheduler_job.py:190} INFO - Processing /home/airflow/.local/lib/python3.6/site-packages/airflow/example_dags/example_short_circuit_operator.py took 0.037 seconds
[2024-04-23 19:12:30,857] {scheduler_job.py:182} INFO - Started process (PID=148) to work on /home/airflow/.local/lib/python3.6/site-packages/airflow/example_dags/example_short_circuit_operator.py
[2024-04-23 19:12:30,858] {scheduler_job.py:629} INFO - Processing file /home/airflow/.local/lib/python3.6/site-packages/airflow/example_dags/example_short_circuit_operator.py for tasks to queue
[2024-04-23 19:12:30,858] {logging_mixin.py:104} INFO - [2024-04-23 19:12:30,858] {dagbag.py:451} INFO - Filling up the DagBag from /home/airflow/.local/lib/python3.6/site-packages/airflow/example_dags/example_short_circuit_operator.py
[2024-04-23 19:12:30,867] {scheduler_job.py:639} INFO - DAG(s) dict_keys(['example_short_circuit_operator']) retrieved from /home/airflow/.local/lib/python3.6/site-packages/airflow/example_dags/example_short_circuit_operator.py
[2024-04-23 19:12:30,887] {logging_mixin.py:104} INFO - [2024-04-23 19:12:30,887] {dag.py:1824} INFO - Sync 1 DAGs
[2024-04-23 19:12:30,898] {logging_mixin.py:104} INFO - [2024-04-23 19:12:30,898] {dag.py:2280} INFO - Setting next_dagrun for example_short_circuit_operator to 2024-04-21 00:00:00+00:00
[2024-04-23 19:12:30,905] {scheduler_job.py:190} INFO - Processing /home/airflow/.local/lib/python3.6/site-packages/airflow/example_dags/example_short_circuit_operator.py took 0.049 seconds
[2024-04-23 19:13:01,628] {scheduler_job.py:182} INFO - Started process (PID=174) to work on /home/airflow/.local/lib/python3.6/site-packages/airflow/example_dags/example_short_circuit_operator.py
[2024-04-23 19:13:01,629] {scheduler_job.py:629} INFO - Processing file /home/airflow/.local/lib/python3.6/site-packages/airflow/example_dags/example_short_circuit_operator.py for tasks to queue
[2024-04-23 19:13:01,629] {logging_mixin.py:104} INFO - [2024-04-23 19:13:01,629] {dagbag.py:451} INFO - Filling up the DagBag from /home/airflow/.local/lib/python3.6/site-packages/airflow/example_dags/example_short_circuit_operator.py
[2024-04-23 19:13:01,637] {scheduler_job.py:639} INFO - DAG(s) dict_keys(['example_short_circuit_operator']) retrieved from /home/airflow/.local/lib/python3.6/site-packages/airflow/example_dags/example_short_circuit_operator.py
[2024-04-23 19:13:01,652] {logging_mixin.py:104} INFO - [2024-04-23 19:13:01,652] {dag.py:1824} INFO - Sync 1 DAGs
[2024-04-23 19:13:01,659] {logging_mixin.py:104} INFO - [2024-04-23 19:13:01,659] {dag.py:2280} INFO - Setting next_dagrun for example_short_circuit_operator to 2024-04-21 00:00:00+00:00
[2024-04-23 19:13:01,666] {scheduler_job.py:190} INFO - Processing /home/airflow/.local/lib/python3.6/site-packages/airflow/example_dags/example_short_circuit_operator.py took 0.040 seconds
[2024-04-23 19:13:32,371] {scheduler_job.py:182} INFO - Started process (PID=200) to work on /home/airflow/.local/lib/python3.6/site-packages/airflow/example_dags/example_short_circuit_operator.py
[2024-04-23 19:13:32,372] {scheduler_job.py:629} INFO - Processing file /home/airflow/.local/lib/python3.6/site-packages/airflow/example_dags/example_short_circuit_operator.py for tasks to queue
[2024-04-23 19:13:32,372] {logging_mixin.py:104} INFO - [2024-04-23 19:13:32,372] {dagbag.py:451} INFO - Filling up the DagBag from /home/airflow/.local/lib/python3.6/site-packages/airflow/example_dags/example_short_circuit_operator.py
[2024-04-23 19:13:32,381] {scheduler_job.py:639} INFO - DAG(s) dict_keys(['example_short_circuit_operator']) retrieved from /home/airflow/.local/lib/python3.6/site-packages/airflow/example_dags/example_short_circuit_operator.py
[2024-04-23 19:13:32,398] {logging_mixin.py:104} INFO - [2024-04-23 19:13:32,398] {dag.py:1824} INFO - Sync 1 DAGs
[2024-04-23 19:13:32,409] {logging_mixin.py:104} INFO - [2024-04-23 19:13:32,409] {dag.py:2280} INFO - Setting next_dagrun for example_short_circuit_operator to 2024-04-21 00:00:00+00:00
[2024-04-23 19:13:32,416] {scheduler_job.py:190} INFO - Processing /home/airflow/.local/lib/python3.6/site-packages/airflow/example_dags/example_short_circuit_operator.py took 0.047 seconds
[2024-04-23 19:14:03,138] {scheduler_job.py:182} INFO - Started process (PID=226) to work on /home/airflow/.local/lib/python3.6/site-packages/airflow/example_dags/example_short_circuit_operator.py
[2024-04-23 19:14:03,138] {scheduler_job.py:629} INFO - Processing file /home/airflow/.local/lib/python3.6/site-packages/airflow/example_dags/example_short_circuit_operator.py for tasks to queue
[2024-04-23 19:14:03,139] {logging_mixin.py:104} INFO - [2024-04-23 19:14:03,139] {dagbag.py:451} INFO - Filling up the DagBag from /home/airflow/.local/lib/python3.6/site-packages/airflow/example_dags/example_short_circuit_operator.py
[2024-04-23 19:14:03,146] {scheduler_job.py:639} INFO - DAG(s) dict_keys(['example_short_circuit_operator']) retrieved from /home/airflow/.local/lib/python3.6/site-packages/airflow/example_dags/example_short_circuit_operator.py
[2024-04-23 19:14:03,161] {logging_mixin.py:104} INFO - [2024-04-23 19:14:03,161] {dag.py:1824} INFO - Sync 1 DAGs
[2024-04-23 19:14:03,169] {logging_mixin.py:104} INFO - [2024-04-23 19:14:03,169] {dag.py:2280} INFO - Setting next_dagrun for example_short_circuit_operator to 2024-04-21 00:00:00+00:00
[2024-04-23 19:14:03,174] {scheduler_job.py:190} INFO - Processing /home/airflow/.local/lib/python3.6/site-packages/airflow/example_dags/example_short_circuit_operator.py took 0.039 seconds
[2024-04-23 19:14:33,879] {scheduler_job.py:182} INFO - Started process (PID=252) to work on /home/airflow/.local/lib/python3.6/site-packages/airflow/example_dags/example_short_circuit_operator.py
[2024-04-23 19:14:33,879] {scheduler_job.py:629} INFO - Processing file /home/airflow/.local/lib/python3.6/site-packages/airflow/example_dags/example_short_circuit_operator.py for tasks to queue
[2024-04-23 19:14:33,880] {logging_mixin.py:104} INFO - [2024-04-23 19:14:33,879] {dagbag.py:451} INFO - Filling up the DagBag from /home/airflow/.local/lib/python3.6/site-packages/airflow/example_dags/example_short_circuit_operator.py
[2024-04-23 19:14:33,887] {scheduler_job.py:639} INFO - DAG(s) dict_keys(['example_short_circuit_operator']) retrieved from /home/airflow/.local/lib/python3.6/site-packages/airflow/example_dags/example_short_circuit_operator.py
[2024-04-23 19:14:33,902] {logging_mixin.py:104} INFO - [2024-04-23 19:14:33,902] {dag.py:1824} INFO - Sync 1 DAGs
[2024-04-23 19:14:33,911] {logging_mixin.py:104} INFO - [2024-04-23 19:14:33,911] {dag.py:2280} INFO - Setting next_dagrun for example_short_circuit_operator to 2024-04-21 00:00:00+00:00
[2024-04-23 19:14:33,917] {scheduler_job.py:190} INFO - Processing /home/airflow/.local/lib/python3.6/site-packages/airflow/example_dags/example_short_circuit_operator.py took 0.041 seconds
[2024-04-23 19:15:04,647] {scheduler_job.py:182} INFO - Started process (PID=278) to work on /home/airflow/.local/lib/python3.6/site-packages/airflow/example_dags/example_short_circuit_operator.py
[2024-04-23 19:15:04,648] {scheduler_job.py:629} INFO - Processing file /home/airflow/.local/lib/python3.6/site-packages/airflow/example_dags/example_short_circuit_operator.py for tasks to queue
[2024-04-23 19:15:04,648] {logging_mixin.py:104} INFO - [2024-04-23 19:15:04,648] {dagbag.py:451} INFO - Filling up the DagBag from /home/airflow/.local/lib/python3.6/site-packages/airflow/example_dags/example_short_circuit_operator.py
[2024-04-23 19:15:04,662] {scheduler_job.py:639} INFO - DAG(s) dict_keys(['example_short_circuit_operator']) retrieved from /home/airflow/.local/lib/python3.6/site-packages/airflow/example_dags/example_short_circuit_operator.py
[2024-04-23 19:15:04,674] {logging_mixin.py:104} INFO - [2024-04-23 19:15:04,674] {dag.py:1824} INFO - Sync 1 DAGs
[2024-04-23 19:15:04,682] {logging_mixin.py:104} INFO - [2024-04-23 19:15:04,682] {dag.py:2280} INFO - Setting next_dagrun for example_short_circuit_operator to 2024-04-21 00:00:00+00:00
[2024-04-23 19:15:04,688] {scheduler_job.py:190} INFO - Processing /home/airflow/.local/lib/python3.6/site-packages/airflow/example_dags/example_short_circuit_operator.py took 0.043 seconds
[2024-04-23 19:15:35,456] {scheduler_job.py:182} INFO - Started process (PID=304) to work on /home/airflow/.local/lib/python3.6/site-packages/airflow/example_dags/example_short_circuit_operator.py
[2024-04-23 19:15:35,456] {scheduler_job.py:629} INFO - Processing file /home/airflow/.local/lib/python3.6/site-packages/airflow/example_dags/example_short_circuit_operator.py for tasks to queue
[2024-04-23 19:15:35,457] {logging_mixin.py:104} INFO - [2024-04-23 19:15:35,457] {dagbag.py:451} INFO - Filling up the DagBag from /home/airflow/.local/lib/python3.6/site-packages/airflow/example_dags/example_short_circuit_operator.py
[2024-04-23 19:15:35,467] {scheduler_job.py:639} INFO - DAG(s) dict_keys(['example_short_circuit_operator']) retrieved from /home/airflow/.local/lib/python3.6/site-packages/airflow/example_dags/example_short_circuit_operator.py
[2024-04-23 19:15:35,480] {logging_mixin.py:104} INFO - [2024-04-23 19:15:35,479] {dag.py:1824} INFO - Sync 1 DAGs
[2024-04-23 19:15:35,487] {logging_mixin.py:104} INFO - [2024-04-23 19:15:35,487] {dag.py:2280} INFO - Setting next_dagrun for example_short_circuit_operator to 2024-04-21 00:00:00+00:00
[2024-04-23 19:15:35,493] {scheduler_job.py:190} INFO - Processing /home/airflow/.local/lib/python3.6/site-packages/airflow/example_dags/example_short_circuit_operator.py took 0.039 seconds
[2024-04-23 19:16:06,206] {scheduler_job.py:182} INFO - Started process (PID=330) to work on /home/airflow/.local/lib/python3.6/site-packages/airflow/example_dags/example_short_circuit_operator.py
[2024-04-23 19:16:06,206] {scheduler_job.py:629} INFO - Processing file /home/airflow/.local/lib/python3.6/site-packages/airflow/example_dags/example_short_circuit_operator.py for tasks to queue
[2024-04-23 19:16:06,207] {logging_mixin.py:104} INFO - [2024-04-23 19:16:06,207] {dagbag.py:451} INFO - Filling up the DagBag from /home/airflow/.local/lib/python3.6/site-packages/airflow/example_dags/example_short_circuit_operator.py
[2024-04-23 19:16:06,218] {scheduler_job.py:639} INFO - DAG(s) dict_keys(['example_short_circuit_operator']) retrieved from /home/airflow/.local/lib/python3.6/site-packages/airflow/example_dags/example_short_circuit_operator.py
[2024-04-23 19:16:06,231] {logging_mixin.py:104} INFO - [2024-04-23 19:16:06,231] {dag.py:1824} INFO - Sync 1 DAGs
[2024-04-23 19:16:06,239] {logging_mixin.py:104} INFO - [2024-04-23 19:16:06,239] {dag.py:2280} INFO - Setting next_dagrun for example_short_circuit_operator to 2024-04-21 00:00:00+00:00
[2024-04-23 19:16:06,245] {scheduler_job.py:190} INFO - Processing /home/airflow/.local/lib/python3.6/site-packages/airflow/example_dags/example_short_circuit_operator.py took 0.041 seconds
[2024-04-23 19:16:37,002] {scheduler_job.py:182} INFO - Started process (PID=356) to work on /home/airflow/.local/lib/python3.6/site-packages/airflow/example_dags/example_short_circuit_operator.py
[2024-04-23 19:16:37,002] {scheduler_job.py:629} INFO - Processing file /home/airflow/.local/lib/python3.6/site-packages/airflow/example_dags/example_short_circuit_operator.py for tasks to queue
[2024-04-23 19:16:37,003] {logging_mixin.py:104} INFO - [2024-04-23 19:16:37,003] {dagbag.py:451} INFO - Filling up the DagBag from /home/airflow/.local/lib/python3.6/site-packages/airflow/example_dags/example_short_circuit_operator.py
[2024-04-23 19:16:37,012] {scheduler_job.py:639} INFO - DAG(s) dict_keys(['example_short_circuit_operator']) retrieved from /home/airflow/.local/lib/python3.6/site-packages/airflow/example_dags/example_short_circuit_operator.py
[2024-04-23 19:16:37,024] {logging_mixin.py:104} INFO - [2024-04-23 19:16:37,024] {dag.py:1824} INFO - Sync 1 DAGs
[2024-04-23 19:16:37,031] {logging_mixin.py:104} INFO - [2024-04-23 19:16:37,031] {dag.py:2280} INFO - Setting next_dagrun for example_short_circuit_operator to 2024-04-21 00:00:00+00:00
[2024-04-23 19:16:37,037] {scheduler_job.py:190} INFO - Processing /home/airflow/.local/lib/python3.6/site-packages/airflow/example_dags/example_short_circuit_operator.py took 0.038 seconds
[2024-04-23 19:17:07,800] {scheduler_job.py:182} INFO - Started process (PID=382) to work on /home/airflow/.local/lib/python3.6/site-packages/airflow/example_dags/example_short_circuit_operator.py
[2024-04-23 19:17:07,801] {scheduler_job.py:629} INFO - Processing file /home/airflow/.local/lib/python3.6/site-packages/airflow/example_dags/example_short_circuit_operator.py for tasks to queue
[2024-04-23 19:17:07,802] {logging_mixin.py:104} INFO - [2024-04-23 19:17:07,802] {dagbag.py:451} INFO - Filling up the DagBag from /home/airflow/.local/lib/python3.6/site-packages/airflow/example_dags/example_short_circuit_operator.py
[2024-04-23 19:17:07,812] {scheduler_job.py:639} INFO - DAG(s) dict_keys(['example_short_circuit_operator']) retrieved from /home/airflow/.local/lib/python3.6/site-packages/airflow/example_dags/example_short_circuit_operator.py
[2024-04-23 19:17:07,826] {logging_mixin.py:104} INFO - [2024-04-23 19:17:07,826] {dag.py:1824} INFO - Sync 1 DAGs
[2024-04-23 19:17:07,836] {logging_mixin.py:104} INFO - [2024-04-23 19:17:07,836] {dag.py:2280} INFO - Setting next_dagrun for example_short_circuit_operator to 2024-04-21 00:00:00+00:00
[2024-04-23 19:17:07,840] {scheduler_job.py:190} INFO - Processing /home/airflow/.local/lib/python3.6/site-packages/airflow/example_dags/example_short_circuit_operator.py took 0.042 seconds
[2024-04-23 19:17:38,579] {scheduler_job.py:182} INFO - Started process (PID=408) to work on /home/airflow/.local/lib/python3.6/site-packages/airflow/example_dags/example_short_circuit_operator.py
[2024-04-23 19:17:38,583] {scheduler_job.py:629} INFO - Processing file /home/airflow/.local/lib/python3.6/site-packages/airflow/example_dags/example_short_circuit_operator.py for tasks to queue
[2024-04-23 19:17:38,583] {logging_mixin.py:104} INFO - [2024-04-23 19:17:38,583] {dagbag.py:451} INFO - Filling up the DagBag from /home/airflow/.local/lib/python3.6/site-packages/airflow/example_dags/example_short_circuit_operator.py
[2024-04-23 19:17:38,590] {scheduler_job.py:639} INFO - DAG(s) dict_keys(['example_short_circuit_operator']) retrieved from /home/airflow/.local/lib/python3.6/site-packages/airflow/example_dags/example_short_circuit_operator.py
[2024-04-23 19:17:38,604] {logging_mixin.py:104} INFO - [2024-04-23 19:17:38,604] {dag.py:1824} INFO - Sync 1 DAGs
[2024-04-23 19:17:38,612] {logging_mixin.py:104} INFO - [2024-04-23 19:17:38,612] {dag.py:2280} INFO - Setting next_dagrun for example_short_circuit_operator to 2024-04-21 00:00:00+00:00
[2024-04-23 19:17:38,618] {scheduler_job.py:190} INFO - Processing /home/airflow/.local/lib/python3.6/site-packages/airflow/example_dags/example_short_circuit_operator.py took 0.041 seconds
[2024-04-23 19:18:09,379] {scheduler_job.py:182} INFO - Started process (PID=434) to work on /home/airflow/.local/lib/python3.6/site-packages/airflow/example_dags/example_short_circuit_operator.py
[2024-04-23 19:18:09,380] {scheduler_job.py:629} INFO - Processing file /home/airflow/.local/lib/python3.6/site-packages/airflow/example_dags/example_short_circuit_operator.py for tasks to queue
[2024-04-23 19:18:09,380] {logging_mixin.py:104} INFO - [2024-04-23 19:18:09,380] {dagbag.py:451} INFO - Filling up the DagBag from /home/airflow/.local/lib/python3.6/site-packages/airflow/example_dags/example_short_circuit_operator.py
[2024-04-23 19:18:09,388] {scheduler_job.py:639} INFO - DAG(s) dict_keys(['example_short_circuit_operator']) retrieved from /home/airflow/.local/lib/python3.6/site-packages/airflow/example_dags/example_short_circuit_operator.py
[2024-04-23 19:18:09,401] {logging_mixin.py:104} INFO - [2024-04-23 19:18:09,401] {dag.py:1824} INFO - Sync 1 DAGs
[2024-04-23 19:18:09,409] {logging_mixin.py:104} INFO - [2024-04-23 19:18:09,409] {dag.py:2280} INFO - Setting next_dagrun for example_short_circuit_operator to 2024-04-21 00:00:00+00:00
[2024-04-23 19:18:09,415] {scheduler_job.py:190} INFO - Processing /home/airflow/.local/lib/python3.6/site-packages/airflow/example_dags/example_short_circuit_operator.py took 0.038 seconds
[2024-04-23 19:18:40,121] {scheduler_job.py:182} INFO - Started process (PID=460) to work on /home/airflow/.local/lib/python3.6/site-packages/airflow/example_dags/example_short_circuit_operator.py
[2024-04-23 19:18:40,122] {scheduler_job.py:629} INFO - Processing file /home/airflow/.local/lib/python3.6/site-packages/airflow/example_dags/example_short_circuit_operator.py for tasks to queue
[2024-04-23 19:18:40,122] {logging_mixin.py:104} INFO - [2024-04-23 19:18:40,122] {dagbag.py:451} INFO - Filling up the DagBag from /home/airflow/.local/lib/python3.6/site-packages/airflow/example_dags/example_short_circuit_operator.py
[2024-04-23 19:18:40,131] {scheduler_job.py:639} INFO - DAG(s) dict_keys(['example_short_circuit_operator']) retrieved from /home/airflow/.local/lib/python3.6/site-packages/airflow/example_dags/example_short_circuit_operator.py
[2024-04-23 19:18:40,143] {logging_mixin.py:104} INFO - [2024-04-23 19:18:40,143] {dag.py:1824} INFO - Sync 1 DAGs
[2024-04-23 19:18:40,151] {logging_mixin.py:104} INFO - [2024-04-23 19:18:40,151] {dag.py:2280} INFO - Setting next_dagrun for example_short_circuit_operator to 2024-04-21 00:00:00+00:00
[2024-04-23 19:18:40,156] {scheduler_job.py:190} INFO - Processing /home/airflow/.local/lib/python3.6/site-packages/airflow/example_dags/example_short_circuit_operator.py took 0.036 seconds
