[2024-04-23 19:10:28,050] {scheduler_job.py:182} INFO - Started process (PID=53) to work on /home/airflow/.local/lib/python3.6/site-packages/airflow/example_dags/example_kubernetes_executor_config.py
[2024-04-23 19:10:28,051] {scheduler_job.py:629} INFO - Processing file /home/airflow/.local/lib/python3.6/site-packages/airflow/example_dags/example_kubernetes_executor_config.py for tasks to queue
[2024-04-23 19:10:28,051] {logging_mixin.py:104} INFO - [2024-04-23 19:10:28,051] {dagbag.py:451} INFO - Filling up the DagBag from /home/airflow/.local/lib/python3.6/site-packages/airflow/example_dags/example_kubernetes_executor_config.py
[2024-04-23 19:10:28,061] {scheduler_job.py:639} INFO - DAG(s) dict_keys(['example_kubernetes_executor_config']) retrieved from /home/airflow/.local/lib/python3.6/site-packages/airflow/example_dags/example_kubernetes_executor_config.py
[2024-04-23 19:10:28,078] {logging_mixin.py:104} INFO - [2024-04-23 19:10:28,078] {dag.py:1824} INFO - Sync 1 DAGs
[2024-04-23 19:10:28,083] {logging_mixin.py:104} INFO - [2024-04-23 19:10:28,083] {dag.py:1843} INFO - Creating ORM DAG for example_kubernetes_executor_config
[2024-04-23 19:10:28,086] {logging_mixin.py:104} INFO - [2024-04-23 19:10:28,086] {dag.py:2280} INFO - Setting next_dagrun for example_kubernetes_executor_config to None
[2024-04-23 19:10:28,096] {scheduler_job.py:190} INFO - Processing /home/airflow/.local/lib/python3.6/site-packages/airflow/example_dags/example_kubernetes_executor_config.py took 0.048 seconds
[2024-04-23 19:10:58,895] {scheduler_job.py:182} INFO - Started process (PID=79) to work on /home/airflow/.local/lib/python3.6/site-packages/airflow/example_dags/example_kubernetes_executor_config.py
[2024-04-23 19:10:58,896] {scheduler_job.py:629} INFO - Processing file /home/airflow/.local/lib/python3.6/site-packages/airflow/example_dags/example_kubernetes_executor_config.py for tasks to queue
[2024-04-23 19:10:58,896] {logging_mixin.py:104} INFO - [2024-04-23 19:10:58,896] {dagbag.py:451} INFO - Filling up the DagBag from /home/airflow/.local/lib/python3.6/site-packages/airflow/example_dags/example_kubernetes_executor_config.py
[2024-04-23 19:10:58,904] {scheduler_job.py:639} INFO - DAG(s) dict_keys(['example_kubernetes_executor_config']) retrieved from /home/airflow/.local/lib/python3.6/site-packages/airflow/example_dags/example_kubernetes_executor_config.py
[2024-04-23 19:10:58,917] {logging_mixin.py:104} INFO - [2024-04-23 19:10:58,917] {dag.py:1824} INFO - Sync 1 DAGs
[2024-04-23 19:10:58,926] {logging_mixin.py:104} INFO - [2024-04-23 19:10:58,926] {dag.py:2280} INFO - Setting next_dagrun for example_kubernetes_executor_config to None
[2024-04-23 19:10:58,931] {scheduler_job.py:190} INFO - Processing /home/airflow/.local/lib/python3.6/site-packages/airflow/example_dags/example_kubernetes_executor_config.py took 0.038 seconds
[2024-04-23 19:11:29,631] {scheduler_job.py:182} INFO - Started process (PID=105) to work on /home/airflow/.local/lib/python3.6/site-packages/airflow/example_dags/example_kubernetes_executor_config.py
[2024-04-23 19:11:29,631] {scheduler_job.py:629} INFO - Processing file /home/airflow/.local/lib/python3.6/site-packages/airflow/example_dags/example_kubernetes_executor_config.py for tasks to queue
[2024-04-23 19:11:29,632] {logging_mixin.py:104} INFO - [2024-04-23 19:11:29,632] {dagbag.py:451} INFO - Filling up the DagBag from /home/airflow/.local/lib/python3.6/site-packages/airflow/example_dags/example_kubernetes_executor_config.py
[2024-04-23 19:11:29,640] {scheduler_job.py:639} INFO - DAG(s) dict_keys(['example_kubernetes_executor_config']) retrieved from /home/airflow/.local/lib/python3.6/site-packages/airflow/example_dags/example_kubernetes_executor_config.py
[2024-04-23 19:11:29,655] {logging_mixin.py:104} INFO - [2024-04-23 19:11:29,655] {dag.py:1824} INFO - Sync 1 DAGs
[2024-04-23 19:11:29,663] {logging_mixin.py:104} INFO - [2024-04-23 19:11:29,663] {dag.py:2280} INFO - Setting next_dagrun for example_kubernetes_executor_config to None
[2024-04-23 19:11:29,669] {scheduler_job.py:190} INFO - Processing /home/airflow/.local/lib/python3.6/site-packages/airflow/example_dags/example_kubernetes_executor_config.py took 0.040 seconds
[2024-04-23 19:12:00,359] {scheduler_job.py:182} INFO - Started process (PID=131) to work on /home/airflow/.local/lib/python3.6/site-packages/airflow/example_dags/example_kubernetes_executor_config.py
[2024-04-23 19:12:00,359] {scheduler_job.py:629} INFO - Processing file /home/airflow/.local/lib/python3.6/site-packages/airflow/example_dags/example_kubernetes_executor_config.py for tasks to queue
[2024-04-23 19:12:00,360] {logging_mixin.py:104} INFO - [2024-04-23 19:12:00,360] {dagbag.py:451} INFO - Filling up the DagBag from /home/airflow/.local/lib/python3.6/site-packages/airflow/example_dags/example_kubernetes_executor_config.py
[2024-04-23 19:12:00,368] {scheduler_job.py:639} INFO - DAG(s) dict_keys(['example_kubernetes_executor_config']) retrieved from /home/airflow/.local/lib/python3.6/site-packages/airflow/example_dags/example_kubernetes_executor_config.py
[2024-04-23 19:12:00,383] {logging_mixin.py:104} INFO - [2024-04-23 19:12:00,383] {dag.py:1824} INFO - Sync 1 DAGs
[2024-04-23 19:12:00,390] {logging_mixin.py:104} INFO - [2024-04-23 19:12:00,390] {dag.py:2280} INFO - Setting next_dagrun for example_kubernetes_executor_config to None
[2024-04-23 19:12:00,395] {scheduler_job.py:190} INFO - Processing /home/airflow/.local/lib/python3.6/site-packages/airflow/example_dags/example_kubernetes_executor_config.py took 0.038 seconds
[2024-04-23 19:12:31,101] {scheduler_job.py:182} INFO - Started process (PID=157) to work on /home/airflow/.local/lib/python3.6/site-packages/airflow/example_dags/example_kubernetes_executor_config.py
[2024-04-23 19:12:31,101] {scheduler_job.py:629} INFO - Processing file /home/airflow/.local/lib/python3.6/site-packages/airflow/example_dags/example_kubernetes_executor_config.py for tasks to queue
[2024-04-23 19:12:31,102] {logging_mixin.py:104} INFO - [2024-04-23 19:12:31,102] {dagbag.py:451} INFO - Filling up the DagBag from /home/airflow/.local/lib/python3.6/site-packages/airflow/example_dags/example_kubernetes_executor_config.py
[2024-04-23 19:12:31,110] {scheduler_job.py:639} INFO - DAG(s) dict_keys(['example_kubernetes_executor_config']) retrieved from /home/airflow/.local/lib/python3.6/site-packages/airflow/example_dags/example_kubernetes_executor_config.py
[2024-04-23 19:12:31,125] {logging_mixin.py:104} INFO - [2024-04-23 19:12:31,125] {dag.py:1824} INFO - Sync 1 DAGs
[2024-04-23 19:12:31,132] {logging_mixin.py:104} INFO - [2024-04-23 19:12:31,132] {dag.py:2280} INFO - Setting next_dagrun for example_kubernetes_executor_config to None
[2024-04-23 19:12:31,138] {scheduler_job.py:190} INFO - Processing /home/airflow/.local/lib/python3.6/site-packages/airflow/example_dags/example_kubernetes_executor_config.py took 0.039 seconds
[2024-04-23 19:13:01,817] {scheduler_job.py:182} INFO - Started process (PID=183) to work on /home/airflow/.local/lib/python3.6/site-packages/airflow/example_dags/example_kubernetes_executor_config.py
[2024-04-23 19:13:01,818] {scheduler_job.py:629} INFO - Processing file /home/airflow/.local/lib/python3.6/site-packages/airflow/example_dags/example_kubernetes_executor_config.py for tasks to queue
[2024-04-23 19:13:01,818] {logging_mixin.py:104} INFO - [2024-04-23 19:13:01,818] {dagbag.py:451} INFO - Filling up the DagBag from /home/airflow/.local/lib/python3.6/site-packages/airflow/example_dags/example_kubernetes_executor_config.py
[2024-04-23 19:13:01,826] {scheduler_job.py:639} INFO - DAG(s) dict_keys(['example_kubernetes_executor_config']) retrieved from /home/airflow/.local/lib/python3.6/site-packages/airflow/example_dags/example_kubernetes_executor_config.py
[2024-04-23 19:13:01,840] {logging_mixin.py:104} INFO - [2024-04-23 19:13:01,840] {dag.py:1824} INFO - Sync 1 DAGs
[2024-04-23 19:13:01,847] {logging_mixin.py:104} INFO - [2024-04-23 19:13:01,847] {dag.py:2280} INFO - Setting next_dagrun for example_kubernetes_executor_config to None
[2024-04-23 19:13:01,855] {scheduler_job.py:190} INFO - Processing /home/airflow/.local/lib/python3.6/site-packages/airflow/example_dags/example_kubernetes_executor_config.py took 0.039 seconds
[2024-04-23 19:13:32,595] {scheduler_job.py:182} INFO - Started process (PID=209) to work on /home/airflow/.local/lib/python3.6/site-packages/airflow/example_dags/example_kubernetes_executor_config.py
[2024-04-23 19:13:32,596] {scheduler_job.py:629} INFO - Processing file /home/airflow/.local/lib/python3.6/site-packages/airflow/example_dags/example_kubernetes_executor_config.py for tasks to queue
[2024-04-23 19:13:32,596] {logging_mixin.py:104} INFO - [2024-04-23 19:13:32,596] {dagbag.py:451} INFO - Filling up the DagBag from /home/airflow/.local/lib/python3.6/site-packages/airflow/example_dags/example_kubernetes_executor_config.py
[2024-04-23 19:13:32,605] {scheduler_job.py:639} INFO - DAG(s) dict_keys(['example_kubernetes_executor_config']) retrieved from /home/airflow/.local/lib/python3.6/site-packages/airflow/example_dags/example_kubernetes_executor_config.py
[2024-04-23 19:13:32,620] {logging_mixin.py:104} INFO - [2024-04-23 19:13:32,620] {dag.py:1824} INFO - Sync 1 DAGs
[2024-04-23 19:13:32,632] {logging_mixin.py:104} INFO - [2024-04-23 19:13:32,632] {dag.py:2280} INFO - Setting next_dagrun for example_kubernetes_executor_config to None
[2024-04-23 19:13:32,638] {scheduler_job.py:190} INFO - Processing /home/airflow/.local/lib/python3.6/site-packages/airflow/example_dags/example_kubernetes_executor_config.py took 0.045 seconds
[2024-04-23 19:14:03,326] {scheduler_job.py:182} INFO - Started process (PID=235) to work on /home/airflow/.local/lib/python3.6/site-packages/airflow/example_dags/example_kubernetes_executor_config.py
[2024-04-23 19:14:03,327] {scheduler_job.py:629} INFO - Processing file /home/airflow/.local/lib/python3.6/site-packages/airflow/example_dags/example_kubernetes_executor_config.py for tasks to queue
[2024-04-23 19:14:03,327] {logging_mixin.py:104} INFO - [2024-04-23 19:14:03,327] {dagbag.py:451} INFO - Filling up the DagBag from /home/airflow/.local/lib/python3.6/site-packages/airflow/example_dags/example_kubernetes_executor_config.py
[2024-04-23 19:14:03,335] {scheduler_job.py:639} INFO - DAG(s) dict_keys(['example_kubernetes_executor_config']) retrieved from /home/airflow/.local/lib/python3.6/site-packages/airflow/example_dags/example_kubernetes_executor_config.py
[2024-04-23 19:14:03,350] {logging_mixin.py:104} INFO - [2024-04-23 19:14:03,350] {dag.py:1824} INFO - Sync 1 DAGs
[2024-04-23 19:14:03,357] {logging_mixin.py:104} INFO - [2024-04-23 19:14:03,357] {dag.py:2280} INFO - Setting next_dagrun for example_kubernetes_executor_config to None
[2024-04-23 19:14:03,365] {scheduler_job.py:190} INFO - Processing /home/airflow/.local/lib/python3.6/site-packages/airflow/example_dags/example_kubernetes_executor_config.py took 0.040 seconds
[2024-04-23 19:14:34,095] {scheduler_job.py:182} INFO - Started process (PID=261) to work on /home/airflow/.local/lib/python3.6/site-packages/airflow/example_dags/example_kubernetes_executor_config.py
[2024-04-23 19:14:34,096] {scheduler_job.py:629} INFO - Processing file /home/airflow/.local/lib/python3.6/site-packages/airflow/example_dags/example_kubernetes_executor_config.py for tasks to queue
[2024-04-23 19:14:34,096] {logging_mixin.py:104} INFO - [2024-04-23 19:14:34,096] {dagbag.py:451} INFO - Filling up the DagBag from /home/airflow/.local/lib/python3.6/site-packages/airflow/example_dags/example_kubernetes_executor_config.py
[2024-04-23 19:14:34,105] {scheduler_job.py:639} INFO - DAG(s) dict_keys(['example_kubernetes_executor_config']) retrieved from /home/airflow/.local/lib/python3.6/site-packages/airflow/example_dags/example_kubernetes_executor_config.py
[2024-04-23 19:14:34,119] {logging_mixin.py:104} INFO - [2024-04-23 19:14:34,119] {dag.py:1824} INFO - Sync 1 DAGs
[2024-04-23 19:14:34,127] {logging_mixin.py:104} INFO - [2024-04-23 19:14:34,127] {dag.py:2280} INFO - Setting next_dagrun for example_kubernetes_executor_config to None
[2024-04-23 19:14:34,133] {scheduler_job.py:190} INFO - Processing /home/airflow/.local/lib/python3.6/site-packages/airflow/example_dags/example_kubernetes_executor_config.py took 0.040 seconds
[2024-04-23 19:15:04,845] {scheduler_job.py:182} INFO - Started process (PID=287) to work on /home/airflow/.local/lib/python3.6/site-packages/airflow/example_dags/example_kubernetes_executor_config.py
[2024-04-23 19:15:04,846] {scheduler_job.py:629} INFO - Processing file /home/airflow/.local/lib/python3.6/site-packages/airflow/example_dags/example_kubernetes_executor_config.py for tasks to queue
[2024-04-23 19:15:04,846] {logging_mixin.py:104} INFO - [2024-04-23 19:15:04,846] {dagbag.py:451} INFO - Filling up the DagBag from /home/airflow/.local/lib/python3.6/site-packages/airflow/example_dags/example_kubernetes_executor_config.py
[2024-04-23 19:15:04,860] {scheduler_job.py:639} INFO - DAG(s) dict_keys(['example_kubernetes_executor_config']) retrieved from /home/airflow/.local/lib/python3.6/site-packages/airflow/example_dags/example_kubernetes_executor_config.py
[2024-04-23 19:15:04,875] {logging_mixin.py:104} INFO - [2024-04-23 19:15:04,875] {dag.py:1824} INFO - Sync 1 DAGs
[2024-04-23 19:15:04,885] {logging_mixin.py:104} INFO - [2024-04-23 19:15:04,884] {dag.py:2280} INFO - Setting next_dagrun for example_kubernetes_executor_config to None
[2024-04-23 19:15:04,891] {scheduler_job.py:190} INFO - Processing /home/airflow/.local/lib/python3.6/site-packages/airflow/example_dags/example_kubernetes_executor_config.py took 0.048 seconds
[2024-04-23 19:15:35,663] {scheduler_job.py:182} INFO - Started process (PID=313) to work on /home/airflow/.local/lib/python3.6/site-packages/airflow/example_dags/example_kubernetes_executor_config.py
[2024-04-23 19:15:35,664] {scheduler_job.py:629} INFO - Processing file /home/airflow/.local/lib/python3.6/site-packages/airflow/example_dags/example_kubernetes_executor_config.py for tasks to queue
[2024-04-23 19:15:35,664] {logging_mixin.py:104} INFO - [2024-04-23 19:15:35,664] {dagbag.py:451} INFO - Filling up the DagBag from /home/airflow/.local/lib/python3.6/site-packages/airflow/example_dags/example_kubernetes_executor_config.py
[2024-04-23 19:15:35,675] {scheduler_job.py:639} INFO - DAG(s) dict_keys(['example_kubernetes_executor_config']) retrieved from /home/airflow/.local/lib/python3.6/site-packages/airflow/example_dags/example_kubernetes_executor_config.py
[2024-04-23 19:15:35,689] {logging_mixin.py:104} INFO - [2024-04-23 19:15:35,689] {dag.py:1824} INFO - Sync 1 DAGs
[2024-04-23 19:15:35,698] {logging_mixin.py:104} INFO - [2024-04-23 19:15:35,698] {dag.py:2280} INFO - Setting next_dagrun for example_kubernetes_executor_config to None
[2024-04-23 19:15:35,705] {scheduler_job.py:190} INFO - Processing /home/airflow/.local/lib/python3.6/site-packages/airflow/example_dags/example_kubernetes_executor_config.py took 0.044 seconds
[2024-04-23 19:16:06,454] {scheduler_job.py:182} INFO - Started process (PID=339) to work on /home/airflow/.local/lib/python3.6/site-packages/airflow/example_dags/example_kubernetes_executor_config.py
[2024-04-23 19:16:06,454] {scheduler_job.py:629} INFO - Processing file /home/airflow/.local/lib/python3.6/site-packages/airflow/example_dags/example_kubernetes_executor_config.py for tasks to queue
[2024-04-23 19:16:06,455] {logging_mixin.py:104} INFO - [2024-04-23 19:16:06,454] {dagbag.py:451} INFO - Filling up the DagBag from /home/airflow/.local/lib/python3.6/site-packages/airflow/example_dags/example_kubernetes_executor_config.py
[2024-04-23 19:16:06,466] {scheduler_job.py:639} INFO - DAG(s) dict_keys(['example_kubernetes_executor_config']) retrieved from /home/airflow/.local/lib/python3.6/site-packages/airflow/example_dags/example_kubernetes_executor_config.py
[2024-04-23 19:16:06,480] {logging_mixin.py:104} INFO - [2024-04-23 19:16:06,480] {dag.py:1824} INFO - Sync 1 DAGs
[2024-04-23 19:16:06,488] {logging_mixin.py:104} INFO - [2024-04-23 19:16:06,488] {dag.py:2280} INFO - Setting next_dagrun for example_kubernetes_executor_config to None
[2024-04-23 19:16:06,493] {scheduler_job.py:190} INFO - Processing /home/airflow/.local/lib/python3.6/site-packages/airflow/example_dags/example_kubernetes_executor_config.py took 0.041 seconds
[2024-04-23 19:16:37,247] {scheduler_job.py:182} INFO - Started process (PID=365) to work on /home/airflow/.local/lib/python3.6/site-packages/airflow/example_dags/example_kubernetes_executor_config.py
[2024-04-23 19:16:37,247] {scheduler_job.py:629} INFO - Processing file /home/airflow/.local/lib/python3.6/site-packages/airflow/example_dags/example_kubernetes_executor_config.py for tasks to queue
[2024-04-23 19:16:37,248] {logging_mixin.py:104} INFO - [2024-04-23 19:16:37,248] {dagbag.py:451} INFO - Filling up the DagBag from /home/airflow/.local/lib/python3.6/site-packages/airflow/example_dags/example_kubernetes_executor_config.py
[2024-04-23 19:16:37,259] {scheduler_job.py:639} INFO - DAG(s) dict_keys(['example_kubernetes_executor_config']) retrieved from /home/airflow/.local/lib/python3.6/site-packages/airflow/example_dags/example_kubernetes_executor_config.py
[2024-04-23 19:16:37,272] {logging_mixin.py:104} INFO - [2024-04-23 19:16:37,272] {dag.py:1824} INFO - Sync 1 DAGs
[2024-04-23 19:16:37,280] {logging_mixin.py:104} INFO - [2024-04-23 19:16:37,280] {dag.py:2280} INFO - Setting next_dagrun for example_kubernetes_executor_config to None
[2024-04-23 19:16:37,286] {scheduler_job.py:190} INFO - Processing /home/airflow/.local/lib/python3.6/site-packages/airflow/example_dags/example_kubernetes_executor_config.py took 0.041 seconds
[2024-04-23 19:17:08,046] {scheduler_job.py:182} INFO - Started process (PID=391) to work on /home/airflow/.local/lib/python3.6/site-packages/airflow/example_dags/example_kubernetes_executor_config.py
[2024-04-23 19:17:08,047] {scheduler_job.py:629} INFO - Processing file /home/airflow/.local/lib/python3.6/site-packages/airflow/example_dags/example_kubernetes_executor_config.py for tasks to queue
[2024-04-23 19:17:08,047] {logging_mixin.py:104} INFO - [2024-04-23 19:17:08,047] {dagbag.py:451} INFO - Filling up the DagBag from /home/airflow/.local/lib/python3.6/site-packages/airflow/example_dags/example_kubernetes_executor_config.py
[2024-04-23 19:17:08,057] {scheduler_job.py:639} INFO - DAG(s) dict_keys(['example_kubernetes_executor_config']) retrieved from /home/airflow/.local/lib/python3.6/site-packages/airflow/example_dags/example_kubernetes_executor_config.py
[2024-04-23 19:17:08,070] {logging_mixin.py:104} INFO - [2024-04-23 19:17:08,070] {dag.py:1824} INFO - Sync 1 DAGs
[2024-04-23 19:17:08,077] {logging_mixin.py:104} INFO - [2024-04-23 19:17:08,077] {dag.py:2280} INFO - Setting next_dagrun for example_kubernetes_executor_config to None
[2024-04-23 19:17:08,084] {scheduler_job.py:190} INFO - Processing /home/airflow/.local/lib/python3.6/site-packages/airflow/example_dags/example_kubernetes_executor_config.py took 0.040 seconds
[2024-04-23 19:17:38,818] {scheduler_job.py:182} INFO - Started process (PID=417) to work on /home/airflow/.local/lib/python3.6/site-packages/airflow/example_dags/example_kubernetes_executor_config.py
[2024-04-23 19:17:38,821] {scheduler_job.py:629} INFO - Processing file /home/airflow/.local/lib/python3.6/site-packages/airflow/example_dags/example_kubernetes_executor_config.py for tasks to queue
[2024-04-23 19:17:38,821] {logging_mixin.py:104} INFO - [2024-04-23 19:17:38,821] {dagbag.py:451} INFO - Filling up the DagBag from /home/airflow/.local/lib/python3.6/site-packages/airflow/example_dags/example_kubernetes_executor_config.py
[2024-04-23 19:17:38,829] {scheduler_job.py:639} INFO - DAG(s) dict_keys(['example_kubernetes_executor_config']) retrieved from /home/airflow/.local/lib/python3.6/site-packages/airflow/example_dags/example_kubernetes_executor_config.py
[2024-04-23 19:17:38,842] {logging_mixin.py:104} INFO - [2024-04-23 19:17:38,842] {dag.py:1824} INFO - Sync 1 DAGs
[2024-04-23 19:17:38,849] {logging_mixin.py:104} INFO - [2024-04-23 19:17:38,849] {dag.py:2280} INFO - Setting next_dagrun for example_kubernetes_executor_config to None
[2024-04-23 19:17:38,855] {scheduler_job.py:190} INFO - Processing /home/airflow/.local/lib/python3.6/site-packages/airflow/example_dags/example_kubernetes_executor_config.py took 0.039 seconds
[2024-04-23 19:18:09,610] {scheduler_job.py:182} INFO - Started process (PID=443) to work on /home/airflow/.local/lib/python3.6/site-packages/airflow/example_dags/example_kubernetes_executor_config.py
[2024-04-23 19:18:09,611] {scheduler_job.py:629} INFO - Processing file /home/airflow/.local/lib/python3.6/site-packages/airflow/example_dags/example_kubernetes_executor_config.py for tasks to queue
[2024-04-23 19:18:09,611] {logging_mixin.py:104} INFO - [2024-04-23 19:18:09,611] {dagbag.py:451} INFO - Filling up the DagBag from /home/airflow/.local/lib/python3.6/site-packages/airflow/example_dags/example_kubernetes_executor_config.py
[2024-04-23 19:18:09,619] {scheduler_job.py:639} INFO - DAG(s) dict_keys(['example_kubernetes_executor_config']) retrieved from /home/airflow/.local/lib/python3.6/site-packages/airflow/example_dags/example_kubernetes_executor_config.py
[2024-04-23 19:18:09,632] {logging_mixin.py:104} INFO - [2024-04-23 19:18:09,632] {dag.py:1824} INFO - Sync 1 DAGs
[2024-04-23 19:18:09,640] {logging_mixin.py:104} INFO - [2024-04-23 19:18:09,640] {dag.py:2280} INFO - Setting next_dagrun for example_kubernetes_executor_config to None
[2024-04-23 19:18:09,646] {scheduler_job.py:190} INFO - Processing /home/airflow/.local/lib/python3.6/site-packages/airflow/example_dags/example_kubernetes_executor_config.py took 0.038 seconds
[2024-04-23 19:18:40,346] {scheduler_job.py:182} INFO - Started process (PID=469) to work on /home/airflow/.local/lib/python3.6/site-packages/airflow/example_dags/example_kubernetes_executor_config.py
[2024-04-23 19:18:40,347] {scheduler_job.py:629} INFO - Processing file /home/airflow/.local/lib/python3.6/site-packages/airflow/example_dags/example_kubernetes_executor_config.py for tasks to queue
[2024-04-23 19:18:40,347] {logging_mixin.py:104} INFO - [2024-04-23 19:18:40,347] {dagbag.py:451} INFO - Filling up the DagBag from /home/airflow/.local/lib/python3.6/site-packages/airflow/example_dags/example_kubernetes_executor_config.py
[2024-04-23 19:18:40,355] {scheduler_job.py:639} INFO - DAG(s) dict_keys(['example_kubernetes_executor_config']) retrieved from /home/airflow/.local/lib/python3.6/site-packages/airflow/example_dags/example_kubernetes_executor_config.py
[2024-04-23 19:18:40,369] {logging_mixin.py:104} INFO - [2024-04-23 19:18:40,369] {dag.py:1824} INFO - Sync 1 DAGs
[2024-04-23 19:18:40,377] {logging_mixin.py:104} INFO - [2024-04-23 19:18:40,377] {dag.py:2280} INFO - Setting next_dagrun for example_kubernetes_executor_config to None
[2024-04-23 19:18:40,383] {scheduler_job.py:190} INFO - Processing /home/airflow/.local/lib/python3.6/site-packages/airflow/example_dags/example_kubernetes_executor_config.py took 0.039 seconds
