[2024-04-23 19:10:28,100] {scheduler_job.py:182} INFO - Started process (PID=54) to work on /home/airflow/.local/lib/python3.6/site-packages/airflow/example_dags/example_task_group.py
[2024-04-23 19:10:28,101] {scheduler_job.py:629} INFO - Processing file /home/airflow/.local/lib/python3.6/site-packages/airflow/example_dags/example_task_group.py for tasks to queue
[2024-04-23 19:10:28,101] {logging_mixin.py:104} INFO - [2024-04-23 19:10:28,101] {dagbag.py:451} INFO - Filling up the DagBag from /home/airflow/.local/lib/python3.6/site-packages/airflow/example_dags/example_task_group.py
[2024-04-23 19:10:28,109] {scheduler_job.py:639} INFO - DAG(s) dict_keys(['example_task_group']) retrieved from /home/airflow/.local/lib/python3.6/site-packages/airflow/example_dags/example_task_group.py
[2024-04-23 19:10:28,123] {logging_mixin.py:104} INFO - [2024-04-23 19:10:28,123] {dag.py:1824} INFO - Sync 1 DAGs
[2024-04-23 19:10:28,131] {logging_mixin.py:104} INFO - [2024-04-23 19:10:28,131] {dag.py:1843} INFO - Creating ORM DAG for example_task_group
[2024-04-23 19:10:28,135] {logging_mixin.py:104} INFO - [2024-04-23 19:10:28,135] {dag.py:2280} INFO - Setting next_dagrun for example_task_group to 2024-04-21 00:00:00+00:00
[2024-04-23 19:10:28,143] {scheduler_job.py:190} INFO - Processing /home/airflow/.local/lib/python3.6/site-packages/airflow/example_dags/example_task_group.py took 0.045 seconds
[2024-04-23 19:10:58,923] {scheduler_job.py:182} INFO - Started process (PID=80) to work on /home/airflow/.local/lib/python3.6/site-packages/airflow/example_dags/example_task_group.py
[2024-04-23 19:10:58,923] {scheduler_job.py:629} INFO - Processing file /home/airflow/.local/lib/python3.6/site-packages/airflow/example_dags/example_task_group.py for tasks to queue
[2024-04-23 19:10:58,924] {logging_mixin.py:104} INFO - [2024-04-23 19:10:58,924] {dagbag.py:451} INFO - Filling up the DagBag from /home/airflow/.local/lib/python3.6/site-packages/airflow/example_dags/example_task_group.py
[2024-04-23 19:10:58,931] {scheduler_job.py:639} INFO - DAG(s) dict_keys(['example_task_group']) retrieved from /home/airflow/.local/lib/python3.6/site-packages/airflow/example_dags/example_task_group.py
[2024-04-23 19:10:58,943] {logging_mixin.py:104} INFO - [2024-04-23 19:10:58,942] {dag.py:1824} INFO - Sync 1 DAGs
[2024-04-23 19:10:58,952] {logging_mixin.py:104} INFO - [2024-04-23 19:10:58,952] {dag.py:2280} INFO - Setting next_dagrun for example_task_group to 2024-04-21 00:00:00+00:00
[2024-04-23 19:10:58,958] {scheduler_job.py:190} INFO - Processing /home/airflow/.local/lib/python3.6/site-packages/airflow/example_dags/example_task_group.py took 0.037 seconds
[2024-04-23 19:11:29,656] {scheduler_job.py:182} INFO - Started process (PID=106) to work on /home/airflow/.local/lib/python3.6/site-packages/airflow/example_dags/example_task_group.py
[2024-04-23 19:11:29,657] {scheduler_job.py:629} INFO - Processing file /home/airflow/.local/lib/python3.6/site-packages/airflow/example_dags/example_task_group.py for tasks to queue
[2024-04-23 19:11:29,657] {logging_mixin.py:104} INFO - [2024-04-23 19:11:29,657] {dagbag.py:451} INFO - Filling up the DagBag from /home/airflow/.local/lib/python3.6/site-packages/airflow/example_dags/example_task_group.py
[2024-04-23 19:11:29,664] {scheduler_job.py:639} INFO - DAG(s) dict_keys(['example_task_group']) retrieved from /home/airflow/.local/lib/python3.6/site-packages/airflow/example_dags/example_task_group.py
[2024-04-23 19:11:29,677] {logging_mixin.py:104} INFO - [2024-04-23 19:11:29,677] {dag.py:1824} INFO - Sync 1 DAGs
[2024-04-23 19:11:29,686] {logging_mixin.py:104} INFO - [2024-04-23 19:11:29,686] {dag.py:2280} INFO - Setting next_dagrun for example_task_group to 2024-04-21 00:00:00+00:00
[2024-04-23 19:11:29,691] {scheduler_job.py:190} INFO - Processing /home/airflow/.local/lib/python3.6/site-packages/airflow/example_dags/example_task_group.py took 0.037 seconds
[2024-04-23 19:12:00,390] {scheduler_job.py:182} INFO - Started process (PID=132) to work on /home/airflow/.local/lib/python3.6/site-packages/airflow/example_dags/example_task_group.py
[2024-04-23 19:12:00,391] {scheduler_job.py:629} INFO - Processing file /home/airflow/.local/lib/python3.6/site-packages/airflow/example_dags/example_task_group.py for tasks to queue
[2024-04-23 19:12:00,391] {logging_mixin.py:104} INFO - [2024-04-23 19:12:00,391] {dagbag.py:451} INFO - Filling up the DagBag from /home/airflow/.local/lib/python3.6/site-packages/airflow/example_dags/example_task_group.py
[2024-04-23 19:12:00,398] {scheduler_job.py:639} INFO - DAG(s) dict_keys(['example_task_group']) retrieved from /home/airflow/.local/lib/python3.6/site-packages/airflow/example_dags/example_task_group.py
[2024-04-23 19:12:00,411] {logging_mixin.py:104} INFO - [2024-04-23 19:12:00,411] {dag.py:1824} INFO - Sync 1 DAGs
[2024-04-23 19:12:00,421] {logging_mixin.py:104} INFO - [2024-04-23 19:12:00,421] {dag.py:2280} INFO - Setting next_dagrun for example_task_group to 2024-04-21 00:00:00+00:00
[2024-04-23 19:12:00,427] {scheduler_job.py:190} INFO - Processing /home/airflow/.local/lib/python3.6/site-packages/airflow/example_dags/example_task_group.py took 0.038 seconds
[2024-04-23 19:12:31,104] {scheduler_job.py:182} INFO - Started process (PID=158) to work on /home/airflow/.local/lib/python3.6/site-packages/airflow/example_dags/example_task_group.py
[2024-04-23 19:12:31,104] {scheduler_job.py:629} INFO - Processing file /home/airflow/.local/lib/python3.6/site-packages/airflow/example_dags/example_task_group.py for tasks to queue
[2024-04-23 19:12:31,105] {logging_mixin.py:104} INFO - [2024-04-23 19:12:31,105] {dagbag.py:451} INFO - Filling up the DagBag from /home/airflow/.local/lib/python3.6/site-packages/airflow/example_dags/example_task_group.py
[2024-04-23 19:12:31,111] {scheduler_job.py:639} INFO - DAG(s) dict_keys(['example_task_group']) retrieved from /home/airflow/.local/lib/python3.6/site-packages/airflow/example_dags/example_task_group.py
[2024-04-23 19:12:31,123] {logging_mixin.py:104} INFO - [2024-04-23 19:12:31,123] {dag.py:1824} INFO - Sync 1 DAGs
[2024-04-23 19:12:31,132] {logging_mixin.py:104} INFO - [2024-04-23 19:12:31,132] {dag.py:2280} INFO - Setting next_dagrun for example_task_group to 2024-04-21 00:00:00+00:00
[2024-04-23 19:12:31,138] {scheduler_job.py:190} INFO - Processing /home/airflow/.local/lib/python3.6/site-packages/airflow/example_dags/example_task_group.py took 0.036 seconds
[2024-04-23 19:13:01,863] {scheduler_job.py:182} INFO - Started process (PID=184) to work on /home/airflow/.local/lib/python3.6/site-packages/airflow/example_dags/example_task_group.py
[2024-04-23 19:13:01,864] {scheduler_job.py:629} INFO - Processing file /home/airflow/.local/lib/python3.6/site-packages/airflow/example_dags/example_task_group.py for tasks to queue
[2024-04-23 19:13:01,864] {logging_mixin.py:104} INFO - [2024-04-23 19:13:01,864] {dagbag.py:451} INFO - Filling up the DagBag from /home/airflow/.local/lib/python3.6/site-packages/airflow/example_dags/example_task_group.py
[2024-04-23 19:13:01,870] {scheduler_job.py:639} INFO - DAG(s) dict_keys(['example_task_group']) retrieved from /home/airflow/.local/lib/python3.6/site-packages/airflow/example_dags/example_task_group.py
[2024-04-23 19:13:01,883] {logging_mixin.py:104} INFO - [2024-04-23 19:13:01,883] {dag.py:1824} INFO - Sync 1 DAGs
[2024-04-23 19:13:01,892] {logging_mixin.py:104} INFO - [2024-04-23 19:13:01,892] {dag.py:2280} INFO - Setting next_dagrun for example_task_group to 2024-04-21 00:00:00+00:00
[2024-04-23 19:13:01,898] {scheduler_job.py:190} INFO - Processing /home/airflow/.local/lib/python3.6/site-packages/airflow/example_dags/example_task_group.py took 0.037 seconds
[2024-04-23 19:13:32,635] {scheduler_job.py:182} INFO - Started process (PID=210) to work on /home/airflow/.local/lib/python3.6/site-packages/airflow/example_dags/example_task_group.py
[2024-04-23 19:13:32,635] {scheduler_job.py:629} INFO - Processing file /home/airflow/.local/lib/python3.6/site-packages/airflow/example_dags/example_task_group.py for tasks to queue
[2024-04-23 19:13:32,635] {logging_mixin.py:104} INFO - [2024-04-23 19:13:32,635] {dagbag.py:451} INFO - Filling up the DagBag from /home/airflow/.local/lib/python3.6/site-packages/airflow/example_dags/example_task_group.py
[2024-04-23 19:13:32,643] {scheduler_job.py:639} INFO - DAG(s) dict_keys(['example_task_group']) retrieved from /home/airflow/.local/lib/python3.6/site-packages/airflow/example_dags/example_task_group.py
[2024-04-23 19:13:32,658] {logging_mixin.py:104} INFO - [2024-04-23 19:13:32,658] {dag.py:1824} INFO - Sync 1 DAGs
[2024-04-23 19:13:32,667] {logging_mixin.py:104} INFO - [2024-04-23 19:13:32,666] {dag.py:2280} INFO - Setting next_dagrun for example_task_group to 2024-04-21 00:00:00+00:00
[2024-04-23 19:13:32,674] {scheduler_job.py:190} INFO - Processing /home/airflow/.local/lib/python3.6/site-packages/airflow/example_dags/example_task_group.py took 0.041 seconds
[2024-04-23 19:14:03,372] {scheduler_job.py:182} INFO - Started process (PID=236) to work on /home/airflow/.local/lib/python3.6/site-packages/airflow/example_dags/example_task_group.py
[2024-04-23 19:14:03,372] {scheduler_job.py:629} INFO - Processing file /home/airflow/.local/lib/python3.6/site-packages/airflow/example_dags/example_task_group.py for tasks to queue
[2024-04-23 19:14:03,373] {logging_mixin.py:104} INFO - [2024-04-23 19:14:03,373] {dagbag.py:451} INFO - Filling up the DagBag from /home/airflow/.local/lib/python3.6/site-packages/airflow/example_dags/example_task_group.py
[2024-04-23 19:14:03,380] {scheduler_job.py:639} INFO - DAG(s) dict_keys(['example_task_group']) retrieved from /home/airflow/.local/lib/python3.6/site-packages/airflow/example_dags/example_task_group.py
[2024-04-23 19:14:03,393] {logging_mixin.py:104} INFO - [2024-04-23 19:14:03,393] {dag.py:1824} INFO - Sync 1 DAGs
[2024-04-23 19:14:03,401] {logging_mixin.py:104} INFO - [2024-04-23 19:14:03,401] {dag.py:2280} INFO - Setting next_dagrun for example_task_group to 2024-04-21 00:00:00+00:00
[2024-04-23 19:14:03,406] {scheduler_job.py:190} INFO - Processing /home/airflow/.local/lib/python3.6/site-packages/airflow/example_dags/example_task_group.py took 0.035 seconds
[2024-04-23 19:14:34,136] {scheduler_job.py:182} INFO - Started process (PID=262) to work on /home/airflow/.local/lib/python3.6/site-packages/airflow/example_dags/example_task_group.py
[2024-04-23 19:14:34,137] {scheduler_job.py:629} INFO - Processing file /home/airflow/.local/lib/python3.6/site-packages/airflow/example_dags/example_task_group.py for tasks to queue
[2024-04-23 19:14:34,137] {logging_mixin.py:104} INFO - [2024-04-23 19:14:34,137] {dagbag.py:451} INFO - Filling up the DagBag from /home/airflow/.local/lib/python3.6/site-packages/airflow/example_dags/example_task_group.py
[2024-04-23 19:14:34,145] {scheduler_job.py:639} INFO - DAG(s) dict_keys(['example_task_group']) retrieved from /home/airflow/.local/lib/python3.6/site-packages/airflow/example_dags/example_task_group.py
[2024-04-23 19:14:34,161] {logging_mixin.py:104} INFO - [2024-04-23 19:14:34,161] {dag.py:1824} INFO - Sync 1 DAGs
[2024-04-23 19:14:34,168] {logging_mixin.py:104} INFO - [2024-04-23 19:14:34,168] {dag.py:2280} INFO - Setting next_dagrun for example_task_group to 2024-04-21 00:00:00+00:00
[2024-04-23 19:14:34,173] {scheduler_job.py:190} INFO - Processing /home/airflow/.local/lib/python3.6/site-packages/airflow/example_dags/example_task_group.py took 0.039 seconds
[2024-04-23 19:15:04,904] {scheduler_job.py:182} INFO - Started process (PID=288) to work on /home/airflow/.local/lib/python3.6/site-packages/airflow/example_dags/example_task_group.py
[2024-04-23 19:15:04,904] {scheduler_job.py:629} INFO - Processing file /home/airflow/.local/lib/python3.6/site-packages/airflow/example_dags/example_task_group.py for tasks to queue
[2024-04-23 19:15:04,905] {logging_mixin.py:104} INFO - [2024-04-23 19:15:04,905] {dagbag.py:451} INFO - Filling up the DagBag from /home/airflow/.local/lib/python3.6/site-packages/airflow/example_dags/example_task_group.py
[2024-04-23 19:15:04,914] {scheduler_job.py:639} INFO - DAG(s) dict_keys(['example_task_group']) retrieved from /home/airflow/.local/lib/python3.6/site-packages/airflow/example_dags/example_task_group.py
[2024-04-23 19:15:04,929] {logging_mixin.py:104} INFO - [2024-04-23 19:15:04,929] {dag.py:1824} INFO - Sync 1 DAGs
[2024-04-23 19:15:04,938] {logging_mixin.py:104} INFO - [2024-04-23 19:15:04,938] {dag.py:2280} INFO - Setting next_dagrun for example_task_group to 2024-04-21 00:00:00+00:00
[2024-04-23 19:15:04,944] {scheduler_job.py:190} INFO - Processing /home/airflow/.local/lib/python3.6/site-packages/airflow/example_dags/example_task_group.py took 0.043 seconds
[2024-04-23 19:15:35,704] {scheduler_job.py:182} INFO - Started process (PID=314) to work on /home/airflow/.local/lib/python3.6/site-packages/airflow/example_dags/example_task_group.py
[2024-04-23 19:15:35,705] {scheduler_job.py:629} INFO - Processing file /home/airflow/.local/lib/python3.6/site-packages/airflow/example_dags/example_task_group.py for tasks to queue
[2024-04-23 19:15:35,705] {logging_mixin.py:104} INFO - [2024-04-23 19:15:35,705] {dagbag.py:451} INFO - Filling up the DagBag from /home/airflow/.local/lib/python3.6/site-packages/airflow/example_dags/example_task_group.py
[2024-04-23 19:15:35,715] {scheduler_job.py:639} INFO - DAG(s) dict_keys(['example_task_group']) retrieved from /home/airflow/.local/lib/python3.6/site-packages/airflow/example_dags/example_task_group.py
[2024-04-23 19:15:35,729] {logging_mixin.py:104} INFO - [2024-04-23 19:15:35,729] {dag.py:1824} INFO - Sync 1 DAGs
[2024-04-23 19:15:35,737] {logging_mixin.py:104} INFO - [2024-04-23 19:15:35,737] {dag.py:2280} INFO - Setting next_dagrun for example_task_group to 2024-04-21 00:00:00+00:00
[2024-04-23 19:15:35,741] {scheduler_job.py:190} INFO - Processing /home/airflow/.local/lib/python3.6/site-packages/airflow/example_dags/example_task_group.py took 0.039 seconds
[2024-04-23 19:16:06,457] {scheduler_job.py:182} INFO - Started process (PID=340) to work on /home/airflow/.local/lib/python3.6/site-packages/airflow/example_dags/example_task_group.py
[2024-04-23 19:16:06,458] {scheduler_job.py:629} INFO - Processing file /home/airflow/.local/lib/python3.6/site-packages/airflow/example_dags/example_task_group.py for tasks to queue
[2024-04-23 19:16:06,458] {logging_mixin.py:104} INFO - [2024-04-23 19:16:06,458] {dagbag.py:451} INFO - Filling up the DagBag from /home/airflow/.local/lib/python3.6/site-packages/airflow/example_dags/example_task_group.py
[2024-04-23 19:16:06,468] {scheduler_job.py:639} INFO - DAG(s) dict_keys(['example_task_group']) retrieved from /home/airflow/.local/lib/python3.6/site-packages/airflow/example_dags/example_task_group.py
[2024-04-23 19:16:06,480] {logging_mixin.py:104} INFO - [2024-04-23 19:16:06,480] {dag.py:1824} INFO - Sync 1 DAGs
[2024-04-23 19:16:06,488] {logging_mixin.py:104} INFO - [2024-04-23 19:16:06,488] {dag.py:2280} INFO - Setting next_dagrun for example_task_group to 2024-04-21 00:00:00+00:00
[2024-04-23 19:16:06,495] {scheduler_job.py:190} INFO - Processing /home/airflow/.local/lib/python3.6/site-packages/airflow/example_dags/example_task_group.py took 0.040 seconds
[2024-04-23 19:16:37,293] {scheduler_job.py:182} INFO - Started process (PID=366) to work on /home/airflow/.local/lib/python3.6/site-packages/airflow/example_dags/example_task_group.py
[2024-04-23 19:16:37,293] {scheduler_job.py:629} INFO - Processing file /home/airflow/.local/lib/python3.6/site-packages/airflow/example_dags/example_task_group.py for tasks to queue
[2024-04-23 19:16:37,294] {logging_mixin.py:104} INFO - [2024-04-23 19:16:37,294] {dagbag.py:451} INFO - Filling up the DagBag from /home/airflow/.local/lib/python3.6/site-packages/airflow/example_dags/example_task_group.py
[2024-04-23 19:16:37,304] {scheduler_job.py:639} INFO - DAG(s) dict_keys(['example_task_group']) retrieved from /home/airflow/.local/lib/python3.6/site-packages/airflow/example_dags/example_task_group.py
[2024-04-23 19:16:37,316] {logging_mixin.py:104} INFO - [2024-04-23 19:16:37,316] {dag.py:1824} INFO - Sync 1 DAGs
[2024-04-23 19:16:37,324] {logging_mixin.py:104} INFO - [2024-04-23 19:16:37,324] {dag.py:2280} INFO - Setting next_dagrun for example_task_group to 2024-04-21 00:00:00+00:00
[2024-04-23 19:16:37,331] {scheduler_job.py:190} INFO - Processing /home/airflow/.local/lib/python3.6/site-packages/airflow/example_dags/example_task_group.py took 0.040 seconds
[2024-04-23 19:17:08,050] {scheduler_job.py:182} INFO - Started process (PID=392) to work on /home/airflow/.local/lib/python3.6/site-packages/airflow/example_dags/example_task_group.py
[2024-04-23 19:17:08,050] {scheduler_job.py:629} INFO - Processing file /home/airflow/.local/lib/python3.6/site-packages/airflow/example_dags/example_task_group.py for tasks to queue
[2024-04-23 19:17:08,050] {logging_mixin.py:104} INFO - [2024-04-23 19:17:08,050] {dagbag.py:451} INFO - Filling up the DagBag from /home/airflow/.local/lib/python3.6/site-packages/airflow/example_dags/example_task_group.py
[2024-04-23 19:17:08,058] {scheduler_job.py:639} INFO - DAG(s) dict_keys(['example_task_group']) retrieved from /home/airflow/.local/lib/python3.6/site-packages/airflow/example_dags/example_task_group.py
[2024-04-23 19:17:08,070] {logging_mixin.py:104} INFO - [2024-04-23 19:17:08,070] {dag.py:1824} INFO - Sync 1 DAGs
[2024-04-23 19:17:08,077] {logging_mixin.py:104} INFO - [2024-04-23 19:17:08,077] {dag.py:2280} INFO - Setting next_dagrun for example_task_group to 2024-04-21 00:00:00+00:00
[2024-04-23 19:17:08,084] {scheduler_job.py:190} INFO - Processing /home/airflow/.local/lib/python3.6/site-packages/airflow/example_dags/example_task_group.py took 0.036 seconds
[2024-04-23 19:17:38,821] {scheduler_job.py:182} INFO - Started process (PID=418) to work on /home/airflow/.local/lib/python3.6/site-packages/airflow/example_dags/example_task_group.py
[2024-04-23 19:17:38,824] {scheduler_job.py:629} INFO - Processing file /home/airflow/.local/lib/python3.6/site-packages/airflow/example_dags/example_task_group.py for tasks to queue
[2024-04-23 19:17:38,824] {logging_mixin.py:104} INFO - [2024-04-23 19:17:38,824] {dagbag.py:451} INFO - Filling up the DagBag from /home/airflow/.local/lib/python3.6/site-packages/airflow/example_dags/example_task_group.py
[2024-04-23 19:17:38,831] {scheduler_job.py:639} INFO - DAG(s) dict_keys(['example_task_group']) retrieved from /home/airflow/.local/lib/python3.6/site-packages/airflow/example_dags/example_task_group.py
[2024-04-23 19:17:38,841] {logging_mixin.py:104} INFO - [2024-04-23 19:17:38,841] {dag.py:1824} INFO - Sync 1 DAGs
[2024-04-23 19:17:38,849] {logging_mixin.py:104} INFO - [2024-04-23 19:17:38,849] {dag.py:2280} INFO - Setting next_dagrun for example_task_group to 2024-04-21 00:00:00+00:00
[2024-04-23 19:17:38,855] {scheduler_job.py:190} INFO - Processing /home/airflow/.local/lib/python3.6/site-packages/airflow/example_dags/example_task_group.py took 0.036 seconds
[2024-04-23 19:18:09,613] {scheduler_job.py:182} INFO - Started process (PID=444) to work on /home/airflow/.local/lib/python3.6/site-packages/airflow/example_dags/example_task_group.py
[2024-04-23 19:18:09,614] {scheduler_job.py:629} INFO - Processing file /home/airflow/.local/lib/python3.6/site-packages/airflow/example_dags/example_task_group.py for tasks to queue
[2024-04-23 19:18:09,614] {logging_mixin.py:104} INFO - [2024-04-23 19:18:09,614] {dagbag.py:451} INFO - Filling up the DagBag from /home/airflow/.local/lib/python3.6/site-packages/airflow/example_dags/example_task_group.py
[2024-04-23 19:18:09,621] {scheduler_job.py:639} INFO - DAG(s) dict_keys(['example_task_group']) retrieved from /home/airflow/.local/lib/python3.6/site-packages/airflow/example_dags/example_task_group.py
[2024-04-23 19:18:09,632] {logging_mixin.py:104} INFO - [2024-04-23 19:18:09,632] {dag.py:1824} INFO - Sync 1 DAGs
[2024-04-23 19:18:09,640] {logging_mixin.py:104} INFO - [2024-04-23 19:18:09,640] {dag.py:2280} INFO - Setting next_dagrun for example_task_group to 2024-04-21 00:00:00+00:00
[2024-04-23 19:18:09,646] {scheduler_job.py:190} INFO - Processing /home/airflow/.local/lib/python3.6/site-packages/airflow/example_dags/example_task_group.py took 0.035 seconds
[2024-04-23 19:18:40,349] {scheduler_job.py:182} INFO - Started process (PID=470) to work on /home/airflow/.local/lib/python3.6/site-packages/airflow/example_dags/example_task_group.py
[2024-04-23 19:18:40,350] {scheduler_job.py:629} INFO - Processing file /home/airflow/.local/lib/python3.6/site-packages/airflow/example_dags/example_task_group.py for tasks to queue
[2024-04-23 19:18:40,350] {logging_mixin.py:104} INFO - [2024-04-23 19:18:40,350] {dagbag.py:451} INFO - Filling up the DagBag from /home/airflow/.local/lib/python3.6/site-packages/airflow/example_dags/example_task_group.py
[2024-04-23 19:18:40,357] {scheduler_job.py:639} INFO - DAG(s) dict_keys(['example_task_group']) retrieved from /home/airflow/.local/lib/python3.6/site-packages/airflow/example_dags/example_task_group.py
[2024-04-23 19:18:40,369] {logging_mixin.py:104} INFO - [2024-04-23 19:18:40,369] {dag.py:1824} INFO - Sync 1 DAGs
[2024-04-23 19:18:40,377] {logging_mixin.py:104} INFO - [2024-04-23 19:18:40,377] {dag.py:2280} INFO - Setting next_dagrun for example_task_group to 2024-04-21 00:00:00+00:00
[2024-04-23 19:18:40,383] {scheduler_job.py:190} INFO - Processing /home/airflow/.local/lib/python3.6/site-packages/airflow/example_dags/example_task_group.py took 0.036 seconds
