[2024-04-23 19:10:28,395] {scheduler_job.py:182} INFO - Started process (PID=63) to work on /home/airflow/.local/lib/python3.6/site-packages/airflow/example_dags/example_branch_python_dop_operator_3.py
[2024-04-23 19:10:28,395] {scheduler_job.py:629} INFO - Processing file /home/airflow/.local/lib/python3.6/site-packages/airflow/example_dags/example_branch_python_dop_operator_3.py for tasks to queue
[2024-04-23 19:10:28,396] {logging_mixin.py:104} INFO - [2024-04-23 19:10:28,396] {dagbag.py:451} INFO - Filling up the DagBag from /home/airflow/.local/lib/python3.6/site-packages/airflow/example_dags/example_branch_python_dop_operator_3.py
[2024-04-23 19:10:28,405] {scheduler_job.py:639} INFO - DAG(s) dict_keys(['example_branch_dop_operator_v3']) retrieved from /home/airflow/.local/lib/python3.6/site-packages/airflow/example_dags/example_branch_python_dop_operator_3.py
[2024-04-23 19:10:28,420] {logging_mixin.py:104} INFO - [2024-04-23 19:10:28,420] {dag.py:1824} INFO - Sync 1 DAGs
[2024-04-23 19:10:28,429] {logging_mixin.py:104} INFO - [2024-04-23 19:10:28,429] {dag.py:1843} INFO - Creating ORM DAG for example_branch_dop_operator_v3
[2024-04-23 19:10:28,445] {logging_mixin.py:104} INFO - [2024-04-23 19:10:28,445] {dag.py:2280} INFO - Setting next_dagrun for example_branch_dop_operator_v3 to 2024-04-21 00:00:00+00:00
[2024-04-23 19:10:28,459] {scheduler_job.py:190} INFO - Processing /home/airflow/.local/lib/python3.6/site-packages/airflow/example_dags/example_branch_python_dop_operator_3.py took 0.067 seconds
[2024-04-23 19:10:59,135] {scheduler_job.py:182} INFO - Started process (PID=89) to work on /home/airflow/.local/lib/python3.6/site-packages/airflow/example_dags/example_branch_python_dop_operator_3.py
[2024-04-23 19:10:59,135] {scheduler_job.py:629} INFO - Processing file /home/airflow/.local/lib/python3.6/site-packages/airflow/example_dags/example_branch_python_dop_operator_3.py for tasks to queue
[2024-04-23 19:10:59,136] {logging_mixin.py:104} INFO - [2024-04-23 19:10:59,136] {dagbag.py:451} INFO - Filling up the DagBag from /home/airflow/.local/lib/python3.6/site-packages/airflow/example_dags/example_branch_python_dop_operator_3.py
[2024-04-23 19:10:59,144] {scheduler_job.py:639} INFO - DAG(s) dict_keys(['example_branch_dop_operator_v3']) retrieved from /home/airflow/.local/lib/python3.6/site-packages/airflow/example_dags/example_branch_python_dop_operator_3.py
[2024-04-23 19:10:59,156] {logging_mixin.py:104} INFO - [2024-04-23 19:10:59,155] {dag.py:1824} INFO - Sync 1 DAGs
[2024-04-23 19:10:59,171] {logging_mixin.py:104} INFO - [2024-04-23 19:10:59,171] {dag.py:2280} INFO - Setting next_dagrun for example_branch_dop_operator_v3 to 2024-04-21 00:00:00+00:00
[2024-04-23 19:10:59,178] {scheduler_job.py:190} INFO - Processing /home/airflow/.local/lib/python3.6/site-packages/airflow/example_dags/example_branch_python_dop_operator_3.py took 0.045 seconds
[2024-04-23 19:11:29,878] {scheduler_job.py:182} INFO - Started process (PID=115) to work on /home/airflow/.local/lib/python3.6/site-packages/airflow/example_dags/example_branch_python_dop_operator_3.py
[2024-04-23 19:11:29,879] {scheduler_job.py:629} INFO - Processing file /home/airflow/.local/lib/python3.6/site-packages/airflow/example_dags/example_branch_python_dop_operator_3.py for tasks to queue
[2024-04-23 19:11:29,879] {logging_mixin.py:104} INFO - [2024-04-23 19:11:29,879] {dagbag.py:451} INFO - Filling up the DagBag from /home/airflow/.local/lib/python3.6/site-packages/airflow/example_dags/example_branch_python_dop_operator_3.py
[2024-04-23 19:11:29,888] {scheduler_job.py:639} INFO - DAG(s) dict_keys(['example_branch_dop_operator_v3']) retrieved from /home/airflow/.local/lib/python3.6/site-packages/airflow/example_dags/example_branch_python_dop_operator_3.py
[2024-04-23 19:11:29,899] {logging_mixin.py:104} INFO - [2024-04-23 19:11:29,899] {dag.py:1824} INFO - Sync 1 DAGs
[2024-04-23 19:11:29,916] {logging_mixin.py:104} INFO - [2024-04-23 19:11:29,916] {dag.py:2280} INFO - Setting next_dagrun for example_branch_dop_operator_v3 to 2024-04-21 00:00:00+00:00
[2024-04-23 19:11:29,924] {scheduler_job.py:190} INFO - Processing /home/airflow/.local/lib/python3.6/site-packages/airflow/example_dags/example_branch_python_dop_operator_3.py took 0.047 seconds
[2024-04-23 19:12:00,607] {scheduler_job.py:182} INFO - Started process (PID=141) to work on /home/airflow/.local/lib/python3.6/site-packages/airflow/example_dags/example_branch_python_dop_operator_3.py
[2024-04-23 19:12:00,607] {scheduler_job.py:629} INFO - Processing file /home/airflow/.local/lib/python3.6/site-packages/airflow/example_dags/example_branch_python_dop_operator_3.py for tasks to queue
[2024-04-23 19:12:00,608] {logging_mixin.py:104} INFO - [2024-04-23 19:12:00,608] {dagbag.py:451} INFO - Filling up the DagBag from /home/airflow/.local/lib/python3.6/site-packages/airflow/example_dags/example_branch_python_dop_operator_3.py
[2024-04-23 19:12:00,616] {scheduler_job.py:639} INFO - DAG(s) dict_keys(['example_branch_dop_operator_v3']) retrieved from /home/airflow/.local/lib/python3.6/site-packages/airflow/example_dags/example_branch_python_dop_operator_3.py
[2024-04-23 19:12:00,628] {logging_mixin.py:104} INFO - [2024-04-23 19:12:00,628] {dag.py:1824} INFO - Sync 1 DAGs
[2024-04-23 19:12:00,644] {logging_mixin.py:104} INFO - [2024-04-23 19:12:00,644] {dag.py:2280} INFO - Setting next_dagrun for example_branch_dop_operator_v3 to 2024-04-21 00:00:00+00:00
[2024-04-23 19:12:00,651] {scheduler_job.py:190} INFO - Processing /home/airflow/.local/lib/python3.6/site-packages/airflow/example_dags/example_branch_python_dop_operator_3.py took 0.047 seconds
[2024-04-23 19:12:31,397] {scheduler_job.py:182} INFO - Started process (PID=167) to work on /home/airflow/.local/lib/python3.6/site-packages/airflow/example_dags/example_branch_python_dop_operator_3.py
[2024-04-23 19:12:31,398] {scheduler_job.py:629} INFO - Processing file /home/airflow/.local/lib/python3.6/site-packages/airflow/example_dags/example_branch_python_dop_operator_3.py for tasks to queue
[2024-04-23 19:12:31,398] {logging_mixin.py:104} INFO - [2024-04-23 19:12:31,398] {dagbag.py:451} INFO - Filling up the DagBag from /home/airflow/.local/lib/python3.6/site-packages/airflow/example_dags/example_branch_python_dop_operator_3.py
[2024-04-23 19:12:31,407] {scheduler_job.py:639} INFO - DAG(s) dict_keys(['example_branch_dop_operator_v3']) retrieved from /home/airflow/.local/lib/python3.6/site-packages/airflow/example_dags/example_branch_python_dop_operator_3.py
[2024-04-23 19:12:31,419] {logging_mixin.py:104} INFO - [2024-04-23 19:12:31,419] {dag.py:1824} INFO - Sync 1 DAGs
[2024-04-23 19:12:31,436] {logging_mixin.py:104} INFO - [2024-04-23 19:12:31,436] {dag.py:2280} INFO - Setting next_dagrun for example_branch_dop_operator_v3 to 2024-04-21 00:00:00+00:00
[2024-04-23 19:12:31,441] {scheduler_job.py:190} INFO - Processing /home/airflow/.local/lib/python3.6/site-packages/airflow/example_dags/example_branch_python_dop_operator_3.py took 0.046 seconds
[2024-04-23 19:13:02,106] {scheduler_job.py:182} INFO - Started process (PID=193) to work on /home/airflow/.local/lib/python3.6/site-packages/airflow/example_dags/example_branch_python_dop_operator_3.py
[2024-04-23 19:13:02,107] {scheduler_job.py:629} INFO - Processing file /home/airflow/.local/lib/python3.6/site-packages/airflow/example_dags/example_branch_python_dop_operator_3.py for tasks to queue
[2024-04-23 19:13:02,108] {logging_mixin.py:104} INFO - [2024-04-23 19:13:02,108] {dagbag.py:451} INFO - Filling up the DagBag from /home/airflow/.local/lib/python3.6/site-packages/airflow/example_dags/example_branch_python_dop_operator_3.py
[2024-04-23 19:13:02,115] {scheduler_job.py:639} INFO - DAG(s) dict_keys(['example_branch_dop_operator_v3']) retrieved from /home/airflow/.local/lib/python3.6/site-packages/airflow/example_dags/example_branch_python_dop_operator_3.py
[2024-04-23 19:13:02,129] {logging_mixin.py:104} INFO - [2024-04-23 19:13:02,129] {dag.py:1824} INFO - Sync 1 DAGs
[2024-04-23 19:13:02,142] {logging_mixin.py:104} INFO - [2024-04-23 19:13:02,142] {dag.py:2280} INFO - Setting next_dagrun for example_branch_dop_operator_v3 to 2024-04-21 00:00:00+00:00
[2024-04-23 19:13:02,149] {scheduler_job.py:190} INFO - Processing /home/airflow/.local/lib/python3.6/site-packages/airflow/example_dags/example_branch_python_dop_operator_3.py took 0.044 seconds
[2024-04-23 19:13:32,908] {scheduler_job.py:182} INFO - Started process (PID=219) to work on /home/airflow/.local/lib/python3.6/site-packages/airflow/example_dags/example_branch_python_dop_operator_3.py
[2024-04-23 19:13:32,909] {scheduler_job.py:629} INFO - Processing file /home/airflow/.local/lib/python3.6/site-packages/airflow/example_dags/example_branch_python_dop_operator_3.py for tasks to queue
[2024-04-23 19:13:32,909] {logging_mixin.py:104} INFO - [2024-04-23 19:13:32,909] {dagbag.py:451} INFO - Filling up the DagBag from /home/airflow/.local/lib/python3.6/site-packages/airflow/example_dags/example_branch_python_dop_operator_3.py
[2024-04-23 19:13:32,917] {scheduler_job.py:639} INFO - DAG(s) dict_keys(['example_branch_dop_operator_v3']) retrieved from /home/airflow/.local/lib/python3.6/site-packages/airflow/example_dags/example_branch_python_dop_operator_3.py
[2024-04-23 19:13:32,933] {logging_mixin.py:104} INFO - [2024-04-23 19:13:32,932] {dag.py:1824} INFO - Sync 1 DAGs
[2024-04-23 19:13:32,947] {logging_mixin.py:104} INFO - [2024-04-23 19:13:32,947] {dag.py:2280} INFO - Setting next_dagrun for example_branch_dop_operator_v3 to 2024-04-21 00:00:00+00:00
[2024-04-23 19:13:32,953] {scheduler_job.py:190} INFO - Processing /home/airflow/.local/lib/python3.6/site-packages/airflow/example_dags/example_branch_python_dop_operator_3.py took 0.046 seconds
[2024-04-23 19:14:03,626] {scheduler_job.py:182} INFO - Started process (PID=245) to work on /home/airflow/.local/lib/python3.6/site-packages/airflow/example_dags/example_branch_python_dop_operator_3.py
[2024-04-23 19:14:03,627] {scheduler_job.py:629} INFO - Processing file /home/airflow/.local/lib/python3.6/site-packages/airflow/example_dags/example_branch_python_dop_operator_3.py for tasks to queue
[2024-04-23 19:14:03,627] {logging_mixin.py:104} INFO - [2024-04-23 19:14:03,627] {dagbag.py:451} INFO - Filling up the DagBag from /home/airflow/.local/lib/python3.6/site-packages/airflow/example_dags/example_branch_python_dop_operator_3.py
[2024-04-23 19:14:03,638] {scheduler_job.py:639} INFO - DAG(s) dict_keys(['example_branch_dop_operator_v3']) retrieved from /home/airflow/.local/lib/python3.6/site-packages/airflow/example_dags/example_branch_python_dop_operator_3.py
[2024-04-23 19:14:03,653] {logging_mixin.py:104} INFO - [2024-04-23 19:14:03,653] {dag.py:1824} INFO - Sync 1 DAGs
[2024-04-23 19:14:03,670] {logging_mixin.py:104} INFO - [2024-04-23 19:14:03,670] {dag.py:2280} INFO - Setting next_dagrun for example_branch_dop_operator_v3 to 2024-04-21 00:00:00+00:00
[2024-04-23 19:14:03,679] {scheduler_job.py:190} INFO - Processing /home/airflow/.local/lib/python3.6/site-packages/airflow/example_dags/example_branch_python_dop_operator_3.py took 0.054 seconds
[2024-04-23 19:14:34,407] {scheduler_job.py:182} INFO - Started process (PID=271) to work on /home/airflow/.local/lib/python3.6/site-packages/airflow/example_dags/example_branch_python_dop_operator_3.py
[2024-04-23 19:14:34,408] {scheduler_job.py:629} INFO - Processing file /home/airflow/.local/lib/python3.6/site-packages/airflow/example_dags/example_branch_python_dop_operator_3.py for tasks to queue
[2024-04-23 19:14:34,409] {logging_mixin.py:104} INFO - [2024-04-23 19:14:34,409] {dagbag.py:451} INFO - Filling up the DagBag from /home/airflow/.local/lib/python3.6/site-packages/airflow/example_dags/example_branch_python_dop_operator_3.py
[2024-04-23 19:14:34,417] {scheduler_job.py:639} INFO - DAG(s) dict_keys(['example_branch_dop_operator_v3']) retrieved from /home/airflow/.local/lib/python3.6/site-packages/airflow/example_dags/example_branch_python_dop_operator_3.py
[2024-04-23 19:14:34,432] {logging_mixin.py:104} INFO - [2024-04-23 19:14:34,432] {dag.py:1824} INFO - Sync 1 DAGs
[2024-04-23 19:14:34,448] {logging_mixin.py:104} INFO - [2024-04-23 19:14:34,448] {dag.py:2280} INFO - Setting next_dagrun for example_branch_dop_operator_v3 to 2024-04-21 00:00:00+00:00
[2024-04-23 19:14:34,455] {scheduler_job.py:190} INFO - Processing /home/airflow/.local/lib/python3.6/site-packages/airflow/example_dags/example_branch_python_dop_operator_3.py took 0.049 seconds
[2024-04-23 19:15:05,179] {scheduler_job.py:182} INFO - Started process (PID=297) to work on /home/airflow/.local/lib/python3.6/site-packages/airflow/example_dags/example_branch_python_dop_operator_3.py
[2024-04-23 19:15:05,179] {scheduler_job.py:629} INFO - Processing file /home/airflow/.local/lib/python3.6/site-packages/airflow/example_dags/example_branch_python_dop_operator_3.py for tasks to queue
[2024-04-23 19:15:05,179] {logging_mixin.py:104} INFO - [2024-04-23 19:15:05,179] {dagbag.py:451} INFO - Filling up the DagBag from /home/airflow/.local/lib/python3.6/site-packages/airflow/example_dags/example_branch_python_dop_operator_3.py
[2024-04-23 19:15:05,192] {scheduler_job.py:639} INFO - DAG(s) dict_keys(['example_branch_dop_operator_v3']) retrieved from /home/airflow/.local/lib/python3.6/site-packages/airflow/example_dags/example_branch_python_dop_operator_3.py
[2024-04-23 19:15:05,204] {logging_mixin.py:104} INFO - [2024-04-23 19:15:05,204] {dag.py:1824} INFO - Sync 1 DAGs
[2024-04-23 19:15:05,221] {logging_mixin.py:104} INFO - [2024-04-23 19:15:05,221] {dag.py:2280} INFO - Setting next_dagrun for example_branch_dop_operator_v3 to 2024-04-21 00:00:00+00:00
[2024-04-23 19:15:05,227] {scheduler_job.py:190} INFO - Processing /home/airflow/.local/lib/python3.6/site-packages/airflow/example_dags/example_branch_python_dop_operator_3.py took 0.050 seconds
[2024-04-23 19:15:35,973] {scheduler_job.py:182} INFO - Started process (PID=323) to work on /home/airflow/.local/lib/python3.6/site-packages/airflow/example_dags/example_branch_python_dop_operator_3.py
[2024-04-23 19:15:35,974] {scheduler_job.py:629} INFO - Processing file /home/airflow/.local/lib/python3.6/site-packages/airflow/example_dags/example_branch_python_dop_operator_3.py for tasks to queue
[2024-04-23 19:15:35,974] {logging_mixin.py:104} INFO - [2024-04-23 19:15:35,974] {dagbag.py:451} INFO - Filling up the DagBag from /home/airflow/.local/lib/python3.6/site-packages/airflow/example_dags/example_branch_python_dop_operator_3.py
[2024-04-23 19:15:35,986] {scheduler_job.py:639} INFO - DAG(s) dict_keys(['example_branch_dop_operator_v3']) retrieved from /home/airflow/.local/lib/python3.6/site-packages/airflow/example_dags/example_branch_python_dop_operator_3.py
[2024-04-23 19:15:35,999] {logging_mixin.py:104} INFO - [2024-04-23 19:15:35,999] {dag.py:1824} INFO - Sync 1 DAGs
[2024-04-23 19:15:36,013] {logging_mixin.py:104} INFO - [2024-04-23 19:15:36,013] {dag.py:2280} INFO - Setting next_dagrun for example_branch_dop_operator_v3 to 2024-04-21 00:00:00+00:00
[2024-04-23 19:15:36,019] {scheduler_job.py:190} INFO - Processing /home/airflow/.local/lib/python3.6/site-packages/airflow/example_dags/example_branch_python_dop_operator_3.py took 0.048 seconds
[2024-04-23 19:16:06,753] {scheduler_job.py:182} INFO - Started process (PID=349) to work on /home/airflow/.local/lib/python3.6/site-packages/airflow/example_dags/example_branch_python_dop_operator_3.py
[2024-04-23 19:16:06,754] {scheduler_job.py:629} INFO - Processing file /home/airflow/.local/lib/python3.6/site-packages/airflow/example_dags/example_branch_python_dop_operator_3.py for tasks to queue
[2024-04-23 19:16:06,754] {logging_mixin.py:104} INFO - [2024-04-23 19:16:06,754] {dagbag.py:451} INFO - Filling up the DagBag from /home/airflow/.local/lib/python3.6/site-packages/airflow/example_dags/example_branch_python_dop_operator_3.py
[2024-04-23 19:16:06,765] {scheduler_job.py:639} INFO - DAG(s) dict_keys(['example_branch_dop_operator_v3']) retrieved from /home/airflow/.local/lib/python3.6/site-packages/airflow/example_dags/example_branch_python_dop_operator_3.py
[2024-04-23 19:16:06,778] {logging_mixin.py:104} INFO - [2024-04-23 19:16:06,778] {dag.py:1824} INFO - Sync 1 DAGs
[2024-04-23 19:16:06,793] {logging_mixin.py:104} INFO - [2024-04-23 19:16:06,792] {dag.py:2280} INFO - Setting next_dagrun for example_branch_dop_operator_v3 to 2024-04-21 00:00:00+00:00
[2024-04-23 19:16:06,799] {scheduler_job.py:190} INFO - Processing /home/airflow/.local/lib/python3.6/site-packages/airflow/example_dags/example_branch_python_dop_operator_3.py took 0.048 seconds
[2024-04-23 19:16:37,541] {scheduler_job.py:182} INFO - Started process (PID=375) to work on /home/airflow/.local/lib/python3.6/site-packages/airflow/example_dags/example_branch_python_dop_operator_3.py
[2024-04-23 19:16:37,542] {scheduler_job.py:629} INFO - Processing file /home/airflow/.local/lib/python3.6/site-packages/airflow/example_dags/example_branch_python_dop_operator_3.py for tasks to queue
[2024-04-23 19:16:37,542] {logging_mixin.py:104} INFO - [2024-04-23 19:16:37,542] {dagbag.py:451} INFO - Filling up the DagBag from /home/airflow/.local/lib/python3.6/site-packages/airflow/example_dags/example_branch_python_dop_operator_3.py
[2024-04-23 19:16:37,552] {scheduler_job.py:639} INFO - DAG(s) dict_keys(['example_branch_dop_operator_v3']) retrieved from /home/airflow/.local/lib/python3.6/site-packages/airflow/example_dags/example_branch_python_dop_operator_3.py
[2024-04-23 19:16:37,563] {logging_mixin.py:104} INFO - [2024-04-23 19:16:37,563] {dag.py:1824} INFO - Sync 1 DAGs
[2024-04-23 19:16:37,578] {logging_mixin.py:104} INFO - [2024-04-23 19:16:37,577] {dag.py:2280} INFO - Setting next_dagrun for example_branch_dop_operator_v3 to 2024-04-21 00:00:00+00:00
[2024-04-23 19:16:37,584] {scheduler_job.py:190} INFO - Processing /home/airflow/.local/lib/python3.6/site-packages/airflow/example_dags/example_branch_python_dop_operator_3.py took 0.045 seconds
[2024-04-23 19:17:08,336] {scheduler_job.py:182} INFO - Started process (PID=401) to work on /home/airflow/.local/lib/python3.6/site-packages/airflow/example_dags/example_branch_python_dop_operator_3.py
[2024-04-23 19:17:08,337] {scheduler_job.py:629} INFO - Processing file /home/airflow/.local/lib/python3.6/site-packages/airflow/example_dags/example_branch_python_dop_operator_3.py for tasks to queue
[2024-04-23 19:17:08,337] {logging_mixin.py:104} INFO - [2024-04-23 19:17:08,337] {dagbag.py:451} INFO - Filling up the DagBag from /home/airflow/.local/lib/python3.6/site-packages/airflow/example_dags/example_branch_python_dop_operator_3.py
[2024-04-23 19:17:08,348] {scheduler_job.py:639} INFO - DAG(s) dict_keys(['example_branch_dop_operator_v3']) retrieved from /home/airflow/.local/lib/python3.6/site-packages/airflow/example_dags/example_branch_python_dop_operator_3.py
[2024-04-23 19:17:08,362] {logging_mixin.py:104} INFO - [2024-04-23 19:17:08,362] {dag.py:1824} INFO - Sync 1 DAGs
[2024-04-23 19:17:08,383] {logging_mixin.py:104} INFO - [2024-04-23 19:17:08,383] {dag.py:2280} INFO - Setting next_dagrun for example_branch_dop_operator_v3 to 2024-04-21 00:00:00+00:00
[2024-04-23 19:17:08,389] {scheduler_job.py:190} INFO - Processing /home/airflow/.local/lib/python3.6/site-packages/airflow/example_dags/example_branch_python_dop_operator_3.py took 0.055 seconds
[2024-04-23 19:17:39,111] {scheduler_job.py:182} INFO - Started process (PID=427) to work on /home/airflow/.local/lib/python3.6/site-packages/airflow/example_dags/example_branch_python_dop_operator_3.py
[2024-04-23 19:17:39,114] {scheduler_job.py:629} INFO - Processing file /home/airflow/.local/lib/python3.6/site-packages/airflow/example_dags/example_branch_python_dop_operator_3.py for tasks to queue
[2024-04-23 19:17:39,115] {logging_mixin.py:104} INFO - [2024-04-23 19:17:39,115] {dagbag.py:451} INFO - Filling up the DagBag from /home/airflow/.local/lib/python3.6/site-packages/airflow/example_dags/example_branch_python_dop_operator_3.py
[2024-04-23 19:17:39,123] {scheduler_job.py:639} INFO - DAG(s) dict_keys(['example_branch_dop_operator_v3']) retrieved from /home/airflow/.local/lib/python3.6/site-packages/airflow/example_dags/example_branch_python_dop_operator_3.py
[2024-04-23 19:17:39,134] {logging_mixin.py:104} INFO - [2024-04-23 19:17:39,134] {dag.py:1824} INFO - Sync 1 DAGs
[2024-04-23 19:17:39,149] {logging_mixin.py:104} INFO - [2024-04-23 19:17:39,149] {dag.py:2280} INFO - Setting next_dagrun for example_branch_dop_operator_v3 to 2024-04-21 00:00:00+00:00
[2024-04-23 19:17:39,156] {scheduler_job.py:190} INFO - Processing /home/airflow/.local/lib/python3.6/site-packages/airflow/example_dags/example_branch_python_dop_operator_3.py took 0.047 seconds
[2024-04-23 19:18:09,892] {scheduler_job.py:182} INFO - Started process (PID=453) to work on /home/airflow/.local/lib/python3.6/site-packages/airflow/example_dags/example_branch_python_dop_operator_3.py
[2024-04-23 19:18:09,893] {scheduler_job.py:629} INFO - Processing file /home/airflow/.local/lib/python3.6/site-packages/airflow/example_dags/example_branch_python_dop_operator_3.py for tasks to queue
[2024-04-23 19:18:09,893] {logging_mixin.py:104} INFO - [2024-04-23 19:18:09,893] {dagbag.py:451} INFO - Filling up the DagBag from /home/airflow/.local/lib/python3.6/site-packages/airflow/example_dags/example_branch_python_dop_operator_3.py
[2024-04-23 19:18:09,902] {scheduler_job.py:639} INFO - DAG(s) dict_keys(['example_branch_dop_operator_v3']) retrieved from /home/airflow/.local/lib/python3.6/site-packages/airflow/example_dags/example_branch_python_dop_operator_3.py
[2024-04-23 19:18:09,914] {logging_mixin.py:104} INFO - [2024-04-23 19:18:09,914] {dag.py:1824} INFO - Sync 1 DAGs
[2024-04-23 19:18:09,930] {logging_mixin.py:104} INFO - [2024-04-23 19:18:09,929] {dag.py:2280} INFO - Setting next_dagrun for example_branch_dop_operator_v3 to 2024-04-21 00:00:00+00:00
[2024-04-23 19:18:09,935] {scheduler_job.py:190} INFO - Processing /home/airflow/.local/lib/python3.6/site-packages/airflow/example_dags/example_branch_python_dop_operator_3.py took 0.045 seconds
[2024-04-23 19:18:40,627] {scheduler_job.py:182} INFO - Started process (PID=479) to work on /home/airflow/.local/lib/python3.6/site-packages/airflow/example_dags/example_branch_python_dop_operator_3.py
[2024-04-23 19:18:40,628] {scheduler_job.py:629} INFO - Processing file /home/airflow/.local/lib/python3.6/site-packages/airflow/example_dags/example_branch_python_dop_operator_3.py for tasks to queue
[2024-04-23 19:18:40,628] {logging_mixin.py:104} INFO - [2024-04-23 19:18:40,628] {dagbag.py:451} INFO - Filling up the DagBag from /home/airflow/.local/lib/python3.6/site-packages/airflow/example_dags/example_branch_python_dop_operator_3.py
[2024-04-23 19:18:40,636] {scheduler_job.py:639} INFO - DAG(s) dict_keys(['example_branch_dop_operator_v3']) retrieved from /home/airflow/.local/lib/python3.6/site-packages/airflow/example_dags/example_branch_python_dop_operator_3.py
[2024-04-23 19:18:40,649] {logging_mixin.py:104} INFO - [2024-04-23 19:18:40,649] {dag.py:1824} INFO - Sync 1 DAGs
[2024-04-23 19:18:40,665] {logging_mixin.py:104} INFO - [2024-04-23 19:18:40,665] {dag.py:2280} INFO - Setting next_dagrun for example_branch_dop_operator_v3 to 2024-04-21 00:00:00+00:00
[2024-04-23 19:18:40,670] {scheduler_job.py:190} INFO - Processing /home/airflow/.local/lib/python3.6/site-packages/airflow/example_dags/example_branch_python_dop_operator_3.py took 0.045 seconds
