[2024-04-23 19:10:28,335] {scheduler_job.py:182} INFO - Started process (PID=62) to work on /home/airflow/.local/lib/python3.6/site-packages/airflow/example_dags/example_branch_operator.py
[2024-04-23 19:10:28,336] {scheduler_job.py:629} INFO - Processing file /home/airflow/.local/lib/python3.6/site-packages/airflow/example_dags/example_branch_operator.py for tasks to queue
[2024-04-23 19:10:28,336] {logging_mixin.py:104} INFO - [2024-04-23 19:10:28,336] {dagbag.py:451} INFO - Filling up the DagBag from /home/airflow/.local/lib/python3.6/site-packages/airflow/example_dags/example_branch_operator.py
[2024-04-23 19:10:28,345] {scheduler_job.py:639} INFO - DAG(s) dict_keys(['example_branch_operator']) retrieved from /home/airflow/.local/lib/python3.6/site-packages/airflow/example_dags/example_branch_operator.py
[2024-04-23 19:10:28,363] {logging_mixin.py:104} INFO - [2024-04-23 19:10:28,363] {dag.py:1824} INFO - Sync 1 DAGs
[2024-04-23 19:10:28,368] {logging_mixin.py:104} INFO - [2024-04-23 19:10:28,368] {dag.py:1843} INFO - Creating ORM DAG for example_branch_operator
[2024-04-23 19:10:28,374] {logging_mixin.py:104} INFO - [2024-04-23 19:10:28,374] {dag.py:2280} INFO - Setting next_dagrun for example_branch_operator to 2024-04-21 00:00:00+00:00
[2024-04-23 19:10:28,382] {scheduler_job.py:190} INFO - Processing /home/airflow/.local/lib/python3.6/site-packages/airflow/example_dags/example_branch_operator.py took 0.049 seconds
[2024-04-23 19:10:59,119] {scheduler_job.py:182} INFO - Started process (PID=88) to work on /home/airflow/.local/lib/python3.6/site-packages/airflow/example_dags/example_branch_operator.py
[2024-04-23 19:10:59,120] {scheduler_job.py:629} INFO - Processing file /home/airflow/.local/lib/python3.6/site-packages/airflow/example_dags/example_branch_operator.py for tasks to queue
[2024-04-23 19:10:59,120] {logging_mixin.py:104} INFO - [2024-04-23 19:10:59,120] {dagbag.py:451} INFO - Filling up the DagBag from /home/airflow/.local/lib/python3.6/site-packages/airflow/example_dags/example_branch_operator.py
[2024-04-23 19:10:59,129] {scheduler_job.py:639} INFO - DAG(s) dict_keys(['example_branch_operator']) retrieved from /home/airflow/.local/lib/python3.6/site-packages/airflow/example_dags/example_branch_operator.py
[2024-04-23 19:10:59,141] {logging_mixin.py:104} INFO - [2024-04-23 19:10:59,141] {dag.py:1824} INFO - Sync 1 DAGs
[2024-04-23 19:10:59,153] {logging_mixin.py:104} INFO - [2024-04-23 19:10:59,153] {dag.py:2280} INFO - Setting next_dagrun for example_branch_operator to 2024-04-21 00:00:00+00:00
[2024-04-23 19:10:59,159] {scheduler_job.py:190} INFO - Processing /home/airflow/.local/lib/python3.6/site-packages/airflow/example_dags/example_branch_operator.py took 0.042 seconds
[2024-04-23 19:11:29,854] {scheduler_job.py:182} INFO - Started process (PID=114) to work on /home/airflow/.local/lib/python3.6/site-packages/airflow/example_dags/example_branch_operator.py
[2024-04-23 19:11:29,855] {scheduler_job.py:629} INFO - Processing file /home/airflow/.local/lib/python3.6/site-packages/airflow/example_dags/example_branch_operator.py for tasks to queue
[2024-04-23 19:11:29,855] {logging_mixin.py:104} INFO - [2024-04-23 19:11:29,855] {dagbag.py:451} INFO - Filling up the DagBag from /home/airflow/.local/lib/python3.6/site-packages/airflow/example_dags/example_branch_operator.py
[2024-04-23 19:11:29,864] {scheduler_job.py:639} INFO - DAG(s) dict_keys(['example_branch_operator']) retrieved from /home/airflow/.local/lib/python3.6/site-packages/airflow/example_dags/example_branch_operator.py
[2024-04-23 19:11:29,877] {logging_mixin.py:104} INFO - [2024-04-23 19:11:29,877] {dag.py:1824} INFO - Sync 1 DAGs
[2024-04-23 19:11:29,889] {logging_mixin.py:104} INFO - [2024-04-23 19:11:29,889] {dag.py:2280} INFO - Setting next_dagrun for example_branch_operator to 2024-04-21 00:00:00+00:00
[2024-04-23 19:11:29,894] {scheduler_job.py:190} INFO - Processing /home/airflow/.local/lib/python3.6/site-packages/airflow/example_dags/example_branch_operator.py took 0.042 seconds
[2024-04-23 19:12:00,593] {scheduler_job.py:182} INFO - Started process (PID=140) to work on /home/airflow/.local/lib/python3.6/site-packages/airflow/example_dags/example_branch_operator.py
[2024-04-23 19:12:00,593] {scheduler_job.py:629} INFO - Processing file /home/airflow/.local/lib/python3.6/site-packages/airflow/example_dags/example_branch_operator.py for tasks to queue
[2024-04-23 19:12:00,594] {logging_mixin.py:104} INFO - [2024-04-23 19:12:00,594] {dagbag.py:451} INFO - Filling up the DagBag from /home/airflow/.local/lib/python3.6/site-packages/airflow/example_dags/example_branch_operator.py
[2024-04-23 19:12:00,603] {scheduler_job.py:639} INFO - DAG(s) dict_keys(['example_branch_operator']) retrieved from /home/airflow/.local/lib/python3.6/site-packages/airflow/example_dags/example_branch_operator.py
[2024-04-23 19:12:00,617] {logging_mixin.py:104} INFO - [2024-04-23 19:12:00,617] {dag.py:1824} INFO - Sync 1 DAGs
[2024-04-23 19:12:00,627] {logging_mixin.py:104} INFO - [2024-04-23 19:12:00,627] {dag.py:2280} INFO - Setting next_dagrun for example_branch_operator to 2024-04-21 00:00:00+00:00
[2024-04-23 19:12:00,632] {scheduler_job.py:190} INFO - Processing /home/airflow/.local/lib/python3.6/site-packages/airflow/example_dags/example_branch_operator.py took 0.041 seconds
[2024-04-23 19:12:31,345] {scheduler_job.py:182} INFO - Started process (PID=166) to work on /home/airflow/.local/lib/python3.6/site-packages/airflow/example_dags/example_branch_operator.py
[2024-04-23 19:12:31,346] {scheduler_job.py:629} INFO - Processing file /home/airflow/.local/lib/python3.6/site-packages/airflow/example_dags/example_branch_operator.py for tasks to queue
[2024-04-23 19:12:31,346] {logging_mixin.py:104} INFO - [2024-04-23 19:12:31,346] {dagbag.py:451} INFO - Filling up the DagBag from /home/airflow/.local/lib/python3.6/site-packages/airflow/example_dags/example_branch_operator.py
[2024-04-23 19:12:31,355] {scheduler_job.py:639} INFO - DAG(s) dict_keys(['example_branch_operator']) retrieved from /home/airflow/.local/lib/python3.6/site-packages/airflow/example_dags/example_branch_operator.py
[2024-04-23 19:12:31,370] {logging_mixin.py:104} INFO - [2024-04-23 19:12:31,370] {dag.py:1824} INFO - Sync 1 DAGs
[2024-04-23 19:12:31,380] {logging_mixin.py:104} INFO - [2024-04-23 19:12:31,380] {dag.py:2280} INFO - Setting next_dagrun for example_branch_operator to 2024-04-21 00:00:00+00:00
[2024-04-23 19:12:31,386] {scheduler_job.py:190} INFO - Processing /home/airflow/.local/lib/python3.6/site-packages/airflow/example_dags/example_branch_operator.py took 0.042 seconds
[2024-04-23 19:13:02,102] {scheduler_job.py:182} INFO - Started process (PID=192) to work on /home/airflow/.local/lib/python3.6/site-packages/airflow/example_dags/example_branch_operator.py
[2024-04-23 19:13:02,102] {scheduler_job.py:629} INFO - Processing file /home/airflow/.local/lib/python3.6/site-packages/airflow/example_dags/example_branch_operator.py for tasks to queue
[2024-04-23 19:13:02,103] {logging_mixin.py:104} INFO - [2024-04-23 19:13:02,103] {dagbag.py:451} INFO - Filling up the DagBag from /home/airflow/.local/lib/python3.6/site-packages/airflow/example_dags/example_branch_operator.py
[2024-04-23 19:13:02,111] {scheduler_job.py:639} INFO - DAG(s) dict_keys(['example_branch_operator']) retrieved from /home/airflow/.local/lib/python3.6/site-packages/airflow/example_dags/example_branch_operator.py
[2024-04-23 19:13:02,125] {logging_mixin.py:104} INFO - [2024-04-23 19:13:02,125] {dag.py:1824} INFO - Sync 1 DAGs
[2024-04-23 19:13:02,136] {logging_mixin.py:104} INFO - [2024-04-23 19:13:02,135] {dag.py:2280} INFO - Setting next_dagrun for example_branch_operator to 2024-04-21 00:00:00+00:00
[2024-04-23 19:13:02,140] {scheduler_job.py:190} INFO - Processing /home/airflow/.local/lib/python3.6/site-packages/airflow/example_dags/example_branch_operator.py took 0.041 seconds
[2024-04-23 19:13:32,861] {scheduler_job.py:182} INFO - Started process (PID=218) to work on /home/airflow/.local/lib/python3.6/site-packages/airflow/example_dags/example_branch_operator.py
[2024-04-23 19:13:32,862] {scheduler_job.py:629} INFO - Processing file /home/airflow/.local/lib/python3.6/site-packages/airflow/example_dags/example_branch_operator.py for tasks to queue
[2024-04-23 19:13:32,862] {logging_mixin.py:104} INFO - [2024-04-23 19:13:32,862] {dagbag.py:451} INFO - Filling up the DagBag from /home/airflow/.local/lib/python3.6/site-packages/airflow/example_dags/example_branch_operator.py
[2024-04-23 19:13:32,871] {scheduler_job.py:639} INFO - DAG(s) dict_keys(['example_branch_operator']) retrieved from /home/airflow/.local/lib/python3.6/site-packages/airflow/example_dags/example_branch_operator.py
[2024-04-23 19:13:32,886] {logging_mixin.py:104} INFO - [2024-04-23 19:13:32,886] {dag.py:1824} INFO - Sync 1 DAGs
[2024-04-23 19:13:32,897] {logging_mixin.py:104} INFO - [2024-04-23 19:13:32,897] {dag.py:2280} INFO - Setting next_dagrun for example_branch_operator to 2024-04-21 00:00:00+00:00
[2024-04-23 19:13:32,903] {scheduler_job.py:190} INFO - Processing /home/airflow/.local/lib/python3.6/site-packages/airflow/example_dags/example_branch_operator.py took 0.044 seconds
[2024-04-23 19:14:03,586] {scheduler_job.py:182} INFO - Started process (PID=244) to work on /home/airflow/.local/lib/python3.6/site-packages/airflow/example_dags/example_branch_operator.py
[2024-04-23 19:14:03,587] {scheduler_job.py:629} INFO - Processing file /home/airflow/.local/lib/python3.6/site-packages/airflow/example_dags/example_branch_operator.py for tasks to queue
[2024-04-23 19:14:03,587] {logging_mixin.py:104} INFO - [2024-04-23 19:14:03,587] {dagbag.py:451} INFO - Filling up the DagBag from /home/airflow/.local/lib/python3.6/site-packages/airflow/example_dags/example_branch_operator.py
[2024-04-23 19:14:03,600] {scheduler_job.py:639} INFO - DAG(s) dict_keys(['example_branch_operator']) retrieved from /home/airflow/.local/lib/python3.6/site-packages/airflow/example_dags/example_branch_operator.py
[2024-04-23 19:14:03,618] {logging_mixin.py:104} INFO - [2024-04-23 19:14:03,618] {dag.py:1824} INFO - Sync 1 DAGs
[2024-04-23 19:14:03,630] {logging_mixin.py:104} INFO - [2024-04-23 19:14:03,630] {dag.py:2280} INFO - Setting next_dagrun for example_branch_operator to 2024-04-21 00:00:00+00:00
[2024-04-23 19:14:03,636] {scheduler_job.py:190} INFO - Processing /home/airflow/.local/lib/python3.6/site-packages/airflow/example_dags/example_branch_operator.py took 0.052 seconds
[2024-04-23 19:14:34,362] {scheduler_job.py:182} INFO - Started process (PID=270) to work on /home/airflow/.local/lib/python3.6/site-packages/airflow/example_dags/example_branch_operator.py
[2024-04-23 19:14:34,363] {scheduler_job.py:629} INFO - Processing file /home/airflow/.local/lib/python3.6/site-packages/airflow/example_dags/example_branch_operator.py for tasks to queue
[2024-04-23 19:14:34,363] {logging_mixin.py:104} INFO - [2024-04-23 19:14:34,363] {dagbag.py:451} INFO - Filling up the DagBag from /home/airflow/.local/lib/python3.6/site-packages/airflow/example_dags/example_branch_operator.py
[2024-04-23 19:14:34,375] {scheduler_job.py:639} INFO - DAG(s) dict_keys(['example_branch_operator']) retrieved from /home/airflow/.local/lib/python3.6/site-packages/airflow/example_dags/example_branch_operator.py
[2024-04-23 19:14:34,388] {logging_mixin.py:104} INFO - [2024-04-23 19:14:34,388] {dag.py:1824} INFO - Sync 1 DAGs
[2024-04-23 19:14:34,400] {logging_mixin.py:104} INFO - [2024-04-23 19:14:34,400] {dag.py:2280} INFO - Setting next_dagrun for example_branch_operator to 2024-04-21 00:00:00+00:00
[2024-04-23 19:14:34,406] {scheduler_job.py:190} INFO - Processing /home/airflow/.local/lib/python3.6/site-packages/airflow/example_dags/example_branch_operator.py took 0.046 seconds
[2024-04-23 19:15:05,169] {scheduler_job.py:182} INFO - Started process (PID=296) to work on /home/airflow/.local/lib/python3.6/site-packages/airflow/example_dags/example_branch_operator.py
[2024-04-23 19:15:05,169] {scheduler_job.py:629} INFO - Processing file /home/airflow/.local/lib/python3.6/site-packages/airflow/example_dags/example_branch_operator.py for tasks to queue
[2024-04-23 19:15:05,170] {logging_mixin.py:104} INFO - [2024-04-23 19:15:05,170] {dagbag.py:451} INFO - Filling up the DagBag from /home/airflow/.local/lib/python3.6/site-packages/airflow/example_dags/example_branch_operator.py
[2024-04-23 19:15:05,182] {scheduler_job.py:639} INFO - DAG(s) dict_keys(['example_branch_operator']) retrieved from /home/airflow/.local/lib/python3.6/site-packages/airflow/example_dags/example_branch_operator.py
[2024-04-23 19:15:05,196] {logging_mixin.py:104} INFO - [2024-04-23 19:15:05,196] {dag.py:1824} INFO - Sync 1 DAGs
[2024-04-23 19:15:05,208] {logging_mixin.py:104} INFO - [2024-04-23 19:15:05,208] {dag.py:2280} INFO - Setting next_dagrun for example_branch_operator to 2024-04-21 00:00:00+00:00
[2024-04-23 19:15:05,214] {scheduler_job.py:190} INFO - Processing /home/airflow/.local/lib/python3.6/site-packages/airflow/example_dags/example_branch_operator.py took 0.047 seconds
[2024-04-23 19:15:35,917] {scheduler_job.py:182} INFO - Started process (PID=322) to work on /home/airflow/.local/lib/python3.6/site-packages/airflow/example_dags/example_branch_operator.py
[2024-04-23 19:15:35,918] {scheduler_job.py:629} INFO - Processing file /home/airflow/.local/lib/python3.6/site-packages/airflow/example_dags/example_branch_operator.py for tasks to queue
[2024-04-23 19:15:35,918] {logging_mixin.py:104} INFO - [2024-04-23 19:15:35,918] {dagbag.py:451} INFO - Filling up the DagBag from /home/airflow/.local/lib/python3.6/site-packages/airflow/example_dags/example_branch_operator.py
[2024-04-23 19:15:35,929] {scheduler_job.py:639} INFO - DAG(s) dict_keys(['example_branch_operator']) retrieved from /home/airflow/.local/lib/python3.6/site-packages/airflow/example_dags/example_branch_operator.py
[2024-04-23 19:15:35,942] {logging_mixin.py:104} INFO - [2024-04-23 19:15:35,942] {dag.py:1824} INFO - Sync 1 DAGs
[2024-04-23 19:15:35,953] {logging_mixin.py:104} INFO - [2024-04-23 19:15:35,953] {dag.py:2280} INFO - Setting next_dagrun for example_branch_operator to 2024-04-21 00:00:00+00:00
[2024-04-23 19:15:35,960] {scheduler_job.py:190} INFO - Processing /home/airflow/.local/lib/python3.6/site-packages/airflow/example_dags/example_branch_operator.py took 0.045 seconds
[2024-04-23 19:16:06,710] {scheduler_job.py:182} INFO - Started process (PID=348) to work on /home/airflow/.local/lib/python3.6/site-packages/airflow/example_dags/example_branch_operator.py
[2024-04-23 19:16:06,710] {scheduler_job.py:629} INFO - Processing file /home/airflow/.local/lib/python3.6/site-packages/airflow/example_dags/example_branch_operator.py for tasks to queue
[2024-04-23 19:16:06,710] {logging_mixin.py:104} INFO - [2024-04-23 19:16:06,710] {dagbag.py:451} INFO - Filling up the DagBag from /home/airflow/.local/lib/python3.6/site-packages/airflow/example_dags/example_branch_operator.py
[2024-04-23 19:16:06,721] {scheduler_job.py:639} INFO - DAG(s) dict_keys(['example_branch_operator']) retrieved from /home/airflow/.local/lib/python3.6/site-packages/airflow/example_dags/example_branch_operator.py
[2024-04-23 19:16:06,733] {logging_mixin.py:104} INFO - [2024-04-23 19:16:06,733] {dag.py:1824} INFO - Sync 1 DAGs
[2024-04-23 19:16:06,744] {logging_mixin.py:104} INFO - [2024-04-23 19:16:06,744] {dag.py:2280} INFO - Setting next_dagrun for example_branch_operator to 2024-04-21 00:00:00+00:00
[2024-04-23 19:16:06,751] {scheduler_job.py:190} INFO - Processing /home/airflow/.local/lib/python3.6/site-packages/airflow/example_dags/example_branch_operator.py took 0.043 seconds
[2024-04-23 19:16:37,537] {scheduler_job.py:182} INFO - Started process (PID=374) to work on /home/airflow/.local/lib/python3.6/site-packages/airflow/example_dags/example_branch_operator.py
[2024-04-23 19:16:37,538] {scheduler_job.py:629} INFO - Processing file /home/airflow/.local/lib/python3.6/site-packages/airflow/example_dags/example_branch_operator.py for tasks to queue
[2024-04-23 19:16:37,538] {logging_mixin.py:104} INFO - [2024-04-23 19:16:37,538] {dagbag.py:451} INFO - Filling up the DagBag from /home/airflow/.local/lib/python3.6/site-packages/airflow/example_dags/example_branch_operator.py
[2024-04-23 19:16:37,550] {scheduler_job.py:639} INFO - DAG(s) dict_keys(['example_branch_operator']) retrieved from /home/airflow/.local/lib/python3.6/site-packages/airflow/example_dags/example_branch_operator.py
[2024-04-23 19:16:37,562] {logging_mixin.py:104} INFO - [2024-04-23 19:16:37,562] {dag.py:1824} INFO - Sync 1 DAGs
[2024-04-23 19:16:37,573] {logging_mixin.py:104} INFO - [2024-04-23 19:16:37,573] {dag.py:2280} INFO - Setting next_dagrun for example_branch_operator to 2024-04-21 00:00:00+00:00
[2024-04-23 19:16:37,578] {scheduler_job.py:190} INFO - Processing /home/airflow/.local/lib/python3.6/site-packages/airflow/example_dags/example_branch_operator.py took 0.043 seconds
[2024-04-23 19:17:08,292] {scheduler_job.py:182} INFO - Started process (PID=400) to work on /home/airflow/.local/lib/python3.6/site-packages/airflow/example_dags/example_branch_operator.py
[2024-04-23 19:17:08,293] {scheduler_job.py:629} INFO - Processing file /home/airflow/.local/lib/python3.6/site-packages/airflow/example_dags/example_branch_operator.py for tasks to queue
[2024-04-23 19:17:08,293] {logging_mixin.py:104} INFO - [2024-04-23 19:17:08,293] {dagbag.py:451} INFO - Filling up the DagBag from /home/airflow/.local/lib/python3.6/site-packages/airflow/example_dags/example_branch_operator.py
[2024-04-23 19:17:08,304] {scheduler_job.py:639} INFO - DAG(s) dict_keys(['example_branch_operator']) retrieved from /home/airflow/.local/lib/python3.6/site-packages/airflow/example_dags/example_branch_operator.py
[2024-04-23 19:17:08,315] {logging_mixin.py:104} INFO - [2024-04-23 19:17:08,315] {dag.py:1824} INFO - Sync 1 DAGs
[2024-04-23 19:17:08,326] {logging_mixin.py:104} INFO - [2024-04-23 19:17:08,326] {dag.py:2280} INFO - Setting next_dagrun for example_branch_operator to 2024-04-21 00:00:00+00:00
[2024-04-23 19:17:08,331] {scheduler_job.py:190} INFO - Processing /home/airflow/.local/lib/python3.6/site-packages/airflow/example_dags/example_branch_operator.py took 0.041 seconds
[2024-04-23 19:17:39,108] {scheduler_job.py:182} INFO - Started process (PID=426) to work on /home/airflow/.local/lib/python3.6/site-packages/airflow/example_dags/example_branch_operator.py
[2024-04-23 19:17:39,111] {scheduler_job.py:629} INFO - Processing file /home/airflow/.local/lib/python3.6/site-packages/airflow/example_dags/example_branch_operator.py for tasks to queue
[2024-04-23 19:17:39,112] {logging_mixin.py:104} INFO - [2024-04-23 19:17:39,112] {dagbag.py:451} INFO - Filling up the DagBag from /home/airflow/.local/lib/python3.6/site-packages/airflow/example_dags/example_branch_operator.py
[2024-04-23 19:17:39,120] {scheduler_job.py:639} INFO - DAG(s) dict_keys(['example_branch_operator']) retrieved from /home/airflow/.local/lib/python3.6/site-packages/airflow/example_dags/example_branch_operator.py
[2024-04-23 19:17:39,133] {logging_mixin.py:104} INFO - [2024-04-23 19:17:39,133] {dag.py:1824} INFO - Sync 1 DAGs
[2024-04-23 19:17:39,144] {logging_mixin.py:104} INFO - [2024-04-23 19:17:39,144] {dag.py:2280} INFO - Setting next_dagrun for example_branch_operator to 2024-04-21 00:00:00+00:00
[2024-04-23 19:17:39,150] {scheduler_job.py:190} INFO - Processing /home/airflow/.local/lib/python3.6/site-packages/airflow/example_dags/example_branch_operator.py took 0.044 seconds
[2024-04-23 19:18:09,851] {scheduler_job.py:182} INFO - Started process (PID=452) to work on /home/airflow/.local/lib/python3.6/site-packages/airflow/example_dags/example_branch_operator.py
[2024-04-23 19:18:09,851] {scheduler_job.py:629} INFO - Processing file /home/airflow/.local/lib/python3.6/site-packages/airflow/example_dags/example_branch_operator.py for tasks to queue
[2024-04-23 19:18:09,851] {logging_mixin.py:104} INFO - [2024-04-23 19:18:09,851] {dagbag.py:451} INFO - Filling up the DagBag from /home/airflow/.local/lib/python3.6/site-packages/airflow/example_dags/example_branch_operator.py
[2024-04-23 19:18:09,860] {scheduler_job.py:639} INFO - DAG(s) dict_keys(['example_branch_operator']) retrieved from /home/airflow/.local/lib/python3.6/site-packages/airflow/example_dags/example_branch_operator.py
[2024-04-23 19:18:09,873] {logging_mixin.py:104} INFO - [2024-04-23 19:18:09,873] {dag.py:1824} INFO - Sync 1 DAGs
[2024-04-23 19:18:09,883] {logging_mixin.py:104} INFO - [2024-04-23 19:18:09,883] {dag.py:2280} INFO - Setting next_dagrun for example_branch_operator to 2024-04-21 00:00:00+00:00
[2024-04-23 19:18:09,890] {scheduler_job.py:190} INFO - Processing /home/airflow/.local/lib/python3.6/site-packages/airflow/example_dags/example_branch_operator.py took 0.041 seconds
[2024-04-23 19:18:40,586] {scheduler_job.py:182} INFO - Started process (PID=478) to work on /home/airflow/.local/lib/python3.6/site-packages/airflow/example_dags/example_branch_operator.py
[2024-04-23 19:18:40,586] {scheduler_job.py:629} INFO - Processing file /home/airflow/.local/lib/python3.6/site-packages/airflow/example_dags/example_branch_operator.py for tasks to queue
[2024-04-23 19:18:40,587] {logging_mixin.py:104} INFO - [2024-04-23 19:18:40,587] {dagbag.py:451} INFO - Filling up the DagBag from /home/airflow/.local/lib/python3.6/site-packages/airflow/example_dags/example_branch_operator.py
[2024-04-23 19:18:40,595] {scheduler_job.py:639} INFO - DAG(s) dict_keys(['example_branch_operator']) retrieved from /home/airflow/.local/lib/python3.6/site-packages/airflow/example_dags/example_branch_operator.py
[2024-04-23 19:18:40,608] {logging_mixin.py:104} INFO - [2024-04-23 19:18:40,608] {dag.py:1824} INFO - Sync 1 DAGs
[2024-04-23 19:18:40,619] {logging_mixin.py:104} INFO - [2024-04-23 19:18:40,618] {dag.py:2280} INFO - Setting next_dagrun for example_branch_operator to 2024-04-21 00:00:00+00:00
[2024-04-23 19:18:40,625] {scheduler_job.py:190} INFO - Processing /home/airflow/.local/lib/python3.6/site-packages/airflow/example_dags/example_branch_operator.py took 0.041 seconds
