[2024-04-23 19:10:28,109] {scheduler_job.py:182} INFO - Started process (PID=55) to work on /home/airflow/.local/lib/python3.6/site-packages/airflow/example_dags/tutorial.py
[2024-04-23 19:10:28,109] {scheduler_job.py:629} INFO - Processing file /home/airflow/.local/lib/python3.6/site-packages/airflow/example_dags/tutorial.py for tasks to queue
[2024-04-23 19:10:28,110] {logging_mixin.py:104} INFO - [2024-04-23 19:10:28,109] {dagbag.py:451} INFO - Filling up the DagBag from /home/airflow/.local/lib/python3.6/site-packages/airflow/example_dags/tutorial.py
[2024-04-23 19:10:28,116] {scheduler_job.py:639} INFO - DAG(s) dict_keys(['tutorial']) retrieved from /home/airflow/.local/lib/python3.6/site-packages/airflow/example_dags/tutorial.py
[2024-04-23 19:10:28,131] {logging_mixin.py:104} INFO - [2024-04-23 19:10:28,131] {dag.py:1824} INFO - Sync 1 DAGs
[2024-04-23 19:10:28,139] {logging_mixin.py:104} INFO - [2024-04-23 19:10:28,139] {dag.py:1843} INFO - Creating ORM DAG for tutorial
[2024-04-23 19:10:28,142] {logging_mixin.py:104} INFO - [2024-04-23 19:10:28,142] {dag.py:2280} INFO - Setting next_dagrun for tutorial to 2024-04-21 00:00:00+00:00
[2024-04-23 19:10:28,153] {scheduler_job.py:190} INFO - Processing /home/airflow/.local/lib/python3.6/site-packages/airflow/example_dags/tutorial.py took 0.047 seconds
[2024-04-23 19:10:58,943] {scheduler_job.py:182} INFO - Started process (PID=81) to work on /home/airflow/.local/lib/python3.6/site-packages/airflow/example_dags/tutorial.py
[2024-04-23 19:10:58,943] {scheduler_job.py:629} INFO - Processing file /home/airflow/.local/lib/python3.6/site-packages/airflow/example_dags/tutorial.py for tasks to queue
[2024-04-23 19:10:58,944] {logging_mixin.py:104} INFO - [2024-04-23 19:10:58,944] {dagbag.py:451} INFO - Filling up the DagBag from /home/airflow/.local/lib/python3.6/site-packages/airflow/example_dags/tutorial.py
[2024-04-23 19:10:58,949] {scheduler_job.py:639} INFO - DAG(s) dict_keys(['tutorial']) retrieved from /home/airflow/.local/lib/python3.6/site-packages/airflow/example_dags/tutorial.py
[2024-04-23 19:10:58,962] {logging_mixin.py:104} INFO - [2024-04-23 19:10:58,961] {dag.py:1824} INFO - Sync 1 DAGs
[2024-04-23 19:10:58,971] {logging_mixin.py:104} INFO - [2024-04-23 19:10:58,971] {dag.py:2280} INFO - Setting next_dagrun for tutorial to 2024-04-21 00:00:00+00:00
[2024-04-23 19:10:58,977] {scheduler_job.py:190} INFO - Processing /home/airflow/.local/lib/python3.6/site-packages/airflow/example_dags/tutorial.py took 0.036 seconds
[2024-04-23 19:11:29,681] {scheduler_job.py:182} INFO - Started process (PID=107) to work on /home/airflow/.local/lib/python3.6/site-packages/airflow/example_dags/tutorial.py
[2024-04-23 19:11:29,681] {scheduler_job.py:629} INFO - Processing file /home/airflow/.local/lib/python3.6/site-packages/airflow/example_dags/tutorial.py for tasks to queue
[2024-04-23 19:11:29,682] {logging_mixin.py:104} INFO - [2024-04-23 19:11:29,682] {dagbag.py:451} INFO - Filling up the DagBag from /home/airflow/.local/lib/python3.6/site-packages/airflow/example_dags/tutorial.py
[2024-04-23 19:11:29,688] {scheduler_job.py:639} INFO - DAG(s) dict_keys(['tutorial']) retrieved from /home/airflow/.local/lib/python3.6/site-packages/airflow/example_dags/tutorial.py
[2024-04-23 19:11:29,700] {logging_mixin.py:104} INFO - [2024-04-23 19:11:29,700] {dag.py:1824} INFO - Sync 1 DAGs
[2024-04-23 19:11:29,710] {logging_mixin.py:104} INFO - [2024-04-23 19:11:29,710] {dag.py:2280} INFO - Setting next_dagrun for tutorial to 2024-04-21 00:00:00+00:00
[2024-04-23 19:11:29,715] {scheduler_job.py:190} INFO - Processing /home/airflow/.local/lib/python3.6/site-packages/airflow/example_dags/tutorial.py took 0.036 seconds
[2024-04-23 19:12:00,409] {scheduler_job.py:182} INFO - Started process (PID=133) to work on /home/airflow/.local/lib/python3.6/site-packages/airflow/example_dags/tutorial.py
[2024-04-23 19:12:00,410] {scheduler_job.py:629} INFO - Processing file /home/airflow/.local/lib/python3.6/site-packages/airflow/example_dags/tutorial.py for tasks to queue
[2024-04-23 19:12:00,410] {logging_mixin.py:104} INFO - [2024-04-23 19:12:00,410] {dagbag.py:451} INFO - Filling up the DagBag from /home/airflow/.local/lib/python3.6/site-packages/airflow/example_dags/tutorial.py
[2024-04-23 19:12:00,416] {scheduler_job.py:639} INFO - DAG(s) dict_keys(['tutorial']) retrieved from /home/airflow/.local/lib/python3.6/site-packages/airflow/example_dags/tutorial.py
[2024-04-23 19:12:00,429] {logging_mixin.py:104} INFO - [2024-04-23 19:12:00,429] {dag.py:1824} INFO - Sync 1 DAGs
[2024-04-23 19:12:00,439] {logging_mixin.py:104} INFO - [2024-04-23 19:12:00,439] {dag.py:2280} INFO - Setting next_dagrun for tutorial to 2024-04-21 00:00:00+00:00
[2024-04-23 19:12:00,444] {scheduler_job.py:190} INFO - Processing /home/airflow/.local/lib/python3.6/site-packages/airflow/example_dags/tutorial.py took 0.036 seconds
[2024-04-23 19:12:31,149] {scheduler_job.py:182} INFO - Started process (PID=159) to work on /home/airflow/.local/lib/python3.6/site-packages/airflow/example_dags/tutorial.py
[2024-04-23 19:12:31,150] {scheduler_job.py:629} INFO - Processing file /home/airflow/.local/lib/python3.6/site-packages/airflow/example_dags/tutorial.py for tasks to queue
[2024-04-23 19:12:31,150] {logging_mixin.py:104} INFO - [2024-04-23 19:12:31,150] {dagbag.py:451} INFO - Filling up the DagBag from /home/airflow/.local/lib/python3.6/site-packages/airflow/example_dags/tutorial.py
[2024-04-23 19:12:31,156] {scheduler_job.py:639} INFO - DAG(s) dict_keys(['tutorial']) retrieved from /home/airflow/.local/lib/python3.6/site-packages/airflow/example_dags/tutorial.py
[2024-04-23 19:12:31,169] {logging_mixin.py:104} INFO - [2024-04-23 19:12:31,169] {dag.py:1824} INFO - Sync 1 DAGs
[2024-04-23 19:12:31,178] {logging_mixin.py:104} INFO - [2024-04-23 19:12:31,178] {dag.py:2280} INFO - Setting next_dagrun for tutorial to 2024-04-21 00:00:00+00:00
[2024-04-23 19:12:31,184] {scheduler_job.py:190} INFO - Processing /home/airflow/.local/lib/python3.6/site-packages/airflow/example_dags/tutorial.py took 0.037 seconds
[2024-04-23 19:13:01,910] {scheduler_job.py:182} INFO - Started process (PID=185) to work on /home/airflow/.local/lib/python3.6/site-packages/airflow/example_dags/tutorial.py
[2024-04-23 19:13:01,910] {scheduler_job.py:629} INFO - Processing file /home/airflow/.local/lib/python3.6/site-packages/airflow/example_dags/tutorial.py for tasks to queue
[2024-04-23 19:13:01,911] {logging_mixin.py:104} INFO - [2024-04-23 19:13:01,911] {dagbag.py:451} INFO - Filling up the DagBag from /home/airflow/.local/lib/python3.6/site-packages/airflow/example_dags/tutorial.py
[2024-04-23 19:13:01,917] {scheduler_job.py:639} INFO - DAG(s) dict_keys(['tutorial']) retrieved from /home/airflow/.local/lib/python3.6/site-packages/airflow/example_dags/tutorial.py
[2024-04-23 19:13:01,930] {logging_mixin.py:104} INFO - [2024-04-23 19:13:01,930] {dag.py:1824} INFO - Sync 1 DAGs
[2024-04-23 19:13:01,939] {logging_mixin.py:104} INFO - [2024-04-23 19:13:01,939] {dag.py:2280} INFO - Setting next_dagrun for tutorial to 2024-04-21 00:00:00+00:00
[2024-04-23 19:13:01,944] {scheduler_job.py:190} INFO - Processing /home/airflow/.local/lib/python3.6/site-packages/airflow/example_dags/tutorial.py took 0.036 seconds
[2024-04-23 19:13:32,651] {scheduler_job.py:182} INFO - Started process (PID=211) to work on /home/airflow/.local/lib/python3.6/site-packages/airflow/example_dags/tutorial.py
[2024-04-23 19:13:32,652] {scheduler_job.py:629} INFO - Processing file /home/airflow/.local/lib/python3.6/site-packages/airflow/example_dags/tutorial.py for tasks to queue
[2024-04-23 19:13:32,652] {logging_mixin.py:104} INFO - [2024-04-23 19:13:32,652] {dagbag.py:451} INFO - Filling up the DagBag from /home/airflow/.local/lib/python3.6/site-packages/airflow/example_dags/tutorial.py
[2024-04-23 19:13:32,658] {scheduler_job.py:639} INFO - DAG(s) dict_keys(['tutorial']) retrieved from /home/airflow/.local/lib/python3.6/site-packages/airflow/example_dags/tutorial.py
[2024-04-23 19:13:32,673] {logging_mixin.py:104} INFO - [2024-04-23 19:13:32,673] {dag.py:1824} INFO - Sync 1 DAGs
[2024-04-23 19:13:32,683] {logging_mixin.py:104} INFO - [2024-04-23 19:13:32,682] {dag.py:2280} INFO - Setting next_dagrun for tutorial to 2024-04-21 00:00:00+00:00
[2024-04-23 19:13:32,688] {scheduler_job.py:190} INFO - Processing /home/airflow/.local/lib/python3.6/site-packages/airflow/example_dags/tutorial.py took 0.039 seconds
[2024-04-23 19:14:03,376] {scheduler_job.py:182} INFO - Started process (PID=237) to work on /home/airflow/.local/lib/python3.6/site-packages/airflow/example_dags/tutorial.py
[2024-04-23 19:14:03,377] {scheduler_job.py:629} INFO - Processing file /home/airflow/.local/lib/python3.6/site-packages/airflow/example_dags/tutorial.py for tasks to queue
[2024-04-23 19:14:03,377] {logging_mixin.py:104} INFO - [2024-04-23 19:14:03,377] {dagbag.py:451} INFO - Filling up the DagBag from /home/airflow/.local/lib/python3.6/site-packages/airflow/example_dags/tutorial.py
[2024-04-23 19:14:03,383] {scheduler_job.py:639} INFO - DAG(s) dict_keys(['tutorial']) retrieved from /home/airflow/.local/lib/python3.6/site-packages/airflow/example_dags/tutorial.py
[2024-04-23 19:14:03,396] {logging_mixin.py:104} INFO - [2024-04-23 19:14:03,396] {dag.py:1824} INFO - Sync 1 DAGs
[2024-04-23 19:14:03,403] {logging_mixin.py:104} INFO - [2024-04-23 19:14:03,403] {dag.py:2280} INFO - Setting next_dagrun for tutorial to 2024-04-21 00:00:00+00:00
[2024-04-23 19:14:03,409] {scheduler_job.py:190} INFO - Processing /home/airflow/.local/lib/python3.6/site-packages/airflow/example_dags/tutorial.py took 0.034 seconds
[2024-04-23 19:14:34,145] {scheduler_job.py:182} INFO - Started process (PID=263) to work on /home/airflow/.local/lib/python3.6/site-packages/airflow/example_dags/tutorial.py
[2024-04-23 19:14:34,146] {scheduler_job.py:629} INFO - Processing file /home/airflow/.local/lib/python3.6/site-packages/airflow/example_dags/tutorial.py for tasks to queue
[2024-04-23 19:14:34,146] {logging_mixin.py:104} INFO - [2024-04-23 19:14:34,146] {dagbag.py:451} INFO - Filling up the DagBag from /home/airflow/.local/lib/python3.6/site-packages/airflow/example_dags/tutorial.py
[2024-04-23 19:14:34,152] {scheduler_job.py:639} INFO - DAG(s) dict_keys(['tutorial']) retrieved from /home/airflow/.local/lib/python3.6/site-packages/airflow/example_dags/tutorial.py
[2024-04-23 19:14:34,166] {logging_mixin.py:104} INFO - [2024-04-23 19:14:34,166] {dag.py:1824} INFO - Sync 1 DAGs
[2024-04-23 19:14:34,174] {logging_mixin.py:104} INFO - [2024-04-23 19:14:34,174] {dag.py:2280} INFO - Setting next_dagrun for tutorial to 2024-04-21 00:00:00+00:00
[2024-04-23 19:14:34,182] {scheduler_job.py:190} INFO - Processing /home/airflow/.local/lib/python3.6/site-packages/airflow/example_dags/tutorial.py took 0.039 seconds
[2024-04-23 19:15:04,956] {scheduler_job.py:182} INFO - Started process (PID=289) to work on /home/airflow/.local/lib/python3.6/site-packages/airflow/example_dags/tutorial.py
[2024-04-23 19:15:04,956] {scheduler_job.py:629} INFO - Processing file /home/airflow/.local/lib/python3.6/site-packages/airflow/example_dags/tutorial.py for tasks to queue
[2024-04-23 19:15:04,957] {logging_mixin.py:104} INFO - [2024-04-23 19:15:04,956] {dagbag.py:451} INFO - Filling up the DagBag from /home/airflow/.local/lib/python3.6/site-packages/airflow/example_dags/tutorial.py
[2024-04-23 19:15:04,963] {scheduler_job.py:639} INFO - DAG(s) dict_keys(['tutorial']) retrieved from /home/airflow/.local/lib/python3.6/site-packages/airflow/example_dags/tutorial.py
[2024-04-23 19:15:04,979] {logging_mixin.py:104} INFO - [2024-04-23 19:15:04,978] {dag.py:1824} INFO - Sync 1 DAGs
[2024-04-23 19:15:04,987] {logging_mixin.py:104} INFO - [2024-04-23 19:15:04,987] {dag.py:2280} INFO - Setting next_dagrun for tutorial to 2024-04-21 00:00:00+00:00
[2024-04-23 19:15:04,994] {scheduler_job.py:190} INFO - Processing /home/airflow/.local/lib/python3.6/site-packages/airflow/example_dags/tutorial.py took 0.040 seconds
[2024-04-23 19:15:35,718] {scheduler_job.py:182} INFO - Started process (PID=315) to work on /home/airflow/.local/lib/python3.6/site-packages/airflow/example_dags/tutorial.py
[2024-04-23 19:15:35,719] {scheduler_job.py:629} INFO - Processing file /home/airflow/.local/lib/python3.6/site-packages/airflow/example_dags/tutorial.py for tasks to queue
[2024-04-23 19:15:35,719] {logging_mixin.py:104} INFO - [2024-04-23 19:15:35,719] {dagbag.py:451} INFO - Filling up the DagBag from /home/airflow/.local/lib/python3.6/site-packages/airflow/example_dags/tutorial.py
[2024-04-23 19:15:35,727] {scheduler_job.py:639} INFO - DAG(s) dict_keys(['tutorial']) retrieved from /home/airflow/.local/lib/python3.6/site-packages/airflow/example_dags/tutorial.py
[2024-04-23 19:15:35,740] {logging_mixin.py:104} INFO - [2024-04-23 19:15:35,740] {dag.py:1824} INFO - Sync 1 DAGs
[2024-04-23 19:15:35,748] {logging_mixin.py:104} INFO - [2024-04-23 19:15:35,748] {dag.py:2280} INFO - Setting next_dagrun for tutorial to 2024-04-21 00:00:00+00:00
[2024-04-23 19:15:35,754] {scheduler_job.py:190} INFO - Processing /home/airflow/.local/lib/python3.6/site-packages/airflow/example_dags/tutorial.py took 0.038 seconds
[2024-04-23 19:16:06,505] {scheduler_job.py:182} INFO - Started process (PID=341) to work on /home/airflow/.local/lib/python3.6/site-packages/airflow/example_dags/tutorial.py
[2024-04-23 19:16:06,505] {scheduler_job.py:629} INFO - Processing file /home/airflow/.local/lib/python3.6/site-packages/airflow/example_dags/tutorial.py for tasks to queue
[2024-04-23 19:16:06,506] {logging_mixin.py:104} INFO - [2024-04-23 19:16:06,506] {dagbag.py:451} INFO - Filling up the DagBag from /home/airflow/.local/lib/python3.6/site-packages/airflow/example_dags/tutorial.py
[2024-04-23 19:16:06,514] {scheduler_job.py:639} INFO - DAG(s) dict_keys(['tutorial']) retrieved from /home/airflow/.local/lib/python3.6/site-packages/airflow/example_dags/tutorial.py
[2024-04-23 19:16:06,526] {logging_mixin.py:104} INFO - [2024-04-23 19:16:06,526] {dag.py:1824} INFO - Sync 1 DAGs
[2024-04-23 19:16:06,533] {logging_mixin.py:104} INFO - [2024-04-23 19:16:06,533] {dag.py:2280} INFO - Setting next_dagrun for tutorial to 2024-04-21 00:00:00+00:00
[2024-04-23 19:16:06,539] {scheduler_job.py:190} INFO - Processing /home/airflow/.local/lib/python3.6/site-packages/airflow/example_dags/tutorial.py took 0.036 seconds
[2024-04-23 19:16:37,300] {scheduler_job.py:182} INFO - Started process (PID=367) to work on /home/airflow/.local/lib/python3.6/site-packages/airflow/example_dags/tutorial.py
[2024-04-23 19:16:37,301] {scheduler_job.py:629} INFO - Processing file /home/airflow/.local/lib/python3.6/site-packages/airflow/example_dags/tutorial.py for tasks to queue
[2024-04-23 19:16:37,301] {logging_mixin.py:104} INFO - [2024-04-23 19:16:37,301] {dagbag.py:451} INFO - Filling up the DagBag from /home/airflow/.local/lib/python3.6/site-packages/airflow/example_dags/tutorial.py
[2024-04-23 19:16:37,309] {scheduler_job.py:639} INFO - DAG(s) dict_keys(['tutorial']) retrieved from /home/airflow/.local/lib/python3.6/site-packages/airflow/example_dags/tutorial.py
[2024-04-23 19:16:37,322] {logging_mixin.py:104} INFO - [2024-04-23 19:16:37,321] {dag.py:1824} INFO - Sync 1 DAGs
[2024-04-23 19:16:37,329] {logging_mixin.py:104} INFO - [2024-04-23 19:16:37,329] {dag.py:2280} INFO - Setting next_dagrun for tutorial to 2024-04-21 00:00:00+00:00
[2024-04-23 19:16:37,334] {scheduler_job.py:190} INFO - Processing /home/airflow/.local/lib/python3.6/site-packages/airflow/example_dags/tutorial.py took 0.037 seconds
[2024-04-23 19:17:08,095] {scheduler_job.py:182} INFO - Started process (PID=393) to work on /home/airflow/.local/lib/python3.6/site-packages/airflow/example_dags/tutorial.py
[2024-04-23 19:17:08,095] {scheduler_job.py:629} INFO - Processing file /home/airflow/.local/lib/python3.6/site-packages/airflow/example_dags/tutorial.py for tasks to queue
[2024-04-23 19:17:08,096] {logging_mixin.py:104} INFO - [2024-04-23 19:17:08,096] {dagbag.py:451} INFO - Filling up the DagBag from /home/airflow/.local/lib/python3.6/site-packages/airflow/example_dags/tutorial.py
[2024-04-23 19:17:08,103] {scheduler_job.py:639} INFO - DAG(s) dict_keys(['tutorial']) retrieved from /home/airflow/.local/lib/python3.6/site-packages/airflow/example_dags/tutorial.py
[2024-04-23 19:17:08,115] {logging_mixin.py:104} INFO - [2024-04-23 19:17:08,115] {dag.py:1824} INFO - Sync 1 DAGs
[2024-04-23 19:17:08,123] {logging_mixin.py:104} INFO - [2024-04-23 19:17:08,123] {dag.py:2280} INFO - Setting next_dagrun for tutorial to 2024-04-21 00:00:00+00:00
[2024-04-23 19:17:08,130] {scheduler_job.py:190} INFO - Processing /home/airflow/.local/lib/python3.6/site-packages/airflow/example_dags/tutorial.py took 0.037 seconds
[2024-04-23 19:17:38,866] {scheduler_job.py:182} INFO - Started process (PID=419) to work on /home/airflow/.local/lib/python3.6/site-packages/airflow/example_dags/tutorial.py
[2024-04-23 19:17:38,869] {scheduler_job.py:629} INFO - Processing file /home/airflow/.local/lib/python3.6/site-packages/airflow/example_dags/tutorial.py for tasks to queue
[2024-04-23 19:17:38,870] {logging_mixin.py:104} INFO - [2024-04-23 19:17:38,870] {dagbag.py:451} INFO - Filling up the DagBag from /home/airflow/.local/lib/python3.6/site-packages/airflow/example_dags/tutorial.py
[2024-04-23 19:17:38,875] {scheduler_job.py:639} INFO - DAG(s) dict_keys(['tutorial']) retrieved from /home/airflow/.local/lib/python3.6/site-packages/airflow/example_dags/tutorial.py
[2024-04-23 19:17:38,887] {logging_mixin.py:104} INFO - [2024-04-23 19:17:38,887] {dag.py:1824} INFO - Sync 1 DAGs
[2024-04-23 19:17:38,894] {logging_mixin.py:104} INFO - [2024-04-23 19:17:38,894] {dag.py:2280} INFO - Setting next_dagrun for tutorial to 2024-04-21 00:00:00+00:00
[2024-04-23 19:17:38,900] {scheduler_job.py:190} INFO - Processing /home/airflow/.local/lib/python3.6/site-packages/airflow/example_dags/tutorial.py took 0.036 seconds
[2024-04-23 19:18:09,658] {scheduler_job.py:182} INFO - Started process (PID=445) to work on /home/airflow/.local/lib/python3.6/site-packages/airflow/example_dags/tutorial.py
[2024-04-23 19:18:09,658] {scheduler_job.py:629} INFO - Processing file /home/airflow/.local/lib/python3.6/site-packages/airflow/example_dags/tutorial.py for tasks to queue
[2024-04-23 19:18:09,659] {logging_mixin.py:104} INFO - [2024-04-23 19:18:09,659] {dagbag.py:451} INFO - Filling up the DagBag from /home/airflow/.local/lib/python3.6/site-packages/airflow/example_dags/tutorial.py
[2024-04-23 19:18:09,664] {scheduler_job.py:639} INFO - DAG(s) dict_keys(['tutorial']) retrieved from /home/airflow/.local/lib/python3.6/site-packages/airflow/example_dags/tutorial.py
[2024-04-23 19:18:09,677] {logging_mixin.py:104} INFO - [2024-04-23 19:18:09,677] {dag.py:1824} INFO - Sync 1 DAGs
[2024-04-23 19:18:09,684] {logging_mixin.py:104} INFO - [2024-04-23 19:18:09,684] {dag.py:2280} INFO - Setting next_dagrun for tutorial to 2024-04-21 00:00:00+00:00
[2024-04-23 19:18:09,690] {scheduler_job.py:190} INFO - Processing /home/airflow/.local/lib/python3.6/site-packages/airflow/example_dags/tutorial.py took 0.034 seconds
[2024-04-23 19:18:40,395] {scheduler_job.py:182} INFO - Started process (PID=471) to work on /home/airflow/.local/lib/python3.6/site-packages/airflow/example_dags/tutorial.py
[2024-04-23 19:18:40,395] {scheduler_job.py:629} INFO - Processing file /home/airflow/.local/lib/python3.6/site-packages/airflow/example_dags/tutorial.py for tasks to queue
[2024-04-23 19:18:40,395] {logging_mixin.py:104} INFO - [2024-04-23 19:18:40,395] {dagbag.py:451} INFO - Filling up the DagBag from /home/airflow/.local/lib/python3.6/site-packages/airflow/example_dags/tutorial.py
[2024-04-23 19:18:40,401] {scheduler_job.py:639} INFO - DAG(s) dict_keys(['tutorial']) retrieved from /home/airflow/.local/lib/python3.6/site-packages/airflow/example_dags/tutorial.py
[2024-04-23 19:18:40,413] {logging_mixin.py:104} INFO - [2024-04-23 19:18:40,413] {dag.py:1824} INFO - Sync 1 DAGs
[2024-04-23 19:18:40,421] {logging_mixin.py:104} INFO - [2024-04-23 19:18:40,421] {dag.py:2280} INFO - Setting next_dagrun for tutorial to 2024-04-21 00:00:00+00:00
[2024-04-23 19:18:40,427] {scheduler_job.py:190} INFO - Processing /home/airflow/.local/lib/python3.6/site-packages/airflow/example_dags/tutorial.py took 0.035 seconds
