[2024-04-23 19:10:27,596] {scheduler_job.py:182} INFO - Started process (PID=40) to work on /home/airflow/.local/lib/python3.6/site-packages/airflow/example_dags/tutorial_etl_dag.py
[2024-04-23 19:10:27,597] {scheduler_job.py:629} INFO - Processing file /home/airflow/.local/lib/python3.6/site-packages/airflow/example_dags/tutorial_etl_dag.py for tasks to queue
[2024-04-23 19:10:27,597] {logging_mixin.py:104} INFO - [2024-04-23 19:10:27,597] {dagbag.py:451} INFO - Filling up the DagBag from /home/airflow/.local/lib/python3.6/site-packages/airflow/example_dags/tutorial_etl_dag.py
[2024-04-23 19:10:27,613] {scheduler_job.py:639} INFO - DAG(s) dict_keys(['tutorial_etl_dag']) retrieved from /home/airflow/.local/lib/python3.6/site-packages/airflow/example_dags/tutorial_etl_dag.py
[2024-04-23 19:10:27,629] {logging_mixin.py:104} INFO - [2024-04-23 19:10:27,629] {dag.py:1824} INFO - Sync 1 DAGs
[2024-04-23 19:10:27,637] {logging_mixin.py:104} INFO - [2024-04-23 19:10:27,637] {dag.py:1843} INFO - Creating ORM DAG for tutorial_etl_dag
[2024-04-23 19:10:27,641] {logging_mixin.py:104} INFO - [2024-04-23 19:10:27,641] {dag.py:2280} INFO - Setting next_dagrun for tutorial_etl_dag to None
[2024-04-23 19:10:27,662] {scheduler_job.py:190} INFO - Processing /home/airflow/.local/lib/python3.6/site-packages/airflow/example_dags/tutorial_etl_dag.py took 0.069 seconds
[2024-04-23 19:10:58,549] {scheduler_job.py:182} INFO - Started process (PID=66) to work on /home/airflow/.local/lib/python3.6/site-packages/airflow/example_dags/tutorial_etl_dag.py
[2024-04-23 19:10:58,550] {scheduler_job.py:629} INFO - Processing file /home/airflow/.local/lib/python3.6/site-packages/airflow/example_dags/tutorial_etl_dag.py for tasks to queue
[2024-04-23 19:10:58,550] {logging_mixin.py:104} INFO - [2024-04-23 19:10:58,550] {dagbag.py:451} INFO - Filling up the DagBag from /home/airflow/.local/lib/python3.6/site-packages/airflow/example_dags/tutorial_etl_dag.py
[2024-04-23 19:10:58,558] {scheduler_job.py:639} INFO - DAG(s) dict_keys(['tutorial_etl_dag']) retrieved from /home/airflow/.local/lib/python3.6/site-packages/airflow/example_dags/tutorial_etl_dag.py
[2024-04-23 19:10:58,570] {logging_mixin.py:104} INFO - [2024-04-23 19:10:58,570] {dag.py:1824} INFO - Sync 1 DAGs
[2024-04-23 19:10:58,579] {logging_mixin.py:104} INFO - [2024-04-23 19:10:58,579] {dag.py:2280} INFO - Setting next_dagrun for tutorial_etl_dag to None
[2024-04-23 19:10:58,584] {scheduler_job.py:190} INFO - Processing /home/airflow/.local/lib/python3.6/site-packages/airflow/example_dags/tutorial_etl_dag.py took 0.037 seconds
[2024-04-23 19:11:29,286] {scheduler_job.py:182} INFO - Started process (PID=92) to work on /home/airflow/.local/lib/python3.6/site-packages/airflow/example_dags/tutorial_etl_dag.py
[2024-04-23 19:11:29,287] {scheduler_job.py:629} INFO - Processing file /home/airflow/.local/lib/python3.6/site-packages/airflow/example_dags/tutorial_etl_dag.py for tasks to queue
[2024-04-23 19:11:29,287] {logging_mixin.py:104} INFO - [2024-04-23 19:11:29,287] {dagbag.py:451} INFO - Filling up the DagBag from /home/airflow/.local/lib/python3.6/site-packages/airflow/example_dags/tutorial_etl_dag.py
[2024-04-23 19:11:29,295] {scheduler_job.py:639} INFO - DAG(s) dict_keys(['tutorial_etl_dag']) retrieved from /home/airflow/.local/lib/python3.6/site-packages/airflow/example_dags/tutorial_etl_dag.py
[2024-04-23 19:11:29,307] {logging_mixin.py:104} INFO - [2024-04-23 19:11:29,307] {dag.py:1824} INFO - Sync 1 DAGs
[2024-04-23 19:11:29,317] {logging_mixin.py:104} INFO - [2024-04-23 19:11:29,317] {dag.py:2280} INFO - Setting next_dagrun for tutorial_etl_dag to None
[2024-04-23 19:11:29,323] {scheduler_job.py:190} INFO - Processing /home/airflow/.local/lib/python3.6/site-packages/airflow/example_dags/tutorial_etl_dag.py took 0.038 seconds
[2024-04-23 19:12:00,024] {scheduler_job.py:182} INFO - Started process (PID=118) to work on /home/airflow/.local/lib/python3.6/site-packages/airflow/example_dags/tutorial_etl_dag.py
[2024-04-23 19:12:00,025] {scheduler_job.py:629} INFO - Processing file /home/airflow/.local/lib/python3.6/site-packages/airflow/example_dags/tutorial_etl_dag.py for tasks to queue
[2024-04-23 19:12:00,025] {logging_mixin.py:104} INFO - [2024-04-23 19:12:00,025] {dagbag.py:451} INFO - Filling up the DagBag from /home/airflow/.local/lib/python3.6/site-packages/airflow/example_dags/tutorial_etl_dag.py
[2024-04-23 19:12:00,032] {scheduler_job.py:639} INFO - DAG(s) dict_keys(['tutorial_etl_dag']) retrieved from /home/airflow/.local/lib/python3.6/site-packages/airflow/example_dags/tutorial_etl_dag.py
[2024-04-23 19:12:00,045] {logging_mixin.py:104} INFO - [2024-04-23 19:12:00,045] {dag.py:1824} INFO - Sync 1 DAGs
[2024-04-23 19:12:00,054] {logging_mixin.py:104} INFO - [2024-04-23 19:12:00,054] {dag.py:2280} INFO - Setting next_dagrun for tutorial_etl_dag to None
[2024-04-23 19:12:00,060] {scheduler_job.py:190} INFO - Processing /home/airflow/.local/lib/python3.6/site-packages/airflow/example_dags/tutorial_etl_dag.py took 0.038 seconds
[2024-04-23 19:12:30,758] {scheduler_job.py:182} INFO - Started process (PID=144) to work on /home/airflow/.local/lib/python3.6/site-packages/airflow/example_dags/tutorial_etl_dag.py
[2024-04-23 19:12:30,759] {scheduler_job.py:629} INFO - Processing file /home/airflow/.local/lib/python3.6/site-packages/airflow/example_dags/tutorial_etl_dag.py for tasks to queue
[2024-04-23 19:12:30,759] {logging_mixin.py:104} INFO - [2024-04-23 19:12:30,759] {dagbag.py:451} INFO - Filling up the DagBag from /home/airflow/.local/lib/python3.6/site-packages/airflow/example_dags/tutorial_etl_dag.py
[2024-04-23 19:12:30,767] {scheduler_job.py:639} INFO - DAG(s) dict_keys(['tutorial_etl_dag']) retrieved from /home/airflow/.local/lib/python3.6/site-packages/airflow/example_dags/tutorial_etl_dag.py
[2024-04-23 19:12:30,779] {logging_mixin.py:104} INFO - [2024-04-23 19:12:30,779] {dag.py:1824} INFO - Sync 1 DAGs
[2024-04-23 19:12:30,788] {logging_mixin.py:104} INFO - [2024-04-23 19:12:30,788] {dag.py:2280} INFO - Setting next_dagrun for tutorial_etl_dag to None
[2024-04-23 19:12:30,793] {scheduler_job.py:190} INFO - Processing /home/airflow/.local/lib/python3.6/site-packages/airflow/example_dags/tutorial_etl_dag.py took 0.037 seconds
[2024-04-23 19:13:01,531] {scheduler_job.py:182} INFO - Started process (PID=170) to work on /home/airflow/.local/lib/python3.6/site-packages/airflow/example_dags/tutorial_etl_dag.py
[2024-04-23 19:13:01,532] {scheduler_job.py:629} INFO - Processing file /home/airflow/.local/lib/python3.6/site-packages/airflow/example_dags/tutorial_etl_dag.py for tasks to queue
[2024-04-23 19:13:01,532] {logging_mixin.py:104} INFO - [2024-04-23 19:13:01,532] {dagbag.py:451} INFO - Filling up the DagBag from /home/airflow/.local/lib/python3.6/site-packages/airflow/example_dags/tutorial_etl_dag.py
[2024-04-23 19:13:01,540] {scheduler_job.py:639} INFO - DAG(s) dict_keys(['tutorial_etl_dag']) retrieved from /home/airflow/.local/lib/python3.6/site-packages/airflow/example_dags/tutorial_etl_dag.py
[2024-04-23 19:13:01,554] {logging_mixin.py:104} INFO - [2024-04-23 19:13:01,553] {dag.py:1824} INFO - Sync 1 DAGs
[2024-04-23 19:13:01,560] {logging_mixin.py:104} INFO - [2024-04-23 19:13:01,560] {dag.py:2280} INFO - Setting next_dagrun for tutorial_etl_dag to None
[2024-04-23 19:13:01,565] {scheduler_job.py:190} INFO - Processing /home/airflow/.local/lib/python3.6/site-packages/airflow/example_dags/tutorial_etl_dag.py took 0.036 seconds
[2024-04-23 19:13:32,258] {scheduler_job.py:182} INFO - Started process (PID=196) to work on /home/airflow/.local/lib/python3.6/site-packages/airflow/example_dags/tutorial_etl_dag.py
[2024-04-23 19:13:32,258] {scheduler_job.py:629} INFO - Processing file /home/airflow/.local/lib/python3.6/site-packages/airflow/example_dags/tutorial_etl_dag.py for tasks to queue
[2024-04-23 19:13:32,259] {logging_mixin.py:104} INFO - [2024-04-23 19:13:32,258] {dagbag.py:451} INFO - Filling up the DagBag from /home/airflow/.local/lib/python3.6/site-packages/airflow/example_dags/tutorial_etl_dag.py
[2024-04-23 19:13:32,266] {scheduler_job.py:639} INFO - DAG(s) dict_keys(['tutorial_etl_dag']) retrieved from /home/airflow/.local/lib/python3.6/site-packages/airflow/example_dags/tutorial_etl_dag.py
[2024-04-23 19:13:32,281] {logging_mixin.py:104} INFO - [2024-04-23 19:13:32,281] {dag.py:1824} INFO - Sync 1 DAGs
[2024-04-23 19:13:32,290] {logging_mixin.py:104} INFO - [2024-04-23 19:13:32,290] {dag.py:2280} INFO - Setting next_dagrun for tutorial_etl_dag to None
[2024-04-23 19:13:32,295] {scheduler_job.py:190} INFO - Processing /home/airflow/.local/lib/python3.6/site-packages/airflow/example_dags/tutorial_etl_dag.py took 0.039 seconds
[2024-04-23 19:14:03,037] {scheduler_job.py:182} INFO - Started process (PID=222) to work on /home/airflow/.local/lib/python3.6/site-packages/airflow/example_dags/tutorial_etl_dag.py
[2024-04-23 19:14:03,038] {scheduler_job.py:629} INFO - Processing file /home/airflow/.local/lib/python3.6/site-packages/airflow/example_dags/tutorial_etl_dag.py for tasks to queue
[2024-04-23 19:14:03,038] {logging_mixin.py:104} INFO - [2024-04-23 19:14:03,038] {dagbag.py:451} INFO - Filling up the DagBag from /home/airflow/.local/lib/python3.6/site-packages/airflow/example_dags/tutorial_etl_dag.py
[2024-04-23 19:14:03,045] {scheduler_job.py:639} INFO - DAG(s) dict_keys(['tutorial_etl_dag']) retrieved from /home/airflow/.local/lib/python3.6/site-packages/airflow/example_dags/tutorial_etl_dag.py
[2024-04-23 19:14:03,059] {logging_mixin.py:104} INFO - [2024-04-23 19:14:03,059] {dag.py:1824} INFO - Sync 1 DAGs
[2024-04-23 19:14:03,067] {logging_mixin.py:104} INFO - [2024-04-23 19:14:03,067] {dag.py:2280} INFO - Setting next_dagrun for tutorial_etl_dag to None
[2024-04-23 19:14:03,073] {scheduler_job.py:190} INFO - Processing /home/airflow/.local/lib/python3.6/site-packages/airflow/example_dags/tutorial_etl_dag.py took 0.037 seconds
[2024-04-23 19:14:33,773] {scheduler_job.py:182} INFO - Started process (PID=248) to work on /home/airflow/.local/lib/python3.6/site-packages/airflow/example_dags/tutorial_etl_dag.py
[2024-04-23 19:14:33,774] {scheduler_job.py:629} INFO - Processing file /home/airflow/.local/lib/python3.6/site-packages/airflow/example_dags/tutorial_etl_dag.py for tasks to queue
[2024-04-23 19:14:33,774] {logging_mixin.py:104} INFO - [2024-04-23 19:14:33,774] {dagbag.py:451} INFO - Filling up the DagBag from /home/airflow/.local/lib/python3.6/site-packages/airflow/example_dags/tutorial_etl_dag.py
[2024-04-23 19:14:33,782] {scheduler_job.py:639} INFO - DAG(s) dict_keys(['tutorial_etl_dag']) retrieved from /home/airflow/.local/lib/python3.6/site-packages/airflow/example_dags/tutorial_etl_dag.py
[2024-04-23 19:14:33,797] {logging_mixin.py:104} INFO - [2024-04-23 19:14:33,797] {dag.py:1824} INFO - Sync 1 DAGs
[2024-04-23 19:14:33,804] {logging_mixin.py:104} INFO - [2024-04-23 19:14:33,804] {dag.py:2280} INFO - Setting next_dagrun for tutorial_etl_dag to None
[2024-04-23 19:14:33,811] {scheduler_job.py:190} INFO - Processing /home/airflow/.local/lib/python3.6/site-packages/airflow/example_dags/tutorial_etl_dag.py took 0.039 seconds
[2024-04-23 19:15:04,544] {scheduler_job.py:182} INFO - Started process (PID=274) to work on /home/airflow/.local/lib/python3.6/site-packages/airflow/example_dags/tutorial_etl_dag.py
[2024-04-23 19:15:04,544] {scheduler_job.py:629} INFO - Processing file /home/airflow/.local/lib/python3.6/site-packages/airflow/example_dags/tutorial_etl_dag.py for tasks to queue
[2024-04-23 19:15:04,544] {logging_mixin.py:104} INFO - [2024-04-23 19:15:04,544] {dagbag.py:451} INFO - Filling up the DagBag from /home/airflow/.local/lib/python3.6/site-packages/airflow/example_dags/tutorial_etl_dag.py
[2024-04-23 19:15:04,552] {scheduler_job.py:639} INFO - DAG(s) dict_keys(['tutorial_etl_dag']) retrieved from /home/airflow/.local/lib/python3.6/site-packages/airflow/example_dags/tutorial_etl_dag.py
[2024-04-23 19:15:04,566] {logging_mixin.py:104} INFO - [2024-04-23 19:15:04,566] {dag.py:1824} INFO - Sync 1 DAGs
[2024-04-23 19:15:04,574] {logging_mixin.py:104} INFO - [2024-04-23 19:15:04,574] {dag.py:2280} INFO - Setting next_dagrun for tutorial_etl_dag to None
[2024-04-23 19:15:04,580] {scheduler_job.py:190} INFO - Processing /home/airflow/.local/lib/python3.6/site-packages/airflow/example_dags/tutorial_etl_dag.py took 0.039 seconds
[2024-04-23 19:15:35,356] {scheduler_job.py:182} INFO - Started process (PID=300) to work on /home/airflow/.local/lib/python3.6/site-packages/airflow/example_dags/tutorial_etl_dag.py
[2024-04-23 19:15:35,356] {scheduler_job.py:629} INFO - Processing file /home/airflow/.local/lib/python3.6/site-packages/airflow/example_dags/tutorial_etl_dag.py for tasks to queue
[2024-04-23 19:15:35,357] {logging_mixin.py:104} INFO - [2024-04-23 19:15:35,357] {dagbag.py:451} INFO - Filling up the DagBag from /home/airflow/.local/lib/python3.6/site-packages/airflow/example_dags/tutorial_etl_dag.py
[2024-04-23 19:15:35,366] {scheduler_job.py:639} INFO - DAG(s) dict_keys(['tutorial_etl_dag']) retrieved from /home/airflow/.local/lib/python3.6/site-packages/airflow/example_dags/tutorial_etl_dag.py
[2024-04-23 19:15:35,378] {logging_mixin.py:104} INFO - [2024-04-23 19:15:35,378] {dag.py:1824} INFO - Sync 1 DAGs
[2024-04-23 19:15:35,386] {logging_mixin.py:104} INFO - [2024-04-23 19:15:35,386] {dag.py:2280} INFO - Setting next_dagrun for tutorial_etl_dag to None
[2024-04-23 19:15:35,392] {scheduler_job.py:190} INFO - Processing /home/airflow/.local/lib/python3.6/site-packages/airflow/example_dags/tutorial_etl_dag.py took 0.038 seconds
[2024-04-23 19:16:06,107] {scheduler_job.py:182} INFO - Started process (PID=326) to work on /home/airflow/.local/lib/python3.6/site-packages/airflow/example_dags/tutorial_etl_dag.py
[2024-04-23 19:16:06,108] {scheduler_job.py:629} INFO - Processing file /home/airflow/.local/lib/python3.6/site-packages/airflow/example_dags/tutorial_etl_dag.py for tasks to queue
[2024-04-23 19:16:06,108] {logging_mixin.py:104} INFO - [2024-04-23 19:16:06,108] {dagbag.py:451} INFO - Filling up the DagBag from /home/airflow/.local/lib/python3.6/site-packages/airflow/example_dags/tutorial_etl_dag.py
[2024-04-23 19:16:06,117] {scheduler_job.py:639} INFO - DAG(s) dict_keys(['tutorial_etl_dag']) retrieved from /home/airflow/.local/lib/python3.6/site-packages/airflow/example_dags/tutorial_etl_dag.py
[2024-04-23 19:16:06,129] {logging_mixin.py:104} INFO - [2024-04-23 19:16:06,129] {dag.py:1824} INFO - Sync 1 DAGs
[2024-04-23 19:16:06,136] {logging_mixin.py:104} INFO - [2024-04-23 19:16:06,136] {dag.py:2280} INFO - Setting next_dagrun for tutorial_etl_dag to None
[2024-04-23 19:16:06,142] {scheduler_job.py:190} INFO - Processing /home/airflow/.local/lib/python3.6/site-packages/airflow/example_dags/tutorial_etl_dag.py took 0.037 seconds
[2024-04-23 19:16:36,887] {scheduler_job.py:182} INFO - Started process (PID=352) to work on /home/airflow/.local/lib/python3.6/site-packages/airflow/example_dags/tutorial_etl_dag.py
[2024-04-23 19:16:36,888] {scheduler_job.py:629} INFO - Processing file /home/airflow/.local/lib/python3.6/site-packages/airflow/example_dags/tutorial_etl_dag.py for tasks to queue
[2024-04-23 19:16:36,889] {logging_mixin.py:104} INFO - [2024-04-23 19:16:36,888] {dagbag.py:451} INFO - Filling up the DagBag from /home/airflow/.local/lib/python3.6/site-packages/airflow/example_dags/tutorial_etl_dag.py
[2024-04-23 19:16:36,901] {scheduler_job.py:639} INFO - DAG(s) dict_keys(['tutorial_etl_dag']) retrieved from /home/airflow/.local/lib/python3.6/site-packages/airflow/example_dags/tutorial_etl_dag.py
[2024-04-23 19:16:36,915] {logging_mixin.py:104} INFO - [2024-04-23 19:16:36,915] {dag.py:1824} INFO - Sync 1 DAGs
[2024-04-23 19:16:36,925] {logging_mixin.py:104} INFO - [2024-04-23 19:16:36,925] {dag.py:2280} INFO - Setting next_dagrun for tutorial_etl_dag to None
[2024-04-23 19:16:36,933] {scheduler_job.py:190} INFO - Processing /home/airflow/.local/lib/python3.6/site-packages/airflow/example_dags/tutorial_etl_dag.py took 0.048 seconds
[2024-04-23 19:17:07,697] {scheduler_job.py:182} INFO - Started process (PID=378) to work on /home/airflow/.local/lib/python3.6/site-packages/airflow/example_dags/tutorial_etl_dag.py
[2024-04-23 19:17:07,698] {scheduler_job.py:629} INFO - Processing file /home/airflow/.local/lib/python3.6/site-packages/airflow/example_dags/tutorial_etl_dag.py for tasks to queue
[2024-04-23 19:17:07,698] {logging_mixin.py:104} INFO - [2024-04-23 19:17:07,698] {dagbag.py:451} INFO - Filling up the DagBag from /home/airflow/.local/lib/python3.6/site-packages/airflow/example_dags/tutorial_etl_dag.py
[2024-04-23 19:17:07,707] {scheduler_job.py:639} INFO - DAG(s) dict_keys(['tutorial_etl_dag']) retrieved from /home/airflow/.local/lib/python3.6/site-packages/airflow/example_dags/tutorial_etl_dag.py
[2024-04-23 19:17:07,721] {logging_mixin.py:104} INFO - [2024-04-23 19:17:07,721] {dag.py:1824} INFO - Sync 1 DAGs
[2024-04-23 19:17:07,729] {logging_mixin.py:104} INFO - [2024-04-23 19:17:07,729] {dag.py:2280} INFO - Setting next_dagrun for tutorial_etl_dag to None
[2024-04-23 19:17:07,736] {scheduler_job.py:190} INFO - Processing /home/airflow/.local/lib/python3.6/site-packages/airflow/example_dags/tutorial_etl_dag.py took 0.040 seconds
[2024-04-23 19:17:38,476] {scheduler_job.py:182} INFO - Started process (PID=404) to work on /home/airflow/.local/lib/python3.6/site-packages/airflow/example_dags/tutorial_etl_dag.py
[2024-04-23 19:17:38,480] {scheduler_job.py:629} INFO - Processing file /home/airflow/.local/lib/python3.6/site-packages/airflow/example_dags/tutorial_etl_dag.py for tasks to queue
[2024-04-23 19:17:38,480] {logging_mixin.py:104} INFO - [2024-04-23 19:17:38,480] {dagbag.py:451} INFO - Filling up the DagBag from /home/airflow/.local/lib/python3.6/site-packages/airflow/example_dags/tutorial_etl_dag.py
[2024-04-23 19:17:38,488] {scheduler_job.py:639} INFO - DAG(s) dict_keys(['tutorial_etl_dag']) retrieved from /home/airflow/.local/lib/python3.6/site-packages/airflow/example_dags/tutorial_etl_dag.py
[2024-04-23 19:17:38,501] {logging_mixin.py:104} INFO - [2024-04-23 19:17:38,501] {dag.py:1824} INFO - Sync 1 DAGs
[2024-04-23 19:17:38,508] {logging_mixin.py:104} INFO - [2024-04-23 19:17:38,508] {dag.py:2280} INFO - Setting next_dagrun for tutorial_etl_dag to None
[2024-04-23 19:17:38,513] {scheduler_job.py:190} INFO - Processing /home/airflow/.local/lib/python3.6/site-packages/airflow/example_dags/tutorial_etl_dag.py took 0.039 seconds
[2024-04-23 19:18:09,280] {scheduler_job.py:182} INFO - Started process (PID=430) to work on /home/airflow/.local/lib/python3.6/site-packages/airflow/example_dags/tutorial_etl_dag.py
[2024-04-23 19:18:09,280] {scheduler_job.py:629} INFO - Processing file /home/airflow/.local/lib/python3.6/site-packages/airflow/example_dags/tutorial_etl_dag.py for tasks to queue
[2024-04-23 19:18:09,281] {logging_mixin.py:104} INFO - [2024-04-23 19:18:09,281] {dagbag.py:451} INFO - Filling up the DagBag from /home/airflow/.local/lib/python3.6/site-packages/airflow/example_dags/tutorial_etl_dag.py
[2024-04-23 19:18:09,289] {scheduler_job.py:639} INFO - DAG(s) dict_keys(['tutorial_etl_dag']) retrieved from /home/airflow/.local/lib/python3.6/site-packages/airflow/example_dags/tutorial_etl_dag.py
[2024-04-23 19:18:09,302] {logging_mixin.py:104} INFO - [2024-04-23 19:18:09,302] {dag.py:1824} INFO - Sync 1 DAGs
[2024-04-23 19:18:09,310] {logging_mixin.py:104} INFO - [2024-04-23 19:18:09,310] {dag.py:2280} INFO - Setting next_dagrun for tutorial_etl_dag to None
[2024-04-23 19:18:09,316] {scheduler_job.py:190} INFO - Processing /home/airflow/.local/lib/python3.6/site-packages/airflow/example_dags/tutorial_etl_dag.py took 0.038 seconds
[2024-04-23 19:18:40,024] {scheduler_job.py:182} INFO - Started process (PID=456) to work on /home/airflow/.local/lib/python3.6/site-packages/airflow/example_dags/tutorial_etl_dag.py
[2024-04-23 19:18:40,025] {scheduler_job.py:629} INFO - Processing file /home/airflow/.local/lib/python3.6/site-packages/airflow/example_dags/tutorial_etl_dag.py for tasks to queue
[2024-04-23 19:18:40,025] {logging_mixin.py:104} INFO - [2024-04-23 19:18:40,025] {dagbag.py:451} INFO - Filling up the DagBag from /home/airflow/.local/lib/python3.6/site-packages/airflow/example_dags/tutorial_etl_dag.py
[2024-04-23 19:18:40,033] {scheduler_job.py:639} INFO - DAG(s) dict_keys(['tutorial_etl_dag']) retrieved from /home/airflow/.local/lib/python3.6/site-packages/airflow/example_dags/tutorial_etl_dag.py
[2024-04-23 19:18:40,045] {logging_mixin.py:104} INFO - [2024-04-23 19:18:40,045] {dag.py:1824} INFO - Sync 1 DAGs
[2024-04-23 19:18:40,053] {logging_mixin.py:104} INFO - [2024-04-23 19:18:40,053] {dag.py:2280} INFO - Setting next_dagrun for tutorial_etl_dag to None
[2024-04-23 19:18:40,059] {scheduler_job.py:190} INFO - Processing /home/airflow/.local/lib/python3.6/site-packages/airflow/example_dags/tutorial_etl_dag.py took 0.037 seconds
